Using pre-set license
Built from '2022.1/staging' branch; Version is '2022.1.7f1 (240f4c1f462c) revision 2363212'; Using compiler version '192829333'; Build Type 'Release'
OS: 'Windows 10  (10.0.19044) 64bit Core' Language: 'en' Physical Memory: 16322 MB
BatchMode: 1, IsHumanControllingUs: 0, StartBugReporterOnCrash: 0, Is64bit: 1, IsPro: 1

COMMAND LINE ARGUMENTS:
C:\Program Files\Unity\Hub\Editor\2022.1.7f1\Editor\Unity.exe
-adb2
-batchMode
-noUpm
-name
AssetImportWorker8
-projectPath
C:/Users/minig/Documents/Projects/Turquoise Flavour
-logFile
Logs/AssetImportWorker8.log
-srvPort
58203
Successfully changed project path to: C:/Users/minig/Documents/Projects/Turquoise Flavour
C:/Users/minig/Documents/Projects/Turquoise Flavour
[UnityMemory] Configuration Parameters - Can be set up in boot.config
    "memorysetup-bucket-allocator-granularity=16"
    "memorysetup-bucket-allocator-bucket-count=8"
    "memorysetup-bucket-allocator-block-size=33554432"
    "memorysetup-bucket-allocator-block-count=8"
    "memorysetup-main-allocator-block-size=16777216"
    "memorysetup-thread-allocator-block-size=16777216"
    "memorysetup-gfx-main-allocator-block-size=16777216"
    "memorysetup-gfx-thread-allocator-block-size=16777216"
    "memorysetup-cache-allocator-block-size=4194304"
    "memorysetup-typetree-allocator-block-size=2097152"
    "memorysetup-profiler-bucket-allocator-granularity=16"
    "memorysetup-profiler-bucket-allocator-bucket-count=8"
    "memorysetup-profiler-bucket-allocator-block-size=33554432"
    "memorysetup-profiler-bucket-allocator-block-count=8"
    "memorysetup-profiler-allocator-block-size=16777216"
    "memorysetup-profiler-editor-allocator-block-size=1048576"
    "memorysetup-temp-allocator-size-main=16777216"
    "memorysetup-job-temp-allocator-block-size=2097152"
    "memorysetup-job-temp-allocator-block-size-background=1048576"
    "memorysetup-job-temp-allocator-reduction-small-platforms=262144"
    "memorysetup-temp-allocator-size-background-worker=32768"
    "memorysetup-temp-allocator-size-job-worker=262144"
    "memorysetup-temp-allocator-size-preload-manager=33554432"
    "memorysetup-temp-allocator-size-nav-mesh-worker=65536"
    "memorysetup-temp-allocator-size-audio-worker=65536"
    "memorysetup-temp-allocator-size-cloud-worker=32768"
    "memorysetup-temp-allocator-size-gi-baking-worker=262144"
    "memorysetup-temp-allocator-size-gfx=262144"
Refreshing native plugins compatible for Editor in 69.90 ms, found 2 plugins.
Preloading 0 native plugins for Editor in 0.00 ms.
Initialize engine version: 2022.1.7f1 (240f4c1f462c)
[Subsystems] Discovering subsystems at path C:/Program Files/Unity/Hub/Editor/2022.1.7f1/Editor/Data/Resources/UnitySubsystems
[Subsystems] Discovering subsystems at path C:/Users/minig/Documents/Projects/Turquoise Flavour/Assets
GfxDevice: creating device client; threaded=0; jobified=0
Direct3D:
    Version:  Direct3D 11.0 [level 11.1]
    Renderer: NVIDIA GeForce RTX 2070 (ID=0x1f02)
    Vendor:   NVIDIA
    VRAM:     8031 MB
    Driver:   30.0.15.1215
Shader 'MoreMountains/MMRipple': fallback shader 'Particle/AlphaBlended' not found
Initialize mono
Mono path[0] = 'C:/Program Files/Unity/Hub/Editor/2022.1.7f1/Editor/Data/Managed'
Mono path[1] = 'C:/Program Files/Unity/Hub/Editor/2022.1.7f1/Editor/Data/MonoBleedingEdge/lib/mono/unityjit-win32'
Mono config path = 'C:/Program Files/Unity/Hub/Editor/2022.1.7f1/Editor/Data/MonoBleedingEdge/etc'
Using monoOptions --debugger-agent=transport=dt_socket,embedding=1,server=y,suspend=n,address=127.0.0.1:56804
Begin MonoManager ReloadAssembly
Registering precompiled unity dll's ...
Register platform support module: C:/Program Files/Unity/Hub/Editor/2022.1.7f1/Editor/Data/PlaybackEngines/WindowsStandaloneSupport/UnityEditor.WindowsStandalone.Extensions.dll
Registered in 0.008378 seconds.
Native extension for WindowsStandalone target not found
Refreshing native plugins compatible for Editor in 62.76 ms, found 2 plugins.
Preloading 0 native plugins for Editor in 0.00 ms.
Mono: successfully reloaded assembly
- Completed reload, in  0.590 seconds
Domain Reload Profiling:
	ReloadAssembly (590ms)
		BeginReloadAssembly (86ms)
			ExecutionOrderSort (0ms)
			DisableScriptedObjects (0ms)
			BackupInstance (0ms)
			ReleaseScriptingObjects (0ms)
			CreateAndSetChildDomain (1ms)
		EndReloadAssembly (402ms)
			LoadAssemblies (84ms)
			RebuildTransferFunctionScriptingTraits (0ms)
			SetupTypeCache (97ms)
				TypeCache.Initialize (97ms)
					TypeCache.ScanAssembly (95ms)
				ResolveRequiredComponents (0ms)
			ReleaseScriptCaches (0ms)
			RebuildScriptCaches (26ms)
			SetupLoadedEditorAssemblies (232ms)
				LogAssemblyErrors (0ms)
				InitializePlatformSupportModulesInManaged (7ms)
				SetLoadedEditorAssemblies (7ms)
				RefreshPlugins (63ms)
				BeforeProcessingInitializeOnLoad (1ms)
				ProcessInitializeOnLoadAttributes (115ms)
				ProcessInitializeOnLoadMethodAttributes (39ms)
				AfterProcessingInitializeOnLoad (0ms)
				EditorAssembliesLoaded (0ms)
			ExecutionOrderSort2 (0ms)
			AwakeInstancesAfterBackupRestoration (0ms)
Platform modules already initialized, skipping
Registering precompiled user dll's ...
Registered in 0.006414 seconds.
Begin MonoManager ReloadAssembly
Native extension for WindowsStandalone target not found
Refreshing native plugins compatible for Editor in 59.54 ms, found 2 plugins.
Preloading 0 native plugins for Editor in 0.00 ms.
Package Manager log level set to [2]
[Package Manager] Server::EnsureServerProcessIsRunning -- launch failed, reason: Unity was launched with the -noUpm command-line argument
[Package Manager] UpmClient::Send -- Unable to send message (not connected to UPM process).
[Package Manager] Cannot connect to Unity Package Manager local server
Mono: successfully reloaded assembly
- Completed reload, in  1.282 seconds
Domain Reload Profiling:
	ReloadAssembly (1283ms)
		BeginReloadAssembly (108ms)
			ExecutionOrderSort (0ms)
			DisableScriptedObjects (5ms)
			BackupInstance (0ms)
			ReleaseScriptingObjects (0ms)
			CreateAndSetChildDomain (18ms)
		EndReloadAssembly (1077ms)
			LoadAssemblies (151ms)
			RebuildTransferFunctionScriptingTraits (0ms)
			SetupTypeCache (208ms)
				TypeCache.Initialize (197ms)
					TypeCache.ScanAssembly (193ms)
				ResolveRequiredComponents (11ms)
			ReleaseScriptCaches (1ms)
			RebuildScriptCaches (76ms)
			SetupLoadedEditorAssemblies (595ms)
				LogAssemblyErrors (0ms)
				InitializePlatformSupportModulesInManaged (4ms)
				SetLoadedEditorAssemblies (7ms)
				RefreshPlugins (60ms)
				BeforeProcessingInitializeOnLoad (99ms)
				ProcessInitializeOnLoadAttributes (259ms)
				ProcessInitializeOnLoadMethodAttributes (159ms)
				AfterProcessingInitializeOnLoad (6ms)
				EditorAssembliesLoaded (0ms)
			ExecutionOrderSort2 (0ms)
			AwakeInstancesAfterBackupRestoration (5ms)
Platform modules already initialized, skipping
========================================================================
Worker process is ready to serve import requests
Shader 'MoreMountains/MMRipple': fallback shader 'Particle/AlphaBlended' not found
Launched and connected shader compiler UnityShaderCompiler.exe after 0.03 seconds
Refreshing native plugins compatible for Editor in 1.41 ms, found 2 plugins.
Preloading 0 native plugins for Editor in 0.00 ms.
Unloading 4223 Unused Serialized files (Serialized files now loaded: 0)
Unloading 58 unused Assets / (323.4 KB). Loaded Objects now: 4800.
Memory consumption went from 0.73 GB to 0.73 GB.
Total: 6.011300 ms (FindLiveObjects: 0.346400 ms CreateObjectMapping: 0.292500 ms MarkObjects: 5.269600 ms  DeleteObjects: 0.101800 ms)

AssetImportParameters requested are different than current active one (requested -> active):
  custom:video-decoder-ogg-theora: a1e56fd34408186e4bbccfd4996cb3dc -> 
  custom:container-muxer-webm: aa71ff27fc2769a1b78a27578f13a17b -> 
  custom:container-demuxer-webm: 4f35f7cbe854078d1ac9338744f61a02 -> 
  custom:video-encoder-webm-vp8: eb34c28f22e8b96e1ab97ce403110664 -> 
  custom:audio-encoder-webm-vorbis: bf7c407c2cedff20999df2af8eb42d56 -> 
  custom:framework-win-MediaFoundation: 216162199b28c13a410421893ffa2e32 -> 
  custom:container-demuxer-ogg: 62fdf1f143b41e24485cea50d1cbac27 -> 
  custom:video-decoder-webm-vp8: 9c59270c3fd7afecdb556c50c9e8de78 -> 
  custom:audio-decoder-ogg-vorbis: bf7c407c2cedff20999df2af8eb42d56 -> 
========================================================================
Received Import Request.
  Time since last request: 865429.729689 seconds.
  path: Assets/Shaders/NewUnlitShader.shader
  artifactKey: Guid(592165eee5911534c80813b50a5fa894) Importer(815301076,1909f56bfc062723c751e8b465ee728b)
Start importing Assets/Shaders/NewUnlitShader.shader using Guid(592165eee5911534c80813b50a5fa894) Importer(815301076,1909f56bfc062723c751e8b465ee728b)  -> (artifact id: '49d1537b4df6c970900837d09bbfbad9') in 0.027788 seconds 
========================================================================
Received Import Request.
  Time since last request: 184.377681 seconds.
  path: Assets/Shaders/PixelShader.shadergraph
  artifactKey: Guid(7e9be5cde2030ef48ab83454c78d69ad) Importer(815301076,1909f56bfc062723c751e8b465ee728b)
Start importing Assets/Shaders/PixelShader.shadergraph using Guid(7e9be5cde2030ef48ab83454c78d69ad) Importer(815301076,1909f56bfc062723c751e8b465ee728b)  -> (artifact id: 'd5397dfe635c23ebfbff5f0e3f6dd984') in 0.386344 seconds 
========================================================================
Received Import Request.
  Time since last request: 736.470184 seconds.
  path: Assets/Feel/MMTools/Tools/MMVision/ConeOfVisionAlpha.png
  artifactKey: Guid(671b69569d53c4c47ba2a89fb544082f) Importer(815301076,1909f56bfc062723c751e8b465ee728b)
Start importing Assets/Feel/MMTools/Tools/MMVision/ConeOfVisionAlpha.png using Guid(671b69569d53c4c47ba2a89fb544082f) Importer(815301076,1909f56bfc062723c751e8b465ee728b)  -> (artifact id: '4fdd2d0b3018146bd08d4e00496421ba') in 0.025284 seconds 
========================================================================
Received Import Request.
  Time since last request: 0.029560 seconds.
  path: Assets/TextMesh Pro/Sprites/EmojiOne.png
  artifactKey: Guid(dffef66376be4fa480fb02b19edbe903) Importer(815301076,1909f56bfc062723c751e8b465ee728b)
Start importing Assets/TextMesh Pro/Sprites/EmojiOne.png using Guid(dffef66376be4fa480fb02b19edbe903) Importer(815301076,1909f56bfc062723c751e8b465ee728b)  -> (artifact id: 'bafe87b76cb09f449f48301dc4254a22') in 0.016370 seconds 
========================================================================
Received Import Request.
  Time since last request: 0.022163 seconds.
  path: Assets/Feel/MMFeedbacks/Editor/Resources/FeelSetupRequired.png
  artifactKey: Guid(1d575a145584c7549994d8a51c689ef8) Importer(815301076,1909f56bfc062723c751e8b465ee728b)
Start importing Assets/Feel/MMFeedbacks/Editor/Resources/FeelSetupRequired.png using Guid(1d575a145584c7549994d8a51c689ef8) Importer(815301076,1909f56bfc062723c751e8b465ee728b)  -> (artifact id: 'd815028745d8888bafab5beb6e5209d2') in 0.012382 seconds 
========================================================================
Received Import Request.
  Time since last request: 99.989519 seconds.
  path: Assets/Gizmos/PlayMakerPrefs Icon.tiff
  artifactKey: Guid(4681a9805673831459ed595c2dc402d6) Importer(815301076,1909f56bfc062723c751e8b465ee728b)
Start importing Assets/Gizmos/PlayMakerPrefs Icon.tiff using Guid(4681a9805673831459ed595c2dc402d6) Importer(815301076,1909f56bfc062723c751e8b465ee728b)  -> (artifact id: '8f6ab74640f803d8b4065d0a558a7759') in 0.018881 seconds 
========================================================================
Received Import Request.
  Time since last request: 0.000026 seconds.
  path: Assets/Gizmos/VariableTypeDefinitionAsset Icon.tiff
  artifactKey: Guid(c60786ad683288b48a78c637b7d04b41) Importer(815301076,1909f56bfc062723c751e8b465ee728b)
Start importing Assets/Gizmos/VariableTypeDefinitionAsset Icon.tiff using Guid(c60786ad683288b48a78c637b7d04b41) Importer(815301076,1909f56bfc062723c751e8b465ee728b)  -> (artifact id: 'f691574f767efdd64e601b77a70553e6') in 0.011088 seconds 
========================================================================
Received Import Request.
  Time since last request: 6.182888 seconds.
  path: Assets/Gizmos/PlayMakerFSM Icon.tiff
  artifactKey: Guid(f728493f9ebb2324d94581b928975c04) Importer(815301076,1909f56bfc062723c751e8b465ee728b)
Start importing Assets/Gizmos/PlayMakerFSM Icon.tiff using Guid(f728493f9ebb2324d94581b928975c04) Importer(815301076,1909f56bfc062723c751e8b465ee728b)  -> (artifact id: 'eda58a1be1957abfc901ab79c60bc7f9') in 0.011094 seconds 
========================================================================
Received Import Request.
  Time since last request: 0.000019 seconds.
  path: Assets/Gizmos/PlayMakerGUI Icon.tiff
  artifactKey: Guid(7390251e5bc320f4abea3501d907f3e3) Importer(815301076,1909f56bfc062723c751e8b465ee728b)
Start importing Assets/Gizmos/PlayMakerGUI Icon.tiff using Guid(7390251e5bc320f4abea3501d907f3e3) Importer(815301076,1909f56bfc062723c751e8b465ee728b)  -> (artifact id: '77a0cecd5f1e63be504b5f7e91aea1bf') in 0.019553 seconds 
========================================================================
Received Import Request.
  Time since last request: 5.390312 seconds.
  path: Assets/Feel/MMTools/Tools/MMVFX/MMNoise/MMVoronoiNoise.png
  artifactKey: Guid(8fda172b188d7f342ba64c2c53acc2e4) Importer(815301076,1909f56bfc062723c751e8b465ee728b)
Start importing Assets/Feel/MMTools/Tools/MMVFX/MMNoise/MMVoronoiNoise.png using Guid(8fda172b188d7f342ba64c2c53acc2e4) Importer(815301076,1909f56bfc062723c751e8b465ee728b)  -> (artifact id: '7f920706a487860e51d36b9f7d53b3fb') in 0.016333 seconds 
========================================================================
Received Import Request.
  Time since last request: 0.000022 seconds.
  path: Assets/Feel/MMTools/Tools/MMVFX/MMRipple/MMRippleSaw2NM.png
  artifactKey: Guid(5e0ea90a83cb72d4ea51fbdcfcd46de0) Importer(815301076,1909f56bfc062723c751e8b465ee728b)
Start importing Assets/Feel/MMTools/Tools/MMVFX/MMRipple/MMRippleSaw2NM.png using Guid(5e0ea90a83cb72d4ea51fbdcfcd46de0) Importer(815301076,1909f56bfc062723c751e8b465ee728b)  -> (artifact id: '56dd735abedc5c14dfdc0765dec2e750') in 0.015862 seconds 
========================================================================
Received Import Request.
  Time since last request: 0.000021 seconds.
  path: Assets/Feel/MMTools/Tools/MMVFX/MMNoise/MMSimplexNoise.png
  artifactKey: Guid(4fbec3043b4bcc941b84734f579dc2c8) Importer(815301076,1909f56bfc062723c751e8b465ee728b)
Start importing Assets/Feel/MMTools/Tools/MMVFX/MMNoise/MMSimplexNoise.png using Guid(4fbec3043b4bcc941b84734f579dc2c8) Importer(815301076,1909f56bfc062723c751e8b465ee728b)  -> (artifact id: '3d4c07721fa10dee0f90c913a41e2104') in 0.015439 seconds 
========================================================================
Received Import Request.
  Time since last request: 0.005605 seconds.
  path: Assets/Feel/MMTools/Tools/MMVFX/MMRipple/MMRippleWaves1NM.png
  artifactKey: Guid(d821f2e3723c0e14f8ab72b4b064fe65) Importer(815301076,1909f56bfc062723c751e8b465ee728b)
Start importing Assets/Feel/MMTools/Tools/MMVFX/MMRipple/MMRippleWaves1NM.png using Guid(d821f2e3723c0e14f8ab72b4b064fe65) Importer(815301076,1909f56bfc062723c751e8b465ee728b)  -> (artifact id: '0d981c1703065a7bbc51602699e85afd') in 0.025567 seconds 
========================================================================
Received Import Request.
  Time since last request: 0.000021 seconds.
  path: Assets/Feel/MMTools/Tools/MMVFX/MMRipple/MMRippleCircle2NM.png
  artifactKey: Guid(25b0ed6a11cf3824a8b13811a1420451) Importer(815301076,1909f56bfc062723c751e8b465ee728b)
Start importing Assets/Feel/MMTools/Tools/MMVFX/MMRipple/MMRippleCircle2NM.png using Guid(25b0ed6a11cf3824a8b13811a1420451) Importer(815301076,1909f56bfc062723c751e8b465ee728b)  -> (artifact id: 'd41b8db19a60038f4bb5fad8b46197b2') in 0.014839 seconds 
========================================================================
Received Import Request.
  Time since last request: 0.000015 seconds.
  path: Assets/Feel/MMTools/Tools/MMVFX/MMRipple/MMRippleSpiral2NM.png
  artifactKey: Guid(edcc1b3de33bacd4c81ff1a864d65f8c) Importer(815301076,1909f56bfc062723c751e8b465ee728b)
Start importing Assets/Feel/MMTools/Tools/MMVFX/MMRipple/MMRippleSpiral2NM.png using Guid(edcc1b3de33bacd4c81ff1a864d65f8c) Importer(815301076,1909f56bfc062723c751e8b465ee728b)  -> (artifact id: 'a83cde7fd20ea434a8fb2530a8df0c30') in 0.016274 seconds 
========================================================================
Received Import Request.
  Time since last request: 0.000019 seconds.
  path: Assets/Feel/MMTools/Tools/MMVFX/MMRipple/MMRippleCircle1NM.png
  artifactKey: Guid(9b9515ca837f18848a8b11d0d9d1a0c7) Importer(815301076,1909f56bfc062723c751e8b465ee728b)
Start importing Assets/Feel/MMTools/Tools/MMVFX/MMRipple/MMRippleCircle1NM.png using Guid(9b9515ca837f18848a8b11d0d9d1a0c7) Importer(815301076,1909f56bfc062723c751e8b465ee728b)  -> (artifact id: '11f7469260a280f6825c1beb49b4aed5') in 0.017239 seconds 
========================================================================
Received Import Request.
  Time since last request: 0.337551 seconds.
  path: Assets/Feel/MMTools/Tools/MMVFX/MMRamps/MMRamp2.png
  artifactKey: Guid(34b4cd3e51e31a0408ff86e5c9f7568a) Importer(815301076,1909f56bfc062723c751e8b465ee728b)
Start importing Assets/Feel/MMTools/Tools/MMVFX/MMRamps/MMRamp2.png using Guid(34b4cd3e51e31a0408ff86e5c9f7568a) Importer(815301076,1909f56bfc062723c751e8b465ee728b)  -> (artifact id: '644cbd10848a9e7eeba03a7d30c75561') in 0.014249 seconds 
========================================================================
Received Import Request.
  Time since last request: 0.000036 seconds.
  path: Assets/Feel/MMTools/Tools/MMVFX/MMRamps/MMRamp5.png
  artifactKey: Guid(41bf52f013b5cfe4294a3ca9ade7a8a5) Importer(815301076,1909f56bfc062723c751e8b465ee728b)
Start importing Assets/Feel/MMTools/Tools/MMVFX/MMRamps/MMRamp5.png using Guid(41bf52f013b5cfe4294a3ca9ade7a8a5) Importer(815301076,1909f56bfc062723c751e8b465ee728b)  -> (artifact id: '0bb2eee4bb9a7d6c508ddbd2294f75e2') in 0.012859 seconds 
========================================================================
Received Import Request.
  Time since last request: 0.000023 seconds.
  path: Assets/Feel/MMTools/Tools/MMVFX/MMRamps/MMRamp4.png
  artifactKey: Guid(fd68bdcc37e59784a83e37ec1c26d400) Importer(815301076,1909f56bfc062723c751e8b465ee728b)
Start importing Assets/Feel/MMTools/Tools/MMVFX/MMRamps/MMRamp4.png using Guid(fd68bdcc37e59784a83e37ec1c26d400) Importer(815301076,1909f56bfc062723c751e8b465ee728b)  -> (artifact id: '6a08d683b91b25b05e6eb06fb2bd14d6') in 0.013413 seconds 
========================================================================
Received Import Request.
  Time since last request: 0.000024 seconds.
  path: Assets/Feel/MMTools/Tools/MMPrototypeTextures/Textures/MMProtoTextures/MMProtoTextures_RedCrosses.png
  artifactKey: Guid(ee915ff2627397549b211481b14bbc42) Importer(815301076,1909f56bfc062723c751e8b465ee728b)
Start importing Assets/Feel/MMTools/Tools/MMPrototypeTextures/Textures/MMProtoTextures/MMProtoTextures_RedCrosses.png using Guid(ee915ff2627397549b211481b14bbc42) Importer(815301076,1909f56bfc062723c751e8b465ee728b)  -> (artifact id: '9696e73d26674b93db41a0fa21fcc9d6') in 0.013523 seconds 
========================================================================
Received Import Request.
  Time since last request: 0.000017 seconds.
  path: Assets/Feel/MMTools/Tools/MMVFX/MMRamps/MMRamp0.png
  artifactKey: Guid(2178326803c98c949a3bad7b06f340c2) Importer(815301076,1909f56bfc062723c751e8b465ee728b)
Start importing Assets/Feel/MMTools/Tools/MMVFX/MMRamps/MMRamp0.png using Guid(2178326803c98c949a3bad7b06f340c2) Importer(815301076,1909f56bfc062723c751e8b465ee728b)  -> (artifact id: 'accea8476f0d195164e6bce250e64aed') in 0.013211 seconds 
========================================================================
Received Import Request.
  Time since last request: 0.000030 seconds.
  path: Assets/Feel/MMTools/Tools/MMPrototypeTextures/Textures/MMProtoTextures/MMProtoTextures_BlueSquares.png
  artifactKey: Guid(ed68763c04a44fa49a0aa2316c3d46ee) Importer(815301076,1909f56bfc062723c751e8b465ee728b)
Start importing Assets/Feel/MMTools/Tools/MMPrototypeTextures/Textures/MMProtoTextures/MMProtoTextures_BlueSquares.png using Guid(ed68763c04a44fa49a0aa2316c3d46ee) Importer(815301076,1909f56bfc062723c751e8b465ee728b)  -> (artifact id: '9ac6cc183e81f791e009b15320bf004a') in 0.015379 seconds 
========================================================================
Received Import Request.
  Time since last request: 0.000016 seconds.
  path: Assets/Feel/MMTools/Tools/MMPrototypeTextures/Textures/MMProtoTextures/MMProtoTextures_YellowFrame.png
  artifactKey: Guid(be61fc00179c05846a6cdba7c2683514) Importer(815301076,1909f56bfc062723c751e8b465ee728b)
Start importing Assets/Feel/MMTools/Tools/MMPrototypeTextures/Textures/MMProtoTextures/MMProtoTextures_YellowFrame.png using Guid(be61fc00179c05846a6cdba7c2683514) Importer(815301076,1909f56bfc062723c751e8b465ee728b)  -> (artifact id: '841f70dff94cf603c159b23e3b63c0e7') in 0.013700 seconds 
========================================================================
Received Import Request.
  Time since last request: 0.000021 seconds.
  path: Assets/Feel/MMTools/Tools/MMPrototypeTextures/Textures/MMProtoTextures/MMProtoTextures_DarkGreySquares.png
  artifactKey: Guid(296c95127ab0eee40b334cc33b1bc479) Importer(815301076,1909f56bfc062723c751e8b465ee728b)
Start importing Assets/Feel/MMTools/Tools/MMPrototypeTextures/Textures/MMProtoTextures/MMProtoTextures_DarkGreySquares.png using Guid(296c95127ab0eee40b334cc33b1bc479) Importer(815301076,1909f56bfc062723c751e8b465ee728b)  -> (artifact id: 'e15369ef3f080e7de8c1f89709df8789') in 0.013444 seconds 
========================================================================
Received Import Request.
  Time since last request: 0.000019 seconds.
  path: Assets/Feel/MMTools/Tools/MMPrototypeTextures/Textures/MMProtoTextures/MMProtoTextures_BlueFrame.png
  artifactKey: Guid(5da54437c52380745ab2d12656252b80) Importer(815301076,1909f56bfc062723c751e8b465ee728b)
Start importing Assets/Feel/MMTools/Tools/MMPrototypeTextures/Textures/MMProtoTextures/MMProtoTextures_BlueFrame.png using Guid(5da54437c52380745ab2d12656252b80) Importer(815301076,1909f56bfc062723c751e8b465ee728b)  -> (artifact id: '9a5fcd994eafda01ec711f554f24e086') in 0.013513 seconds 
========================================================================
Received Import Request.
  Time since last request: 0.000021 seconds.
  path: Assets/Feel/MMTools/Tools/MMPrototypeTextures/Textures/MMProtoTextures/MMProtoTextures_DarkGreyCrosses.png
  artifactKey: Guid(4113553176e622441936eaf5a3cfd2ae) Importer(815301076,1909f56bfc062723c751e8b465ee728b)
Start importing Assets/Feel/MMTools/Tools/MMPrototypeTextures/Textures/MMProtoTextures/MMProtoTextures_DarkGreyCrosses.png using Guid(4113553176e622441936eaf5a3cfd2ae) Importer(815301076,1909f56bfc062723c751e8b465ee728b)  -> (artifact id: '29a2741194984072475377aa5af74194') in 0.013505 seconds 
========================================================================
Received Import Request.
  Time since last request: 0.000025 seconds.
  path: Assets/Feel/MMTools/Tools/MMVFX/MMRamps/MMRamp1.png
  artifactKey: Guid(b3780deb9c64f4e45b529787d0f5d20f) Importer(815301076,1909f56bfc062723c751e8b465ee728b)
Start importing Assets/Feel/MMTools/Tools/MMVFX/MMRamps/MMRamp1.png using Guid(b3780deb9c64f4e45b529787d0f5d20f) Importer(815301076,1909f56bfc062723c751e8b465ee728b)  -> (artifact id: '2b5f6b3c5415c4e2400e534148b2dd4e') in 0.011807 seconds 
========================================================================
Received Import Request.
  Time since last request: 0.000018 seconds.
  path: Assets/Feel/MMTools/Tools/MMPrototypeTextures/Textures/MMProtoTextures/MMProtoTextures_GreenSquares.png
  artifactKey: Guid(785d13d865eaebc419648f8390c840b3) Importer(815301076,1909f56bfc062723c751e8b465ee728b)
Start importing Assets/Feel/MMTools/Tools/MMPrototypeTextures/Textures/MMProtoTextures/MMProtoTextures_GreenSquares.png using Guid(785d13d865eaebc419648f8390c840b3) Importer(815301076,1909f56bfc062723c751e8b465ee728b)  -> (artifact id: '67853e45b5b4825109d152b6ffcec38b') in 0.013013 seconds 
========================================================================
Received Import Request.
  Time since last request: 0.000024 seconds.
  path: Assets/Feel/MMTools/Tools/MMPrototypeTextures/Textures/MMProtoTextures/MMProtoTextures_YellowCrosses.png
  artifactKey: Guid(e7bd931b85ae0b54a86af9439440b98b) Importer(815301076,1909f56bfc062723c751e8b465ee728b)
Start importing Assets/Feel/MMTools/Tools/MMPrototypeTextures/Textures/MMProtoTextures/MMProtoTextures_YellowCrosses.png using Guid(e7bd931b85ae0b54a86af9439440b98b) Importer(815301076,1909f56bfc062723c751e8b465ee728b)  -> (artifact id: '331ca5b8f06e43dff9b331d167c09b07') in 0.013199 seconds 
========================================================================
Received Import Request.
  Time since last request: 0.000017 seconds.
  path: Assets/Feel/MMTools/Tools/MMPrototypeTextures/Textures/MMProtoTextures/MMProtoTextures_LightGreyCrosses.png
  artifactKey: Guid(5d158a0f06b330445acc858c5a32a269) Importer(815301076,1909f56bfc062723c751e8b465ee728b)
Start importing Assets/Feel/MMTools/Tools/MMPrototypeTextures/Textures/MMProtoTextures/MMProtoTextures_LightGreyCrosses.png using Guid(5d158a0f06b330445acc858c5a32a269) Importer(815301076,1909f56bfc062723c751e8b465ee728b)  -> (artifact id: '3c80ffbcd6900ad1a0a552d5bc22af24') in 0.011607 seconds 
========================================================================
Received Import Request.
  Time since last request: 0.000028 seconds.
  path: Assets/Feel/MMTools/Tools/MMPrototypeTextures/Textures/MMProtoTextures/MMProtoTextures_LightGreyDots.png
  artifactKey: Guid(04edc4cbd72331c43b3ac89c21f37980) Importer(815301076,1909f56bfc062723c751e8b465ee728b)
Start importing Assets/Feel/MMTools/Tools/MMPrototypeTextures/Textures/MMProtoTextures/MMProtoTextures_LightGreyDots.png using Guid(04edc4cbd72331c43b3ac89c21f37980) Importer(815301076,1909f56bfc062723c751e8b465ee728b)  -> (artifact id: 'd66a6a11db2a6ca7cac9572dc7dc0bfa') in 0.012926 seconds 
========================================================================
Received Import Request.
  Time since last request: 0.921290 seconds.
  path: Assets/Feel/MMTools/Tools/MMVFX/MMNoise/MMPerlinNoise.png
  artifactKey: Guid(ce8f07304188aca4aa8f7b1c422c92b1) Importer(815301076,1909f56bfc062723c751e8b465ee728b)
Start importing Assets/Feel/MMTools/Tools/MMVFX/MMNoise/MMPerlinNoise.png using Guid(ce8f07304188aca4aa8f7b1c422c92b1) Importer(815301076,1909f56bfc062723c751e8b465ee728b)  -> (artifact id: '21bf4cc22678de3412e5ba1fdcbdf298') in 0.015866 seconds 
========================================================================
Received Import Request.
  Time since last request: 0.000025 seconds.
  path: Assets/Feel/MMTools/Tools/MMPrototypeTextures/Textures/MMProtoTextures/MMProtoTextures_BlueDots.png
  artifactKey: Guid(bdc5330a25b04664fbea7584bb62d859) Importer(815301076,1909f56bfc062723c751e8b465ee728b)
Start importing Assets/Feel/MMTools/Tools/MMPrototypeTextures/Textures/MMProtoTextures/MMProtoTextures_BlueDots.png using Guid(bdc5330a25b04664fbea7584bb62d859) Importer(815301076,1909f56bfc062723c751e8b465ee728b)  -> (artifact id: 'e0d2cebc5f770b672436a7daebbae215') in 0.012257 seconds 
========================================================================
Received Import Request.
  Time since last request: 0.000032 seconds.
  path: Assets/Feel/MMTools/Tools/MMVFX/MMParticles/MMParticlesSlash.png
  artifactKey: Guid(911c22680cab39842bdcfa0232128182) Importer(815301076,1909f56bfc062723c751e8b465ee728b)
Start importing Assets/Feel/MMTools/Tools/MMVFX/MMParticles/MMParticlesSlash.png using Guid(911c22680cab39842bdcfa0232128182) Importer(815301076,1909f56bfc062723c751e8b465ee728b)  -> (artifact id: '58d5d0fe22133ea3e6690ada02ae19e0') in 0.011697 seconds 
========================================================================
Received Import Request.
  Time since last request: 0.000022 seconds.
  path: Assets/Feel/MMTools/Tools/MMVFX/MMParticles/MMParticlesWhirlwind.png
  artifactKey: Guid(77fbd9fa5542ff04f80886780072ea6c) Importer(815301076,1909f56bfc062723c751e8b465ee728b)
Start importing Assets/Feel/MMTools/Tools/MMVFX/MMParticles/MMParticlesWhirlwind.png using Guid(77fbd9fa5542ff04f80886780072ea6c) Importer(815301076,1909f56bfc062723c751e8b465ee728b)  -> (artifact id: 'd766f974cee65bac131188345da717ee') in 0.014602 seconds 
========================================================================
Received Import Request.
  Time since last request: 0.000015 seconds.
  path: Assets/Feel/MMTools/Tools/MMPrototypeTextures/Textures/MMPlastic/MMPlasticMetal.png
  artifactKey: Guid(7e415b31b4facd24eae9598bb7644813) Importer(815301076,1909f56bfc062723c751e8b465ee728b)
Start importing Assets/Feel/MMTools/Tools/MMPrototypeTextures/Textures/MMPlastic/MMPlasticMetal.png using Guid(7e415b31b4facd24eae9598bb7644813) Importer(815301076,1909f56bfc062723c751e8b465ee728b)  -> (artifact id: 'fff5844e16e574f01ab3cbc44c418644') in 0.018673 seconds 
========================================================================
Received Import Request.
  Time since last request: 0.000022 seconds.
  path: Assets/Feel/MMTools/Tools/MMPrototypeTextures/Textures/MMPlastic/MMPlasticNormal.png
  artifactKey: Guid(6fbe7cfe9fb9f934da15400bab41eae9) Importer(815301076,1909f56bfc062723c751e8b465ee728b)
Start importing Assets/Feel/MMTools/Tools/MMPrototypeTextures/Textures/MMPlastic/MMPlasticNormal.png using Guid(6fbe7cfe9fb9f934da15400bab41eae9) Importer(815301076,1909f56bfc062723c751e8b465ee728b)  -> (artifact id: 'b998e99940a024fd423327b8eec0c837') in 0.020626 seconds 
========================================================================
Received Import Request.
  Time since last request: 16.116600 seconds.
  path: Assets/Feel/MMTools/Tools/MMVFX/MMParticles/MMParticlesFlare.png
  artifactKey: Guid(9eae953b5ed4b564e8df2a362aa9ebc1) Importer(815301076,1909f56bfc062723c751e8b465ee728b)
Start importing Assets/Feel/MMTools/Tools/MMVFX/MMParticles/MMParticlesFlare.png using Guid(9eae953b5ed4b564e8df2a362aa9ebc1) Importer(815301076,1909f56bfc062723c751e8b465ee728b)  -> (artifact id: '4eafff7366b64c10b1321b3f871dcbb3') in 0.012146 seconds 
========================================================================
Received Import Request.
  Time since last request: 0.000023 seconds.
  path: Assets/Feel/MMTools/Tools/MMVFX/MMParticles/MMParticlesHit.png
  artifactKey: Guid(fd0523ff6a921744c8eb12d6d609a2ba) Importer(815301076,1909f56bfc062723c751e8b465ee728b)
Start importing Assets/Feel/MMTools/Tools/MMVFX/MMParticles/MMParticlesHit.png using Guid(fd0523ff6a921744c8eb12d6d609a2ba) Importer(815301076,1909f56bfc062723c751e8b465ee728b)  -> (artifact id: 'b788b5a5fab254680cb082aedc2a23e6') in 0.014585 seconds 
========================================================================
Received Import Request.
  Time since last request: 0.013153 seconds.
  path: Assets/Feel/MMTools/Tools/MMVFX/MMParticles/MMParticlesBlackSun.png
  artifactKey: Guid(7eef1b66a64daee46b87f6f979353425) Importer(815301076,1909f56bfc062723c751e8b465ee728b)
Start importing Assets/Feel/MMTools/Tools/MMVFX/MMParticles/MMParticlesBlackSun.png using Guid(7eef1b66a64daee46b87f6f979353425) Importer(815301076,1909f56bfc062723c751e8b465ee728b)  -> (artifact id: 'bd12fe6ba2baaf0787d241630714a06f') in 0.012800 seconds 
========================================================================
Received Import Request.
  Time since last request: 0.000021 seconds.
  path: Assets/Feel/MMTools/Tools/MMVFX/MMParticles/MMParticlesEclipse.png
  artifactKey: Guid(dbc8c25cc61ce624e96392478c57c2ae) Importer(815301076,1909f56bfc062723c751e8b465ee728b)
Start importing Assets/Feel/MMTools/Tools/MMVFX/MMParticles/MMParticlesEclipse.png using Guid(dbc8c25cc61ce624e96392478c57c2ae) Importer(815301076,1909f56bfc062723c751e8b465ee728b)  -> (artifact id: 'ff91609111f3ce0d03e8e4d7aeeb6e5f') in 0.013295 seconds 
========================================================================
Received Import Request.
  Time since last request: 0.423335 seconds.
  path: Assets/Feel/MMTools/Tools/MMVFX/MMNoise/MMFireDirectionalNoise.png
  artifactKey: Guid(c61e12b00f19ecd448a748ee4f011b63) Importer(815301076,1909f56bfc062723c751e8b465ee728b)
Start importing Assets/Feel/MMTools/Tools/MMVFX/MMNoise/MMFireDirectionalNoise.png using Guid(c61e12b00f19ecd448a748ee4f011b63) Importer(815301076,1909f56bfc062723c751e8b465ee728b)  -> (artifact id: '2617c0766bc868c2536a46f7f3ba6837') in 0.018851 seconds 
========================================================================
Received Import Request.
  Time since last request: 0.022384 seconds.
  path: Assets/Feel/MMTools/Tools/MMVFX/MMBrushes/MMBrush5.png
  artifactKey: Guid(654c5cd449154d94b93dbf2fa93a6737) Importer(815301076,1909f56bfc062723c751e8b465ee728b)
Start importing Assets/Feel/MMTools/Tools/MMVFX/MMBrushes/MMBrush5.png using Guid(654c5cd449154d94b93dbf2fa93a6737) Importer(815301076,1909f56bfc062723c751e8b465ee728b)  -> (artifact id: '664756cc45a546b4d1198cb95e8f836e') in 0.012576 seconds 
========================================================================
Received Import Request.
  Time since last request: 0.000032 seconds.
  path: Assets/Feel/MMTools/Tools/MMVFX/MMNoise/MMCloudsNoise.png
  artifactKey: Guid(75b254a55f7e3f347ac8f2b5db9b11d9) Importer(815301076,1909f56bfc062723c751e8b465ee728b)
Start importing Assets/Feel/MMTools/Tools/MMVFX/MMNoise/MMCloudsNoise.png using Guid(75b254a55f7e3f347ac8f2b5db9b11d9) Importer(815301076,1909f56bfc062723c751e8b465ee728b)  -> (artifact id: '8d86c2d1ed24ced8877a03a1f8211a66') in 0.017065 seconds 
========================================================================
Received Import Request.
  Time since last request: 5.837397 seconds.
  path: Assets/Feel/MMTools/Tools/MMVFX/MMNoise/MMBlueNoise.png
  artifactKey: Guid(c1275323e6f00d240970de428ca9fe70) Importer(815301076,1909f56bfc062723c751e8b465ee728b)
Start importing Assets/Feel/MMTools/Tools/MMVFX/MMNoise/MMBlueNoise.png using Guid(c1275323e6f00d240970de428ca9fe70) Importer(815301076,1909f56bfc062723c751e8b465ee728b)  -> (artifact id: '7d8f9c40d026b39bae83b70e9dcdb705') in 0.034999 seconds 
========================================================================
Received Import Request.
  Time since last request: 0.000024 seconds.
  path: Assets/Feel/MMTools/Tools/MMVFX/MMBrushes/MMBrush2.png
  artifactKey: Guid(50fa4744924e36d4d86ab98952c0207b) Importer(815301076,1909f56bfc062723c751e8b465ee728b)
Start importing Assets/Feel/MMTools/Tools/MMVFX/MMBrushes/MMBrush2.png using Guid(50fa4744924e36d4d86ab98952c0207b) Importer(815301076,1909f56bfc062723c751e8b465ee728b)  -> (artifact id: '4ae812c89ee85d3554bb53815575a741') in 0.014000 seconds 
========================================================================
Received Import Request.
  Time since last request: 0.023519 seconds.
  path: Packages/com.unity.purchasing/Icons/LinkWhite.png
  artifactKey: Guid(e679a29ca22bc4fa0bd848bd79a42b79) Importer(815301076,1909f56bfc062723c751e8b465ee728b)
Start importing Packages/com.unity.purchasing/Icons/LinkWhite.png using Guid(e679a29ca22bc4fa0bd848bd79a42b79) Importer(815301076,1909f56bfc062723c751e8b465ee728b)  -> (artifact id: '63565f38bb0f902136d0cb5b657b1bd6') in 0.011553 seconds 
========================================================================
Received Import Request.
  Time since last request: 0.011728 seconds.
  path: Assets/Feel/MMTools/Tools/MMVFX/MMBloomDirt/MMBloomDirt2.png
  artifactKey: Guid(517afba2f824eb244b94a340fe47a650) Importer(815301076,1909f56bfc062723c751e8b465ee728b)
Start importing Assets/Feel/MMTools/Tools/MMVFX/MMBloomDirt/MMBloomDirt2.png using Guid(517afba2f824eb244b94a340fe47a650) Importer(815301076,1909f56bfc062723c751e8b465ee728b)  -> (artifact id: '288fa8de289fa2c3fce5e73f94fb0c1b') in 0.042272 seconds 
========================================================================
Received Prepare
Registering precompiled user dll's ...
Registered in 0.007391 seconds.
Begin MonoManager ReloadAssembly
Native extension for WindowsStandalone target not found
Refreshing native plugins compatible for Editor in 1.21 ms, found 2 plugins.
Preloading 0 native plugins for Editor in 0.00 ms.
[Package Manager] Server::EnsureServerProcessIsRunning -- launch failed, reason: Unity was launched with the -noUpm command-line argument
[Package Manager] UpmClient::Send -- Unable to send message (not connected to UPM process).
[Package Manager] Cannot connect to Unity Package Manager local server
Mono: successfully reloaded assembly
- Completed reload, in  1.572 seconds
Domain Reload Profiling:
	ReloadAssembly (1573ms)
		BeginReloadAssembly (532ms)
			ExecutionOrderSort (0ms)
			DisableScriptedObjects (23ms)
			BackupInstance (0ms)
			ReleaseScriptingObjects (0ms)
			CreateAndSetChildDomain (410ms)
		EndReloadAssembly (954ms)
			LoadAssemblies (78ms)
			RebuildTransferFunctionScriptingTraits (0ms)
			SetupTypeCache (230ms)
				TypeCache.Initialize (214ms)
					TypeCache.ScanAssembly (208ms)
				ResolveRequiredComponents (16ms)
			ReleaseScriptCaches (1ms)
			RebuildScriptCaches (42ms)
			SetupLoadedEditorAssemblies (556ms)
				LogAssemblyErrors (0ms)
				InitializePlatformSupportModulesInManaged (11ms)
				SetLoadedEditorAssemblies (8ms)
				RefreshPlugins (1ms)
				BeforeProcessingInitializeOnLoad (86ms)
				ProcessInitializeOnLoadAttributes (271ms)
				ProcessInitializeOnLoadMethodAttributes (173ms)
				AfterProcessingInitializeOnLoad (6ms)
				EditorAssembliesLoaded (0ms)
			ExecutionOrderSort2 (0ms)
			AwakeInstancesAfterBackupRestoration (6ms)
Platform modules already initialized, skipping
Shader 'Universal Render Pipeline/Nature/SpeedTree7': dependency 'BillboardShader' shader 'Universal Render Pipeline/Nature/SpeedTree7 Billboard' not found
Shader 'Hidden/Universal Render Pipeline/Terrain/Lit (Add Pass)': fallback shader 'Hidden/Universal Render Pipeline/FallbackError' not found
Shader 'Hidden/Universal Render Pipeline/Terrain/Lit (Base Pass)': fallback shader 'Hidden/Universal Render Pipeline/FallbackError' not found
WARNING: Shader Unsupported: 'Hidden/Universal Render Pipeline/Terrain/Lit (Base Pass)' - All subshaders removed
WARNING: Shader Did you use #pragma only_renderers and omit this platform?
WARNING: Shader If subshaders removal was intentional, you may have forgotten turning Fallback off?
WARNING: Shader Unsupported: 'Hidden/Universal Render Pipeline/Terrain/Lit (Base Pass)' - All subshaders removed
WARNING: Shader Did you use #pragma only_renderers and omit this platform?
WARNING: Shader If subshaders removal was intentional, you may have forgotten turning Fallback off?
Shader 'Universal Render Pipeline/Baked Lit': fallback shader 'Universal Render Pipeline/Unlit' not found
Shader 'MoreMountains/MMRipple': fallback shader 'Particle/AlphaBlended' not found
Refreshing native plugins compatible for Editor in 4.50 ms, found 2 plugins.
Preloading 0 native plugins for Editor in 0.00 ms.
Unloading 4928 Unused Serialized files (Serialized files now loaded: 0)
Unloading 117 unused Assets / (5.9 MB). Loaded Objects now: 5542.
Memory consumption went from 0.89 GB to 0.88 GB.
Total: 8.766800 ms (FindLiveObjects: 0.387200 ms CreateObjectMapping: 0.346200 ms MarkObjects: 5.724300 ms  DeleteObjects: 2.308000 ms)

AssetImportParameters requested are different than current active one (requested -> active):
  custom:video-decoder-ogg-theora: a1e56fd34408186e4bbccfd4996cb3dc -> 
  custom:container-muxer-webm: aa71ff27fc2769a1b78a27578f13a17b -> 
  custom:container-demuxer-webm: 4f35f7cbe854078d1ac9338744f61a02 -> 
  custom:video-encoder-webm-vp8: eb34c28f22e8b96e1ab97ce403110664 -> 
  custom:audio-encoder-webm-vorbis: bf7c407c2cedff20999df2af8eb42d56 -> 
  custom:framework-win-MediaFoundation: 216162199b28c13a410421893ffa2e32 -> 
  custom:container-demuxer-ogg: 62fdf1f143b41e24485cea50d1cbac27 -> 
  custom:video-decoder-webm-vp8: 9c59270c3fd7afecdb556c50c9e8de78 -> 
  custom:audio-decoder-ogg-vorbis: bf7c407c2cedff20999df2af8eb42d56 -> 
========================================================================
Received Import Request.
  Time since last request: 2595.889346 seconds.
  path: Packages/com.unity.render-pipelines.universal/package.json
  artifactKey: Guid(30648b8d550465f4bb77f1e1afd0b37d) Importer(815301076,1909f56bfc062723c751e8b465ee728b)
Start importing Packages/com.unity.render-pipelines.universal/package.json using Guid(30648b8d550465f4bb77f1e1afd0b37d) Importer(815301076,1909f56bfc062723c751e8b465ee728b)  -> (artifact id: 'c888d2beb2ee8e034f43fa5ae26cb59e') in 0.027552 seconds 
========================================================================
Received Import Request.
  Time since last request: 3.923864 seconds.
  path: Packages/com.unity.render-pipelines.universal/ShaderLibrary
  artifactKey: Guid(2de5b472450204ae2853db2cb6a2540a) Importer(815301076,1909f56bfc062723c751e8b465ee728b)
Start importing Packages/com.unity.render-pipelines.universal/ShaderLibrary using Guid(2de5b472450204ae2853db2cb6a2540a) Importer(815301076,1909f56bfc062723c751e8b465ee728b)  -> (artifact id: 'abf8a570456bd4e9514dd6a129660f9d') in 0.005698 seconds 
========================================================================
Received Import Request.
  Time since last request: 0.066551 seconds.
  path: Packages/com.unity.render-pipelines.universal/ShaderLibrary/AmbientOcclusion.hlsl
  artifactKey: Guid(1c0cb2353d9a4debbc61e650002843f4) Importer(815301076,1909f56bfc062723c751e8b465ee728b)
Start importing Packages/com.unity.render-pipelines.universal/ShaderLibrary/AmbientOcclusion.hlsl using Guid(1c0cb2353d9a4debbc61e650002843f4) Importer(815301076,1909f56bfc062723c751e8b465ee728b)  -> (artifact id: 'b6ed6518adf116e2e9fe1c58dd5dddd4') in 0.214469 seconds 
========================================================================
Received Import Request.
  Time since last request: 0.000026 seconds.
  path: Packages/com.unity.render-pipelines.universal/ShaderLibrary/Unity.RenderPipelines.Universal.ShaderLibrary.asmdef
  artifactKey: Guid(ab67fb10353d84448ac887a7367cbda8) Importer(815301076,1909f56bfc062723c751e8b465ee728b)
Start importing Packages/com.unity.render-pipelines.universal/ShaderLibrary/Unity.RenderPipelines.Universal.ShaderLibrary.asmdef using Guid(ab67fb10353d84448ac887a7367cbda8) Importer(815301076,1909f56bfc062723c751e8b465ee728b)  -> (artifact id: '9694c4606e30eca52636a29dd756a558') in 0.015626 seconds 
========================================================================
Received Import Request.
  Time since last request: 0.000023 seconds.
  path: Packages/com.unity.render-pipelines.universal/ShaderLibrary/Core.hlsl
  artifactKey: Guid(53686bf58189656459fca4c6ab04ebe5) Importer(815301076,1909f56bfc062723c751e8b465ee728b)
Start importing Packages/com.unity.render-pipelines.universal/ShaderLibrary/Core.hlsl using Guid(53686bf58189656459fca4c6ab04ebe5) Importer(815301076,1909f56bfc062723c751e8b465ee728b)  -> (artifact id: 'c0d01c4544b32822760c2b5146d7863f') in 0.007181 seconds 
========================================================================
Received Import Request.
  Time since last request: 0.000019 seconds.
  path: Packages/com.unity.render-pipelines.universal/ShaderLibrary/ShaderTypes.cs.hlsl
  artifactKey: Guid(6be8cfeb6b34eca43b000cb7bad7255e) Importer(815301076,1909f56bfc062723c751e8b465ee728b)
Start importing Packages/com.unity.render-pipelines.universal/ShaderLibrary/ShaderTypes.cs.hlsl using Guid(6be8cfeb6b34eca43b000cb7bad7255e) Importer(815301076,1909f56bfc062723c751e8b465ee728b)  -> (artifact id: '3a2d6b77fe6faeead668286fe350eddc') in 0.006595 seconds 
========================================================================
Received Import Request.
  Time since last request: 0.000020 seconds.
  path: Packages/com.unity.render-pipelines.universal/ShaderLibrary/SSAO.hlsl
  artifactKey: Guid(930a5f40803cb414b84db9a1889f890c) Importer(815301076,1909f56bfc062723c751e8b465ee728b)
Start importing Packages/com.unity.render-pipelines.universal/ShaderLibrary/SSAO.hlsl using Guid(930a5f40803cb414b84db9a1889f890c) Importer(815301076,1909f56bfc062723c751e8b465ee728b)  -> (artifact id: '2c92811953b0b51aa6c9e3f1c4bb23be') in 0.007623 seconds 
========================================================================
Received Import Request.
  Time since last request: 0.000018 seconds.
  path: Packages/com.unity.render-pipelines.universal/ShaderLibrary/Unlit.hlsl
  artifactKey: Guid(823e07282e194f119e8032f1555676ee) Importer(815301076,1909f56bfc062723c751e8b465ee728b)
Start importing Packages/com.unity.render-pipelines.universal/ShaderLibrary/Unlit.hlsl using Guid(823e07282e194f119e8032f1555676ee) Importer(815301076,1909f56bfc062723c751e8b465ee728b)  -> (artifact id: 'fc3bc9132bd4daafa80faf2493987f11') in 0.006169 seconds 
========================================================================
Received Import Request.
  Time since last request: 0.000019 seconds.
  path: Packages/com.unity.render-pipelines.universal/ShaderLibrary/Clustering.hlsl
  artifactKey: Guid(5c52f3d26791c415b9e887442bfc817c) Importer(815301076,1909f56bfc062723c751e8b465ee728b)
Start importing Packages/com.unity.render-pipelines.universal/ShaderLibrary/Clustering.hlsl using Guid(5c52f3d26791c415b9e887442bfc817c) Importer(815301076,1909f56bfc062723c751e8b465ee728b)  -> (artifact id: 'c14ec250f3a9db25bcaccfee3e2fd65d') in 0.006265 seconds 
========================================================================
Received Import Request.
  Time since last request: 0.000021 seconds.
  path: Packages/com.unity.render-pipelines.universal/ShaderLibrary/SurfaceInput.hlsl
  artifactKey: Guid(546b9685ee7cc0941afd734baa08db2a) Importer(815301076,1909f56bfc062723c751e8b465ee728b)
Start importing Packages/com.unity.render-pipelines.universal/ShaderLibrary/SurfaceInput.hlsl using Guid(546b9685ee7cc0941afd734baa08db2a) Importer(815301076,1909f56bfc062723c751e8b465ee728b)  -> (artifact id: '0f0d4428a1a4d0da835adc6ba691db73') in 0.005503 seconds 
========================================================================
Received Import Request.
  Time since last request: 0.000020 seconds.
  path: Packages/com.unity.render-pipelines.universal/ShaderLibrary/ShaderVariablesFunctions.deprecated.hlsl
  artifactKey: Guid(77a6d2810aa974e0bad8b56aec6e87f4) Importer(815301076,1909f56bfc062723c751e8b465ee728b)
Start importing Packages/com.unity.render-pipelines.universal/ShaderLibrary/ShaderVariablesFunctions.deprecated.hlsl using Guid(77a6d2810aa974e0bad8b56aec6e87f4) Importer(815301076,1909f56bfc062723c751e8b465ee728b)  -> (artifact id: 'fdcdb5282deba85259fe6de06018af1c') in 0.006794 seconds 
========================================================================
Received Import Request.
  Time since last request: 0.000027 seconds.
  path: Packages/com.unity.render-pipelines.universal/ShaderLibrary/Shadows.hlsl
  artifactKey: Guid(5cb845b7decdb4db6a7fcc676b127b6d) Importer(815301076,1909f56bfc062723c751e8b465ee728b)
Start importing Packages/com.unity.render-pipelines.universal/ShaderLibrary/Shadows.hlsl using Guid(5cb845b7decdb4db6a7fcc676b127b6d) Importer(815301076,1909f56bfc062723c751e8b465ee728b)  -> (artifact id: '531fa02c5f644177c3d8fe6aedc73fa1') in 0.006561 seconds 
========================================================================
Received Import Request.
  Time since last request: 0.000026 seconds.
  path: Packages/com.unity.render-pipelines.universal/ShaderLibrary/MetaInput.hlsl
  artifactKey: Guid(6c9c9877e9a3dff4fbc73fd447c653d8) Importer(815301076,1909f56bfc062723c751e8b465ee728b)
Start importing Packages/com.unity.render-pipelines.universal/ShaderLibrary/MetaInput.hlsl using Guid(6c9c9877e9a3dff4fbc73fd447c653d8) Importer(815301076,1909f56bfc062723c751e8b465ee728b)  -> (artifact id: 'ffaf494cbb500c2e8affddf119e6416c') in 0.006663 seconds 
========================================================================
Received Import Request.
  Time since last request: 0.000030 seconds.
  path: Packages/com.unity.render-pipelines.universal/ShaderLibrary/Particles.hlsl
  artifactKey: Guid(58997c4bd657ad848919e91029ee01eb) Importer(815301076,1909f56bfc062723c751e8b465ee728b)
Start importing Packages/com.unity.render-pipelines.universal/ShaderLibrary/Particles.hlsl using Guid(58997c4bd657ad848919e91029ee01eb) Importer(815301076,1909f56bfc062723c751e8b465ee728b)  -> (artifact id: '08a2f0584c77ea99b2dd1afc6fcfbe4d') in 0.007604 seconds 
========================================================================
Received Import Request.
  Time since last request: 0.000033 seconds.
  path: Packages/com.unity.render-pipelines.universal/ShaderLibrary/DeclareNormalsTexture.hlsl
  artifactKey: Guid(92a8a2733f9d18a44aad998449c6ee51) Importer(815301076,1909f56bfc062723c751e8b465ee728b)
Start importing Packages/com.unity.render-pipelines.universal/ShaderLibrary/DeclareNormalsTexture.hlsl using Guid(92a8a2733f9d18a44aad998449c6ee51) Importer(815301076,1909f56bfc062723c751e8b465ee728b)  -> (artifact id: '40b90bdbc65f8bbf1c99808a40018424') in 0.007273 seconds 
========================================================================
Received Import Request.
  Time since last request: 0.000018 seconds.
  path: Packages/com.unity.render-pipelines.universal/ShaderLibrary/RealtimeLights.hlsl
  artifactKey: Guid(4e8e2a4c57cb4eb6bf8653ab88069a9c) Importer(815301076,1909f56bfc062723c751e8b465ee728b)
Start importing Packages/com.unity.render-pipelines.universal/ShaderLibrary/RealtimeLights.hlsl using Guid(4e8e2a4c57cb4eb6bf8653ab88069a9c) Importer(815301076,1909f56bfc062723c751e8b465ee728b)  -> (artifact id: '50cabd98a3c6eab41b469c4f373929b6') in 0.007025 seconds 
========================================================================
Received Import Request.
  Time since last request: 0.000019 seconds.
  path: Packages/com.unity.render-pipelines.universal/ShaderLibrary/UnityInput.hlsl
  artifactKey: Guid(6564342aa7c6ca44a86b97323a311d74) Importer(815301076,1909f56bfc062723c751e8b465ee728b)
Start importing Packages/com.unity.render-pipelines.universal/ShaderLibrary/UnityInput.hlsl using Guid(6564342aa7c6ca44a86b97323a311d74) Importer(815301076,1909f56bfc062723c751e8b465ee728b)  -> (artifact id: 'f0ccf0db54b59e2b7bd12cff0a3bdf6c') in 0.006836 seconds 
========================================================================
Received Import Request.
  Time since last request: 0.000024 seconds.
  path: Packages/com.unity.render-pipelines.universal/ShaderLibrary/SurfaceData.hlsl
  artifactKey: Guid(181b211e2007bd4478d853b8964457ab) Importer(815301076,1909f56bfc062723c751e8b465ee728b)
Start importing Packages/com.unity.render-pipelines.universal/ShaderLibrary/SurfaceData.hlsl using Guid(181b211e2007bd4478d853b8964457ab) Importer(815301076,1909f56bfc062723c751e8b465ee728b)  -> (artifact id: '9ed783a1a3db7cc43b2011d7987318f2') in 0.395073 seconds 
========================================================================
Received Import Request.
  Time since last request: 0.000026 seconds.
  path: Packages/com.unity.render-pipelines.universal/ShaderLibrary/UniversalMetaPass.hlsl
  artifactKey: Guid(573542356fb54fe4583ff78639189cf8) Importer(815301076,1909f56bfc062723c751e8b465ee728b)
Start importing Packages/com.unity.render-pipelines.universal/ShaderLibrary/UniversalMetaPass.hlsl using Guid(573542356fb54fe4583ff78639189cf8) Importer(815301076,1909f56bfc062723c751e8b465ee728b)  -> (artifact id: '7fff9e2538c9daca5b27aafe756ac7fd') in 0.006373 seconds 
Editor requested this worker to shutdown with reason: Scaling down because of idle timeout
AssetImportWorker is now disconnected from the server
Process exiting
Exiting without the bug reporter. Application will terminate with return code 0