Using pre-set license
Built from '2022.1/staging' branch; Version is '2022.1.7f1 (240f4c1f462c) revision 2363212'; Using compiler version '192829333'; Build Type 'Release'
OS: 'Windows 10  (10.0.19044) 64bit Core' Language: 'en' Physical Memory: 16322 MB
BatchMode: 1, IsHumanControllingUs: 0, StartBugReporterOnCrash: 0, Is64bit: 1, IsPro: 1

COMMAND LINE ARGUMENTS:
C:\Program Files\Unity\Hub\Editor\2022.1.7f1\Editor\Unity.exe
-adb2
-batchMode
-noUpm
-name
AssetImportWorker20
-projectPath
C:/Users/minig/Documents/Projects/Turquoise Flavour
-logFile
Logs/AssetImportWorker20.log
-srvPort
58203
Successfully changed project path to: C:/Users/minig/Documents/Projects/Turquoise Flavour
C:/Users/minig/Documents/Projects/Turquoise Flavour
[UnityMemory] Configuration Parameters - Can be set up in boot.config
    "memorysetup-bucket-allocator-granularity=16"
    "memorysetup-bucket-allocator-bucket-count=8"
    "memorysetup-bucket-allocator-block-size=33554432"
    "memorysetup-bucket-allocator-block-count=8"
    "memorysetup-main-allocator-block-size=16777216"
    "memorysetup-thread-allocator-block-size=16777216"
    "memorysetup-gfx-main-allocator-block-size=16777216"
    "memorysetup-gfx-thread-allocator-block-size=16777216"
    "memorysetup-cache-allocator-block-size=4194304"
    "memorysetup-typetree-allocator-block-size=2097152"
    "memorysetup-profiler-bucket-allocator-granularity=16"
    "memorysetup-profiler-bucket-allocator-bucket-count=8"
    "memorysetup-profiler-bucket-allocator-block-size=33554432"
    "memorysetup-profiler-bucket-allocator-block-count=8"
    "memorysetup-profiler-allocator-block-size=16777216"
    "memorysetup-profiler-editor-allocator-block-size=1048576"
    "memorysetup-temp-allocator-size-main=16777216"
    "memorysetup-job-temp-allocator-block-size=2097152"
    "memorysetup-job-temp-allocator-block-size-background=1048576"
    "memorysetup-job-temp-allocator-reduction-small-platforms=262144"
    "memorysetup-temp-allocator-size-background-worker=32768"
    "memorysetup-temp-allocator-size-job-worker=262144"
    "memorysetup-temp-allocator-size-preload-manager=33554432"
    "memorysetup-temp-allocator-size-nav-mesh-worker=65536"
    "memorysetup-temp-allocator-size-audio-worker=65536"
    "memorysetup-temp-allocator-size-cloud-worker=32768"
    "memorysetup-temp-allocator-size-gi-baking-worker=262144"
    "memorysetup-temp-allocator-size-gfx=262144"
Refreshing native plugins compatible for Editor in 93.02 ms, found 2 plugins.
Preloading 0 native plugins for Editor in 0.00 ms.
Initialize engine version: 2022.1.7f1 (240f4c1f462c)
[Subsystems] Discovering subsystems at path C:/Program Files/Unity/Hub/Editor/2022.1.7f1/Editor/Data/Resources/UnitySubsystems
[Subsystems] Discovering subsystems at path C:/Users/minig/Documents/Projects/Turquoise Flavour/Assets
GfxDevice: creating device client; threaded=0; jobified=0
Direct3D:
    Version:  Direct3D 11.0 [level 11.1]
    Renderer: NVIDIA GeForce RTX 2070 (ID=0x1f02)
    Vendor:   NVIDIA
    VRAM:     8031 MB
    Driver:   30.0.15.1215
Shader 'MoreMountains/MMRipple': fallback shader 'Particle/AlphaBlended' not found
Initialize mono
Mono path[0] = 'C:/Program Files/Unity/Hub/Editor/2022.1.7f1/Editor/Data/Managed'
Mono path[1] = 'C:/Program Files/Unity/Hub/Editor/2022.1.7f1/Editor/Data/MonoBleedingEdge/lib/mono/unityjit-win32'
Mono config path = 'C:/Program Files/Unity/Hub/Editor/2022.1.7f1/Editor/Data/MonoBleedingEdge/etc'
Using monoOptions --debugger-agent=transport=dt_socket,embedding=1,server=y,suspend=n,address=127.0.0.1:56756
Begin MonoManager ReloadAssembly
Registering precompiled unity dll's ...
Register platform support module: C:/Program Files/Unity/Hub/Editor/2022.1.7f1/Editor/Data/PlaybackEngines/WindowsStandaloneSupport/UnityEditor.WindowsStandalone.Extensions.dll
Registered in 0.007107 seconds.
Native extension for WindowsStandalone target not found
Refreshing native plugins compatible for Editor in 75.48 ms, found 2 plugins.
Preloading 0 native plugins for Editor in 0.00 ms.
Mono: successfully reloaded assembly
- Completed reload, in  0.717 seconds
Domain Reload Profiling:
	ReloadAssembly (718ms)
		BeginReloadAssembly (78ms)
			ExecutionOrderSort (0ms)
			DisableScriptedObjects (0ms)
			BackupInstance (0ms)
			ReleaseScriptingObjects (0ms)
			CreateAndSetChildDomain (1ms)
		EndReloadAssembly (525ms)
			LoadAssemblies (76ms)
			RebuildTransferFunctionScriptingTraits (0ms)
			SetupTypeCache (178ms)
				TypeCache.Initialize (178ms)
					TypeCache.ScanAssembly (174ms)
				ResolveRequiredComponents (1ms)
			ReleaseScriptCaches (0ms)
			RebuildScriptCaches (37ms)
			SetupLoadedEditorAssemblies (248ms)
				LogAssemblyErrors (0ms)
				InitializePlatformSupportModulesInManaged (8ms)
				SetLoadedEditorAssemblies (8ms)
				RefreshPlugins (76ms)
				BeforeProcessingInitializeOnLoad (1ms)
				ProcessInitializeOnLoadAttributes (116ms)
				ProcessInitializeOnLoadMethodAttributes (39ms)
				AfterProcessingInitializeOnLoad (0ms)
				EditorAssembliesLoaded (0ms)
			ExecutionOrderSort2 (0ms)
			AwakeInstancesAfterBackupRestoration (0ms)
Platform modules already initialized, skipping
Registering precompiled user dll's ...
Registered in 0.006233 seconds.
Begin MonoManager ReloadAssembly
Native extension for WindowsStandalone target not found
Refreshing native plugins compatible for Editor in 75.07 ms, found 2 plugins.
Preloading 0 native plugins for Editor in 0.00 ms.
Package Manager log level set to [2]
[Package Manager] Server::EnsureServerProcessIsRunning -- launch failed, reason: Unity was launched with the -noUpm command-line argument
[Package Manager] UpmClient::Send -- Unable to send message (not connected to UPM process).
[Package Manager] Cannot connect to Unity Package Manager local server
Mono: successfully reloaded assembly
- Completed reload, in  1.594 seconds
Domain Reload Profiling:
	ReloadAssembly (1595ms)
		BeginReloadAssembly (164ms)
			ExecutionOrderSort (0ms)
			DisableScriptedObjects (8ms)
			BackupInstance (0ms)
			ReleaseScriptingObjects (0ms)
			CreateAndSetChildDomain (39ms)
		EndReloadAssembly (1291ms)
			LoadAssemblies (209ms)
			RebuildTransferFunctionScriptingTraits (0ms)
			SetupTypeCache (263ms)
				TypeCache.Initialize (245ms)
					TypeCache.ScanAssembly (240ms)
				ResolveRequiredComponents (18ms)
			ReleaseScriptCaches (1ms)
			RebuildScriptCaches (80ms)
			SetupLoadedEditorAssemblies (705ms)
				LogAssemblyErrors (0ms)
				InitializePlatformSupportModulesInManaged (5ms)
				SetLoadedEditorAssemblies (8ms)
				RefreshPlugins (75ms)
				BeforeProcessingInitializeOnLoad (111ms)
				ProcessInitializeOnLoadAttributes (332ms)
				ProcessInitializeOnLoadMethodAttributes (166ms)
				AfterProcessingInitializeOnLoad (7ms)
				EditorAssembliesLoaded (0ms)
			ExecutionOrderSort2 (0ms)
			AwakeInstancesAfterBackupRestoration (5ms)
Platform modules already initialized, skipping
========================================================================
Worker process is ready to serve import requests
Shader 'MoreMountains/MMRipple': fallback shader 'Particle/AlphaBlended' not found
Launched and connected shader compiler UnityShaderCompiler.exe after 0.04 seconds
Refreshing native plugins compatible for Editor in 1.06 ms, found 2 plugins.
Preloading 0 native plugins for Editor in 0.00 ms.
Unloading 5041 Unused Serialized files (Serialized files now loaded: 0)
Unloading 62 unused Assets / (323.7 KB). Loaded Objects now: 5615.
Memory consumption went from 0.89 GB to 0.89 GB.
Total: 6.092100 ms (FindLiveObjects: 0.463400 ms CreateObjectMapping: 0.431300 ms MarkObjects: 5.089900 ms  DeleteObjects: 0.106900 ms)

AssetImportParameters requested are different than current active one (requested -> active):
  custom:video-decoder-ogg-theora: a1e56fd34408186e4bbccfd4996cb3dc -> 
  custom:container-muxer-webm: aa71ff27fc2769a1b78a27578f13a17b -> 
  custom:container-demuxer-webm: 4f35f7cbe854078d1ac9338744f61a02 -> 
  custom:video-encoder-webm-vp8: eb34c28f22e8b96e1ab97ce403110664 -> 
  custom:audio-encoder-webm-vorbis: bf7c407c2cedff20999df2af8eb42d56 -> 
  custom:framework-win-MediaFoundation: 216162199b28c13a410421893ffa2e32 -> 
  custom:container-demuxer-ogg: 62fdf1f143b41e24485cea50d1cbac27 -> 
  custom:video-decoder-webm-vp8: 9c59270c3fd7afecdb556c50c9e8de78 -> 
  custom:audio-decoder-ogg-vorbis: bf7c407c2cedff20999df2af8eb42d56 -> 
========================================================================
Received Import Request.
  Time since last request: 873083.103040 seconds.
  path: Assets/Feel/MMTools/Tools/MMAchievements/Sprites/AchievementBackgroundUnlocked.png
  artifactKey: Guid(c379ef0fb8ae144a5b0a0b1d0c02d125) Importer(815301076,1909f56bfc062723c751e8b465ee728b)
Start importing Assets/Feel/MMTools/Tools/MMAchievements/Sprites/AchievementBackgroundUnlocked.png using Guid(c379ef0fb8ae144a5b0a0b1d0c02d125) Importer(815301076,1909f56bfc062723c751e8b465ee728b)  -> (artifact id: 'a0edc330bf5b7667827dae325f2346f3') in 0.128404 seconds 
========================================================================
Received Import Request.
  Time since last request: 336.672241 seconds.
  path: Assets/CreatureCards/creature_transparent/100.png
  artifactKey: Guid(faebcb8fc7aecdb42809b8dbec5b4692) Importer(815301076,1909f56bfc062723c751e8b465ee728b)
Start importing Assets/CreatureCards/creature_transparent/100.png using Guid(faebcb8fc7aecdb42809b8dbec5b4692) Importer(815301076,1909f56bfc062723c751e8b465ee728b)  -> (artifact id: 'f69c1e6626124457b6edea43b5f2de9a') in 0.235015 seconds 
========================================================================
Received Import Request.
  Time since last request: 0.000025 seconds.
  path: Assets/CreatureCards/creature_transparent/96.png
  artifactKey: Guid(3a429e4e3bd3d7748aa8900f89236673) Importer(815301076,1909f56bfc062723c751e8b465ee728b)
Start importing Assets/CreatureCards/creature_transparent/96.png using Guid(3a429e4e3bd3d7748aa8900f89236673) Importer(815301076,1909f56bfc062723c751e8b465ee728b)  -> (artifact id: '73896770e3ae07b4dee9e8bcb2e65992') in 0.190348 seconds 
========================================================================
Received Import Request.
  Time since last request: 0.000028 seconds.
  path: Assets/CreatureCards/creature_transparent/92.png
  artifactKey: Guid(6131262b31d44c54ea9b5889a816a5c9) Importer(815301076,1909f56bfc062723c751e8b465ee728b)
Start importing Assets/CreatureCards/creature_transparent/92.png using Guid(6131262b31d44c54ea9b5889a816a5c9) Importer(815301076,1909f56bfc062723c751e8b465ee728b)  -> (artifact id: '0f35ffe9ed23137a57ecdf51da7a1f1c') in 0.180593 seconds 
========================================================================
Received Import Request.
  Time since last request: 0.000022 seconds.
  path: Assets/CreatureCards/creature_transparent/93.png
  artifactKey: Guid(a8796dd7b0244844e8b4bd05d3a96a1c) Importer(815301076,1909f56bfc062723c751e8b465ee728b)
Start importing Assets/CreatureCards/creature_transparent/93.png using Guid(a8796dd7b0244844e8b4bd05d3a96a1c) Importer(815301076,1909f56bfc062723c751e8b465ee728b)  -> (artifact id: '4ec56c022f8c746fbccf172ca46d6e73') in 0.179525 seconds 
========================================================================
Received Import Request.
  Time since last request: 0.000024 seconds.
  path: Assets/CreatureCards/creature_bg/94.png
  artifactKey: Guid(edfca0e92639a544f974602d0a719e35) Importer(815301076,1909f56bfc062723c751e8b465ee728b)
Start importing Assets/CreatureCards/creature_bg/94.png using Guid(edfca0e92639a544f974602d0a719e35) Importer(815301076,1909f56bfc062723c751e8b465ee728b)  -> (artifact id: '2a40f01f3c0568f2046e44579ab3073c') in 0.250126 seconds 
========================================================================
Received Import Request.
  Time since last request: 0.000025 seconds.
  path: Assets/CreatureCards/creature_bg/95.png
  artifactKey: Guid(54f07cd146aaffa48957c5a63958ddb3) Importer(815301076,1909f56bfc062723c751e8b465ee728b)
Start importing Assets/CreatureCards/creature_bg/95.png using Guid(54f07cd146aaffa48957c5a63958ddb3) Importer(815301076,1909f56bfc062723c751e8b465ee728b)  -> (artifact id: 'a73228c4fb71a9199cc90a7c4e87f126') in 0.325373 seconds 
========================================================================
Received Import Request.
  Time since last request: 0.000035 seconds.
  path: Assets/CreatureCards/creature_bg/97.png
  artifactKey: Guid(d888cda160d5f0046a118cc407067a74) Importer(815301076,1909f56bfc062723c751e8b465ee728b)
Start importing Assets/CreatureCards/creature_bg/97.png using Guid(d888cda160d5f0046a118cc407067a74) Importer(815301076,1909f56bfc062723c751e8b465ee728b)  -> (artifact id: '004354bb5e6d9c4d6e616ef56aed281d') in 0.244655 seconds 
========================================================================
Received Import Request.
  Time since last request: 0.000028 seconds.
  path: Assets/CreatureCards/creature_transparent/89.png
  artifactKey: Guid(3241162db51dfb74ba2876dc83210da6) Importer(815301076,1909f56bfc062723c751e8b465ee728b)
Start importing Assets/CreatureCards/creature_transparent/89.png using Guid(3241162db51dfb74ba2876dc83210da6) Importer(815301076,1909f56bfc062723c751e8b465ee728b)  -> (artifact id: 'b5adeecc23db4434484ffa699b03460b') in 0.176256 seconds 
========================================================================
Received Import Request.
  Time since last request: 0.000028 seconds.
  path: Assets/CreatureCards/creature_transparent/80.png
  artifactKey: Guid(72e6d159e1aaaea4ab1834bbff3910bc) Importer(815301076,1909f56bfc062723c751e8b465ee728b)
Start importing Assets/CreatureCards/creature_transparent/80.png using Guid(72e6d159e1aaaea4ab1834bbff3910bc) Importer(815301076,1909f56bfc062723c751e8b465ee728b)  -> (artifact id: 'e1031c3164e69a979174ad1c25d46628') in 0.195814 seconds 
========================================================================
Received Import Request.
  Time since last request: 0.000019 seconds.
  path: Assets/CreatureCards/creature_transparent/47.png
  artifactKey: Guid(615f553c9d6716c479584fa41d4405ce) Importer(815301076,1909f56bfc062723c751e8b465ee728b)
Start importing Assets/CreatureCards/creature_transparent/47.png using Guid(615f553c9d6716c479584fa41d4405ce) Importer(815301076,1909f56bfc062723c751e8b465ee728b)  -> (artifact id: 'a39db030df674ee2df51d55df42b9964') in 0.187506 seconds 
========================================================================
Received Import Request.
  Time since last request: 0.000053 seconds.
  path: Assets/CreatureCards/creature_transparent/55.png
  artifactKey: Guid(5289cc3aa2576a845842b54fc7db31f1) Importer(815301076,1909f56bfc062723c751e8b465ee728b)
Start importing Assets/CreatureCards/creature_transparent/55.png using Guid(5289cc3aa2576a845842b54fc7db31f1) Importer(815301076,1909f56bfc062723c751e8b465ee728b)  -> (artifact id: 'c5886034f9e2ddf4e468930423c0a61a') in 0.163984 seconds 
========================================================================
Received Import Request.
  Time since last request: 0.000022 seconds.
  path: Assets/CreatureCards/creature_bg/62.png
  artifactKey: Guid(dcaa01d84c7735a4f8718a24d63e9d87) Importer(815301076,1909f56bfc062723c751e8b465ee728b)
Start importing Assets/CreatureCards/creature_bg/62.png using Guid(dcaa01d84c7735a4f8718a24d63e9d87) Importer(815301076,1909f56bfc062723c751e8b465ee728b)  -> (artifact id: '91ca7b86b09ccf11812075f1ab8306ef') in 0.209698 seconds 
========================================================================
Received Import Request.
  Time since last request: 0.000020 seconds.
  path: Assets/CreatureCards/creature_transparent/63.png
  artifactKey: Guid(54e115eea08d976439bdd4d24879e13d) Importer(815301076,1909f56bfc062723c751e8b465ee728b)
Start importing Assets/CreatureCards/creature_transparent/63.png using Guid(54e115eea08d976439bdd4d24879e13d) Importer(815301076,1909f56bfc062723c751e8b465ee728b)  -> (artifact id: 'd0bcb802eee1d016c6e92057d1e0c4ee') in 0.174747 seconds 
========================================================================
Received Import Request.
  Time since last request: 0.000035 seconds.
  path: Assets/CreatureCards/creature_bg/47.png
  artifactKey: Guid(c821a62a97bac6649ac7ff4a30ee0c98) Importer(815301076,1909f56bfc062723c751e8b465ee728b)
Start importing Assets/CreatureCards/creature_bg/47.png using Guid(c821a62a97bac6649ac7ff4a30ee0c98) Importer(815301076,1909f56bfc062723c751e8b465ee728b)  -> (artifact id: '7abf0bdba0b2d1735865a07b78562290') in 0.225416 seconds 
========================================================================
Received Import Request.
  Time since last request: 0.000025 seconds.
  path: Assets/CreatureCards/creature_transparent/38.png
  artifactKey: Guid(c1bccf343507985488b6726f07d93099) Importer(815301076,1909f56bfc062723c751e8b465ee728b)
Start importing Assets/CreatureCards/creature_transparent/38.png using Guid(c1bccf343507985488b6726f07d93099) Importer(815301076,1909f56bfc062723c751e8b465ee728b)  -> (artifact id: '4e5f7647dfa58d582539418b9136c272') in 0.169970 seconds 
========================================================================
Received Import Request.
  Time since last request: 0.000024 seconds.
  path: Assets/Fonts/CODE Bold.otf
  artifactKey: Guid(be34fac7bc3509645ad7a3434c429ce0) Importer(815301076,1909f56bfc062723c751e8b465ee728b)
Start importing Assets/Fonts/CODE Bold.otf using Guid(be34fac7bc3509645ad7a3434c429ce0) Importer(815301076,1909f56bfc062723c751e8b465ee728b)  -> (artifact id: 'e3584e6fe6962437b1d4826d01bf9910') in 0.215855 seconds 
========================================================================
Received Import Request.
  Time since last request: 0.000035 seconds.
  path: Assets/CardGameUIEffects/Assets/Animations/Characters/GoodEgg/GoodEgg_22.png
  artifactKey: Guid(e7ec51f7a8bdcbc42a8bfa5fcf2d124c) Importer(815301076,1909f56bfc062723c751e8b465ee728b)
Start importing Assets/CardGameUIEffects/Assets/Animations/Characters/GoodEgg/GoodEgg_22.png using Guid(e7ec51f7a8bdcbc42a8bfa5fcf2d124c) Importer(815301076,1909f56bfc062723c751e8b465ee728b)  -> (artifact id: 'f0dc448f5aebd8ae571355925261e9c5') in 0.023756 seconds 
========================================================================
Received Import Request.
  Time since last request: 0.000036 seconds.
  path: Assets/CardGameUIEffects/Assets/Animations/Cards/Headbutt_02.png
  artifactKey: Guid(f1c6a4489e1cabb4a9eba547b082e403) Importer(815301076,1909f56bfc062723c751e8b465ee728b)
Start importing Assets/CardGameUIEffects/Assets/Animations/Cards/Headbutt_02.png using Guid(f1c6a4489e1cabb4a9eba547b082e403) Importer(815301076,1909f56bfc062723c751e8b465ee728b)  -> (artifact id: '0302240ff34a5926e8a2ad104cf2f11a') in 0.032215 seconds 
========================================================================
Received Import Request.
  Time since last request: 0.000037 seconds.
  path: Assets/CardGameUIEffects/Assets/Animations/Cards/Headbutt_01.png
  artifactKey: Guid(921d0f67c75a10c48b618bf6a287b598) Importer(815301076,1909f56bfc062723c751e8b465ee728b)
Start importing Assets/CardGameUIEffects/Assets/Animations/Cards/Headbutt_01.png using Guid(921d0f67c75a10c48b618bf6a287b598) Importer(815301076,1909f56bfc062723c751e8b465ee728b)  -> (artifact id: 'ad86f1fd0c71a060eed58570fb2ae5d5') in 0.030072 seconds 
========================================================================
Received Import Request.
  Time since last request: 0.000021 seconds.
  path: Assets/CardGameUIEffects/Assets/Animations/Characters/GoodEgg/GoodEgg_03.png
  artifactKey: Guid(05562b292e825b543807aeecf3c820d3) Importer(815301076,1909f56bfc062723c751e8b465ee728b)
Start importing Assets/CardGameUIEffects/Assets/Animations/Characters/GoodEgg/GoodEgg_03.png using Guid(05562b292e825b543807aeecf3c820d3) Importer(815301076,1909f56bfc062723c751e8b465ee728b)  -> (artifact id: '9ac23bf3f7f24bdd2c707ed873b9e5ae') in 0.019540 seconds 
========================================================================
Received Import Request.
  Time since last request: 0.000033 seconds.
  path: Assets/CardGameUIEffects/Assets/Animations/Cards/Headbutt_15.png
  artifactKey: Guid(45c0afb801d3d5f4f8f43ff913e60372) Importer(815301076,1909f56bfc062723c751e8b465ee728b)
Start importing Assets/CardGameUIEffects/Assets/Animations/Cards/Headbutt_15.png using Guid(45c0afb801d3d5f4f8f43ff913e60372) Importer(815301076,1909f56bfc062723c751e8b465ee728b)  -> (artifact id: 'dd96198cdbbeaaee3bb1da35548205d6') in 0.030218 seconds 
========================================================================
Received Import Request.
  Time since last request: 0.000021 seconds.
  path: Assets/CardGameUIEffects/Assets/Animations/Cards/Headbutt_13.png
  artifactKey: Guid(40eb05e231409074fb75c32e9a62392f) Importer(815301076,1909f56bfc062723c751e8b465ee728b)
Start importing Assets/CardGameUIEffects/Assets/Animations/Cards/Headbutt_13.png using Guid(40eb05e231409074fb75c32e9a62392f) Importer(815301076,1909f56bfc062723c751e8b465ee728b)  -> (artifact id: '2df37819534ee170451bb8c0e4f07bb8') in 0.030581 seconds 
========================================================================
Received Import Request.
  Time since last request: 0.000029 seconds.
  path: Assets/CardGameUIEffects/Assets/Animations/Cards/Headbutt_24.png
  artifactKey: Guid(f840acde4692e4c4e906cb5fc7f9351f) Importer(815301076,1909f56bfc062723c751e8b465ee728b)
Start importing Assets/CardGameUIEffects/Assets/Animations/Cards/Headbutt_24.png using Guid(f840acde4692e4c4e906cb5fc7f9351f) Importer(815301076,1909f56bfc062723c751e8b465ee728b)  -> (artifact id: '3c7ce6d250b3537d25f2fb804f39dd06') in 0.054300 seconds 
========================================================================
Received Import Request.
  Time since last request: 0.000034 seconds.
  path: Packages/com.unity.purchasing/Icons/LinkWhite.png
  artifactKey: Guid(e679a29ca22bc4fa0bd848bd79a42b79) Importer(815301076,1909f56bfc062723c751e8b465ee728b)
Start importing Packages/com.unity.purchasing/Icons/LinkWhite.png using Guid(e679a29ca22bc4fa0bd848bd79a42b79) Importer(815301076,1909f56bfc062723c751e8b465ee728b)  -> (artifact id: 'b2c94bc20e0eb04de18ed653f87e6d90') in 0.013087 seconds 
========================================================================
Received Import Request.
  Time since last request: 0.000033 seconds.
  path: Assets/Sprites/Cards/logo_Piercing.png
  artifactKey: Guid(e92651f944b956743aa46aad357bb484) Importer(815301076,1909f56bfc062723c751e8b465ee728b)
Start importing Assets/Sprites/Cards/logo_Piercing.png using Guid(e92651f944b956743aa46aad357bb484) Importer(815301076,1909f56bfc062723c751e8b465ee728b)  -> (artifact id: '22d1673aadb54dd52d0e21349b561b21') in 0.014010 seconds 
========================================================================
Received Import Request.
  Time since last request: 0.000027 seconds.
  path: Assets/CardGameUIEffects/Assets/Animations/Cards/Headbutt_09.png
  artifactKey: Guid(20819400fe3735044aa480109466cd26) Importer(815301076,1909f56bfc062723c751e8b465ee728b)
Start importing Assets/CardGameUIEffects/Assets/Animations/Cards/Headbutt_09.png using Guid(20819400fe3735044aa480109466cd26) Importer(815301076,1909f56bfc062723c751e8b465ee728b)  -> (artifact id: '8cd7d16deade4a917cf6d92c720326c4') in 0.029349 seconds 
========================================================================
Received Import Request.
  Time since last request: 0.000027 seconds.
  path: Assets/Feel/MMTools/Tools/MMVFX/MMBloomDirt/MMBloomDirt4.png
  artifactKey: Guid(c24966fa1ab8c204386b20706d166d8d) Importer(815301076,1909f56bfc062723c751e8b465ee728b)
Start importing Assets/Feel/MMTools/Tools/MMVFX/MMBloomDirt/MMBloomDirt4.png using Guid(c24966fa1ab8c204386b20706d166d8d) Importer(815301076,1909f56bfc062723c751e8b465ee728b)  -> (artifact id: 'ea757a241ebd3c7eecc14e627b67d1f0') in 0.027851 seconds 
========================================================================
Received Import Request.
  Time since last request: 0.000044 seconds.
  path: Assets/Feel/MMTools/Tools/MMVFX/MMNoise/MMBlueNoise.png
  artifactKey: Guid(c1275323e6f00d240970de428ca9fe70) Importer(815301076,1909f56bfc062723c751e8b465ee728b)
Start importing Assets/Feel/MMTools/Tools/MMVFX/MMNoise/MMBlueNoise.png using Guid(c1275323e6f00d240970de428ca9fe70) Importer(815301076,1909f56bfc062723c751e8b465ee728b)  -> (artifact id: '509d4873190d6009ca6b7f61e72b3015') in 0.017372 seconds 
========================================================================
Received Import Request.
  Time since last request: 0.000035 seconds.
  path: Assets/CardGameUIEffects/Assets/Animations/Characters/GoodEgg/GoodEgg_21.png
  artifactKey: Guid(45247956cb720e146be17acc614c68dd) Importer(815301076,1909f56bfc062723c751e8b465ee728b)
Start importing Assets/CardGameUIEffects/Assets/Animations/Characters/GoodEgg/GoodEgg_21.png using Guid(45247956cb720e146be17acc614c68dd) Importer(815301076,1909f56bfc062723c751e8b465ee728b)  -> (artifact id: 'd0f033846aaf2de67ddc68e6f38c44ad') in 0.027958 seconds 
========================================================================
Received Import Request.
  Time since last request: 0.000028 seconds.
  path: Assets/CardGameUIEffects/Assets/Animations/Characters/GoodEgg/GoodEgg_19.png
  artifactKey: Guid(72307ba98b83de74a8d4de67d3af8798) Importer(815301076,1909f56bfc062723c751e8b465ee728b)
Start importing Assets/CardGameUIEffects/Assets/Animations/Characters/GoodEgg/GoodEgg_19.png using Guid(72307ba98b83de74a8d4de67d3af8798) Importer(815301076,1909f56bfc062723c751e8b465ee728b)  -> (artifact id: 'fbd6503d41ffeb93251d092f6dce0e19') in 0.023810 seconds 
========================================================================
Received Import Request.
  Time since last request: 0.000029 seconds.
  path: Assets/CardGameUIEffects/Assets/Animations/Characters/GoodEgg/GoodEgg_09.png
  artifactKey: Guid(999d6306ef59a1545bc2d0c4d9aebbcd) Importer(815301076,1909f56bfc062723c751e8b465ee728b)
Start importing Assets/CardGameUIEffects/Assets/Animations/Characters/GoodEgg/GoodEgg_09.png using Guid(999d6306ef59a1545bc2d0c4d9aebbcd) Importer(815301076,1909f56bfc062723c751e8b465ee728b)  -> (artifact id: '5791f83da6852d9f37c22619e8044ed9') in 0.030943 seconds 
========================================================================
Received Import Request.
  Time since last request: 0.000041 seconds.
  path: Assets/CreatureCards/creature_bg/57.png
  artifactKey: Guid(38b0fa2f834cb474796432a4d3cc663a) Importer(815301076,1909f56bfc062723c751e8b465ee728b)
Start importing Assets/CreatureCards/creature_bg/57.png using Guid(38b0fa2f834cb474796432a4d3cc663a) Importer(815301076,1909f56bfc062723c751e8b465ee728b)  -> (artifact id: '817c2fee3cb6fb99c96560dadf0f2010') in 0.233796 seconds 
========================================================================
Received Import Request.
  Time since last request: 0.000034 seconds.
  path: Assets/Feel/MMTools/Tools/MMVFX/MMBloomDirt/MMBloomDirt3.png
  artifactKey: Guid(0448ffbb2d259c74496e9252af0411b6) Importer(815301076,1909f56bfc062723c751e8b465ee728b)
Start importing Assets/Feel/MMTools/Tools/MMVFX/MMBloomDirt/MMBloomDirt3.png using Guid(0448ffbb2d259c74496e9252af0411b6) Importer(815301076,1909f56bfc062723c751e8b465ee728b)  -> (artifact id: '87c1b429540f5ed3ed01d7d8f861a376') in 0.022948 seconds 
========================================================================
Received Import Request.
  Time since last request: 0.000026 seconds.
  path: Assets/Sprites/Cards/image_frame.png
  artifactKey: Guid(be0f6d7767f14e9469a66d245e38efe3) Importer(815301076,1909f56bfc062723c751e8b465ee728b)
Start importing Assets/Sprites/Cards/image_frame.png using Guid(be0f6d7767f14e9469a66d245e38efe3) Importer(815301076,1909f56bfc062723c751e8b465ee728b)  -> (artifact id: '682dc29a1ced7dddaa9598cc21b663d1') in 0.021535 seconds 
========================================================================
Received Import Request.
  Time since last request: 0.000025 seconds.
  path: Assets/CreatureCards/creature_transparent/62.png
  artifactKey: Guid(865db50d9d279ff40af3e8ee1087fd19) Importer(815301076,1909f56bfc062723c751e8b465ee728b)
Start importing Assets/CreatureCards/creature_transparent/62.png using Guid(865db50d9d279ff40af3e8ee1087fd19) Importer(815301076,1909f56bfc062723c751e8b465ee728b)  -> (artifact id: '1dcbe803a5d3b431f8155ad62d088262') in 0.235970 seconds 
========================================================================
Received Import Request.
  Time since last request: 0.000039 seconds.
  path: Assets/Sprites/Cards/logo_fire.png
  artifactKey: Guid(c13a57f9ff95a9a4b8a33ce0d4a83f2a) Importer(815301076,1909f56bfc062723c751e8b465ee728b)
Start importing Assets/Sprites/Cards/logo_fire.png using Guid(c13a57f9ff95a9a4b8a33ce0d4a83f2a) Importer(815301076,1909f56bfc062723c751e8b465ee728b)  -> (artifact id: '829056ecf887bbb6d4329a0303430e49') in 0.049303 seconds 
========================================================================
Received Import Request.
  Time since last request: 0.000059 seconds.
  path: Assets/CardGameUIEffects/Assets/Animations/Cards/Headbutt_22.png
  artifactKey: Guid(666ede2f9ddda1c438d842a2b5e0ba5f) Importer(815301076,1909f56bfc062723c751e8b465ee728b)
Start importing Assets/CardGameUIEffects/Assets/Animations/Cards/Headbutt_22.png using Guid(666ede2f9ddda1c438d842a2b5e0ba5f) Importer(815301076,1909f56bfc062723c751e8b465ee728b)  -> (artifact id: 'f8015d580656aab73f439fd8c92d9d6a') in 0.040979 seconds 
========================================================================
Received Import Request.
  Time since last request: 0.000035 seconds.
  path: Assets/Feel/MMTools/Tools/MMVFX/MMNoise/MMCellNoise.png
  artifactKey: Guid(6415e4b059f8ca249ad6c1c205f2330e) Importer(815301076,1909f56bfc062723c751e8b465ee728b)
Start importing Assets/Feel/MMTools/Tools/MMVFX/MMNoise/MMCellNoise.png using Guid(6415e4b059f8ca249ad6c1c205f2330e) Importer(815301076,1909f56bfc062723c751e8b465ee728b)  -> (artifact id: '02150208d92ee56be93df614cfbe3ce5') in 0.016466 seconds 
========================================================================
Received Import Request.
  Time since last request: 0.000023 seconds.
  path: Assets/CreatureCards/creature_transparent/59.png
  artifactKey: Guid(7c7c1d59f3c3a2b43b997a1f0854aec8) Importer(815301076,1909f56bfc062723c751e8b465ee728b)
Start importing Assets/CreatureCards/creature_transparent/59.png using Guid(7c7c1d59f3c3a2b43b997a1f0854aec8) Importer(815301076,1909f56bfc062723c751e8b465ee728b)  -> (artifact id: 'f784105425ba603f7a20e1a9f738bf0b') in 0.178942 seconds 
========================================================================
Received Import Request.
  Time since last request: 0.000062 seconds.
  path: Assets/Sprites/UI/Menu_bar.png
  artifactKey: Guid(b8654ff01efb08f40a21355775d5fa02) Importer(815301076,1909f56bfc062723c751e8b465ee728b)
Start importing Assets/Sprites/UI/Menu_bar.png using Guid(b8654ff01efb08f40a21355775d5fa02) Importer(815301076,1909f56bfc062723c751e8b465ee728b)  -> (artifact id: 'a493549666d0ec458bc2acd527b1cac3') in 0.030906 seconds 
========================================================================
Received Import Request.
  Time since last request: 0.000031 seconds.
  path: Assets/CardGameUIEffects/Assets/Animations/Characters/GoodEgg/GoodEgg_11.png
  artifactKey: Guid(0aef5df619ce60649aa7cb806ae7375f) Importer(815301076,1909f56bfc062723c751e8b465ee728b)
Start importing Assets/CardGameUIEffects/Assets/Animations/Characters/GoodEgg/GoodEgg_11.png using Guid(0aef5df619ce60649aa7cb806ae7375f) Importer(815301076,1909f56bfc062723c751e8b465ee728b)  -> (artifact id: '06300cfe4238a799d39fff519c2402fa') in 0.021908 seconds 
========================================================================
Received Import Request.
  Time since last request: 0.000027 seconds.
  path: Assets/Feel/MMTools/Tools/MMVFX/MMBrushes/MMBrush4.png
  artifactKey: Guid(58d4ed86ac16c7e4eb26fd09e09f3d27) Importer(815301076,1909f56bfc062723c751e8b465ee728b)
Start importing Assets/Feel/MMTools/Tools/MMVFX/MMBrushes/MMBrush4.png using Guid(58d4ed86ac16c7e4eb26fd09e09f3d27) Importer(815301076,1909f56bfc062723c751e8b465ee728b)  -> (artifact id: 'ccb0e3b005fc415a7f8f13d98bc12092') in 0.014975 seconds 
========================================================================
Received Import Request.
  Time since last request: 0.000031 seconds.
  path: Assets/CreatureCards/creature_transparent/57.png
  artifactKey: Guid(a34f53ca3df339d47b687a51608e5cf9) Importer(815301076,1909f56bfc062723c751e8b465ee728b)
Start importing Assets/CreatureCards/creature_transparent/57.png using Guid(a34f53ca3df339d47b687a51608e5cf9) Importer(815301076,1909f56bfc062723c751e8b465ee728b)  -> (artifact id: 'd4bdd2c4f4869933a7aa802c42f78e5a') in 0.173594 seconds 
========================================================================
Received Import Request.
  Time since last request: 0.000030 seconds.
  path: Assets/CreatureCards/creature_transparent/61.png
  artifactKey: Guid(a08b2945b3432b54697c402c74f4067c) Importer(815301076,1909f56bfc062723c751e8b465ee728b)
Start importing Assets/CreatureCards/creature_transparent/61.png using Guid(a08b2945b3432b54697c402c74f4067c) Importer(815301076,1909f56bfc062723c751e8b465ee728b)  -> (artifact id: 'b3a03dafaab88b01012dd3b58f9bbb84') in 0.257707 seconds 
========================================================================
Received Import Request.
  Time since last request: 0.000032 seconds.
  path: Assets/CreatureCards/creature_transparent/53.png
  artifactKey: Guid(bc398a9319b72a3418b2134d781a5fd1) Importer(815301076,1909f56bfc062723c751e8b465ee728b)
Start importing Assets/CreatureCards/creature_transparent/53.png using Guid(bc398a9319b72a3418b2134d781a5fd1) Importer(815301076,1909f56bfc062723c751e8b465ee728b)  -> (artifact id: '0a1380a1b5bafe9f54dc7b9b56485547') in 0.204310 seconds 
========================================================================
Received Import Request.
  Time since last request: 0.000024 seconds.
  path: Assets/Feel/MMTools/Tools/MMGUI/Sprites/MMFaderRoundMask.png
  artifactKey: Guid(47332880f10dee4429534303790a8399) Importer(815301076,1909f56bfc062723c751e8b465ee728b)
Start importing Assets/Feel/MMTools/Tools/MMGUI/Sprites/MMFaderRoundMask.png using Guid(47332880f10dee4429534303790a8399) Importer(815301076,1909f56bfc062723c751e8b465ee728b)  -> (artifact id: '8ae70f99e424822441039079b638feed') in 0.060839 seconds 
========================================================================
Received Import Request.
  Time since last request: 0.000055 seconds.
  path: Assets/Fonts/Montserrat/Montserrat-BoldItalic.ttf
  artifactKey: Guid(22e3a9ed96369454b8134e47cdec0f1e) Importer(815301076,1909f56bfc062723c751e8b465ee728b)
Start importing Assets/Fonts/Montserrat/Montserrat-BoldItalic.ttf using Guid(22e3a9ed96369454b8134e47cdec0f1e) Importer(815301076,1909f56bfc062723c751e8b465ee728b)  -> (artifact id: '7506824b04d6a8a7320322f7c67a5ed5') in 0.070543 seconds 
========================================================================
Received Import Request.
  Time since last request: 0.000056 seconds.
  path: Assets/Feel/MMTools/Tools/MMVFX/MMNoise/MMFlowNoise.png
  artifactKey: Guid(5c2ab7cb954a3974c8a19f8c9c6f6fdc) Importer(815301076,1909f56bfc062723c751e8b465ee728b)
Start importing Assets/Feel/MMTools/Tools/MMVFX/MMNoise/MMFlowNoise.png using Guid(5c2ab7cb954a3974c8a19f8c9c6f6fdc) Importer(815301076,1909f56bfc062723c751e8b465ee728b)  -> (artifact id: '0cae13956b5a234deea48fa82306df0e') in 0.013715 seconds 
========================================================================
Received Import Request.
  Time since last request: 0.000027 seconds.
  path: Assets/CardGameUIEffects/Assets/Animations/Cards/Headbutt_20.png
  artifactKey: Guid(7f55e58534d84d441927e9dfcae64400) Importer(815301076,1909f56bfc062723c751e8b465ee728b)
Start importing Assets/CardGameUIEffects/Assets/Animations/Cards/Headbutt_20.png using Guid(7f55e58534d84d441927e9dfcae64400) Importer(815301076,1909f56bfc062723c751e8b465ee728b)  -> (artifact id: '68fe97e01516156a254442f52c116b54') in 0.050952 seconds 
========================================================================
Received Import Request.
  Time since last request: 0.000042 seconds.
  path: Assets/2D_Background_SunshineForest/2D_Horizontal_battle_Enviroment_05/4096_2160/Image/layer2.png
  artifactKey: Guid(9f298a71d05d23546abbf4e952ce8199) Importer(815301076,1909f56bfc062723c751e8b465ee728b)
Start importing Assets/2D_Background_SunshineForest/2D_Horizontal_battle_Enviroment_05/4096_2160/Image/layer2.png using Guid(9f298a71d05d23546abbf4e952ce8199) Importer(815301076,1909f56bfc062723c751e8b465ee728b)  -> (artifact id: 'b30c690e8656bf7366f02835dd7c0681') in 0.207362 seconds 
========================================================================
Received Import Request.
  Time since last request: 0.000030 seconds.
  path: Assets/CardGameUIEffects/Assets/Animations/Cards/Headbutt_06.png
  artifactKey: Guid(4040a9a05ecbfb648bb2168ff5fc364b) Importer(815301076,1909f56bfc062723c751e8b465ee728b)
Start importing Assets/CardGameUIEffects/Assets/Animations/Cards/Headbutt_06.png using Guid(4040a9a05ecbfb648bb2168ff5fc364b) Importer(815301076,1909f56bfc062723c751e8b465ee728b)  -> (artifact id: '687950b193c0e179a194e36b787aa0a7') in 0.050390 seconds 
========================================================================
Received Import Request.
  Time since last request: 0.000064 seconds.
  path: Packages/com.unity.purchasing/Icons/LinkBlack.png
  artifactKey: Guid(33d3dd2c39dfd49a3b2d36b20225624a) Importer(815301076,1909f56bfc062723c751e8b465ee728b)
Start importing Packages/com.unity.purchasing/Icons/LinkBlack.png using Guid(33d3dd2c39dfd49a3b2d36b20225624a) Importer(815301076,1909f56bfc062723c751e8b465ee728b)  -> (artifact id: 'db28a7c3a1d99e402d50a4e1a936767a') in 0.040058 seconds 
========================================================================
Received Import Request.
  Time since last request: 0.000030 seconds.
  path: Assets/CreatureCards/creature_bg/50.png
  artifactKey: Guid(82d3ee9f76a98b249b0a9ddc7224fe9d) Importer(815301076,1909f56bfc062723c751e8b465ee728b)
Start importing Assets/CreatureCards/creature_bg/50.png using Guid(82d3ee9f76a98b249b0a9ddc7224fe9d) Importer(815301076,1909f56bfc062723c751e8b465ee728b)  -> (artifact id: '5cb190119a8a218a40c358c90f4dfe13') in 0.231580 seconds 
========================================================================
Received Import Request.
  Time since last request: 0.000022 seconds.
  path: Assets/2D_Background_SunshineForest/2D_Horizontal_battle_Enviroment_05/2436_1125/Image/layer0.png
  artifactKey: Guid(34205f7a8ffff12418d171f633aa2311) Importer(815301076,1909f56bfc062723c751e8b465ee728b)
Start importing Assets/2D_Background_SunshineForest/2D_Horizontal_battle_Enviroment_05/2436_1125/Image/layer0.png using Guid(34205f7a8ffff12418d171f633aa2311) Importer(815301076,1909f56bfc062723c751e8b465ee728b)  -> (artifact id: '63897d2dd26e96381ceace01d669945b') in 0.073306 seconds 
========================================================================
Received Import Request.
  Time since last request: 0.000038 seconds.
  path: Assets/CreatureCards/creature_transparent/83.png
  artifactKey: Guid(290c7ef2838058e4cb1bf0e1632593c8) Importer(815301076,1909f56bfc062723c751e8b465ee728b)
Start importing Assets/CreatureCards/creature_transparent/83.png using Guid(290c7ef2838058e4cb1bf0e1632593c8) Importer(815301076,1909f56bfc062723c751e8b465ee728b)  -> (artifact id: 'c9ca24df2db39c9e4a41fbcc9f9ba8e6') in 0.167439 seconds 
========================================================================
Received Import Request.
  Time since last request: 0.000025 seconds.
  path: Assets/CardGameUIEffects/Assets/Animations/Cards/Headbutt_18.png
  artifactKey: Guid(056acbf3bf14bd948bc0a379e2cce8ab) Importer(815301076,1909f56bfc062723c751e8b465ee728b)
Start importing Assets/CardGameUIEffects/Assets/Animations/Cards/Headbutt_18.png using Guid(056acbf3bf14bd948bc0a379e2cce8ab) Importer(815301076,1909f56bfc062723c751e8b465ee728b)  -> (artifact id: '5310dfb945e433312244a339d570bf1e') in 0.051990 seconds 
========================================================================
Received Import Request.
  Time since last request: 0.000030 seconds.
  path: Assets/Feel/MMTools/Tools/MMSceneLoading/Sprites/LoadingProgressBar.png
  artifactKey: Guid(553f615332baa0d4a842d5600f824551) Importer(815301076,1909f56bfc062723c751e8b465ee728b)
Start importing Assets/Feel/MMTools/Tools/MMSceneLoading/Sprites/LoadingProgressBar.png using Guid(553f615332baa0d4a842d5600f824551) Importer(815301076,1909f56bfc062723c751e8b465ee728b)  -> (artifact id: '7886ca7e883902ca917b21801a46a379') in 0.079036 seconds 
========================================================================
Received Import Request.
  Time since last request: 0.000028 seconds.
  path: Assets/CardGameUIEffects/Assets/Animations/Cards/Headbutt_04.png
  artifactKey: Guid(cbb6af6efb8f8c448ba095e338695543) Importer(815301076,1909f56bfc062723c751e8b465ee728b)
Start importing Assets/CardGameUIEffects/Assets/Animations/Cards/Headbutt_04.png using Guid(cbb6af6efb8f8c448ba095e338695543) Importer(815301076,1909f56bfc062723c751e8b465ee728b)  -> (artifact id: 'f432cac336abfa34fdaba326311ceef0') in 0.041307 seconds 
========================================================================
Received Import Request.
  Time since last request: 0.000018 seconds.
  path: Assets/CreatureCards/creature_transparent/76.png
  artifactKey: Guid(bc95453b835992d4b9dbc8b126dbc8da) Importer(815301076,1909f56bfc062723c751e8b465ee728b)
Start importing Assets/CreatureCards/creature_transparent/76.png using Guid(bc95453b835992d4b9dbc8b126dbc8da) Importer(815301076,1909f56bfc062723c751e8b465ee728b)  -> (artifact id: '80f99cc56ebdf2d8409647d866b556d0') in 0.167446 seconds 
========================================================================
Received Import Request.
  Time since last request: 0.000056 seconds.
  path: Assets/Feel/MMTools/Tools/MMVFX/MMParticles/MMParticlesStar.png
  artifactKey: Guid(00f22d9f2016ae748a57e4777184eba6) Importer(815301076,1909f56bfc062723c751e8b465ee728b)
Start importing Assets/Feel/MMTools/Tools/MMVFX/MMParticles/MMParticlesStar.png using Guid(00f22d9f2016ae748a57e4777184eba6) Importer(815301076,1909f56bfc062723c751e8b465ee728b)  -> (artifact id: 'f71f728068e66f37ff1afab2b674be07') in 0.046939 seconds 
========================================================================
Received Import Request.
  Time since last request: 0.000103 seconds.
  path: Assets/Feel/MMTools/Tools/MMVFX/MMNoise/MMPerlinNoise.png
  artifactKey: Guid(ce8f07304188aca4aa8f7b1c422c92b1) Importer(815301076,1909f56bfc062723c751e8b465ee728b)
Start importing Assets/Feel/MMTools/Tools/MMVFX/MMNoise/MMPerlinNoise.png using Guid(ce8f07304188aca4aa8f7b1c422c92b1) Importer(815301076,1909f56bfc062723c751e8b465ee728b)  -> (artifact id: '7c93942b259b3b15acd494315d976986') in 0.016742 seconds 
========================================================================
Received Import Request.
  Time since last request: 0.000039 seconds.
  path: Assets/Feel/MMTools/Tools/MMPrototypeTextures/Textures/MMProtoTextures/MMProtoTextures_GreenCrosses.png
  artifactKey: Guid(a6f79153eaeaf214e9259d50f28e637f) Importer(815301076,1909f56bfc062723c751e8b465ee728b)
Start importing Assets/Feel/MMTools/Tools/MMPrototypeTextures/Textures/MMProtoTextures/MMProtoTextures_GreenCrosses.png using Guid(a6f79153eaeaf214e9259d50f28e637f) Importer(815301076,1909f56bfc062723c751e8b465ee728b)  -> (artifact id: '1635e4d94f18b5fa63920450a477d551') in 0.018007 seconds 
========================================================================
Received Import Request.
  Time since last request: 0.000108 seconds.
  path: Assets/Feel/MMTools/Tools/MMPrototypeTextures/Textures/MMProtoTextures/MMProtoTextures_DarkGreyCrosses.png
  artifactKey: Guid(4113553176e622441936eaf5a3cfd2ae) Importer(815301076,1909f56bfc062723c751e8b465ee728b)
Start importing Assets/Feel/MMTools/Tools/MMPrototypeTextures/Textures/MMProtoTextures/MMProtoTextures_DarkGreyCrosses.png using Guid(4113553176e622441936eaf5a3cfd2ae) Importer(815301076,1909f56bfc062723c751e8b465ee728b)  -> (artifact id: '53ba87a4f4add8b51707cd5f79fc28c1') in 0.034629 seconds 
========================================================================
Received Import Request.
  Time since last request: 0.000032 seconds.
  path: Assets/Feel/MMTools/Tools/MMPrototypeTextures/Textures/MMProtoTextures/MMProtoTextures_BlueCrosses.png
  artifactKey: Guid(3940f67cfdf57d642894f21532af98e6) Importer(815301076,1909f56bfc062723c751e8b465ee728b)
Start importing Assets/Feel/MMTools/Tools/MMPrototypeTextures/Textures/MMProtoTextures/MMProtoTextures_BlueCrosses.png using Guid(3940f67cfdf57d642894f21532af98e6) Importer(815301076,1909f56bfc062723c751e8b465ee728b)  -> (artifact id: '1aa6c2b5ce9a06f0579bf32b67fe2723') in 0.016766 seconds 
========================================================================
Received Import Request.
  Time since last request: 0.000045 seconds.
  path: Assets/CreatureCards/creature_transparent/44.png
  artifactKey: Guid(6cde887d88880fc418ac513571adb1ec) Importer(815301076,1909f56bfc062723c751e8b465ee728b)
Start importing Assets/CreatureCards/creature_transparent/44.png using Guid(6cde887d88880fc418ac513571adb1ec) Importer(815301076,1909f56bfc062723c751e8b465ee728b)  -> (artifact id: '872afc3feba89768bd6d9aba47cd6d34') in 0.246417 seconds 
========================================================================
Received Import Request.
  Time since last request: 0.000056 seconds.
  path: Assets/CreatureCards/creature_bg/58.png
  artifactKey: Guid(cc9dafdbf61a22a42926511f7e5a3587) Importer(815301076,1909f56bfc062723c751e8b465ee728b)
Start importing Assets/CreatureCards/creature_bg/58.png using Guid(cc9dafdbf61a22a42926511f7e5a3587) Importer(815301076,1909f56bfc062723c751e8b465ee728b)  -> (artifact id: '41c91eee433a9f3af7a679f69f02543b') in 0.257138 seconds 
========================================================================
Received Import Request.
  Time since last request: 0.000044 seconds.
  path: Assets/Feel/MMTools/Tools/MMPrototypeTextures/Textures/MMPlastic/MMPlasticMetal.png
  artifactKey: Guid(7e415b31b4facd24eae9598bb7644813) Importer(815301076,1909f56bfc062723c751e8b465ee728b)
Start importing Assets/Feel/MMTools/Tools/MMPrototypeTextures/Textures/MMPlastic/MMPlasticMetal.png using Guid(7e415b31b4facd24eae9598bb7644813) Importer(815301076,1909f56bfc062723c751e8b465ee728b)  -> (artifact id: '4eb9dbaa6499c2554bae5a93d74a84a6') in 0.028223 seconds 
========================================================================
Received Import Request.
  Time since last request: 0.000026 seconds.
  path: Assets/Feel/MMTools/Tools/MMVFX/MMParticles/MMParticlesWhirlwind.png
  artifactKey: Guid(77fbd9fa5542ff04f80886780072ea6c) Importer(815301076,1909f56bfc062723c751e8b465ee728b)
Start importing Assets/Feel/MMTools/Tools/MMVFX/MMParticles/MMParticlesWhirlwind.png using Guid(77fbd9fa5542ff04f80886780072ea6c) Importer(815301076,1909f56bfc062723c751e8b465ee728b)  -> (artifact id: 'd53569ec1c90601611cd11ecf2614265') in 0.032942 seconds 
========================================================================
Received Import Request.
  Time since last request: 0.000021 seconds.
  path: Assets/Feel/MMTools/Tools/MMPrototypeTextures/Textures/MMProtoTextures/MMProtoTextures_DarkGreySquares.png
  artifactKey: Guid(296c95127ab0eee40b334cc33b1bc479) Importer(815301076,1909f56bfc062723c751e8b465ee728b)
Start importing Assets/Feel/MMTools/Tools/MMPrototypeTextures/Textures/MMProtoTextures/MMProtoTextures_DarkGreySquares.png using Guid(296c95127ab0eee40b334cc33b1bc479) Importer(815301076,1909f56bfc062723c751e8b465ee728b)  -> (artifact id: 'd6ec7cce310584c9e2b5aecef1e98ca8') in 0.014964 seconds 
========================================================================
Received Import Request.
  Time since last request: 0.000034 seconds.
  path: Assets/CardGameUIEffects/Assets/Animations/Cards/Headbutt_05.png
  artifactKey: Guid(50272f00ef6761c4ba17f5c07dae9e72) Importer(815301076,1909f56bfc062723c751e8b465ee728b)
Start importing Assets/CardGameUIEffects/Assets/Animations/Cards/Headbutt_05.png using Guid(50272f00ef6761c4ba17f5c07dae9e72) Importer(815301076,1909f56bfc062723c751e8b465ee728b)  -> (artifact id: '6b42b14b87afaa974f54b1d5fdc19aba') in 0.075052 seconds 
========================================================================
Received Import Request.
  Time since last request: 0.000052 seconds.
  path: Assets/Feel/MMTools/Tools/MMVFX/MMNoise/MMBayerNoise.png
  artifactKey: Guid(0f0e0708166913e448eb6195f7e96bdd) Importer(815301076,1909f56bfc062723c751e8b465ee728b)
Start importing Assets/Feel/MMTools/Tools/MMVFX/MMNoise/MMBayerNoise.png using Guid(0f0e0708166913e448eb6195f7e96bdd) Importer(815301076,1909f56bfc062723c751e8b465ee728b)  -> (artifact id: '5aa4651ad3222781465103051cd7a11e') in 0.014864 seconds 
========================================================================
Received Import Request.
  Time since last request: 0.000023 seconds.
  path: Assets/CardGameUIEffects/Assets/Textures/Cards/HeadButtCard.png
  artifactKey: Guid(b3f338481e71b244fa2c3686195c2eb2) Importer(815301076,1909f56bfc062723c751e8b465ee728b)
Start importing Assets/CardGameUIEffects/Assets/Textures/Cards/HeadButtCard.png using Guid(b3f338481e71b244fa2c3686195c2eb2) Importer(815301076,1909f56bfc062723c751e8b465ee728b)  -> (artifact id: 'f3178cf0b8b9196b5fa33b9fb17e7539') in 0.044860 seconds 
========================================================================
Received Import Request.
  Time since last request: 0.000025 seconds.
  path: Assets/CreatureCards/creature_transparent/39.png
  artifactKey: Guid(3931b2d761524aa4eb47eb650420a345) Importer(815301076,1909f56bfc062723c751e8b465ee728b)
Start importing Assets/CreatureCards/creature_transparent/39.png using Guid(3931b2d761524aa4eb47eb650420a345) Importer(815301076,1909f56bfc062723c751e8b465ee728b)  -> (artifact id: '3c9bdb028b11afd2cf93e0a1c5d05602') in 0.253382 seconds 
========================================================================
Received Import Request.
  Time since last request: 0.000063 seconds.
  path: Assets/Feel/MMTools/Tools/MMVFX/MMParticles/MMParticlesBolt.png
  artifactKey: Guid(4b2f59655d77fdd40bca0d6809adad81) Importer(815301076,1909f56bfc062723c751e8b465ee728b)
Start importing Assets/Feel/MMTools/Tools/MMVFX/MMParticles/MMParticlesBolt.png using Guid(4b2f59655d77fdd40bca0d6809adad81) Importer(815301076,1909f56bfc062723c751e8b465ee728b)  -> (artifact id: '1f23f0f516a62a366b5379e476c40a23') in 0.018957 seconds 
========================================================================
Received Import Request.
  Time since last request: 0.000048 seconds.
  path: Assets/CreatureCards/creature_bg/76.png
  artifactKey: Guid(e172ddfaccec23144a18fed83a428399) Importer(815301076,1909f56bfc062723c751e8b465ee728b)
Start importing Assets/CreatureCards/creature_bg/76.png using Guid(e172ddfaccec23144a18fed83a428399) Importer(815301076,1909f56bfc062723c751e8b465ee728b)  -> (artifact id: 'cfaedff3d8dedca04f57988c32da1453') in 0.253111 seconds 
========================================================================
Received Import Request.
  Time since last request: 0.000033 seconds.
  path: Assets/Feel/MMTools/Tools/MMVFX/MMRamps/MMRamp2.png
  artifactKey: Guid(34b4cd3e51e31a0408ff86e5c9f7568a) Importer(815301076,1909f56bfc062723c751e8b465ee728b)
Start importing Assets/Feel/MMTools/Tools/MMVFX/MMRamps/MMRamp2.png using Guid(34b4cd3e51e31a0408ff86e5c9f7568a) Importer(815301076,1909f56bfc062723c751e8b465ee728b)  -> (artifact id: 'ff1f0a47fce8fefb61250100eaa481ac') in 0.025208 seconds 
========================================================================
Received Import Request.
  Time since last request: 0.000059 seconds.
  path: Assets/Feel/MMTools/Tools/MMVFX/MMRamps/MMRamp7.png
  artifactKey: Guid(5f57c110c89ccd542abda3719c5818ae) Importer(815301076,1909f56bfc062723c751e8b465ee728b)
Start importing Assets/Feel/MMTools/Tools/MMVFX/MMRamps/MMRamp7.png using Guid(5f57c110c89ccd542abda3719c5818ae) Importer(815301076,1909f56bfc062723c751e8b465ee728b)  -> (artifact id: '606db2c7d1e6f4d872cf01d289018603') in 0.016275 seconds 
========================================================================
Received Import Request.
  Time since last request: 0.000037 seconds.
  path: Assets/Feel/MMTools/Tools/MMVFX/MMRamps/MMRamp4.png
  artifactKey: Guid(fd68bdcc37e59784a83e37ec1c26d400) Importer(815301076,1909f56bfc062723c751e8b465ee728b)
Start importing Assets/Feel/MMTools/Tools/MMVFX/MMRamps/MMRamp4.png using Guid(fd68bdcc37e59784a83e37ec1c26d400) Importer(815301076,1909f56bfc062723c751e8b465ee728b)  -> (artifact id: 'f7b4fab6738cb57a9c67b9ad4c743f99') in 0.014196 seconds 
========================================================================
Received Import Request.
  Time since last request: 0.000050 seconds.
  path: Assets/CreatureCards/creature_bg/65.png
  artifactKey: Guid(55d86c56a4c80204eb8ae0c95e3837ca) Importer(815301076,1909f56bfc062723c751e8b465ee728b)
Start importing Assets/CreatureCards/creature_bg/65.png using Guid(55d86c56a4c80204eb8ae0c95e3837ca) Importer(815301076,1909f56bfc062723c751e8b465ee728b)  -> (artifact id: 'd23727c12621d2b039f4a8a761bf2828') in 0.284553 seconds 
========================================================================
Received Import Request.
  Time since last request: 0.000032 seconds.
  path: Assets/Feel/MMTools/Tools/MMVFX/MMRipple/MMRippleCircle2NM.png
  artifactKey: Guid(25b0ed6a11cf3824a8b13811a1420451) Importer(815301076,1909f56bfc062723c751e8b465ee728b)
Start importing Assets/Feel/MMTools/Tools/MMVFX/MMRipple/MMRippleCircle2NM.png using Guid(25b0ed6a11cf3824a8b13811a1420451) Importer(815301076,1909f56bfc062723c751e8b465ee728b)  -> (artifact id: '8b1a880923f9be665db459668d9482b1') in 0.028621 seconds 
========================================================================
Received Import Request.
  Time since last request: 0.000039 seconds.
  path: Assets/Feel/MMTools/Tools/MMVFX/MMRipple/MMRippleCircle3NM.png
  artifactKey: Guid(9f32f9f1779317340b6f9788fb5f5c25) Importer(815301076,1909f56bfc062723c751e8b465ee728b)
Start importing Assets/Feel/MMTools/Tools/MMVFX/MMRipple/MMRippleCircle3NM.png using Guid(9f32f9f1779317340b6f9788fb5f5c25) Importer(815301076,1909f56bfc062723c751e8b465ee728b)  -> (artifact id: 'dbeffe0a203fcd5944a4fb56072a66b9') in 0.015772 seconds 
========================================================================
Received Import Request.
  Time since last request: 0.000028 seconds.
  path: Assets/Feel/MMTools/Tools/MMGUI/Sprites/MMTools_GUI_1x1.png
  artifactKey: Guid(aff4855d499cb7646b344323f4129b58) Importer(815301076,1909f56bfc062723c751e8b465ee728b)
Start importing Assets/Feel/MMTools/Tools/MMGUI/Sprites/MMTools_GUI_1x1.png using Guid(aff4855d499cb7646b344323f4129b58) Importer(815301076,1909f56bfc062723c751e8b465ee728b)  -> (artifact id: '55d28e6fa01b6f4ba7ad68c8374f1ae9') in 0.017116 seconds 
========================================================================
Received Import Request.
  Time since last request: 0.000027 seconds.
  path: Assets/Feel/MMTools/Tools/MMVFX/MMRipple/MMRippleSaw1NM.png
  artifactKey: Guid(c42d019b36d0e95449e2114a78af0458) Importer(815301076,1909f56bfc062723c751e8b465ee728b)
Start importing Assets/Feel/MMTools/Tools/MMVFX/MMRipple/MMRippleSaw1NM.png using Guid(c42d019b36d0e95449e2114a78af0458) Importer(815301076,1909f56bfc062723c751e8b465ee728b)  -> (artifact id: '1f672ad49e0f5dfa99d3ed3d23ea4a82') in 0.016168 seconds 
========================================================================
Received Import Request.
  Time since last request: 0.000034 seconds.
  path: Assets/CreatureCards/creature_bg/64.png
  artifactKey: Guid(672970c001bafd7499ba028c337337b8) Importer(815301076,1909f56bfc062723c751e8b465ee728b)
Start importing Assets/CreatureCards/creature_bg/64.png using Guid(672970c001bafd7499ba028c337337b8) Importer(815301076,1909f56bfc062723c751e8b465ee728b)  -> (artifact id: '02ea53fe8f502639e9501bfc63e87970') in 0.249056 seconds 
========================================================================
Received Import Request.
  Time since last request: 0.000023 seconds.
  path: Assets/Sprites/UI/MainMana.png
  artifactKey: Guid(3ed0e1f38c4c6924dba2b2391ac8b428) Importer(815301076,1909f56bfc062723c751e8b465ee728b)
Start importing Assets/Sprites/UI/MainMana.png using Guid(3ed0e1f38c4c6924dba2b2391ac8b428) Importer(815301076,1909f56bfc062723c751e8b465ee728b)  -> (artifact id: 'fbbf2849296fa5795f3bc88f9b17b386') in 0.024932 seconds 
========================================================================
Received Import Request.
  Time since last request: 0.000053 seconds.
  path: Assets/CreatureCards/creature_bg/83.png
  artifactKey: Guid(f3911ab84de3ae54aa1f18bec14812eb) Importer(815301076,1909f56bfc062723c751e8b465ee728b)
Start importing Assets/CreatureCards/creature_bg/83.png using Guid(f3911ab84de3ae54aa1f18bec14812eb) Importer(815301076,1909f56bfc062723c751e8b465ee728b)  -> (artifact id: 'c9628c43c5067260aca024ed6d81e641') in 0.257216 seconds 
========================================================================
Received Import Request.
  Time since last request: 0.000026 seconds.
  path: Assets/Feel/MMTools/Tools/MMVFX/MMRipple/MMRippleRosace1NM.png
  artifactKey: Guid(3389a4d784f51b246b280b493aebe105) Importer(815301076,1909f56bfc062723c751e8b465ee728b)
Start importing Assets/Feel/MMTools/Tools/MMVFX/MMRipple/MMRippleRosace1NM.png using Guid(3389a4d784f51b246b280b493aebe105) Importer(815301076,1909f56bfc062723c751e8b465ee728b)  -> (artifact id: '5cdbcf1781702eb9229a96702e904d77') in 0.015913 seconds 
========================================================================
Received Import Request.
  Time since last request: 0.000035 seconds.
  path: Assets/CreatureCards/creature_bg/52.png
  artifactKey: Guid(f76fa08ec5afe70489afdb049f95680a) Importer(815301076,1909f56bfc062723c751e8b465ee728b)
Start importing Assets/CreatureCards/creature_bg/52.png using Guid(f76fa08ec5afe70489afdb049f95680a) Importer(815301076,1909f56bfc062723c751e8b465ee728b)  -> (artifact id: 'fe0b4627a4e9ecad678836c37d389908') in 0.304487 seconds 
========================================================================
Received Import Request.
  Time since last request: 0.000029 seconds.
  path: Assets/Feel/MMTools/Tools/MMVFX/MMBrushes/MMBrush1.png
  artifactKey: Guid(bee69e9222e12344bb5a210ca5e5b2c2) Importer(815301076,1909f56bfc062723c751e8b465ee728b)
Start importing Assets/Feel/MMTools/Tools/MMVFX/MMBrushes/MMBrush1.png using Guid(bee69e9222e12344bb5a210ca5e5b2c2) Importer(815301076,1909f56bfc062723c751e8b465ee728b)  -> (artifact id: 'fa69ca41789a73c9f7a5801dc02ad7ff') in 0.028509 seconds 
========================================================================
Received Import Request.
  Time since last request: 0.000040 seconds.
  path: Assets/Feel/MMTools/Tools/MMVFX/MMParticles/MMParticlesGamma.png
  artifactKey: Guid(6f35f0fe92adb174e8a5fbf7b40eeea9) Importer(815301076,1909f56bfc062723c751e8b465ee728b)
Start importing Assets/Feel/MMTools/Tools/MMVFX/MMParticles/MMParticlesGamma.png using Guid(6f35f0fe92adb174e8a5fbf7b40eeea9) Importer(815301076,1909f56bfc062723c751e8b465ee728b)  -> (artifact id: '0ddd3284aa0b90eaea2dae14abab8b41') in 0.032741 seconds 
========================================================================
Received Import Request.
  Time since last request: 0.000028 seconds.
  path: Assets/Feel/MMTools/Tools/MMVFX/MMParticles/MMParticlesFlash.png
  artifactKey: Guid(9f9e4aca8bab2b74aaed6715f75873ef) Importer(815301076,1909f56bfc062723c751e8b465ee728b)
Start importing Assets/Feel/MMTools/Tools/MMVFX/MMParticles/MMParticlesFlash.png using Guid(9f9e4aca8bab2b74aaed6715f75873ef) Importer(815301076,1909f56bfc062723c751e8b465ee728b)  -> (artifact id: '3d1c30ad12aa94b61396b1a608477b14') in 0.016784 seconds 
========================================================================
Received Import Request.
  Time since last request: 0.000027 seconds.
  path: Assets/Feel/MMTools/Tools/MMSceneLoading/Sprites/LoadingAnimation.png
  artifactKey: Guid(9bd9265533309304db171aa9f916554a) Importer(815301076,1909f56bfc062723c751e8b465ee728b)
Start importing Assets/Feel/MMTools/Tools/MMSceneLoading/Sprites/LoadingAnimation.png using Guid(9bd9265533309304db171aa9f916554a) Importer(815301076,1909f56bfc062723c751e8b465ee728b)  -> (artifact id: 'd69bf8a10d3f08b50a8e09877dcaf9ad') in 0.405604 seconds 
========================================================================
Received Import Request.
  Time since last request: 0.000030 seconds.
  path: Packages/com.unity.purchasing/Icons/UnityEngine.Purchasing.IAPButtonIcon.png
  artifactKey: Guid(55e457740fe60405dac77af143e1a867) Importer(815301076,1909f56bfc062723c751e8b465ee728b)
Start importing Packages/com.unity.purchasing/Icons/UnityEngine.Purchasing.IAPButtonIcon.png using Guid(55e457740fe60405dac77af143e1a867) Importer(815301076,1909f56bfc062723c751e8b465ee728b)  -> (artifact id: '1ff6f21fd21e9c0d407f1992bc801445') in 0.012415 seconds 
========================================================================
Received Import Request.
  Time since last request: 0.000058 seconds.
  path: Assets/Feel/MMTools/Tools/MMPrototypeTextures/Textures/MMProtoTextures/MMProtoTextures_DarkGreyFrame.png
  artifactKey: Guid(87cd835267fdf4e47b4c5974e3a3b4fc) Importer(815301076,1909f56bfc062723c751e8b465ee728b)
Start importing Assets/Feel/MMTools/Tools/MMPrototypeTextures/Textures/MMProtoTextures/MMProtoTextures_DarkGreyFrame.png using Guid(87cd835267fdf4e47b4c5974e3a3b4fc) Importer(815301076,1909f56bfc062723c751e8b465ee728b)  -> (artifact id: 'd8ae9a0456aac84012b04d104cebf404') in 0.018333 seconds 
========================================================================
Received Import Request.
  Time since last request: 0.000029 seconds.
  path: Assets/Gizmos/PlayMakerFSM Icon.tiff
  artifactKey: Guid(f728493f9ebb2324d94581b928975c04) Importer(815301076,1909f56bfc062723c751e8b465ee728b)
Start importing Assets/Gizmos/PlayMakerFSM Icon.tiff using Guid(f728493f9ebb2324d94581b928975c04) Importer(815301076,1909f56bfc062723c751e8b465ee728b)  -> (artifact id: 'a8ca4e5b525f1d11df510265de7b5ac5') in 0.015044 seconds 
========================================================================
Received Import Request.
  Time since last request: 0.000022 seconds.
  path: Assets/CreatureCards/creature_transparent/78.png
  artifactKey: Guid(55474b60674b7924bb2ce4ca2ad374b9) Importer(815301076,1909f56bfc062723c751e8b465ee728b)
Start importing Assets/CreatureCards/creature_transparent/78.png using Guid(55474b60674b7924bb2ce4ca2ad374b9) Importer(815301076,1909f56bfc062723c751e8b465ee728b)  -> (artifact id: '8bb4191cea4578fe3f1d57214e8fad6c') in 0.208093 seconds 
Editor requested this worker to shutdown with reason: Scaling down because of idle timeout
AssetImportWorker is now disconnected from the server
Process exiting
Exiting without the bug reporter. Application will terminate with return code 0