Using pre-set license
Built from '2022.1/staging' branch; Version is '2022.1.7f1 (240f4c1f462c) revision 2363212'; Using compiler version '192829333'; Build Type 'Release'
OS: 'Windows 10  (10.0.19044) 64bit Core' Language: 'en' Physical Memory: 16322 MB
BatchMode: 1, IsHumanControllingUs: 0, StartBugReporterOnCrash: 0, Is64bit: 1, IsPro: 1

COMMAND LINE ARGUMENTS:
C:\Program Files\Unity\Hub\Editor\2022.1.7f1\Editor\Unity.exe
-adb2
-batchMode
-noUpm
-name
AssetImportWorker22
-projectPath
C:/Users/minig/Documents/Projects/Turquoise Flavour
-logFile
Logs/AssetImportWorker22.log
-srvPort
58203
Successfully changed project path to: C:/Users/minig/Documents/Projects/Turquoise Flavour
C:/Users/minig/Documents/Projects/Turquoise Flavour
[UnityMemory] Configuration Parameters - Can be set up in boot.config
    "memorysetup-bucket-allocator-granularity=16"
    "memorysetup-bucket-allocator-bucket-count=8"
    "memorysetup-bucket-allocator-block-size=33554432"
    "memorysetup-bucket-allocator-block-count=8"
    "memorysetup-main-allocator-block-size=16777216"
    "memorysetup-thread-allocator-block-size=16777216"
    "memorysetup-gfx-main-allocator-block-size=16777216"
    "memorysetup-gfx-thread-allocator-block-size=16777216"
    "memorysetup-cache-allocator-block-size=4194304"
    "memorysetup-typetree-allocator-block-size=2097152"
    "memorysetup-profiler-bucket-allocator-granularity=16"
    "memorysetup-profiler-bucket-allocator-bucket-count=8"
    "memorysetup-profiler-bucket-allocator-block-size=33554432"
    "memorysetup-profiler-bucket-allocator-block-count=8"
    "memorysetup-profiler-allocator-block-size=16777216"
    "memorysetup-profiler-editor-allocator-block-size=1048576"
    "memorysetup-temp-allocator-size-main=16777216"
    "memorysetup-job-temp-allocator-block-size=2097152"
    "memorysetup-job-temp-allocator-block-size-background=1048576"
    "memorysetup-job-temp-allocator-reduction-small-platforms=262144"
    "memorysetup-temp-allocator-size-background-worker=32768"
    "memorysetup-temp-allocator-size-job-worker=262144"
    "memorysetup-temp-allocator-size-preload-manager=33554432"
    "memorysetup-temp-allocator-size-nav-mesh-worker=65536"
    "memorysetup-temp-allocator-size-audio-worker=65536"
    "memorysetup-temp-allocator-size-cloud-worker=32768"
    "memorysetup-temp-allocator-size-gi-baking-worker=262144"
    "memorysetup-temp-allocator-size-gfx=262144"
Refreshing native plugins compatible for Editor in 86.93 ms, found 2 plugins.
Preloading 0 native plugins for Editor in 0.00 ms.
Initialize engine version: 2022.1.7f1 (240f4c1f462c)
[Subsystems] Discovering subsystems at path C:/Program Files/Unity/Hub/Editor/2022.1.7f1/Editor/Data/Resources/UnitySubsystems
[Subsystems] Discovering subsystems at path C:/Users/minig/Documents/Projects/Turquoise Flavour/Assets
GfxDevice: creating device client; threaded=0; jobified=0
Direct3D:
    Version:  Direct3D 11.0 [level 11.1]
    Renderer: NVIDIA GeForce RTX 2070 (ID=0x1f02)
    Vendor:   NVIDIA
    VRAM:     8031 MB
    Driver:   30.0.15.1215
Shader 'MoreMountains/MMRipple': fallback shader 'Particle/AlphaBlended' not found
Initialize mono
Mono path[0] = 'C:/Program Files/Unity/Hub/Editor/2022.1.7f1/Editor/Data/Managed'
Mono path[1] = 'C:/Program Files/Unity/Hub/Editor/2022.1.7f1/Editor/Data/MonoBleedingEdge/lib/mono/unityjit-win32'
Mono config path = 'C:/Program Files/Unity/Hub/Editor/2022.1.7f1/Editor/Data/MonoBleedingEdge/etc'
Using monoOptions --debugger-agent=transport=dt_socket,embedding=1,server=y,suspend=n,address=127.0.0.1:56592
Begin MonoManager ReloadAssembly
Registering precompiled unity dll's ...
Register platform support module: C:/Program Files/Unity/Hub/Editor/2022.1.7f1/Editor/Data/PlaybackEngines/WindowsStandaloneSupport/UnityEditor.WindowsStandalone.Extensions.dll
Registered in 0.005897 seconds.
Native extension for WindowsStandalone target not found
Refreshing native plugins compatible for Editor in 77.73 ms, found 2 plugins.
Preloading 0 native plugins for Editor in 0.00 ms.
Mono: successfully reloaded assembly
- Completed reload, in  0.684 seconds
Domain Reload Profiling:
	ReloadAssembly (685ms)
		BeginReloadAssembly (74ms)
			ExecutionOrderSort (0ms)
			DisableScriptedObjects (0ms)
			BackupInstance (0ms)
			ReleaseScriptingObjects (0ms)
			CreateAndSetChildDomain (1ms)
		EndReloadAssembly (512ms)
			LoadAssemblies (72ms)
			RebuildTransferFunctionScriptingTraits (0ms)
			SetupTypeCache (113ms)
				TypeCache.Initialize (113ms)
					TypeCache.ScanAssembly (111ms)
				ResolveRequiredComponents (0ms)
			ReleaseScriptCaches (0ms)
			RebuildScriptCaches (27ms)
			SetupLoadedEditorAssemblies (320ms)
				LogAssemblyErrors (0ms)
				InitializePlatformSupportModulesInManaged (7ms)
				SetLoadedEditorAssemblies (7ms)
				RefreshPlugins (78ms)
				BeforeProcessingInitializeOnLoad (1ms)
				ProcessInitializeOnLoadAttributes (165ms)
				ProcessInitializeOnLoadMethodAttributes (61ms)
				AfterProcessingInitializeOnLoad (0ms)
				EditorAssembliesLoaded (0ms)
			ExecutionOrderSort2 (0ms)
			AwakeInstancesAfterBackupRestoration (0ms)
Platform modules already initialized, skipping
Registering precompiled user dll's ...
Registered in 0.008850 seconds.
Begin MonoManager ReloadAssembly
Native extension for WindowsStandalone target not found
Refreshing native plugins compatible for Editor in 80.05 ms, found 2 plugins.
Preloading 0 native plugins for Editor in 0.00 ms.
Package Manager log level set to [2]
[Package Manager] Server::EnsureServerProcessIsRunning -- launch failed, reason: Unity was launched with the -noUpm command-line argument
[Package Manager] UpmClient::Send -- Unable to send message (not connected to UPM process).
[Package Manager] Cannot connect to Unity Package Manager local server
Mono: successfully reloaded assembly
- Completed reload, in  1.425 seconds
Domain Reload Profiling:
	ReloadAssembly (1426ms)
		BeginReloadAssembly (113ms)
			ExecutionOrderSort (0ms)
			DisableScriptedObjects (5ms)
			BackupInstance (0ms)
			ReleaseScriptingObjects (0ms)
			CreateAndSetChildDomain (20ms)
		EndReloadAssembly (1204ms)
			LoadAssemblies (85ms)
			RebuildTransferFunctionScriptingTraits (0ms)
			SetupTypeCache (254ms)
				TypeCache.Initialize (235ms)
					TypeCache.ScanAssembly (232ms)
				ResolveRequiredComponents (18ms)
			ReleaseScriptCaches (1ms)
			RebuildScriptCaches (86ms)
			SetupLoadedEditorAssemblies (721ms)
				LogAssemblyErrors (0ms)
				InitializePlatformSupportModulesInManaged (4ms)
				SetLoadedEditorAssemblies (8ms)
				RefreshPlugins (80ms)
				BeforeProcessingInitializeOnLoad (114ms)
				ProcessInitializeOnLoadAttributes (318ms)
				ProcessInitializeOnLoadMethodAttributes (190ms)
				AfterProcessingInitializeOnLoad (6ms)
				EditorAssembliesLoaded (0ms)
			ExecutionOrderSort2 (0ms)
			AwakeInstancesAfterBackupRestoration (5ms)
Platform modules already initialized, skipping
========================================================================
Worker process is ready to serve import requests
Shader 'MoreMountains/MMRipple': fallback shader 'Particle/AlphaBlended' not found
Launched and connected shader compiler UnityShaderCompiler.exe after 0.06 seconds
Refreshing native plugins compatible for Editor in 1.20 ms, found 2 plugins.
Preloading 0 native plugins for Editor in 0.00 ms.
Unloading 5041 Unused Serialized files (Serialized files now loaded: 0)
Unloading 62 unused Assets / (323.7 KB). Loaded Objects now: 5615.
Memory consumption went from 0.89 GB to 0.89 GB.
Total: 7.269700 ms (FindLiveObjects: 0.852400 ms CreateObjectMapping: 0.622400 ms MarkObjects: 5.693500 ms  DeleteObjects: 0.100300 ms)

AssetImportParameters requested are different than current active one (requested -> active):
  custom:video-decoder-ogg-theora: a1e56fd34408186e4bbccfd4996cb3dc -> 
  custom:container-muxer-webm: aa71ff27fc2769a1b78a27578f13a17b -> 
  custom:container-demuxer-webm: 4f35f7cbe854078d1ac9338744f61a02 -> 
  custom:video-encoder-webm-vp8: eb34c28f22e8b96e1ab97ce403110664 -> 
  custom:audio-encoder-webm-vorbis: bf7c407c2cedff20999df2af8eb42d56 -> 
  custom:framework-win-MediaFoundation: 216162199b28c13a410421893ffa2e32 -> 
  custom:container-demuxer-ogg: 62fdf1f143b41e24485cea50d1cbac27 -> 
  custom:video-decoder-webm-vp8: 9c59270c3fd7afecdb556c50c9e8de78 -> 
  custom:audio-decoder-ogg-vorbis: bf7c407c2cedff20999df2af8eb42d56 -> 
========================================================================
Received Import Request.
  Time since last request: 873424.824230 seconds.
  path: Assets/CreatureCards/creature_bg/36.png
  artifactKey: Guid(8f8528a7291e95445b969e662b524cf9) Importer(815301076,1909f56bfc062723c751e8b465ee728b)
Start importing Assets/CreatureCards/creature_bg/36.png using Guid(8f8528a7291e95445b969e662b524cf9) Importer(815301076,1909f56bfc062723c751e8b465ee728b)  -> (artifact id: '15f2522b11f0d849edd9385388b0eda5') in 0.417274 seconds 
========================================================================
Received Import Request.
  Time since last request: 0.000040 seconds.
  path: Assets/CardGameUIEffects/Assets/Animations/Cards/Headbutt_10.png
  artifactKey: Guid(2f7653e798331af4a84cd1ba89730ee0) Importer(815301076,1909f56bfc062723c751e8b465ee728b)
Start importing Assets/CardGameUIEffects/Assets/Animations/Cards/Headbutt_10.png using Guid(2f7653e798331af4a84cd1ba89730ee0) Importer(815301076,1909f56bfc062723c751e8b465ee728b)  -> (artifact id: '85897184409331076d924167dcb90a7f') in 0.064755 seconds 
========================================================================
Received Import Request.
  Time since last request: 0.000107 seconds.
  path: Assets/Fonts/Montserrat/Montserrat-Thin.ttf
  artifactKey: Guid(e224fc17a0f1d2c42b13e0e6df261ac2) Importer(815301076,1909f56bfc062723c751e8b465ee728b)
Start importing Assets/Fonts/Montserrat/Montserrat-Thin.ttf using Guid(e224fc17a0f1d2c42b13e0e6df261ac2) Importer(815301076,1909f56bfc062723c751e8b465ee728b)  -> (artifact id: '5dcbe9ee8d3a9ac8b8d6fbd5951b870b') in 0.232535 seconds 
========================================================================
Received Import Request.
  Time since last request: 0.000031 seconds.
  path: Assets/CreatureCards/creature_bg/34.png
  artifactKey: Guid(baa14de6cfc343f438b6501f8a98510d) Importer(815301076,1909f56bfc062723c751e8b465ee728b)
Start importing Assets/CreatureCards/creature_bg/34.png using Guid(baa14de6cfc343f438b6501f8a98510d) Importer(815301076,1909f56bfc062723c751e8b465ee728b)  -> (artifact id: 'fc0dd635fc791afc205ba4888b44a419') in 0.312152 seconds 
========================================================================
Received Import Request.
  Time since last request: 0.000039 seconds.
  path: Assets/CardGameUIEffects/Assets/Animations/Characters/GoodEgg/GoodEgg_17.png
  artifactKey: Guid(862c4c21eecd1684ea8ad113ff514f5f) Importer(815301076,1909f56bfc062723c751e8b465ee728b)
Start importing Assets/CardGameUIEffects/Assets/Animations/Characters/GoodEgg/GoodEgg_17.png using Guid(862c4c21eecd1684ea8ad113ff514f5f) Importer(815301076,1909f56bfc062723c751e8b465ee728b)  -> (artifact id: '079e3733986ca2237373639850f75ea3') in 0.035669 seconds 
========================================================================
Received Import Request.
  Time since last request: 0.000026 seconds.
  path: Assets/CardGameUIEffects/Assets/Animations/Cards/Headbutt_12.png
  artifactKey: Guid(ce145146d32655a459519a10d7149fb1) Importer(815301076,1909f56bfc062723c751e8b465ee728b)
Start importing Assets/CardGameUIEffects/Assets/Animations/Cards/Headbutt_12.png using Guid(ce145146d32655a459519a10d7149fb1) Importer(815301076,1909f56bfc062723c751e8b465ee728b)  -> (artifact id: '09b34be4fa1c60f4f82dd72b35c89234') in 0.050656 seconds 
========================================================================
Received Import Request.
  Time since last request: 0.000034 seconds.
  path: Assets/CreatureCards/creature_bg/81.png
  artifactKey: Guid(4642a09f45fee3149a18de0d3eb21288) Importer(815301076,1909f56bfc062723c751e8b465ee728b)
Start importing Assets/CreatureCards/creature_bg/81.png using Guid(4642a09f45fee3149a18de0d3eb21288) Importer(815301076,1909f56bfc062723c751e8b465ee728b)  -> (artifact id: 'c4877159d5fa4e5f620e67f02f3c0020') in 0.257200 seconds 
========================================================================
Received Import Request.
  Time since last request: 0.000020 seconds.
  path: Assets/CardGameUIEffects/Assets/Animations/Characters/GoodEgg/GoodEgg_16.png
  artifactKey: Guid(5d25fa0b8d0e83e4d8c515cfa2998850) Importer(815301076,1909f56bfc062723c751e8b465ee728b)
Start importing Assets/CardGameUIEffects/Assets/Animations/Characters/GoodEgg/GoodEgg_16.png using Guid(5d25fa0b8d0e83e4d8c515cfa2998850) Importer(815301076,1909f56bfc062723c751e8b465ee728b)  -> (artifact id: '52b9befe4da719f201e582d9a828ab49') in 0.037191 seconds 
========================================================================
Received Import Request.
  Time since last request: 0.000037 seconds.
  path: Assets/CreatureCards/creature_transparent/43.png
  artifactKey: Guid(abba22174a678fa4c9fe333c719d1d11) Importer(815301076,1909f56bfc062723c751e8b465ee728b)
Start importing Assets/CreatureCards/creature_transparent/43.png using Guid(abba22174a678fa4c9fe333c719d1d11) Importer(815301076,1909f56bfc062723c751e8b465ee728b)  -> (artifact id: '2a43afd00a71f594ff6994fbcccb8650') in 0.175113 seconds 
========================================================================
Received Import Request.
  Time since last request: 0.000022 seconds.
  path: Assets/CreatureCards/creature_bg/85.png
  artifactKey: Guid(0e5a707291a32db41bb6397a2deaa32b) Importer(815301076,1909f56bfc062723c751e8b465ee728b)
Start importing Assets/CreatureCards/creature_bg/85.png using Guid(0e5a707291a32db41bb6397a2deaa32b) Importer(815301076,1909f56bfc062723c751e8b465ee728b)  -> (artifact id: 'df3933da137bfe86e445a6c6b6b7057c') in 0.284887 seconds 
========================================================================
Received Import Request.
  Time since last request: 0.000029 seconds.
  path: Assets/CardGameUIEffects/Assets/Animations/Cards/Headbutt_08.png
  artifactKey: Guid(66650bf78917d1445becb0f420f81370) Importer(815301076,1909f56bfc062723c751e8b465ee728b)
Start importing Assets/CardGameUIEffects/Assets/Animations/Cards/Headbutt_08.png using Guid(66650bf78917d1445becb0f420f81370) Importer(815301076,1909f56bfc062723c751e8b465ee728b)  -> (artifact id: '7f89f5de8bd71e3c3e01a6fcae66690a') in 0.033767 seconds 
========================================================================
Received Import Request.
  Time since last request: 0.000039 seconds.
  path: Assets/Feel/MMTools/Tools/MMVFX/MMPalette/MMLowPolyPalette.png
  artifactKey: Guid(0f7538ff15051d14c9a387d4773180bc) Importer(815301076,1909f56bfc062723c751e8b465ee728b)
Start importing Assets/Feel/MMTools/Tools/MMVFX/MMPalette/MMLowPolyPalette.png using Guid(0f7538ff15051d14c9a387d4773180bc) Importer(815301076,1909f56bfc062723c751e8b465ee728b)  -> (artifact id: '1e12467a7117fced1ab29dd11bd20921') in 0.052298 seconds 
========================================================================
Received Import Request.
  Time since last request: 0.000018 seconds.
  path: Assets/Feel/MMTools/Tools/MMVFX/MMParticles/MMParticlesHit.png
  artifactKey: Guid(fd0523ff6a921744c8eb12d6d609a2ba) Importer(815301076,1909f56bfc062723c751e8b465ee728b)
Start importing Assets/Feel/MMTools/Tools/MMVFX/MMParticles/MMParticlesHit.png using Guid(fd0523ff6a921744c8eb12d6d609a2ba) Importer(815301076,1909f56bfc062723c751e8b465ee728b)  -> (artifact id: '304c0013106d43450c59d916a8494f38') in 0.012120 seconds 
========================================================================
Received Import Request.
  Time since last request: 0.000027 seconds.
  path: Assets/Feel/MMTools/Tools/MMVFX/MMParticles/MMParticlesSlash.png
  artifactKey: Guid(911c22680cab39842bdcfa0232128182) Importer(815301076,1909f56bfc062723c751e8b465ee728b)
Start importing Assets/Feel/MMTools/Tools/MMVFX/MMParticles/MMParticlesSlash.png using Guid(911c22680cab39842bdcfa0232128182) Importer(815301076,1909f56bfc062723c751e8b465ee728b)  -> (artifact id: '53e1c100964edff9aee32ac1c25e4f0b') in 0.015742 seconds 
========================================================================
Received Import Request.
  Time since last request: 0.000021 seconds.
  path: Assets/CreatureCards/creature_bg/82.png
  artifactKey: Guid(0aaa5f0ffdc82e745bb778c665751aab) Importer(815301076,1909f56bfc062723c751e8b465ee728b)
Start importing Assets/CreatureCards/creature_bg/82.png using Guid(0aaa5f0ffdc82e745bb778c665751aab) Importer(815301076,1909f56bfc062723c751e8b465ee728b)  -> (artifact id: '6ab04ec3af827d61b99b721cd61fc831') in 0.290107 seconds 
========================================================================
Received Import Request.
  Time since last request: 0.000060 seconds.
  path: Assets/Feel/MMTools/Tools/MMPrototypeTextures/Textures/MMPlastic/MMPlasticNormal.png
  artifactKey: Guid(6fbe7cfe9fb9f934da15400bab41eae9) Importer(815301076,1909f56bfc062723c751e8b465ee728b)
Start importing Assets/Feel/MMTools/Tools/MMPrototypeTextures/Textures/MMPlastic/MMPlasticNormal.png using Guid(6fbe7cfe9fb9f934da15400bab41eae9) Importer(815301076,1909f56bfc062723c751e8b465ee728b)  -> (artifact id: '95a154a2acf9459f37d97076389d3948') in 0.049702 seconds 
========================================================================
Received Import Request.
  Time since last request: 0.000051 seconds.
  path: Assets/CreatureCards/creature_transparent/87.png
  artifactKey: Guid(9c0f71772ee28cc488691b8e052132ce) Importer(815301076,1909f56bfc062723c751e8b465ee728b)
Start importing Assets/CreatureCards/creature_transparent/87.png using Guid(9c0f71772ee28cc488691b8e052132ce) Importer(815301076,1909f56bfc062723c751e8b465ee728b)  -> (artifact id: '70b0d93b086026ba025feaf3de323ba6') in 0.251067 seconds 
========================================================================
Received Import Request.
  Time since last request: 0.000025 seconds.
  path: Assets/CreatureCards/creature_transparent/74.png
  artifactKey: Guid(75333452f69a13d4bbfacee036396c60) Importer(815301076,1909f56bfc062723c751e8b465ee728b)
Start importing Assets/CreatureCards/creature_transparent/74.png using Guid(75333452f69a13d4bbfacee036396c60) Importer(815301076,1909f56bfc062723c751e8b465ee728b)  -> (artifact id: '3d0d1c3d46bf8464c37ffa7ea90f6ac6') in 0.194101 seconds 
========================================================================
Received Import Request.
  Time since last request: 0.000039 seconds.
  path: Assets/Feel/MMTools/Tools/MMVFX/MMBloomDirt/MMBloomDirt2.png
  artifactKey: Guid(517afba2f824eb244b94a340fe47a650) Importer(815301076,1909f56bfc062723c751e8b465ee728b)
Start importing Assets/Feel/MMTools/Tools/MMVFX/MMBloomDirt/MMBloomDirt2.png using Guid(517afba2f824eb244b94a340fe47a650) Importer(815301076,1909f56bfc062723c751e8b465ee728b)  -> (artifact id: 'b464ee1f7dc9388eccc7ab5734247a16') in 0.055916 seconds 
========================================================================
Received Import Request.
  Time since last request: 0.000040 seconds.
  path: Assets/Feel/MMTools/Tools/MMVFX/MMParticles/MMParticlesJab.png
  artifactKey: Guid(6756ce1110b2ba24e9f356c415a5a73d) Importer(815301076,1909f56bfc062723c751e8b465ee728b)
Start importing Assets/Feel/MMTools/Tools/MMVFX/MMParticles/MMParticlesJab.png using Guid(6756ce1110b2ba24e9f356c415a5a73d) Importer(815301076,1909f56bfc062723c751e8b465ee728b)  -> (artifact id: 'b1d7b23c3b0fe0e82e3108d48f8e5817') in 0.015788 seconds 
========================================================================
Received Import Request.
  Time since last request: 0.000024 seconds.
  path: Assets/CardGameUIEffects/Assets/Animations/Cards/Headbutt_21.png
  artifactKey: Guid(05d0ae0a55a39504283940f273c86376) Importer(815301076,1909f56bfc062723c751e8b465ee728b)
Start importing Assets/CardGameUIEffects/Assets/Animations/Cards/Headbutt_21.png using Guid(05d0ae0a55a39504283940f273c86376) Importer(815301076,1909f56bfc062723c751e8b465ee728b)  -> (artifact id: 'c858209b39f305330e4f0959952710ec') in 0.043927 seconds 
========================================================================
Received Import Request.
  Time since last request: 0.000024 seconds.
  path: Assets/Feel/MMTools/Tools/MMPrototypeTextures/Textures/MMCheckers/MMCheckers.png
  artifactKey: Guid(ff6ef20764af32745ad151687042db56) Importer(815301076,1909f56bfc062723c751e8b465ee728b)
Start importing Assets/Feel/MMTools/Tools/MMPrototypeTextures/Textures/MMCheckers/MMCheckers.png using Guid(ff6ef20764af32745ad151687042db56) Importer(815301076,1909f56bfc062723c751e8b465ee728b)  -> (artifact id: '20515d477d0113ba0e3b23c0c42d8160') in 0.054092 seconds 
========================================================================
Received Import Request.
  Time since last request: 0.000030 seconds.
  path: Assets/CardGameUIEffects/Assets/Animations/Characters/GoodEgg/GoodEgg_23.png
  artifactKey: Guid(09126c8fdea81624c9dba76aa9cc2c79) Importer(815301076,1909f56bfc062723c751e8b465ee728b)
Start importing Assets/CardGameUIEffects/Assets/Animations/Characters/GoodEgg/GoodEgg_23.png using Guid(09126c8fdea81624c9dba76aa9cc2c79) Importer(815301076,1909f56bfc062723c751e8b465ee728b)  -> (artifact id: 'e336413c189e2844ff61c89440b5c7e7') in 0.028407 seconds 
========================================================================
Received Import Request.
  Time since last request: 0.000026 seconds.
  path: Assets/Sprites/UI/GetEpicCard_icon.png
  artifactKey: Guid(6bf79ca2b6ac818469ceffdfcbd663c7) Importer(815301076,1909f56bfc062723c751e8b465ee728b)
Start importing Assets/Sprites/UI/GetEpicCard_icon.png using Guid(6bf79ca2b6ac818469ceffdfcbd663c7) Importer(815301076,1909f56bfc062723c751e8b465ee728b)  -> (artifact id: '305b42e4fffe5a36fa5da7344a30a554') in 0.027641 seconds 
========================================================================
Received Import Request.
  Time since last request: 0.000051 seconds.
  path: Assets/CardGameUIEffects/Assets/Animations/Characters/GoodEgg/GoodEgg_01.png
  artifactKey: Guid(a49d3e4bf22da8046a5fc0dff92c1d41) Importer(815301076,1909f56bfc062723c751e8b465ee728b)
Start importing Assets/CardGameUIEffects/Assets/Animations/Characters/GoodEgg/GoodEgg_01.png using Guid(a49d3e4bf22da8046a5fc0dff92c1d41) Importer(815301076,1909f56bfc062723c751e8b465ee728b)  -> (artifact id: 'cd103e96a250af97d066e1e860737e90') in 0.050421 seconds 
========================================================================
Received Import Request.
  Time since last request: 0.000043 seconds.
  path: Assets/CreatureCards/creature_bg/51.png
  artifactKey: Guid(b8ade7a2f53ba854d9e738dadae5d3ca) Importer(815301076,1909f56bfc062723c751e8b465ee728b)
Start importing Assets/CreatureCards/creature_bg/51.png using Guid(b8ade7a2f53ba854d9e738dadae5d3ca) Importer(815301076,1909f56bfc062723c751e8b465ee728b)  -> (artifact id: 'e105423cf2c6f24a99ee8d497d2cd867') in 0.268295 seconds 
========================================================================
Received Import Request.
  Time since last request: 0.000027 seconds.
  path: Assets/Feel/MMTools/Tools/MMPrototypeTextures/Textures/MMProtoTextures/MMProtoTextures_LightGreyFrame.png
  artifactKey: Guid(a6bacc483b5f80645a74c1382418b149) Importer(815301076,1909f56bfc062723c751e8b465ee728b)
Start importing Assets/Feel/MMTools/Tools/MMPrototypeTextures/Textures/MMProtoTextures/MMProtoTextures_LightGreyFrame.png using Guid(a6bacc483b5f80645a74c1382418b149) Importer(815301076,1909f56bfc062723c751e8b465ee728b)  -> (artifact id: '07130475f28882654cf60b1a41139b0d') in 0.035764 seconds 
========================================================================
Received Import Request.
  Time since last request: 0.000034 seconds.
  path: Assets/Feel/MMTools/Tools/MMVFX/MMRamps/MMRamp3.png
  artifactKey: Guid(05cb76770cb65124ebc19520574e2a60) Importer(815301076,1909f56bfc062723c751e8b465ee728b)
Start importing Assets/Feel/MMTools/Tools/MMVFX/MMRamps/MMRamp3.png using Guid(05cb76770cb65124ebc19520574e2a60) Importer(815301076,1909f56bfc062723c751e8b465ee728b)  -> (artifact id: '2d893d2439df9031b96f3e7a668828af') in 0.012025 seconds 
========================================================================
Received Import Request.
  Time since last request: 0.000029 seconds.
  path: Assets/Feel/MMTools/Tools/MMPrototypeTextures/Textures/MMProtoTextures/MMProtoTextures_RedSquares.png
  artifactKey: Guid(0bdb020a90b5f5247ab5695053e84e11) Importer(815301076,1909f56bfc062723c751e8b465ee728b)
Start importing Assets/Feel/MMTools/Tools/MMPrototypeTextures/Textures/MMProtoTextures/MMProtoTextures_RedSquares.png using Guid(0bdb020a90b5f5247ab5695053e84e11) Importer(815301076,1909f56bfc062723c751e8b465ee728b)  -> (artifact id: 'e37d551cff9bb1ecec499eb4e4c3f9de') in 0.015285 seconds 
========================================================================
Received Import Request.
  Time since last request: 0.000023 seconds.
  path: Assets/Feel/MMTools/Tools/MMVFX/MMRamps/MMRamp0.png
  artifactKey: Guid(2178326803c98c949a3bad7b06f340c2) Importer(815301076,1909f56bfc062723c751e8b465ee728b)
Start importing Assets/Feel/MMTools/Tools/MMVFX/MMRamps/MMRamp0.png using Guid(2178326803c98c949a3bad7b06f340c2) Importer(815301076,1909f56bfc062723c751e8b465ee728b)  -> (artifact id: '67bfdcc1319ee003c7557332d2ee73ee') in 0.015403 seconds 
========================================================================
Received Import Request.
  Time since last request: 0.000028 seconds.
  path: Assets/Feel/MMTools/Tools/MMVFX/MMRipple/MMRippleBubble1NM.png
  artifactKey: Guid(06c3a06ad80bcb147b2c74ed37ff2333) Importer(815301076,1909f56bfc062723c751e8b465ee728b)
Start importing Assets/Feel/MMTools/Tools/MMVFX/MMRipple/MMRippleBubble1NM.png using Guid(06c3a06ad80bcb147b2c74ed37ff2333) Importer(815301076,1909f56bfc062723c751e8b465ee728b)  -> (artifact id: 'b69fb68885868d1ae23719bc1beed228') in 0.022823 seconds 
========================================================================
Received Import Request.
  Time since last request: 0.000037 seconds.
  path: Assets/Feel/MMTools/Tools/MMVFX/MMRamps/MMRamp5.png
  artifactKey: Guid(41bf52f013b5cfe4294a3ca9ade7a8a5) Importer(815301076,1909f56bfc062723c751e8b465ee728b)
Start importing Assets/Feel/MMTools/Tools/MMVFX/MMRamps/MMRamp5.png using Guid(41bf52f013b5cfe4294a3ca9ade7a8a5) Importer(815301076,1909f56bfc062723c751e8b465ee728b)  -> (artifact id: '01f3444dfecad7e1c163c58cc863f8c8') in 0.015339 seconds 
========================================================================
Received Import Request.
  Time since last request: 0.000023 seconds.
  path: Assets/Feel/MMTools/Tools/MMPrototypeTextures/Textures/MMProtoTextures/MMProtoTextures_LightGreySquares.png
  artifactKey: Guid(9cf882a8a1f69ff43b2216f75cddd54d) Importer(815301076,1909f56bfc062723c751e8b465ee728b)
Start importing Assets/Feel/MMTools/Tools/MMPrototypeTextures/Textures/MMProtoTextures/MMProtoTextures_LightGreySquares.png using Guid(9cf882a8a1f69ff43b2216f75cddd54d) Importer(815301076,1909f56bfc062723c751e8b465ee728b)  -> (artifact id: '098321f3b1368c1d32ecfa0948db4b7b') in 0.025543 seconds 
========================================================================
Received Import Request.
  Time since last request: 0.000024 seconds.
  path: Assets/CreatureCards/creature_bg/71.png
  artifactKey: Guid(29970f36e8e43584d96327dc5d69039d) Importer(815301076,1909f56bfc062723c751e8b465ee728b)
Start importing Assets/CreatureCards/creature_bg/71.png using Guid(29970f36e8e43584d96327dc5d69039d) Importer(815301076,1909f56bfc062723c751e8b465ee728b)  -> (artifact id: '8b94167ed4fdeb379ee274098bab9236') in 0.290969 seconds 
========================================================================
Received Import Request.
  Time since last request: 0.000022 seconds.
  path: Assets/Feel/MMTools/Tools/MMVFX/MMRipple/MMRippleSpiral2NM.png
  artifactKey: Guid(edcc1b3de33bacd4c81ff1a864d65f8c) Importer(815301076,1909f56bfc062723c751e8b465ee728b)
Start importing Assets/Feel/MMTools/Tools/MMVFX/MMRipple/MMRippleSpiral2NM.png using Guid(edcc1b3de33bacd4c81ff1a864d65f8c) Importer(815301076,1909f56bfc062723c751e8b465ee728b)  -> (artifact id: '24f6d4c5b9e7bf377f1df0673be8a74d') in 0.016535 seconds 
========================================================================
Received Import Request.
  Time since last request: 0.000038 seconds.
  path: Assets/Feel/MMTools/Tools/MMVFX/MMNoise/MMSimplexNoise.png
  artifactKey: Guid(4fbec3043b4bcc941b84734f579dc2c8) Importer(815301076,1909f56bfc062723c751e8b465ee728b)
Start importing Assets/Feel/MMTools/Tools/MMVFX/MMNoise/MMSimplexNoise.png using Guid(4fbec3043b4bcc941b84734f579dc2c8) Importer(815301076,1909f56bfc062723c751e8b465ee728b)  -> (artifact id: 'ac611605623d5bdcde302211512562f4') in 0.016238 seconds 
========================================================================
Received Import Request.
  Time since last request: 0.000026 seconds.
  path: Assets/Feel/MMTools/Tools/MMVFX/MMRipple/MMRippleSquare1NM.png
  artifactKey: Guid(ae5458ffd8cecaa4da3b1e90ef61cb88) Importer(815301076,1909f56bfc062723c751e8b465ee728b)
Start importing Assets/Feel/MMTools/Tools/MMVFX/MMRipple/MMRippleSquare1NM.png using Guid(ae5458ffd8cecaa4da3b1e90ef61cb88) Importer(815301076,1909f56bfc062723c751e8b465ee728b)  -> (artifact id: '447ee5b39a6a4d13baf8b4f8aafbc319') in 0.019110 seconds 
========================================================================
Received Import Request.
  Time since last request: 0.000018 seconds.
  path: Assets/Feel/MMTools/Tools/MMSceneLoading/Sprites/MoreMountainsLogo.png
  artifactKey: Guid(a5240da7fff0bf34da21c7edff42b1d4) Importer(815301076,1909f56bfc062723c751e8b465ee728b)
Start importing Assets/Feel/MMTools/Tools/MMSceneLoading/Sprites/MoreMountainsLogo.png using Guid(a5240da7fff0bf34da21c7edff42b1d4) Importer(815301076,1909f56bfc062723c751e8b465ee728b)  -> (artifact id: 'bd0998eba245406802cab0150af85e51') in 0.044288 seconds 
========================================================================
Received Import Request.
  Time since last request: 0.000046 seconds.
  path: Assets/Images/Nodes/nodes_beast-eye.png
  artifactKey: Guid(cc02ededfdcda734eb426f4d62c96781) Importer(815301076,1909f56bfc062723c751e8b465ee728b)
Start importing Assets/Images/Nodes/nodes_beast-eye.png using Guid(cc02ededfdcda734eb426f4d62c96781) Importer(815301076,1909f56bfc062723c751e8b465ee728b)  -> (artifact id: '412c8b97ad36d98f2b586f321d67f3b1') in 0.032080 seconds 
========================================================================
Received Import Request.
  Time since last request: 0.000029 seconds.
  path: Assets/CardGameUIEffects/Assets/Animations/Cards/Headbutt_07.png
  artifactKey: Guid(05f033c0f935b634aa45452b78e25e49) Importer(815301076,1909f56bfc062723c751e8b465ee728b)
Start importing Assets/CardGameUIEffects/Assets/Animations/Cards/Headbutt_07.png using Guid(05f033c0f935b634aa45452b78e25e49) Importer(815301076,1909f56bfc062723c751e8b465ee728b)  -> (artifact id: 'c83449c1182bffaf7e376c0219d9e444') in 0.063798 seconds 
========================================================================
Received Import Request.
  Time since last request: 0.000064 seconds.
  path: Assets/Feel/MMTools/Tools/MMSceneLoading/Sprites/LoadingCompleteAnimation.png
  artifactKey: Guid(109174f54ddf71a4fbe62bf30e9cf0e0) Importer(815301076,1909f56bfc062723c751e8b465ee728b)
Start importing Assets/Feel/MMTools/Tools/MMSceneLoading/Sprites/LoadingCompleteAnimation.png using Guid(109174f54ddf71a4fbe62bf30e9cf0e0) Importer(815301076,1909f56bfc062723c751e8b465ee728b)  -> (artifact id: 'f8ea40683d3f55cbdbc48eed64df3979') in 0.089965 seconds 
========================================================================
Received Import Request.
  Time since last request: 0.000039 seconds.
  path: Assets/Sprites/UI/GetUpgrade_icon.png
  artifactKey: Guid(fae51dc4128859840a790144a53629ec) Importer(815301076,1909f56bfc062723c751e8b465ee728b)
Start importing Assets/Sprites/UI/GetUpgrade_icon.png using Guid(fae51dc4128859840a790144a53629ec) Importer(815301076,1909f56bfc062723c751e8b465ee728b)  -> (artifact id: '1423eb3dcf16a507666268b58d690a5a') in 0.037336 seconds 
========================================================================
Received Import Request.
  Time since last request: 0.000024 seconds.
  path: Assets/CreatureCards/creature_transparent/65.png
  artifactKey: Guid(54c51aa01035f0a49b81a3bf55765387) Importer(815301076,1909f56bfc062723c751e8b465ee728b)
Start importing Assets/CreatureCards/creature_transparent/65.png using Guid(54c51aa01035f0a49b81a3bf55765387) Importer(815301076,1909f56bfc062723c751e8b465ee728b)  -> (artifact id: '5bbf7da6dd8d3b09d6b676b848839b41') in 0.209346 seconds 
========================================================================
Received Import Request.
  Time since last request: 0.000027 seconds.
  path: Assets/Feel/MMTools/Tools/MMVFX/MMParticles/MMParticlesBlackSun.png
  artifactKey: Guid(7eef1b66a64daee46b87f6f979353425) Importer(815301076,1909f56bfc062723c751e8b465ee728b)
Start importing Assets/Feel/MMTools/Tools/MMVFX/MMParticles/MMParticlesBlackSun.png using Guid(7eef1b66a64daee46b87f6f979353425) Importer(815301076,1909f56bfc062723c751e8b465ee728b)  -> (artifact id: '01275ef0a78ca29cb35d13f220002791') in 0.012570 seconds 
========================================================================
Received Import Request.
  Time since last request: 0.000042 seconds.
  path: Assets/Feel/MMTools/Tools/MMVFX/MMNoise/MMCloudsNoise.png
  artifactKey: Guid(75b254a55f7e3f347ac8f2b5db9b11d9) Importer(815301076,1909f56bfc062723c751e8b465ee728b)
Start importing Assets/Feel/MMTools/Tools/MMVFX/MMNoise/MMCloudsNoise.png using Guid(75b254a55f7e3f347ac8f2b5db9b11d9) Importer(815301076,1909f56bfc062723c751e8b465ee728b)  -> (artifact id: 'c2188e1180aee7f32577214632178b3b') in 0.015998 seconds 
========================================================================
Received Import Request.
  Time since last request: 0.000021 seconds.
  path: Assets/CreatureCards/creature_bg/48.png
  artifactKey: Guid(25a43e59ddd5b3d44ac1834b8e7a49dc) Importer(815301076,1909f56bfc062723c751e8b465ee728b)
Start importing Assets/CreatureCards/creature_bg/48.png using Guid(25a43e59ddd5b3d44ac1834b8e7a49dc) Importer(815301076,1909f56bfc062723c751e8b465ee728b)  -> (artifact id: '8c65fc5ff891e33147df915eed036a1c') in 0.298903 seconds 
========================================================================
Received Import Request.
  Time since last request: 0.000028 seconds.
  path: Assets/Sprites/BG/Magma_Beachs_BG_proto.png
  artifactKey: Guid(5d15d1d6aacc8214ebc61ffa0167ad8f) Importer(815301076,1909f56bfc062723c751e8b465ee728b)
Start importing Assets/Sprites/BG/Magma_Beachs_BG_proto.png using Guid(5d15d1d6aacc8214ebc61ffa0167ad8f) Importer(815301076,1909f56bfc062723c751e8b465ee728b)  -> (artifact id: '245c7639d19d749980ce7bd5550e3284') in 0.120408 seconds 
========================================================================
Received Import Request.
  Time since last request: 0.000037 seconds.
  path: Assets/2D_Background_SunshineForest/2D_Horizontal_battle_Enviroment_05/4096_2160/Image/layer1.png
  artifactKey: Guid(a6f3fbc6649d942408a46c61ca3a12ad) Importer(815301076,1909f56bfc062723c751e8b465ee728b)
Start importing Assets/2D_Background_SunshineForest/2D_Horizontal_battle_Enviroment_05/4096_2160/Image/layer1.png using Guid(a6f3fbc6649d942408a46c61ca3a12ad) Importer(815301076,1909f56bfc062723c751e8b465ee728b)  -> (artifact id: '615d20c561e75322bba83c8a119e875c') in 0.522138 seconds 
========================================================================
Received Import Request.
  Time since last request: 0.000063 seconds.
  path: Assets/Feel/MMTools/Tools/MMVFX/MMRipple/MMRippleSaw2NM.png
  artifactKey: Guid(5e0ea90a83cb72d4ea51fbdcfcd46de0) Importer(815301076,1909f56bfc062723c751e8b465ee728b)
Start importing Assets/Feel/MMTools/Tools/MMVFX/MMRipple/MMRippleSaw2NM.png using Guid(5e0ea90a83cb72d4ea51fbdcfcd46de0) Importer(815301076,1909f56bfc062723c751e8b465ee728b)  -> (artifact id: 'dd4a69ac3395fc8756eae8aae1676644') in 0.016117 seconds 
========================================================================
Received Import Request.
  Time since last request: 0.000045 seconds.
  path: Assets/CreatureCards/creature_transparent/58.png
  artifactKey: Guid(8a59af5253cab7349b278a0b4a362285) Importer(815301076,1909f56bfc062723c751e8b465ee728b)
Start importing Assets/CreatureCards/creature_transparent/58.png using Guid(8a59af5253cab7349b278a0b4a362285) Importer(815301076,1909f56bfc062723c751e8b465ee728b)  -> (artifact id: '743ce1f7f5323b0b52e87aaf4dd3dbd4') in 0.169214 seconds 
========================================================================
Received Import Request.
  Time since last request: 136.057701 seconds.
  path: Assets/Shaders/PixelatedShader.shadergraph
  artifactKey: Guid(953cc7a8a4c05354ca1a1afd47f12fcf) Importer(815301076,1909f56bfc062723c751e8b465ee728b)
Start importing Assets/Shaders/PixelatedShader.shadergraph using Guid(953cc7a8a4c05354ca1a1afd47f12fcf) Importer(815301076,1909f56bfc062723c751e8b465ee728b)  -> (artifact id: '74881adeab143075c7f1ab652bfe1d90') in 0.018403 seconds 
========================================================================
Received Import Request.
  Time since last request: 281.730936 seconds.
  path: Assets/Shaders/PixelatedShader Variant.mat
  artifactKey: Guid(17d703aa55d3b9348bbb9fd395434fd9) Importer(815301076,1909f56bfc062723c751e8b465ee728b)
Start importing Assets/Shaders/PixelatedShader Variant.mat using Guid(17d703aa55d3b9348bbb9fd395434fd9) Importer(815301076,1909f56bfc062723c751e8b465ee728b)  -> (artifact id: 'da3124d60e298193818982a4b4bdd408') in 0.109784 seconds 
========================================================================
Received Import Request.
  Time since last request: 20.928527 seconds.
  path: Assets/Shaders/PixelatedShader Variant.mat
  artifactKey: Guid(17d703aa55d3b9348bbb9fd395434fd9) Importer(815301076,1909f56bfc062723c751e8b465ee728b)
Start importing Assets/Shaders/PixelatedShader Variant.mat using Guid(17d703aa55d3b9348bbb9fd395434fd9) Importer(815301076,1909f56bfc062723c751e8b465ee728b)  -> (artifact id: '39e254018414b3197bae04bdfe2e5a53') in 0.064015 seconds 
========================================================================
Received Import Request.
  Time since last request: 35.304795 seconds.
  path: Assets/Shaders/PixelatedShader Variant.mat
  artifactKey: Guid(17d703aa55d3b9348bbb9fd395434fd9) Importer(815301076,1909f56bfc062723c751e8b465ee728b)
Start importing Assets/Shaders/PixelatedShader Variant.mat using Guid(17d703aa55d3b9348bbb9fd395434fd9) Importer(815301076,1909f56bfc062723c751e8b465ee728b)  -> (artifact id: '77db09302e095095563cbf443e149428') in 0.105351 seconds 
========================================================================
Received Prepare
Registering precompiled user dll's ...
Registered in 0.005984 seconds.
Begin MonoManager ReloadAssembly
Native extension for WindowsStandalone target not found
Refreshing native plugins compatible for Editor in 1.65 ms, found 2 plugins.
Preloading 0 native plugins for Editor in 0.00 ms.
[Package Manager] Server::EnsureServerProcessIsRunning -- launch failed, reason: Unity was launched with the -noUpm command-line argument
[Package Manager] UpmClient::Send -- Unable to send message (not connected to UPM process).
[Package Manager] Cannot connect to Unity Package Manager local server
Mono: successfully reloaded assembly
- Completed reload, in  1.213 seconds
Domain Reload Profiling:
	ReloadAssembly (1214ms)
		BeginReloadAssembly (144ms)
			ExecutionOrderSort (0ms)
			DisableScriptedObjects (10ms)
			BackupInstance (0ms)
			ReleaseScriptingObjects (0ms)
			CreateAndSetChildDomain (46ms)
		EndReloadAssembly (983ms)
			LoadAssemblies (83ms)
			RebuildTransferFunctionScriptingTraits (0ms)
			SetupTypeCache (223ms)
				TypeCache.Initialize (206ms)
					TypeCache.ScanAssembly (202ms)
				ResolveRequiredComponents (16ms)
			ReleaseScriptCaches (2ms)
			RebuildScriptCaches (45ms)
			SetupLoadedEditorAssemblies (561ms)
				LogAssemblyErrors (0ms)
				InitializePlatformSupportModulesInManaged (11ms)
				SetLoadedEditorAssemblies (7ms)
				RefreshPlugins (2ms)
				BeforeProcessingInitializeOnLoad (88ms)
				ProcessInitializeOnLoadAttributes (270ms)
				ProcessInitializeOnLoadMethodAttributes (175ms)
				AfterProcessingInitializeOnLoad (7ms)
				EditorAssembliesLoaded (0ms)
			ExecutionOrderSort2 (0ms)
			AwakeInstancesAfterBackupRestoration (11ms)
Platform modules already initialized, skipping
Shader 'MoreMountains/MMRipple': fallback shader 'Particle/AlphaBlended' not found
Refreshing native plugins compatible for Editor in 4.50 ms, found 2 plugins.
Preloading 0 native plugins for Editor in 0.00 ms.
Unloading 4863 Unused Serialized files (Serialized files now loaded: 0)
Unloading 52 unused Assets / (314.9 KB). Loaded Objects now: 5728.
Memory consumption went from 0.89 GB to 0.89 GB.
Total: 7.107400 ms (FindLiveObjects: 0.458100 ms CreateObjectMapping: 0.417100 ms MarkObjects: 6.138600 ms  DeleteObjects: 0.092400 ms)

AssetImportParameters requested are different than current active one (requested -> active):
  custom:video-decoder-ogg-theora: a1e56fd34408186e4bbccfd4996cb3dc -> 
  custom:container-muxer-webm: aa71ff27fc2769a1b78a27578f13a17b -> 
  custom:container-demuxer-webm: 4f35f7cbe854078d1ac9338744f61a02 -> 
  custom:video-encoder-webm-vp8: eb34c28f22e8b96e1ab97ce403110664 -> 
  custom:audio-encoder-webm-vorbis: bf7c407c2cedff20999df2af8eb42d56 -> 
  custom:framework-win-MediaFoundation: 216162199b28c13a410421893ffa2e32 -> 
  custom:container-demuxer-ogg: 62fdf1f143b41e24485cea50d1cbac27 -> 
  custom:video-decoder-webm-vp8: 9c59270c3fd7afecdb556c50c9e8de78 -> 
  custom:audio-decoder-ogg-vorbis: bf7c407c2cedff20999df2af8eb42d56 -> 
========================================================================
Received Prepare
Registering precompiled user dll's ...
Registered in 0.006134 seconds.
Begin MonoManager ReloadAssembly
Native extension for WindowsStandalone target not found
Refreshing native plugins compatible for Editor in 1.19 ms, found 2 plugins.
Preloading 0 native plugins for Editor in 0.00 ms.
[Package Manager] Server::EnsureServerProcessIsRunning -- launch failed, reason: Unity was launched with the -noUpm command-line argument
[Package Manager] UpmClient::Send -- Unable to send message (not connected to UPM process).
[Package Manager] Cannot connect to Unity Package Manager local server
Mono: successfully reloaded assembly
- Completed reload, in  1.204 seconds
Domain Reload Profiling:
	ReloadAssembly (1205ms)
		BeginReloadAssembly (131ms)
			ExecutionOrderSort (0ms)
			DisableScriptedObjects (7ms)
			BackupInstance (0ms)
			ReleaseScriptingObjects (0ms)
			CreateAndSetChildDomain (41ms)
		EndReloadAssembly (987ms)
			LoadAssemblies (82ms)
			RebuildTransferFunctionScriptingTraits (0ms)
			SetupTypeCache (223ms)
				TypeCache.Initialize (207ms)
					TypeCache.ScanAssembly (202ms)
				ResolveRequiredComponents (16ms)
			ReleaseScriptCaches (1ms)
			RebuildScriptCaches (44ms)
			SetupLoadedEditorAssemblies (561ms)
				LogAssemblyErrors (0ms)
				InitializePlatformSupportModulesInManaged (11ms)
				SetLoadedEditorAssemblies (7ms)
				RefreshPlugins (1ms)
				BeforeProcessingInitializeOnLoad (86ms)
				ProcessInitializeOnLoadAttributes (269ms)
				ProcessInitializeOnLoadMethodAttributes (180ms)
				AfterProcessingInitializeOnLoad (7ms)
				EditorAssembliesLoaded (0ms)
			ExecutionOrderSort2 (0ms)
			AwakeInstancesAfterBackupRestoration (11ms)
Platform modules already initialized, skipping
Shader 'MoreMountains/MMRipple': fallback shader 'Particle/AlphaBlended' not found
Refreshing native plugins compatible for Editor in 4.58 ms, found 2 plugins.
Preloading 0 native plugins for Editor in 0.00 ms.
Unloading 4863 Unused Serialized files (Serialized files now loaded: 0)
Unloading 52 unused Assets / (314.9 KB). Loaded Objects now: 5732.
Memory consumption went from 0.89 GB to 0.89 GB.
Total: 6.022900 ms (FindLiveObjects: 0.419700 ms CreateObjectMapping: 0.354800 ms MarkObjects: 5.172100 ms  DeleteObjects: 0.074700 ms)

AssetImportParameters requested are different than current active one (requested -> active):
  custom:video-decoder-ogg-theora: a1e56fd34408186e4bbccfd4996cb3dc -> 
  custom:container-muxer-webm: aa71ff27fc2769a1b78a27578f13a17b -> 
  custom:container-demuxer-webm: 4f35f7cbe854078d1ac9338744f61a02 -> 
  custom:video-encoder-webm-vp8: eb34c28f22e8b96e1ab97ce403110664 -> 
  custom:audio-encoder-webm-vorbis: bf7c407c2cedff20999df2af8eb42d56 -> 
  custom:framework-win-MediaFoundation: 216162199b28c13a410421893ffa2e32 -> 
  custom:container-demuxer-ogg: 62fdf1f143b41e24485cea50d1cbac27 -> 
  custom:video-decoder-webm-vp8: 9c59270c3fd7afecdb556c50c9e8de78 -> 
  custom:audio-decoder-ogg-vorbis: bf7c407c2cedff20999df2af8eb42d56 -> 
========================================================================
Received Prepare
Registering precompiled user dll's ...
Registered in 0.007445 seconds.
Begin MonoManager ReloadAssembly
Native extension for WindowsStandalone target not found
Refreshing native plugins compatible for Editor in 1.37 ms, found 2 plugins.
Preloading 0 native plugins for Editor in 0.00 ms.
[Package Manager] Server::EnsureServerProcessIsRunning -- launch failed, reason: Unity was launched with the -noUpm command-line argument
[Package Manager] UpmClient::Send -- Unable to send message (not connected to UPM process).
[Package Manager] Cannot connect to Unity Package Manager local server
Mono: successfully reloaded assembly
- Completed reload, in  1.191 seconds
Domain Reload Profiling:
	ReloadAssembly (1192ms)
		BeginReloadAssembly (127ms)
			ExecutionOrderSort (0ms)
			DisableScriptedObjects (7ms)
			BackupInstance (0ms)
			ReleaseScriptingObjects (0ms)
			CreateAndSetChildDomain (40ms)
		EndReloadAssembly (979ms)
			LoadAssemblies (82ms)
			RebuildTransferFunctionScriptingTraits (0ms)
			SetupTypeCache (223ms)
				TypeCache.Initialize (207ms)
					TypeCache.ScanAssembly (202ms)
				ResolveRequiredComponents (16ms)
			ReleaseScriptCaches (1ms)
			RebuildScriptCaches (44ms)
			SetupLoadedEditorAssemblies (553ms)
				LogAssemblyErrors (0ms)
				InitializePlatformSupportModulesInManaged (11ms)
				SetLoadedEditorAssemblies (7ms)
				RefreshPlugins (1ms)
				BeforeProcessingInitializeOnLoad (88ms)
				ProcessInitializeOnLoadAttributes (265ms)
				ProcessInitializeOnLoadMethodAttributes (174ms)
				AfterProcessingInitializeOnLoad (7ms)
				EditorAssembliesLoaded (0ms)
			ExecutionOrderSort2 (0ms)
			AwakeInstancesAfterBackupRestoration (11ms)
Platform modules already initialized, skipping
Shader 'MoreMountains/MMRipple': fallback shader 'Particle/AlphaBlended' not found
Refreshing native plugins compatible for Editor in 4.88 ms, found 2 plugins.
Preloading 0 native plugins for Editor in 0.00 ms.
Unloading 4863 Unused Serialized files (Serialized files now loaded: 0)
Unloading 52 unused Assets / (314.9 KB). Loaded Objects now: 5736.
Memory consumption went from 0.89 GB to 0.89 GB.
Total: 6.812900 ms (FindLiveObjects: 0.654100 ms CreateObjectMapping: 0.584700 ms MarkObjects: 5.421400 ms  DeleteObjects: 0.151500 ms)

AssetImportParameters requested are different than current active one (requested -> active):
  custom:video-decoder-ogg-theora: a1e56fd34408186e4bbccfd4996cb3dc -> 
  custom:container-muxer-webm: aa71ff27fc2769a1b78a27578f13a17b -> 
  custom:container-demuxer-webm: 4f35f7cbe854078d1ac9338744f61a02 -> 
  custom:video-encoder-webm-vp8: eb34c28f22e8b96e1ab97ce403110664 -> 
  custom:audio-encoder-webm-vorbis: bf7c407c2cedff20999df2af8eb42d56 -> 
  custom:framework-win-MediaFoundation: 216162199b28c13a410421893ffa2e32 -> 
  custom:container-demuxer-ogg: 62fdf1f143b41e24485cea50d1cbac27 -> 
  custom:video-decoder-webm-vp8: 9c59270c3fd7afecdb556c50c9e8de78 -> 
  custom:audio-decoder-ogg-vorbis: bf7c407c2cedff20999df2af8eb42d56 -> 
========================================================================
Received Import Request.
  Time since last request: 290.948939 seconds.
  path: Assets/CreatureCards/creature_transparent/40.png
  artifactKey: Guid(ed6dd897aa58a5b41bdb06bc1bafecd3) Importer(815301076,1909f56bfc062723c751e8b465ee728b)
Start importing Assets/CreatureCards/creature_transparent/40.png using Guid(ed6dd897aa58a5b41bdb06bc1bafecd3) Importer(815301076,1909f56bfc062723c751e8b465ee728b)  -> (artifact id: '872e8ce3f8014f2b399c5311dd80ee62') in 0.257280 seconds 
========================================================================
Received Import Request.
  Time since last request: 0.000047 seconds.
  path: Assets/CreatureCards/creature_transparent/41.png
  artifactKey: Guid(ecc56ac7895b2e440b307c6729753cb2) Importer(815301076,1909f56bfc062723c751e8b465ee728b)
Start importing Assets/CreatureCards/creature_transparent/41.png using Guid(ecc56ac7895b2e440b307c6729753cb2) Importer(815301076,1909f56bfc062723c751e8b465ee728b)  -> (artifact id: 'f1ff140e52a481b1dc8923df157ad104') in 0.184261 seconds 
========================================================================
Received Import Request.
  Time since last request: 0.000048 seconds.
  path: Assets/CreatureCards/creature_transparent/42.png
  artifactKey: Guid(8885a8a7086d87b409d8b3bbe9d41128) Importer(815301076,1909f56bfc062723c751e8b465ee728b)
Start importing Assets/CreatureCards/creature_transparent/42.png using Guid(8885a8a7086d87b409d8b3bbe9d41128) Importer(815301076,1909f56bfc062723c751e8b465ee728b)  -> (artifact id: '5edf5f85b650155a4147f1c536ad5585') in 0.176065 seconds 
========================================================================
Received Import Request.
  Time since last request: 73.953749 seconds.
  path: Assets/CreatureCards/creature_transparent/01.png
  artifactKey: Guid(bd09284133d49c74aaedd572b3015b09) Importer(815301076,1909f56bfc062723c751e8b465ee728b)
Start importing Assets/CreatureCards/creature_transparent/01.png using Guid(bd09284133d49c74aaedd572b3015b09) Importer(815301076,1909f56bfc062723c751e8b465ee728b)  -> (artifact id: 'a92a0481ead449a74972deefd5401ccf') in 0.154831 seconds 
========================================================================
Received Import Request.
  Time since last request: 218.167415 seconds.
  path: Assets/CreatureCards/creature_bg
  artifactKey: Guid(502941dadf266b84593498ef6e5c7c53) Importer(815301076,1909f56bfc062723c751e8b465ee728b)
Start importing Assets/CreatureCards/creature_bg using Guid(502941dadf266b84593498ef6e5c7c53) Importer(815301076,1909f56bfc062723c751e8b465ee728b)  -> (artifact id: '050930e8f51f69371f93952c730a434c') in 0.007601 seconds 
========================================================================
Received Prepare
Registering precompiled user dll's ...
Registered in 0.005925 seconds.
Begin MonoManager ReloadAssembly
Native extension for WindowsStandalone target not found
Refreshing native plugins compatible for Editor in 1.05 ms, found 2 plugins.
Preloading 0 native plugins for Editor in 0.00 ms.
[Package Manager] Server::EnsureServerProcessIsRunning -- launch failed, reason: Unity was launched with the -noUpm command-line argument
[Package Manager] UpmClient::Send -- Unable to send message (not connected to UPM process).
[Package Manager] Cannot connect to Unity Package Manager local server
Mono: successfully reloaded assembly
- Completed reload, in  1.284 seconds
Domain Reload Profiling:
	ReloadAssembly (1285ms)
		BeginReloadAssembly (132ms)
			ExecutionOrderSort (0ms)
			DisableScriptedObjects (7ms)
			BackupInstance (0ms)
			ReleaseScriptingObjects (0ms)
			CreateAndSetChildDomain (42ms)
		EndReloadAssembly (1064ms)
			LoadAssemblies (83ms)
			RebuildTransferFunctionScriptingTraits (0ms)
			SetupTypeCache (258ms)
				TypeCache.Initialize (231ms)
					TypeCache.ScanAssembly (222ms)
				ResolveRequiredComponents (26ms)
			ReleaseScriptCaches (2ms)
			RebuildScriptCaches (65ms)
			SetupLoadedEditorAssemblies (565ms)
				LogAssemblyErrors (0ms)
				InitializePlatformSupportModulesInManaged (11ms)
				SetLoadedEditorAssemblies (7ms)
				RefreshPlugins (1ms)
				BeforeProcessingInitializeOnLoad (90ms)
				ProcessInitializeOnLoadAttributes (271ms)
				ProcessInitializeOnLoadMethodAttributes (177ms)
				AfterProcessingInitializeOnLoad (7ms)
				EditorAssembliesLoaded (0ms)
			ExecutionOrderSort2 (0ms)
			AwakeInstancesAfterBackupRestoration (11ms)
Platform modules already initialized, skipping
Shader 'MoreMountains/MMRipple': fallback shader 'Particle/AlphaBlended' not found
Refreshing native plugins compatible for Editor in 4.07 ms, found 2 plugins.
Preloading 0 native plugins for Editor in 0.00 ms.
Unloading 4863 Unused Serialized files (Serialized files now loaded: 0)
Unloading 52 unused Assets / (314.9 KB). Loaded Objects now: 5740.
Memory consumption went from 0.89 GB to 0.89 GB.
Total: 6.625200 ms (FindLiveObjects: 0.447600 ms CreateObjectMapping: 0.450300 ms MarkObjects: 5.584900 ms  DeleteObjects: 0.140700 ms)

AssetImportParameters requested are different than current active one (requested -> active):
  custom:video-decoder-ogg-theora: a1e56fd34408186e4bbccfd4996cb3dc -> 
  custom:container-muxer-webm: aa71ff27fc2769a1b78a27578f13a17b -> 
  custom:container-demuxer-webm: 4f35f7cbe854078d1ac9338744f61a02 -> 
  custom:video-encoder-webm-vp8: eb34c28f22e8b96e1ab97ce403110664 -> 
  custom:audio-encoder-webm-vorbis: bf7c407c2cedff20999df2af8eb42d56 -> 
  custom:framework-win-MediaFoundation: 216162199b28c13a410421893ffa2e32 -> 
  custom:container-demuxer-ogg: 62fdf1f143b41e24485cea50d1cbac27 -> 
  custom:video-decoder-webm-vp8: 9c59270c3fd7afecdb556c50c9e8de78 -> 
  custom:audio-decoder-ogg-vorbis: bf7c407c2cedff20999df2af8eb42d56 -> 
========================================================================
Received Import Request.
  Time since last request: 282.257701 seconds.
  path: Assets/Sprites/Creatures/doggo_idle.png
  artifactKey: Guid(64e4d5425dc01bf48ac0deeab049d1a5) Importer(815301076,1909f56bfc062723c751e8b465ee728b)
Start importing Assets/Sprites/Creatures/doggo_idle.png using Guid(64e4d5425dc01bf48ac0deeab049d1a5) Importer(815301076,1909f56bfc062723c751e8b465ee728b)  -> (artifact id: '3c2a4a4a6e4a51eaa275db1e2bbd2e93') in 0.751360 seconds 
========================================================================
Received Prepare
Registering precompiled user dll's ...
Registered in 0.005863 seconds.
Begin MonoManager ReloadAssembly
Native extension for WindowsStandalone target not found
Refreshing native plugins compatible for Editor in 1.16 ms, found 2 plugins.
Preloading 0 native plugins for Editor in 0.00 ms.
[Package Manager] Server::EnsureServerProcessIsRunning -- launch failed, reason: Unity was launched with the -noUpm command-line argument
[Package Manager] UpmClient::Send -- Unable to send message (not connected to UPM process).
[Package Manager] Cannot connect to Unity Package Manager local server
Mono: successfully reloaded assembly
- Completed reload, in  1.214 seconds
Domain Reload Profiling:
	ReloadAssembly (1215ms)
		BeginReloadAssembly (126ms)
			ExecutionOrderSort (0ms)
			DisableScriptedObjects (6ms)
			BackupInstance (0ms)
			ReleaseScriptingObjects (0ms)
			CreateAndSetChildDomain (40ms)
		EndReloadAssembly (1003ms)
			LoadAssemblies (83ms)
			RebuildTransferFunctionScriptingTraits (0ms)
			SetupTypeCache (231ms)
				TypeCache.Initialize (213ms)
					TypeCache.ScanAssembly (205ms)
				ResolveRequiredComponents (18ms)
			ReleaseScriptCaches (2ms)
			RebuildScriptCaches (47ms)
			SetupLoadedEditorAssemblies (565ms)
				LogAssemblyErrors (0ms)
				InitializePlatformSupportModulesInManaged (12ms)
				SetLoadedEditorAssemblies (7ms)
				RefreshPlugins (1ms)
				BeforeProcessingInitializeOnLoad (90ms)
				ProcessInitializeOnLoadAttributes (272ms)
				ProcessInitializeOnLoadMethodAttributes (175ms)
				AfterProcessingInitializeOnLoad (7ms)
				EditorAssembliesLoaded (0ms)
			ExecutionOrderSort2 (0ms)
			AwakeInstancesAfterBackupRestoration (11ms)
Platform modules already initialized, skipping
Shader 'MoreMountains/MMRipple': fallback shader 'Particle/AlphaBlended' not found
Refreshing native plugins compatible for Editor in 4.52 ms, found 2 plugins.
Preloading 0 native plugins for Editor in 0.00 ms.
Unloading 4863 Unused Serialized files (Serialized files now loaded: 0)
Unloading 52 unused Assets / (314.9 KB). Loaded Objects now: 5789.
Memory consumption went from 0.89 GB to 0.89 GB.
Total: 6.380300 ms (FindLiveObjects: 0.442000 ms CreateObjectMapping: 0.411100 ms MarkObjects: 5.437200 ms  DeleteObjects: 0.089100 ms)

AssetImportParameters requested are different than current active one (requested -> active):
  custom:video-decoder-ogg-theora: a1e56fd34408186e4bbccfd4996cb3dc -> 
  custom:container-muxer-webm: aa71ff27fc2769a1b78a27578f13a17b -> 
  custom:container-demuxer-webm: 4f35f7cbe854078d1ac9338744f61a02 -> 
  custom:video-encoder-webm-vp8: eb34c28f22e8b96e1ab97ce403110664 -> 
  custom:audio-encoder-webm-vorbis: bf7c407c2cedff20999df2af8eb42d56 -> 
  custom:framework-win-MediaFoundation: 216162199b28c13a410421893ffa2e32 -> 
  custom:container-demuxer-ogg: 62fdf1f143b41e24485cea50d1cbac27 -> 
  custom:video-decoder-webm-vp8: 9c59270c3fd7afecdb556c50c9e8de78 -> 
  custom:audio-decoder-ogg-vorbis: bf7c407c2cedff20999df2af8eb42d56 -> 
========================================================================
Received Prepare
Registering precompiled user dll's ...
Registered in 0.005654 seconds.
Begin MonoManager ReloadAssembly
Native extension for WindowsStandalone target not found
Refreshing native plugins compatible for Editor in 0.96 ms, found 2 plugins.
Preloading 0 native plugins for Editor in 0.00 ms.
[Package Manager] Server::EnsureServerProcessIsRunning -- launch failed, reason: Unity was launched with the -noUpm command-line argument
[Package Manager] UpmClient::Send -- Unable to send message (not connected to UPM process).
[Package Manager] Cannot connect to Unity Package Manager local server
Mono: successfully reloaded assembly
- Completed reload, in  1.275 seconds
Domain Reload Profiling:
	ReloadAssembly (1275ms)
		BeginReloadAssembly (123ms)
			ExecutionOrderSort (0ms)
			DisableScriptedObjects (6ms)
			BackupInstance (0ms)
			ReleaseScriptingObjects (0ms)
			CreateAndSetChildDomain (37ms)
		EndReloadAssembly (1066ms)
			LoadAssemblies (81ms)
			RebuildTransferFunctionScriptingTraits (0ms)
			SetupTypeCache (225ms)
				TypeCache.Initialize (209ms)
					TypeCache.ScanAssembly (204ms)
				ResolveRequiredComponents (16ms)
			ReleaseScriptCaches (1ms)
			RebuildScriptCaches (47ms)
			SetupLoadedEditorAssemblies (637ms)
				LogAssemblyErrors (0ms)
				InitializePlatformSupportModulesInManaged (10ms)
				SetLoadedEditorAssemblies (7ms)
				RefreshPlugins (1ms)
				BeforeProcessingInitializeOnLoad (89ms)
				ProcessInitializeOnLoadAttributes (322ms)
				ProcessInitializeOnLoadMethodAttributes (201ms)
				AfterProcessingInitializeOnLoad (7ms)
				EditorAssembliesLoaded (0ms)
			ExecutionOrderSort2 (0ms)
			AwakeInstancesAfterBackupRestoration (11ms)
Platform modules already initialized, skipping
Shader 'MoreMountains/MMRipple': fallback shader 'Particle/AlphaBlended' not found
Refreshing native plugins compatible for Editor in 4.32 ms, found 2 plugins.
Preloading 0 native plugins for Editor in 0.00 ms.
Unloading 4863 Unused Serialized files (Serialized files now loaded: 0)
Unloading 52 unused Assets / (314.9 KB). Loaded Objects now: 5793.
Memory consumption went from 0.89 GB to 0.89 GB.
Total: 7.150600 ms (FindLiveObjects: 0.531100 ms CreateObjectMapping: 0.396000 ms MarkObjects: 6.130800 ms  DeleteObjects: 0.091300 ms)

AssetImportParameters requested are different than current active one (requested -> active):
  custom:video-decoder-ogg-theora: a1e56fd34408186e4bbccfd4996cb3dc -> 
  custom:container-muxer-webm: aa71ff27fc2769a1b78a27578f13a17b -> 
  custom:container-demuxer-webm: 4f35f7cbe854078d1ac9338744f61a02 -> 
  custom:video-encoder-webm-vp8: eb34c28f22e8b96e1ab97ce403110664 -> 
  custom:audio-encoder-webm-vorbis: bf7c407c2cedff20999df2af8eb42d56 -> 
  custom:framework-win-MediaFoundation: 216162199b28c13a410421893ffa2e32 -> 
  custom:container-demuxer-ogg: 62fdf1f143b41e24485cea50d1cbac27 -> 
  custom:video-decoder-webm-vp8: 9c59270c3fd7afecdb556c50c9e8de78 -> 
  custom:audio-decoder-ogg-vorbis: bf7c407c2cedff20999df2af8eb42d56 -> 
