Using pre-set license
Built from '2022.1/staging' branch; Version is '2022.1.7f1 (240f4c1f462c) revision 2363212'; Using compiler version '192829333'; Build Type 'Release'
OS: 'Windows 10  (10.0.19044) 64bit Core' Language: 'en' Physical Memory: 16322 MB
BatchMode: 1, IsHumanControllingUs: 0, StartBugReporterOnCrash: 0, Is64bit: 1, IsPro: 1

COMMAND LINE ARGUMENTS:
C:\Program Files\Unity\Hub\Editor\2022.1.7f1\Editor\Unity.exe
-adb2
-batchMode
-noUpm
-name
AssetImportWorker1
-projectPath
C:/Users/minig/Documents/Projects/Turquoise Flavour
-logFile
Logs/AssetImportWorker1.log
-srvPort
65319
Successfully changed project path to: C:/Users/minig/Documents/Projects/Turquoise Flavour
C:/Users/minig/Documents/Projects/Turquoise Flavour
[UnityMemory] Configuration Parameters - Can be set up in boot.config
    "memorysetup-bucket-allocator-granularity=16"
    "memorysetup-bucket-allocator-bucket-count=8"
    "memorysetup-bucket-allocator-block-size=33554432"
    "memorysetup-bucket-allocator-block-count=8"
    "memorysetup-main-allocator-block-size=16777216"
    "memorysetup-thread-allocator-block-size=16777216"
    "memorysetup-gfx-main-allocator-block-size=16777216"
    "memorysetup-gfx-thread-allocator-block-size=16777216"
    "memorysetup-cache-allocator-block-size=4194304"
    "memorysetup-typetree-allocator-block-size=2097152"
    "memorysetup-profiler-bucket-allocator-granularity=16"
    "memorysetup-profiler-bucket-allocator-bucket-count=8"
    "memorysetup-profiler-bucket-allocator-block-size=33554432"
    "memorysetup-profiler-bucket-allocator-block-count=8"
    "memorysetup-profiler-allocator-block-size=16777216"
    "memorysetup-profiler-editor-allocator-block-size=1048576"
    "memorysetup-temp-allocator-size-main=16777216"
    "memorysetup-job-temp-allocator-block-size=2097152"
    "memorysetup-job-temp-allocator-block-size-background=1048576"
    "memorysetup-job-temp-allocator-reduction-small-platforms=262144"
    "memorysetup-temp-allocator-size-background-worker=32768"
    "memorysetup-temp-allocator-size-job-worker=262144"
    "memorysetup-temp-allocator-size-preload-manager=33554432"
    "memorysetup-temp-allocator-size-nav-mesh-worker=65536"
    "memorysetup-temp-allocator-size-audio-worker=65536"
    "memorysetup-temp-allocator-size-cloud-worker=32768"
    "memorysetup-temp-allocator-size-gi-baking-worker=262144"
    "memorysetup-temp-allocator-size-gfx=262144"
Refreshing native plugins compatible for Editor in 88.25 ms, found 2 plugins.
Preloading 0 native plugins for Editor in 0.00 ms.
Initialize engine version: 2022.1.7f1 (240f4c1f462c)
[Subsystems] Discovering subsystems at path C:/Program Files/Unity/Hub/Editor/2022.1.7f1/Editor/Data/Resources/UnitySubsystems
[Subsystems] Discovering subsystems at path C:/Users/minig/Documents/Projects/Turquoise Flavour/Assets
GfxDevice: creating device client; threaded=0; jobified=0
Direct3D:
    Version:  Direct3D 11.0 [level 11.1]
    Renderer: NVIDIA GeForce RTX 2070 (ID=0x1f02)
    Vendor:   NVIDIA
    VRAM:     8031 MB
    Driver:   30.0.15.1215
Shader 'MoreMountains/MMRipple': fallback shader 'Particle/AlphaBlended' not found
Initialize mono
Mono path[0] = 'C:/Program Files/Unity/Hub/Editor/2022.1.7f1/Editor/Data/Managed'
Mono path[1] = 'C:/Program Files/Unity/Hub/Editor/2022.1.7f1/Editor/Data/MonoBleedingEdge/lib/mono/unityjit-win32'
Mono config path = 'C:/Program Files/Unity/Hub/Editor/2022.1.7f1/Editor/Data/MonoBleedingEdge/etc'
Using monoOptions --debugger-agent=transport=dt_socket,embedding=1,server=y,suspend=n,address=127.0.0.1:56968
Begin MonoManager ReloadAssembly
Registering precompiled unity dll's ...
Register platform support module: C:/Program Files/Unity/Hub/Editor/2022.1.7f1/Editor/Data/PlaybackEngines/WindowsStandaloneSupport/UnityEditor.WindowsStandalone.Extensions.dll
Registered in 0.005629 seconds.
Native extension for WindowsStandalone target not found
Refreshing native plugins compatible for Editor in 84.79 ms, found 2 plugins.
Preloading 0 native plugins for Editor in 0.00 ms.
Mono: successfully reloaded assembly
- Completed reload, in  0.673 seconds
Domain Reload Profiling:
	ReloadAssembly (674ms)
		BeginReloadAssembly (90ms)
			ExecutionOrderSort (0ms)
			DisableScriptedObjects (0ms)
			BackupInstance (0ms)
			ReleaseScriptingObjects (0ms)
			CreateAndSetChildDomain (2ms)
		EndReloadAssembly (473ms)
			LoadAssemblies (85ms)
			RebuildTransferFunctionScriptingTraits (0ms)
			SetupTypeCache (113ms)
				TypeCache.Initialize (112ms)
					TypeCache.ScanAssembly (111ms)
				ResolveRequiredComponents (0ms)
			ReleaseScriptCaches (0ms)
			RebuildScriptCaches (31ms)
			SetupLoadedEditorAssemblies (271ms)
				LogAssemblyErrors (0ms)
				InitializePlatformSupportModulesInManaged (9ms)
				SetLoadedEditorAssemblies (9ms)
				RefreshPlugins (85ms)
				BeforeProcessingInitializeOnLoad (1ms)
				ProcessInitializeOnLoadAttributes (124ms)
				ProcessInitializeOnLoadMethodAttributes (43ms)
				AfterProcessingInitializeOnLoad (0ms)
				EditorAssembliesLoaded (0ms)
			ExecutionOrderSort2 (0ms)
			AwakeInstancesAfterBackupRestoration (0ms)
Platform modules already initialized, skipping
Registering precompiled user dll's ...
Registered in 0.006335 seconds.
Begin MonoManager ReloadAssembly
Native extension for WindowsStandalone target not found
Refreshing native plugins compatible for Editor in 94.67 ms, found 2 plugins.
Preloading 0 native plugins for Editor in 0.00 ms.
Package Manager log level set to [2]
[Package Manager] Server::EnsureServerProcessIsRunning -- launch failed, reason: Unity was launched with the -noUpm command-line argument
[Package Manager] UpmClient::Send -- Unable to send message (not connected to UPM process).
[Package Manager] Cannot connect to Unity Package Manager local server
Mono: successfully reloaded assembly
- Completed reload, in  1.807 seconds
Domain Reload Profiling:
	ReloadAssembly (1808ms)
		BeginReloadAssembly (115ms)
			ExecutionOrderSort (0ms)
			DisableScriptedObjects (5ms)
			BackupInstance (0ms)
			ReleaseScriptingObjects (0ms)
			CreateAndSetChildDomain (22ms)
		EndReloadAssembly (1566ms)
			LoadAssemblies (90ms)
			RebuildTransferFunctionScriptingTraits (0ms)
			SetupTypeCache (267ms)
				TypeCache.Initialize (250ms)
					TypeCache.ScanAssembly (245ms)
				ResolveRequiredComponents (17ms)
			ReleaseScriptCaches (1ms)
			RebuildScriptCaches (83ms)
			SetupLoadedEditorAssemblies (1061ms)
				LogAssemblyErrors (0ms)
				InitializePlatformSupportModulesInManaged (4ms)
				SetLoadedEditorAssemblies (8ms)
				RefreshPlugins (95ms)
				BeforeProcessingInitializeOnLoad (122ms)
				ProcessInitializeOnLoadAttributes (620ms)
				ProcessInitializeOnLoadMethodAttributes (205ms)
				AfterProcessingInitializeOnLoad (7ms)
				EditorAssembliesLoaded (0ms)
			ExecutionOrderSort2 (0ms)
			AwakeInstancesAfterBackupRestoration (6ms)
Platform modules already initialized, skipping
========================================================================
Worker process is ready to serve import requests
Shader 'MoreMountains/MMRipple': fallback shader 'Particle/AlphaBlended' not found
Launched and connected shader compiler UnityShaderCompiler.exe after 0.03 seconds
Refreshing native plugins compatible for Editor in 1.85 ms, found 2 plugins.
Preloading 0 native plugins for Editor in 0.00 ms.
Unloading 4983 Unused Serialized files (Serialized files now loaded: 0)
Unloading 66 unused Assets / (0.6 MB). Loaded Objects now: 5553.
Memory consumption went from 0.87 GB to 0.87 GB.
Total: 7.469100 ms (FindLiveObjects: 0.586400 ms CreateObjectMapping: 0.538800 ms MarkObjects: 6.011000 ms  DeleteObjects: 0.331600 ms)

AssetImportParameters requested are different than current active one (requested -> active):
  custom:video-decoder-ogg-theora: a1e56fd34408186e4bbccfd4996cb3dc -> 
  custom:container-muxer-webm: aa71ff27fc2769a1b78a27578f13a17b -> 
  custom:container-demuxer-webm: 4f35f7cbe854078d1ac9338744f61a02 -> 
  custom:video-encoder-webm-vp8: eb34c28f22e8b96e1ab97ce403110664 -> 
  custom:audio-encoder-webm-vorbis: bf7c407c2cedff20999df2af8eb42d56 -> 
  custom:framework-win-MediaFoundation: 216162199b28c13a410421893ffa2e32 -> 
  custom:container-demuxer-ogg: 62fdf1f143b41e24485cea50d1cbac27 -> 
  custom:video-decoder-webm-vp8: 9c59270c3fd7afecdb556c50c9e8de78 -> 
  custom:audio-decoder-ogg-vorbis: bf7c407c2cedff20999df2af8eb42d56 -> 
========================================================================
Received Import Request.
  Time since last request: 8709.158339 seconds.
  path: Assets/Images/Creatures/DALL·E 2022-09-16 11.45.25 - A huge crab with a giant furnace as a belly, in Magic the Gathering artstyle, digital art.png
  artifactKey: Guid(ef166006c5cbe94419a0153ee869b5c3) Importer(815301076,1909f56bfc062723c751e8b465ee728b)
Start importing Assets/Images/Creatures/DALL·E 2022-09-16 11.45.25 - A huge crab with a giant furnace as a belly, in Magic the Gathering artstyle, digital art.png using Guid(ef166006c5cbe94419a0153ee869b5c3) Importer(815301076,1909f56bfc062723c751e8b465ee728b)  -> (artifact id: '9c71a89b0a600b3ec05e651b593d203b') in 0.230255 seconds 
========================================================================
Received Import Request.
  Time since last request: 0.000039 seconds.
  path: Assets/Images/Creatures/DALL·E 2022-09-16 11.44.57 - A huge crab with a giant furnace as a belly as a  fire-type Pokemon without background, digital art.png
  artifactKey: Guid(a4009e83d1331a640ba456435cdbcdde) Importer(815301076,1909f56bfc062723c751e8b465ee728b)
Start importing Assets/Images/Creatures/DALL·E 2022-09-16 11.44.57 - A huge crab with a giant furnace as a belly as a  fire-type Pokemon without background, digital art.png using Guid(a4009e83d1331a640ba456435cdbcdde) Importer(815301076,1909f56bfc062723c751e8b465ee728b)  -> (artifact id: 'f2d71c1cc93e1383bd42aa8e35704697') in 0.118128 seconds 
========================================================================
Received Import Request.
  Time since last request: 0.000022 seconds.
  path: Assets/Images/Creatures/DALL·E 2022-09-16 11.44.35 - A huge fire-crab with a furnace in its belly as a Pokemon, no background.png
  artifactKey: Guid(a5ae3d9aab3e744409788419ca6aa7c7) Importer(815301076,1909f56bfc062723c751e8b465ee728b)
Start importing Assets/Images/Creatures/DALL·E 2022-09-16 11.44.35 - A huge fire-crab with a furnace in its belly as a Pokemon, no background.png using Guid(a5ae3d9aab3e744409788419ca6aa7c7) Importer(815301076,1909f56bfc062723c751e8b465ee728b)  -> (artifact id: '4c384dbad6d010860ddd3a1dd6794fbc') in 0.086925 seconds 
========================================================================
Received Import Request.
  Time since last request: 553.399768 seconds.
  path: Assets/Shaders/PixelatedShader Variant 1.mat
  artifactKey: Guid(5927b80e145a6be4aa4c0cae7f2fc5ec) Importer(815301076,1909f56bfc062723c751e8b465ee728b)
Start importing Assets/Shaders/PixelatedShader Variant 1.mat using Guid(5927b80e145a6be4aa4c0cae7f2fc5ec) Importer(815301076,1909f56bfc062723c751e8b465ee728b)  -> (artifact id: '4e0111a45e5382a55bfd13b29f0f5d6c') in 0.276116 seconds 
========================================================================
Received Import Request.
  Time since last request: 472.086281 seconds.
  path: Assets/Images/Creatures/DALL_E_2022-09-16_11.46.23_-_A_concept_art_of_an_epic_ice_owl_as_a_new_Pokemon_without_background-removebg-preview.png
  artifactKey: Guid(77c0997303eb96a478d385b650ccb883) Importer(815301076,1909f56bfc062723c751e8b465ee728b)
Start importing Assets/Images/Creatures/DALL_E_2022-09-16_11.46.23_-_A_concept_art_of_an_epic_ice_owl_as_a_new_Pokemon_without_background-removebg-preview.png using Guid(77c0997303eb96a478d385b650ccb883) Importer(815301076,1909f56bfc062723c751e8b465ee728b)  -> (artifact id: '545711c7592143fa3559a42027a98b79') in 0.079188 seconds 
========================================================================
Received Import Request.
  Time since last request: 3232.461159 seconds.
  path: Assets/Homeless/UI Assets/Rank_Icons/UI_Rank_Icon_Bronze_2.png
  artifactKey: Guid(6711410380ce17942882d074d493eecb) Importer(815301076,1909f56bfc062723c751e8b465ee728b)
Start importing Assets/Homeless/UI Assets/Rank_Icons/UI_Rank_Icon_Bronze_2.png using Guid(6711410380ce17942882d074d493eecb) Importer(815301076,1909f56bfc062723c751e8b465ee728b)  -> (artifact id: '0a4c7c2b406ebbb30363670a0bdf3d72') in 0.047030 seconds 
========================================================================
Received Import Request.
  Time since last request: 0.000043 seconds.
  path: Assets/Homeless/UI Assets/Rank_Icons/UI_Rank_Icon_Medal_Bronze.png
  artifactKey: Guid(d9182d7766fa11640beb4adcc97dcc3c) Importer(815301076,1909f56bfc062723c751e8b465ee728b)
Start importing Assets/Homeless/UI Assets/Rank_Icons/UI_Rank_Icon_Medal_Bronze.png using Guid(d9182d7766fa11640beb4adcc97dcc3c) Importer(815301076,1909f56bfc062723c751e8b465ee728b)  -> (artifact id: '18ad797922875fee4b5a44042ca1e439') in 0.050866 seconds 
========================================================================
Received Import Request.
  Time since last request: 0.000039 seconds.
  path: Assets/Homeless/UI Assets/Rank_Icons/UI_Rank_Icon_Bronze_Frame_3.png
  artifactKey: Guid(be3a44c5b33c19d43bea41cf8e1c69b2) Importer(815301076,1909f56bfc062723c751e8b465ee728b)
Start importing Assets/Homeless/UI Assets/Rank_Icons/UI_Rank_Icon_Bronze_Frame_3.png using Guid(be3a44c5b33c19d43bea41cf8e1c69b2) Importer(815301076,1909f56bfc062723c751e8b465ee728b)  -> (artifact id: 'b68c8bfa5582a5d2ec933f7ce3730672') in 0.020782 seconds 
========================================================================
Received Import Request.
  Time since last request: 0.000036 seconds.
  path: Assets/Homeless/UI Assets/Rank_Icons/UI_Rank_Icon_Silver_1.png
  artifactKey: Guid(dc9b8c422031f9c4d98e2b702e9695a7) Importer(815301076,1909f56bfc062723c751e8b465ee728b)
Start importing Assets/Homeless/UI Assets/Rank_Icons/UI_Rank_Icon_Silver_1.png using Guid(dc9b8c422031f9c4d98e2b702e9695a7) Importer(815301076,1909f56bfc062723c751e8b465ee728b)  -> (artifact id: 'ec2b4e5b4e22062f5c1381d9c0edc4b9') in 0.025181 seconds 
========================================================================
Received Import Request.
  Time since last request: 0.000029 seconds.
  path: Assets/Homeless/UI Assets/Rank_Icons/UI_Rank_Icon_Medal_Gold.png
  artifactKey: Guid(4be4495c991bac24496c00b0678cf0f4) Importer(815301076,1909f56bfc062723c751e8b465ee728b)
Start importing Assets/Homeless/UI Assets/Rank_Icons/UI_Rank_Icon_Medal_Gold.png using Guid(4be4495c991bac24496c00b0678cf0f4) Importer(815301076,1909f56bfc062723c751e8b465ee728b)  -> (artifact id: '06b5b4923683abe4dc0fd3a9a67cce92') in 0.024423 seconds 
========================================================================
Received Import Request.
  Time since last request: 0.000021 seconds.
  path: Assets/Homeless/UI Assets/Rank_Icons/UI_Rank_Icon_Gold_Frame_2.png
  artifactKey: Guid(7cd1cb22758072c4e90a4bc1432317f3) Importer(815301076,1909f56bfc062723c751e8b465ee728b)
Start importing Assets/Homeless/UI Assets/Rank_Icons/UI_Rank_Icon_Gold_Frame_2.png using Guid(7cd1cb22758072c4e90a4bc1432317f3) Importer(815301076,1909f56bfc062723c751e8b465ee728b)  -> (artifact id: '77779c675834ae627c16ea2217d61114') in 0.026569 seconds 
========================================================================
Received Import Request.
  Time since last request: 0.000021 seconds.
  path: Assets/Homeless/UI Assets/Rank_Icons/UI_Rank_Icon_Gold_frame_3.png
  artifactKey: Guid(9c4c8b6f5d7a6404fabc9fda99c656d9) Importer(815301076,1909f56bfc062723c751e8b465ee728b)
Start importing Assets/Homeless/UI Assets/Rank_Icons/UI_Rank_Icon_Gold_frame_3.png using Guid(9c4c8b6f5d7a6404fabc9fda99c656d9) Importer(815301076,1909f56bfc062723c751e8b465ee728b)  -> (artifact id: '86eceb0dfd052ace9ac13392ce5c50b4') in 0.026152 seconds 
========================================================================
Received Import Request.
  Time since last request: 0.000031 seconds.
  path: Assets/Homeless/UI Assets/Rank_Icons/UI_Rank_Icon_Silver_3.png
  artifactKey: Guid(efc93daa1b67aa94ea558343f31e7dd7) Importer(815301076,1909f56bfc062723c751e8b465ee728b)
Start importing Assets/Homeless/UI Assets/Rank_Icons/UI_Rank_Icon_Silver_3.png using Guid(efc93daa1b67aa94ea558343f31e7dd7) Importer(815301076,1909f56bfc062723c751e8b465ee728b)  -> (artifact id: '4f4bbd225ef2a2f85dfebf60a802d616') in 0.042195 seconds 
========================================================================
Received Import Request.
  Time since last request: 0.000039 seconds.
  path: Assets/Homeless/UI Assets/Rank_Icons/UI_Rank_Icon_Bronze_Frame_1.png
  artifactKey: Guid(88a9321bc99abb7498be296553264e0a) Importer(815301076,1909f56bfc062723c751e8b465ee728b)
Start importing Assets/Homeless/UI Assets/Rank_Icons/UI_Rank_Icon_Bronze_Frame_1.png using Guid(88a9321bc99abb7498be296553264e0a) Importer(815301076,1909f56bfc062723c751e8b465ee728b)  -> (artifact id: '150c923500fd89c3945d02e675cad94e') in 0.035562 seconds 
========================================================================
Received Import Request.
  Time since last request: 0.000028 seconds.
  path: Assets/Homeless/UI Assets/Rank_Icons/UI_Rank_Icon_Medal_Silver.png
  artifactKey: Guid(00ca63ef3d10f99439b186fdfef1faf5) Importer(815301076,1909f56bfc062723c751e8b465ee728b)
Start importing Assets/Homeless/UI Assets/Rank_Icons/UI_Rank_Icon_Medal_Silver.png using Guid(00ca63ef3d10f99439b186fdfef1faf5) Importer(815301076,1909f56bfc062723c751e8b465ee728b)  -> (artifact id: 'cb865b10a46fc8ab1767e6b82fec9d50') in 0.023563 seconds 
Editor requested this worker to shutdown with reason: Scaling down because of idle timeout
AssetImportWorker is now disconnected from the server
Process exiting
Exiting without the bug reporter. Application will terminate with return code 0