Using pre-set license
Built from '2022.1/staging' branch; Version is '2022.1.7f1 (240f4c1f462c) revision 2363212'; Using compiler version '192829333'; Build Type 'Release'
OS: 'Windows 10  (10.0.19044) 64bit Core' Language: 'en' Physical Memory: 16322 MB
BatchMode: 1, IsHumanControllingUs: 0, StartBugReporterOnCrash: 0, Is64bit: 1, IsPro: 1

COMMAND LINE ARGUMENTS:
C:\Program Files\Unity\Hub\Editor\2022.1.7f1\Editor\Unity.exe
-adb2
-batchMode
-noUpm
-name
AssetImportWorker21
-projectPath
C:/Users/minig/Documents/Projects/Turquoise Flavour
-logFile
Logs/AssetImportWorker21.log
-srvPort
58203
Successfully changed project path to: C:/Users/minig/Documents/Projects/Turquoise Flavour
C:/Users/minig/Documents/Projects/Turquoise Flavour
[UnityMemory] Configuration Parameters - Can be set up in boot.config
    "memorysetup-bucket-allocator-granularity=16"
    "memorysetup-bucket-allocator-bucket-count=8"
    "memorysetup-bucket-allocator-block-size=33554432"
    "memorysetup-bucket-allocator-block-count=8"
    "memorysetup-main-allocator-block-size=16777216"
    "memorysetup-thread-allocator-block-size=16777216"
    "memorysetup-gfx-main-allocator-block-size=16777216"
    "memorysetup-gfx-thread-allocator-block-size=16777216"
    "memorysetup-cache-allocator-block-size=4194304"
    "memorysetup-typetree-allocator-block-size=2097152"
    "memorysetup-profiler-bucket-allocator-granularity=16"
    "memorysetup-profiler-bucket-allocator-bucket-count=8"
    "memorysetup-profiler-bucket-allocator-block-size=33554432"
    "memorysetup-profiler-bucket-allocator-block-count=8"
    "memorysetup-profiler-allocator-block-size=16777216"
    "memorysetup-profiler-editor-allocator-block-size=1048576"
    "memorysetup-temp-allocator-size-main=16777216"
    "memorysetup-job-temp-allocator-block-size=2097152"
    "memorysetup-job-temp-allocator-block-size-background=1048576"
    "memorysetup-job-temp-allocator-reduction-small-platforms=262144"
    "memorysetup-temp-allocator-size-background-worker=32768"
    "memorysetup-temp-allocator-size-job-worker=262144"
    "memorysetup-temp-allocator-size-preload-manager=33554432"
    "memorysetup-temp-allocator-size-nav-mesh-worker=65536"
    "memorysetup-temp-allocator-size-audio-worker=65536"
    "memorysetup-temp-allocator-size-cloud-worker=32768"
    "memorysetup-temp-allocator-size-gi-baking-worker=262144"
    "memorysetup-temp-allocator-size-gfx=262144"
Refreshing native plugins compatible for Editor in 95.36 ms, found 2 plugins.
Preloading 0 native plugins for Editor in 0.00 ms.
Initialize engine version: 2022.1.7f1 (240f4c1f462c)
[Subsystems] Discovering subsystems at path C:/Program Files/Unity/Hub/Editor/2022.1.7f1/Editor/Data/Resources/UnitySubsystems
[Subsystems] Discovering subsystems at path C:/Users/minig/Documents/Projects/Turquoise Flavour/Assets
GfxDevice: creating device client; threaded=0; jobified=0
Direct3D:
    Version:  Direct3D 11.0 [level 11.1]
    Renderer: NVIDIA GeForce RTX 2070 (ID=0x1f02)
    Vendor:   NVIDIA
    VRAM:     8031 MB
    Driver:   30.0.15.1215
Shader 'MoreMountains/MMRipple': fallback shader 'Particle/AlphaBlended' not found
Initialize mono
Mono path[0] = 'C:/Program Files/Unity/Hub/Editor/2022.1.7f1/Editor/Data/Managed'
Mono path[1] = 'C:/Program Files/Unity/Hub/Editor/2022.1.7f1/Editor/Data/MonoBleedingEdge/lib/mono/unityjit-win32'
Mono config path = 'C:/Program Files/Unity/Hub/Editor/2022.1.7f1/Editor/Data/MonoBleedingEdge/etc'
Using monoOptions --debugger-agent=transport=dt_socket,embedding=1,server=y,suspend=n,address=127.0.0.1:56364
Begin MonoManager ReloadAssembly
Registering precompiled unity dll's ...
Register platform support module: C:/Program Files/Unity/Hub/Editor/2022.1.7f1/Editor/Data/PlaybackEngines/WindowsStandaloneSupport/UnityEditor.WindowsStandalone.Extensions.dll
Registered in 0.006551 seconds.
Native extension for WindowsStandalone target not found
Refreshing native plugins compatible for Editor in 74.12 ms, found 2 plugins.
Preloading 0 native plugins for Editor in 0.00 ms.
Mono: successfully reloaded assembly
- Completed reload, in  0.715 seconds
Domain Reload Profiling:
	ReloadAssembly (715ms)
		BeginReloadAssembly (76ms)
			ExecutionOrderSort (0ms)
			DisableScriptedObjects (0ms)
			BackupInstance (0ms)
			ReleaseScriptingObjects (0ms)
			CreateAndSetChildDomain (1ms)
		EndReloadAssembly (530ms)
			LoadAssemblies (74ms)
			RebuildTransferFunctionScriptingTraits (0ms)
			SetupTypeCache (184ms)
				TypeCache.Initialize (183ms)
					TypeCache.ScanAssembly (180ms)
				ResolveRequiredComponents (1ms)
			ReleaseScriptCaches (0ms)
			RebuildScriptCaches (34ms)
			SetupLoadedEditorAssemblies (247ms)
				LogAssemblyErrors (0ms)
				InitializePlatformSupportModulesInManaged (9ms)
				SetLoadedEditorAssemblies (8ms)
				RefreshPlugins (74ms)
				BeforeProcessingInitializeOnLoad (1ms)
				ProcessInitializeOnLoadAttributes (115ms)
				ProcessInitializeOnLoadMethodAttributes (39ms)
				AfterProcessingInitializeOnLoad (0ms)
				EditorAssembliesLoaded (0ms)
			ExecutionOrderSort2 (0ms)
			AwakeInstancesAfterBackupRestoration (0ms)
Platform modules already initialized, skipping
Registering precompiled user dll's ...
Registered in 0.006060 seconds.
Begin MonoManager ReloadAssembly
Native extension for WindowsStandalone target not found
Refreshing native plugins compatible for Editor in 75.17 ms, found 2 plugins.
Preloading 0 native plugins for Editor in 0.00 ms.
Package Manager log level set to [2]
[Package Manager] Server::EnsureServerProcessIsRunning -- launch failed, reason: Unity was launched with the -noUpm command-line argument
[Package Manager] UpmClient::Send -- Unable to send message (not connected to UPM process).
[Package Manager] Cannot connect to Unity Package Manager local server
Mono: successfully reloaded assembly
- Completed reload, in  1.577 seconds
Domain Reload Profiling:
	ReloadAssembly (1578ms)
		BeginReloadAssembly (159ms)
			ExecutionOrderSort (0ms)
			DisableScriptedObjects (8ms)
			BackupInstance (0ms)
			ReleaseScriptingObjects (0ms)
			CreateAndSetChildDomain (35ms)
		EndReloadAssembly (1291ms)
			LoadAssemblies (207ms)
			RebuildTransferFunctionScriptingTraits (0ms)
			SetupTypeCache (263ms)
				TypeCache.Initialize (246ms)
					TypeCache.ScanAssembly (242ms)
				ResolveRequiredComponents (17ms)
			ReleaseScriptCaches (1ms)
			RebuildScriptCaches (80ms)
			SetupLoadedEditorAssemblies (705ms)
				LogAssemblyErrors (0ms)
				InitializePlatformSupportModulesInManaged (5ms)
				SetLoadedEditorAssemblies (9ms)
				RefreshPlugins (75ms)
				BeforeProcessingInitializeOnLoad (110ms)
				ProcessInitializeOnLoadAttributes (333ms)
				ProcessInitializeOnLoadMethodAttributes (166ms)
				AfterProcessingInitializeOnLoad (7ms)
				EditorAssembliesLoaded (0ms)
			ExecutionOrderSort2 (0ms)
			AwakeInstancesAfterBackupRestoration (5ms)
Platform modules already initialized, skipping
========================================================================
Worker process is ready to serve import requests
Shader 'MoreMountains/MMRipple': fallback shader 'Particle/AlphaBlended' not found
Launched and connected shader compiler UnityShaderCompiler.exe after 0.03 seconds
Refreshing native plugins compatible for Editor in 1.07 ms, found 2 plugins.
Preloading 0 native plugins for Editor in 0.00 ms.
Unloading 5041 Unused Serialized files (Serialized files now loaded: 0)
Unloading 62 unused Assets / (323.7 KB). Loaded Objects now: 5615.
Memory consumption went from 0.89 GB to 0.89 GB.
Total: 6.205000 ms (FindLiveObjects: 0.464900 ms CreateObjectMapping: 0.418300 ms MarkObjects: 5.217100 ms  DeleteObjects: 0.104100 ms)

AssetImportParameters requested are different than current active one (requested -> active):
  custom:video-decoder-ogg-theora: a1e56fd34408186e4bbccfd4996cb3dc -> 
  custom:container-muxer-webm: aa71ff27fc2769a1b78a27578f13a17b -> 
  custom:container-demuxer-webm: 4f35f7cbe854078d1ac9338744f61a02 -> 
  custom:video-encoder-webm-vp8: eb34c28f22e8b96e1ab97ce403110664 -> 
  custom:audio-encoder-webm-vorbis: bf7c407c2cedff20999df2af8eb42d56 -> 
  custom:framework-win-MediaFoundation: 216162199b28c13a410421893ffa2e32 -> 
  custom:container-demuxer-ogg: 62fdf1f143b41e24485cea50d1cbac27 -> 
  custom:video-decoder-webm-vp8: 9c59270c3fd7afecdb556c50c9e8de78 -> 
  custom:audio-decoder-ogg-vorbis: bf7c407c2cedff20999df2af8eb42d56 -> 
========================================================================
Received Import Request.
  Time since last request: 873083.095755 seconds.
  path: Assets/Feel/MMTools/Tools/MMAchievements/Sprites/AchievementBackground.png
  artifactKey: Guid(cecdbf60b0c9d47c9a26b99a41425de0) Importer(815301076,1909f56bfc062723c751e8b465ee728b)
Start importing Assets/Feel/MMTools/Tools/MMAchievements/Sprites/AchievementBackground.png using Guid(cecdbf60b0c9d47c9a26b99a41425de0) Importer(815301076,1909f56bfc062723c751e8b465ee728b)  -> (artifact id: 'cb364d87d6f4ffa4bcffb59654824775') in 0.135832 seconds 
========================================================================
Received Import Request.
  Time since last request: 336.667322 seconds.
  path: Assets/CreatureCards/creature_bg/100.png
  artifactKey: Guid(743c5feb9158b21418de5a474f04948c) Importer(815301076,1909f56bfc062723c751e8b465ee728b)
Start importing Assets/CreatureCards/creature_bg/100.png using Guid(743c5feb9158b21418de5a474f04948c) Importer(815301076,1909f56bfc062723c751e8b465ee728b)  -> (artifact id: '06b9040b33d46a9b71431fd8307827f6') in 0.285370 seconds 
========================================================================
Received Import Request.
  Time since last request: 0.000023 seconds.
  path: Assets/Sprites/Cards/263942_10150676893955052_1612212_n.jpg
  artifactKey: Guid(0c109deb67441d14a8a30e672c218e6d) Importer(815301076,1909f56bfc062723c751e8b465ee728b)
Start importing Assets/Sprites/Cards/263942_10150676893955052_1612212_n.jpg using Guid(0c109deb67441d14a8a30e672c218e6d) Importer(815301076,1909f56bfc062723c751e8b465ee728b)  -> (artifact id: '692d6dc5fa0367067bdfbb3fbf9b6a56') in 0.064058 seconds 
========================================================================
Received Import Request.
  Time since last request: 0.000027 seconds.
  path: Assets/CreatureCards/creature_bg/99.png
  artifactKey: Guid(e558dce5297ec5e4bbeb90a9ab9f5704) Importer(815301076,1909f56bfc062723c751e8b465ee728b)
Start importing Assets/CreatureCards/creature_bg/99.png using Guid(e558dce5297ec5e4bbeb90a9ab9f5704) Importer(815301076,1909f56bfc062723c751e8b465ee728b)  -> (artifact id: '106cf3cd0770f4dd86c1c24b510b614b') in 0.223071 seconds 
========================================================================
Received Import Request.
  Time since last request: 0.000024 seconds.
  path: Assets/CreatureCards/creature_bg/91.png
  artifactKey: Guid(3a33e8cdabdf64a4b9a3d7314075b74f) Importer(815301076,1909f56bfc062723c751e8b465ee728b)
Start importing Assets/CreatureCards/creature_bg/91.png using Guid(3a33e8cdabdf64a4b9a3d7314075b74f) Importer(815301076,1909f56bfc062723c751e8b465ee728b)  -> (artifact id: 'fe342814c5bbb61c46fdf4c218cc59d0') in 0.228489 seconds 
========================================================================
Received Import Request.
  Time since last request: 0.000028 seconds.
  path: Assets/CreatureCards/creature_bg/90.png
  artifactKey: Guid(106a8d6238615274aa3c1fb89563caf5) Importer(815301076,1909f56bfc062723c751e8b465ee728b)
Start importing Assets/CreatureCards/creature_bg/90.png using Guid(106a8d6238615274aa3c1fb89563caf5) Importer(815301076,1909f56bfc062723c751e8b465ee728b)  -> (artifact id: 'bb311198bbf761367e27067b2755fc55') in 0.240492 seconds 
========================================================================
Received Import Request.
  Time since last request: 0.000018 seconds.
  path: Assets/CreatureCards/creature_bg/92.png
  artifactKey: Guid(e863f1405b6dc4b44bea7c29f07d441f) Importer(815301076,1909f56bfc062723c751e8b465ee728b)
Start importing Assets/CreatureCards/creature_bg/92.png using Guid(e863f1405b6dc4b44bea7c29f07d441f) Importer(815301076,1909f56bfc062723c751e8b465ee728b)  -> (artifact id: '1ed2ab33e3724358cdf67c2b8e93c482') in 0.317934 seconds 
========================================================================
Received Import Request.
  Time since last request: 0.000051 seconds.
  path: Assets/CreatureCards/creature_transparent/94.png
  artifactKey: Guid(951c918361737974c8ac9748aeb547ee) Importer(815301076,1909f56bfc062723c751e8b465ee728b)
Start importing Assets/CreatureCards/creature_transparent/94.png using Guid(951c918361737974c8ac9748aeb547ee) Importer(815301076,1909f56bfc062723c751e8b465ee728b)  -> (artifact id: '6514c454af874fb68cc5fb3b7b90ad77') in 0.188670 seconds 
========================================================================
Received Import Request.
  Time since last request: 0.000021 seconds.
  path: Assets/CreatureCards/creature_bg/88.png
  artifactKey: Guid(e37e31ef090abc44d86bcf2838a4a059) Importer(815301076,1909f56bfc062723c751e8b465ee728b)
Start importing Assets/CreatureCards/creature_bg/88.png using Guid(e37e31ef090abc44d86bcf2838a4a059) Importer(815301076,1909f56bfc062723c751e8b465ee728b)  -> (artifact id: '321d9f46d681c219e172c75dd22bfc5c') in 0.243079 seconds 
========================================================================
Received Import Request.
  Time since last request: 0.000022 seconds.
  path: Assets/CreatureCards/creature_bg/87.png
  artifactKey: Guid(78f4a151b47f86c4daa92c95cf69b297) Importer(815301076,1909f56bfc062723c751e8b465ee728b)
Start importing Assets/CreatureCards/creature_bg/87.png using Guid(78f4a151b47f86c4daa92c95cf69b297) Importer(815301076,1909f56bfc062723c751e8b465ee728b)  -> (artifact id: 'd6f66987c7de5c059a69510a0270cd39') in 0.302716 seconds 
========================================================================
Received Import Request.
  Time since last request: 0.000064 seconds.
  path: Assets/CreatureCards/creature_transparent/49.png
  artifactKey: Guid(7e9400fbfa724434d80fb67bc6306f18) Importer(815301076,1909f56bfc062723c751e8b465ee728b)
Start importing Assets/CreatureCards/creature_transparent/49.png using Guid(7e9400fbfa724434d80fb67bc6306f18) Importer(815301076,1909f56bfc062723c751e8b465ee728b)  -> (artifact id: '4c555d90d879da203b93479d9cc36b35') in 0.169564 seconds 
========================================================================
Received Import Request.
  Time since last request: 0.000017 seconds.
  path: Assets/CreatureCards/creature_bg/55.png
  artifactKey: Guid(1e2916408d381694fbed48457d4027c2) Importer(815301076,1909f56bfc062723c751e8b465ee728b)
Start importing Assets/CreatureCards/creature_bg/55.png using Guid(1e2916408d381694fbed48457d4027c2) Importer(815301076,1909f56bfc062723c751e8b465ee728b)  -> (artifact id: '75efd0b70c39c79cb29f8867ac8e3945') in 0.210136 seconds 
========================================================================
Received Import Request.
  Time since last request: 0.000020 seconds.
  path: Assets/CreatureCards/creature_transparent/64.png
  artifactKey: Guid(5d5c1efda6b57de4f9a77862d0c4bc34) Importer(815301076,1909f56bfc062723c751e8b465ee728b)
Start importing Assets/CreatureCards/creature_transparent/64.png using Guid(5d5c1efda6b57de4f9a77862d0c4bc34) Importer(815301076,1909f56bfc062723c751e8b465ee728b)  -> (artifact id: 'dabbd2bea6d55672abd05ac2c63dbe1a') in 0.170573 seconds 
========================================================================
Received Import Request.
  Time since last request: 0.000023 seconds.
  path: Assets/CreatureCards/creature_transparent/50.png
  artifactKey: Guid(1d7db63280dec9d45bfac0ec95af944d) Importer(815301076,1909f56bfc062723c751e8b465ee728b)
Start importing Assets/CreatureCards/creature_transparent/50.png using Guid(1d7db63280dec9d45bfac0ec95af944d) Importer(815301076,1909f56bfc062723c751e8b465ee728b)  -> (artifact id: 'b5c617fe1dcecfbb8b71391bdcf669e7') in 0.162808 seconds 
========================================================================
Received Import Request.
  Time since last request: 0.000031 seconds.
  path: Assets/CreatureCards/creature_transparent/52.png
  artifactKey: Guid(726b89563fccb9f4ca2fb28841d3127f) Importer(815301076,1909f56bfc062723c751e8b465ee728b)
Start importing Assets/CreatureCards/creature_transparent/52.png using Guid(726b89563fccb9f4ca2fb28841d3127f) Importer(815301076,1909f56bfc062723c751e8b465ee728b)  -> (artifact id: '67c0c395b7c06d99d0cbb66543e43c2c') in 0.172913 seconds 
========================================================================
Received Import Request.
  Time since last request: 0.000032 seconds.
  path: Assets/CreatureCards/creature_bg/37.png
  artifactKey: Guid(7fb07da14be78f341a98f0d2f8988101) Importer(815301076,1909f56bfc062723c751e8b465ee728b)
Start importing Assets/CreatureCards/creature_bg/37.png using Guid(7fb07da14be78f341a98f0d2f8988101) Importer(815301076,1909f56bfc062723c751e8b465ee728b)  -> (artifact id: '81eeb7095693533418095a656cc592b5') in 0.219010 seconds 
========================================================================
Received Import Request.
  Time since last request: 0.000047 seconds.
  path: Assets/CardGameUIEffects/Assets/Animations/Characters/GoodEgg/GoodEgg_00.png
  artifactKey: Guid(3e5016ff82811604cb0a72fb93e4987a) Importer(815301076,1909f56bfc062723c751e8b465ee728b)
Start importing Assets/CardGameUIEffects/Assets/Animations/Characters/GoodEgg/GoodEgg_00.png using Guid(3e5016ff82811604cb0a72fb93e4987a) Importer(815301076,1909f56bfc062723c751e8b465ee728b)  -> (artifact id: '7b0005c4adbbe506e57b6b3cd135019d') in 0.022552 seconds 
========================================================================
Received Import Request.
  Time since last request: 0.000025 seconds.
  path: Assets/CardGameUIEffects/Assets/Animations/Characters/GoodEgg/GoodEgg_04.png
  artifactKey: Guid(5a2bd8b1bac1b8d408db3abfca4ac34a) Importer(815301076,1909f56bfc062723c751e8b465ee728b)
Start importing Assets/CardGameUIEffects/Assets/Animations/Characters/GoodEgg/GoodEgg_04.png using Guid(5a2bd8b1bac1b8d408db3abfca4ac34a) Importer(815301076,1909f56bfc062723c751e8b465ee728b)  -> (artifact id: '0dfe0a24edc6c2cdd4fc5247e2f37d62') in 0.020722 seconds 
========================================================================
Received Import Request.
  Time since last request: 0.000026 seconds.
  path: Assets/CardGameUIEffects/Assets/Animations/Characters/GoodEgg/GoodEgg_06.png
  artifactKey: Guid(98c5ef0efb44c464c979a87669400604) Importer(815301076,1909f56bfc062723c751e8b465ee728b)
Start importing Assets/CardGameUIEffects/Assets/Animations/Characters/GoodEgg/GoodEgg_06.png using Guid(98c5ef0efb44c464c979a87669400604) Importer(815301076,1909f56bfc062723c751e8b465ee728b)  -> (artifact id: '20d0f3686ecac6d4bf0c5f610d862b20') in 0.019398 seconds 
========================================================================
Received Import Request.
  Time since last request: 0.000020 seconds.
  path: Assets/CardGameUIEffects/Assets/Animations/Characters/GoodEgg/GoodEgg_12.png
  artifactKey: Guid(24ff76826e461be49b9bd0581862d3eb) Importer(815301076,1909f56bfc062723c751e8b465ee728b)
Start importing Assets/CardGameUIEffects/Assets/Animations/Characters/GoodEgg/GoodEgg_12.png using Guid(24ff76826e461be49b9bd0581862d3eb) Importer(815301076,1909f56bfc062723c751e8b465ee728b)  -> (artifact id: '76fef83d0fc3f990bf878af5a51d9b35') in 0.019211 seconds 
========================================================================
Received Import Request.
  Time since last request: 0.000023 seconds.
  path: Assets/CardGameUIEffects/Assets/Animations/Characters/GoodEgg/GoodEgg_13.png
  artifactKey: Guid(e1583884fac783a40aa0b32b78afadf1) Importer(815301076,1909f56bfc062723c751e8b465ee728b)
Start importing Assets/CardGameUIEffects/Assets/Animations/Characters/GoodEgg/GoodEgg_13.png using Guid(e1583884fac783a40aa0b32b78afadf1) Importer(815301076,1909f56bfc062723c751e8b465ee728b)  -> (artifact id: '72682de5c4e85dabe1b05f41f48f5c89') in 0.021803 seconds 
========================================================================
Received Import Request.
  Time since last request: 0.000017 seconds.
  path: Assets/Fonts/Montserrat/Montserrat-Italic.ttf
  artifactKey: Guid(85913e715aafb6243b5315c02212646f) Importer(815301076,1909f56bfc062723c751e8b465ee728b)
Start importing Assets/Fonts/Montserrat/Montserrat-Italic.ttf using Guid(85913e715aafb6243b5315c02212646f) Importer(815301076,1909f56bfc062723c751e8b465ee728b)  -> (artifact id: '8e06fddd27742df0314307dcccf4f43e') in 0.197077 seconds 
========================================================================
Received Import Request.
  Time since last request: 0.000041 seconds.
  path: Assets/2D_Background_SunshineForest/2D_Horizontal_battle_Enviroment_05/2436_1125/Image/layer1.png
  artifactKey: Guid(858901fd0c6878e4ab1e5e1447f7acaa) Importer(815301076,1909f56bfc062723c751e8b465ee728b)
Start importing Assets/2D_Background_SunshineForest/2D_Horizontal_battle_Enviroment_05/2436_1125/Image/layer1.png using Guid(858901fd0c6878e4ab1e5e1447f7acaa) Importer(815301076,1909f56bfc062723c751e8b465ee728b)  -> (artifact id: '5bf809eea70c64218a8f6f740bc0d0cd') in 0.235764 seconds 
========================================================================
Received Import Request.
  Time since last request: 0.000055 seconds.
  path: Assets/CardGameUIEffects/Assets/Animations/Characters/GoodEgg/GoodEgg_07.png
  artifactKey: Guid(0496ec5fedcfd5549a711a50f86e556b) Importer(815301076,1909f56bfc062723c751e8b465ee728b)
Start importing Assets/CardGameUIEffects/Assets/Animations/Characters/GoodEgg/GoodEgg_07.png using Guid(0496ec5fedcfd5549a711a50f86e556b) Importer(815301076,1909f56bfc062723c751e8b465ee728b)  -> (artifact id: 'fce1ea05b73db744345c35d9dabdb844') in 0.029483 seconds 
========================================================================
Received Import Request.
  Time since last request: 0.000032 seconds.
  path: Assets/CreatureCards/creature_bg/49.png
  artifactKey: Guid(c02255e436fc65f47a8d3b467e7c61d7) Importer(815301076,1909f56bfc062723c751e8b465ee728b)
Start importing Assets/CreatureCards/creature_bg/49.png using Guid(c02255e436fc65f47a8d3b467e7c61d7) Importer(815301076,1909f56bfc062723c751e8b465ee728b)  -> (artifact id: '3ce3db4a56f6a843ac2d25c99e92f9db') in 0.236061 seconds 
========================================================================
Received Import Request.
  Time since last request: 0.000023 seconds.
  path: Assets/CardGameUIEffects/Assets/Animations/Characters/GoodEgg/GoodEgg_10.png
  artifactKey: Guid(ed8677afd0176694486f6b4ed9788049) Importer(815301076,1909f56bfc062723c751e8b465ee728b)
Start importing Assets/CardGameUIEffects/Assets/Animations/Characters/GoodEgg/GoodEgg_10.png using Guid(ed8677afd0176694486f6b4ed9788049) Importer(815301076,1909f56bfc062723c751e8b465ee728b)  -> (artifact id: '9fd67e71792b0e74cd10889ced668d7c') in 0.028613 seconds 
========================================================================
Received Import Request.
  Time since last request: 0.000033 seconds.
  path: Assets/Fonts/Montserrat/Montserrat-ExtraLightItalic.ttf
  artifactKey: Guid(6996665d5fa7fea44960eb53e710292f) Importer(815301076,1909f56bfc062723c751e8b465ee728b)
Start importing Assets/Fonts/Montserrat/Montserrat-ExtraLightItalic.ttf using Guid(6996665d5fa7fea44960eb53e710292f) Importer(815301076,1909f56bfc062723c751e8b465ee728b)  -> (artifact id: '3008d6c9bdf7a3533e8b5ea826d0c306') in 0.022392 seconds 
========================================================================
Received Import Request.
  Time since last request: 0.000023 seconds.
  path: Assets/CardGameUIEffects/Assets/Animations/Cards/Headbutt_23.png
  artifactKey: Guid(933846713238ba448a4eef71aefd320c) Importer(815301076,1909f56bfc062723c751e8b465ee728b)
Start importing Assets/CardGameUIEffects/Assets/Animations/Cards/Headbutt_23.png using Guid(933846713238ba448a4eef71aefd320c) Importer(815301076,1909f56bfc062723c751e8b465ee728b)  -> (artifact id: '8e91f207d4920abeba80d8fb1dbb5028') in 0.058181 seconds 
========================================================================
Received Import Request.
  Time since last request: 0.000027 seconds.
  path: Assets/CardGameUIEffects/Assets/Animations/Characters/GoodEgg/GoodEgg_14.png
  artifactKey: Guid(3ad1174f8faa286409d12cd3850a9f29) Importer(815301076,1909f56bfc062723c751e8b465ee728b)
Start importing Assets/CardGameUIEffects/Assets/Animations/Characters/GoodEgg/GoodEgg_14.png using Guid(3ad1174f8faa286409d12cd3850a9f29) Importer(815301076,1909f56bfc062723c751e8b465ee728b)  -> (artifact id: '6a26767d76239c0e5212cf6750d94005') in 0.044178 seconds 
========================================================================
Received Import Request.
  Time since last request: 0.000036 seconds.
  path: Assets/Feel/MMTools/Tools/MMDebugMenu/Sprites/MMDebugMenuSpritesheet.png
  artifactKey: Guid(72f7a32ac9c7676409eb438757bc6b4a) Importer(815301076,1909f56bfc062723c751e8b465ee728b)
Start importing Assets/Feel/MMTools/Tools/MMDebugMenu/Sprites/MMDebugMenuSpritesheet.png using Guid(72f7a32ac9c7676409eb438757bc6b4a) Importer(815301076,1909f56bfc062723c751e8b465ee728b)  -> (artifact id: '86d16bbb893b519a4f2829af919c26a8') in 0.062012 seconds 
========================================================================
Received Import Request.
  Time since last request: 0.000042 seconds.
  path: Assets/CardGameUIEffects/Assets/Animations/Characters/GoodEgg/GoodEgg_15.png
  artifactKey: Guid(50949394a622a464db9aea0e4314896a) Importer(815301076,1909f56bfc062723c751e8b465ee728b)
Start importing Assets/CardGameUIEffects/Assets/Animations/Characters/GoodEgg/GoodEgg_15.png using Guid(50949394a622a464db9aea0e4314896a) Importer(815301076,1909f56bfc062723c751e8b465ee728b)  -> (artifact id: '822185afc92b5fef9a660cc45d1edd41') in 0.031532 seconds 
========================================================================
Received Import Request.
  Time since last request: 0.000042 seconds.
  path: Assets/CardGameUIEffects/Assets/Animations/Cards/Headbutt_11.png
  artifactKey: Guid(ce8f583fb1e6d554f938a97e26eaf861) Importer(815301076,1909f56bfc062723c751e8b465ee728b)
Start importing Assets/CardGameUIEffects/Assets/Animations/Cards/Headbutt_11.png using Guid(ce8f583fb1e6d554f938a97e26eaf861) Importer(815301076,1909f56bfc062723c751e8b465ee728b)  -> (artifact id: 'b0918aa3017e3f9290378e1e9125ed37') in 0.038677 seconds 
========================================================================
Received Import Request.
  Time since last request: 0.000053 seconds.
  path: Assets/CreatureCards/creature_bg/45.png
  artifactKey: Guid(918b2978688fcfc43a8b0b04368f3402) Importer(815301076,1909f56bfc062723c751e8b465ee728b)
Start importing Assets/CreatureCards/creature_bg/45.png using Guid(918b2978688fcfc43a8b0b04368f3402) Importer(815301076,1909f56bfc062723c751e8b465ee728b)  -> (artifact id: '7356f71575c2a184685f60ef383a1088') in 0.239813 seconds 
========================================================================
Received Import Request.
  Time since last request: 0.000040 seconds.
  path: Assets/CreatureCards/creature_transparent/36.png
  artifactKey: Guid(4953b7a0a4960b840afbca7b075ec5fd) Importer(815301076,1909f56bfc062723c751e8b465ee728b)
Start importing Assets/CreatureCards/creature_transparent/36.png using Guid(4953b7a0a4960b840afbca7b075ec5fd) Importer(815301076,1909f56bfc062723c751e8b465ee728b)  -> (artifact id: '8930b6e638678cfaee1513c308c8bb57') in 0.205323 seconds 
========================================================================
Received Import Request.
  Time since last request: 0.000035 seconds.
  path: Assets/CreatureCards/creature_bg/59.png
  artifactKey: Guid(7efe6725f672af04cb1b1c86b9668c1e) Importer(815301076,1909f56bfc062723c751e8b465ee728b)
Start importing Assets/CreatureCards/creature_bg/59.png using Guid(7efe6725f672af04cb1b1c86b9668c1e) Importer(815301076,1909f56bfc062723c751e8b465ee728b)  -> (artifact id: 'a500c0eef9af8ecba94d6f10c545958c') in 0.244495 seconds 
========================================================================
Received Import Request.
  Time since last request: 0.000039 seconds.
  path: Assets/CreatureCards/creature_bg/63.png
  artifactKey: Guid(7240b5dd973a241428fc7bcce8675841) Importer(815301076,1909f56bfc062723c751e8b465ee728b)
Start importing Assets/CreatureCards/creature_bg/63.png using Guid(7240b5dd973a241428fc7bcce8675841) Importer(815301076,1909f56bfc062723c751e8b465ee728b)  -> (artifact id: '47158c098cc7842c03885b023a72877e') in 0.289035 seconds 
========================================================================
Received Import Request.
  Time since last request: 0.000043 seconds.
  path: Assets/Feel/MMTools/Tools/MMVFX/MMNoise/MMFireDirectionalNoise.png
  artifactKey: Guid(c61e12b00f19ecd448a748ee4f011b63) Importer(815301076,1909f56bfc062723c751e8b465ee728b)
Start importing Assets/Feel/MMTools/Tools/MMVFX/MMNoise/MMFireDirectionalNoise.png using Guid(c61e12b00f19ecd448a748ee4f011b63) Importer(815301076,1909f56bfc062723c751e8b465ee728b)  -> (artifact id: 'b190da32f7c86c3d17e111d7b94ae950') in 0.021187 seconds 
========================================================================
Received Import Request.
  Time since last request: 0.000032 seconds.
  path: Assets/Feel/MMTools/Tools/MMDebugOnScreen/Sprites/MMLogo16x16.png
  artifactKey: Guid(0a9d566b902c9a84087bf3ca3a178e6b) Importer(815301076,1909f56bfc062723c751e8b465ee728b)
Start importing Assets/Feel/MMTools/Tools/MMDebugOnScreen/Sprites/MMLogo16x16.png using Guid(0a9d566b902c9a84087bf3ca3a178e6b) Importer(815301076,1909f56bfc062723c751e8b465ee728b)  -> (artifact id: '5c75ceea84a7a3a6957672ce09fec8d2') in 0.016565 seconds 
========================================================================
Received Import Request.
  Time since last request: 0.000038 seconds.
  path: Assets/Sprites/UI/GetLegendaryCard_icon.png
  artifactKey: Guid(09eeb6c938ff8f345b3fd688b077b955) Importer(815301076,1909f56bfc062723c751e8b465ee728b)
Start importing Assets/Sprites/UI/GetLegendaryCard_icon.png using Guid(09eeb6c938ff8f345b3fd688b077b955) Importer(815301076,1909f56bfc062723c751e8b465ee728b)  -> (artifact id: 'ca9b56607eb88907caa748903a9c4d10') in 0.019616 seconds 
========================================================================
Received Import Request.
  Time since last request: 0.000022 seconds.
  path: Assets/Feel/MMTools/Tools/MMVFX/MMBloomDirt/MMBloomDirt1.png
  artifactKey: Guid(cde03156615a31044a8dc5e05ebc3dc9) Importer(815301076,1909f56bfc062723c751e8b465ee728b)
Start importing Assets/Feel/MMTools/Tools/MMVFX/MMBloomDirt/MMBloomDirt1.png using Guid(cde03156615a31044a8dc5e05ebc3dc9) Importer(815301076,1909f56bfc062723c751e8b465ee728b)  -> (artifact id: '3b6ad469fd6b341e1a0e4ec0539f74d4') in 0.028240 seconds 
========================================================================
Received Import Request.
  Time since last request: 0.000025 seconds.
  path: Assets/CreatureCards/creature_transparent/48.png
  artifactKey: Guid(4fa7b8d6acd304e429a2b348ca47541e) Importer(815301076,1909f56bfc062723c751e8b465ee728b)
Start importing Assets/CreatureCards/creature_transparent/48.png using Guid(4fa7b8d6acd304e429a2b348ca47541e) Importer(815301076,1909f56bfc062723c751e8b465ee728b)  -> (artifact id: 'c38b097e7a72b9464fcd92fe76fe2828') in 0.187481 seconds 
========================================================================
Received Import Request.
  Time since last request: 0.000032 seconds.
  path: Assets/Sprites/UI/GetRareCard_icon.png
  artifactKey: Guid(f60725c9379eeef4d89077ad26e37a6a) Importer(815301076,1909f56bfc062723c751e8b465ee728b)
Start importing Assets/Sprites/UI/GetRareCard_icon.png using Guid(f60725c9379eeef4d89077ad26e37a6a) Importer(815301076,1909f56bfc062723c751e8b465ee728b)  -> (artifact id: 'b17598835e0eb94233d012162aa54496') in 0.021168 seconds 
========================================================================
Received Import Request.
  Time since last request: 0.000039 seconds.
  path: Assets/CardGameUIEffects/Assets/Animations/Cards/Headbutt_14.png
  artifactKey: Guid(e7cfef45e9856844fb85e84a7563cbb1) Importer(815301076,1909f56bfc062723c751e8b465ee728b)
Start importing Assets/CardGameUIEffects/Assets/Animations/Cards/Headbutt_14.png using Guid(e7cfef45e9856844fb85e84a7563cbb1) Importer(815301076,1909f56bfc062723c751e8b465ee728b)  -> (artifact id: 'bf87344ab288ac302b14dafd71c091e4') in 0.059600 seconds 
========================================================================
Received Import Request.
  Time since last request: 0.000024 seconds.
  path: Assets/CreatureCards/creature_bg/39.png
  artifactKey: Guid(39529d5c2133ed3479a2792d09f984fe) Importer(815301076,1909f56bfc062723c751e8b465ee728b)
Start importing Assets/CreatureCards/creature_bg/39.png using Guid(39529d5c2133ed3479a2792d09f984fe) Importer(815301076,1909f56bfc062723c751e8b465ee728b)  -> (artifact id: 'f4d534296efa35cd673af73bb909c221') in 0.247498 seconds 
========================================================================
Received Import Request.
  Time since last request: 0.000026 seconds.
  path: Assets/CreatureCards/creature_bg/60.png
  artifactKey: Guid(10fc5fcf7964dd840ab18cea70e8a66f) Importer(815301076,1909f56bfc062723c751e8b465ee728b)
Start importing Assets/CreatureCards/creature_bg/60.png using Guid(10fc5fcf7964dd840ab18cea70e8a66f) Importer(815301076,1909f56bfc062723c751e8b465ee728b)  -> (artifact id: '2b88fc9bc0a2228fd64282ecc0d186b4') in 0.224455 seconds 
========================================================================
Received Import Request.
  Time since last request: 0.000030 seconds.
  path: Assets/CreatureCards/creature_bg/43.png
  artifactKey: Guid(d38970ccf64ea5842af619a51a475870) Importer(815301076,1909f56bfc062723c751e8b465ee728b)
Start importing Assets/CreatureCards/creature_bg/43.png using Guid(d38970ccf64ea5842af619a51a475870) Importer(815301076,1909f56bfc062723c751e8b465ee728b)  -> (artifact id: '002181175f1cb367df1d544c2a400f13') in 0.253228 seconds 
========================================================================
Received Import Request.
  Time since last request: 0.000022 seconds.
  path: Assets/2D_Background_SunshineForest/2D_Horizontal_battle_Enviroment_05/4096_2160/Image/layer0.png
  artifactKey: Guid(eb569dd5e2da3484da0bb59ab35a8160) Importer(815301076,1909f56bfc062723c751e8b465ee728b)
Start importing Assets/2D_Background_SunshineForest/2D_Horizontal_battle_Enviroment_05/4096_2160/Image/layer0.png using Guid(eb569dd5e2da3484da0bb59ab35a8160) Importer(815301076,1909f56bfc062723c751e8b465ee728b)  -> (artifact id: 'bcb02c0e9b61f2704b85168f9e44f696') in 0.271854 seconds 
========================================================================
Received Import Request.
  Time since last request: 0.000028 seconds.
  path: Assets/Feel/MMTools/Tools/MMVFX/MMParticles/MMParticlesFlare.png
  artifactKey: Guid(9eae953b5ed4b564e8df2a362aa9ebc1) Importer(815301076,1909f56bfc062723c751e8b465ee728b)
Start importing Assets/Feel/MMTools/Tools/MMVFX/MMParticles/MMParticlesFlare.png using Guid(9eae953b5ed4b564e8df2a362aa9ebc1) Importer(815301076,1909f56bfc062723c751e8b465ee728b)  -> (artifact id: '1da062eac2ba95840c7f1c34c79501a7') in 0.013043 seconds 
========================================================================
Received Import Request.
  Time since last request: 0.000032 seconds.
  path: Assets/Feel/MMTools/Tools/MMVFX/MMParticles/MMParticlesSmoke.png
  artifactKey: Guid(c3e892db83f1adb49a1c18b15f231589) Importer(815301076,1909f56bfc062723c751e8b465ee728b)
Start importing Assets/Feel/MMTools/Tools/MMVFX/MMParticles/MMParticlesSmoke.png using Guid(c3e892db83f1adb49a1c18b15f231589) Importer(815301076,1909f56bfc062723c751e8b465ee728b)  -> (artifact id: 'bb0ca221c74d8e455a2e9772ef3cdaca') in 0.015046 seconds 
========================================================================
Received Import Request.
  Time since last request: 0.000045 seconds.
  path: Assets/CreatureCards/creature_bg/53.png
  artifactKey: Guid(6a2595975f8d75945bd8d7ef9e205099) Importer(815301076,1909f56bfc062723c751e8b465ee728b)
Start importing Assets/CreatureCards/creature_bg/53.png using Guid(6a2595975f8d75945bd8d7ef9e205099) Importer(815301076,1909f56bfc062723c751e8b465ee728b)  -> (artifact id: 'e5b5eca67539f7b38ff9fb490eccbcb2') in 0.229797 seconds 
========================================================================
Received Import Request.
  Time since last request: 0.000033 seconds.
  path: Assets/CreatureCards/creature_bg/61.png
  artifactKey: Guid(5ea802bb1272ecc4c8aefe61530bee58) Importer(815301076,1909f56bfc062723c751e8b465ee728b)
Start importing Assets/CreatureCards/creature_bg/61.png using Guid(5ea802bb1272ecc4c8aefe61530bee58) Importer(815301076,1909f56bfc062723c751e8b465ee728b)  -> (artifact id: 'cebdd4f784dd722f26ad5eb9f4983db4') in 0.340063 seconds 
========================================================================
Received Import Request.
  Time since last request: 0.000034 seconds.
  path: Assets/CreatureCards/creature_bg/80.png
  artifactKey: Guid(4349559ca9291014883f43bcd5cd5630) Importer(815301076,1909f56bfc062723c751e8b465ee728b)
Start importing Assets/CreatureCards/creature_bg/80.png using Guid(4349559ca9291014883f43bcd5cd5630) Importer(815301076,1909f56bfc062723c751e8b465ee728b)  -> (artifact id: '5bfa92eb75825ebddf252842d820bd09') in 0.256387 seconds 
========================================================================
Received Import Request.
  Time since last request: 0.000026 seconds.
  path: Assets/Feel/MMTools/Tools/MMVFX/MMParticles/MMParticlesStorm.png
  artifactKey: Guid(0c56439a20097e54b9fc9cbdca6968e9) Importer(815301076,1909f56bfc062723c751e8b465ee728b)
Start importing Assets/Feel/MMTools/Tools/MMVFX/MMParticles/MMParticlesStorm.png using Guid(0c56439a20097e54b9fc9cbdca6968e9) Importer(815301076,1909f56bfc062723c751e8b465ee728b)  -> (artifact id: '866bb1333652b9c1427c95b3b528f053') in 0.041139 seconds 
========================================================================
Received Import Request.
  Time since last request: 0.000071 seconds.
  path: Assets/CardGameUIEffects/Assets/Animations/Cards/Headbutt_00.png
  artifactKey: Guid(e11ac1ab0abd3294d938dd3f88f42f6b) Importer(815301076,1909f56bfc062723c751e8b465ee728b)
Start importing Assets/CardGameUIEffects/Assets/Animations/Cards/Headbutt_00.png using Guid(e11ac1ab0abd3294d938dd3f88f42f6b) Importer(815301076,1909f56bfc062723c751e8b465ee728b)  -> (artifact id: 'e250b8dc150769f28bd1a95d58e44682') in 0.063428 seconds 
========================================================================
Received Import Request.
  Time since last request: 0.000021 seconds.
  path: Assets/CreatureCards/creature_transparent/54.png
  artifactKey: Guid(a87ce25494bb2b644a2c2170e07cd742) Importer(815301076,1909f56bfc062723c751e8b465ee728b)
Start importing Assets/CreatureCards/creature_transparent/54.png using Guid(a87ce25494bb2b644a2c2170e07cd742) Importer(815301076,1909f56bfc062723c751e8b465ee728b)  -> (artifact id: '88bf1a2eb69c2b43f4c48edbef030e22') in 0.262591 seconds 
========================================================================
Received Import Request.
  Time since last request: 0.000044 seconds.
  path: Assets/CreatureCards/creature_transparent/51.png
  artifactKey: Guid(690c4156c25f6e04a93a80b1055b4030) Importer(815301076,1909f56bfc062723c751e8b465ee728b)
Start importing Assets/CreatureCards/creature_transparent/51.png using Guid(690c4156c25f6e04a93a80b1055b4030) Importer(815301076,1909f56bfc062723c751e8b465ee728b)  -> (artifact id: '3145e31203934d8bd142d4de1d9ee398') in 0.223387 seconds 
========================================================================
Received Import Request.
  Time since last request: 0.000030 seconds.
  path: Assets/Feel/MMTools/Tools/MMPrototypeTextures/Textures/MMProtoTextures/MMProtoTextures_YellowFrame.png
  artifactKey: Guid(be61fc00179c05846a6cdba7c2683514) Importer(815301076,1909f56bfc062723c751e8b465ee728b)
Start importing Assets/Feel/MMTools/Tools/MMPrototypeTextures/Textures/MMProtoTextures/MMProtoTextures_YellowFrame.png using Guid(be61fc00179c05846a6cdba7c2683514) Importer(815301076,1909f56bfc062723c751e8b465ee728b)  -> (artifact id: 'cd1b471754da589aeccc45505107917b') in 0.013983 seconds 
========================================================================
Received Import Request.
  Time since last request: 0.000035 seconds.
  path: Assets/Feel/MMTools/Tools/MMPrototypeTextures/Textures/MMProtoTextures/MMProtoTextures_LightGreyCrosses.png
  artifactKey: Guid(5d158a0f06b330445acc858c5a32a269) Importer(815301076,1909f56bfc062723c751e8b465ee728b)
Start importing Assets/Feel/MMTools/Tools/MMPrototypeTextures/Textures/MMProtoTextures/MMProtoTextures_LightGreyCrosses.png using Guid(5d158a0f06b330445acc858c5a32a269) Importer(815301076,1909f56bfc062723c751e8b465ee728b)  -> (artifact id: '21f726960f3263838eb916e0dd944f82') in 0.014025 seconds 
========================================================================
Received Import Request.
  Time since last request: 0.000029 seconds.
  path: Assets/Feel/MMTools/Tools/MMVFX/MMRamps/MMRamp1.png
  artifactKey: Guid(b3780deb9c64f4e45b529787d0f5d20f) Importer(815301076,1909f56bfc062723c751e8b465ee728b)
Start importing Assets/Feel/MMTools/Tools/MMVFX/MMRamps/MMRamp1.png using Guid(b3780deb9c64f4e45b529787d0f5d20f) Importer(815301076,1909f56bfc062723c751e8b465ee728b)  -> (artifact id: 'afcb82e07610f26c14f42faab6ecc7c4') in 0.014689 seconds 
========================================================================
Received Import Request.
  Time since last request: 0.000026 seconds.
  path: Assets/Feel/MMTools/Tools/MMPrototypeTextures/Textures/MMProtoTextures/MMProtoTextures_RedCrosses.png
  artifactKey: Guid(ee915ff2627397549b211481b14bbc42) Importer(815301076,1909f56bfc062723c751e8b465ee728b)
Start importing Assets/Feel/MMTools/Tools/MMPrototypeTextures/Textures/MMProtoTextures/MMProtoTextures_RedCrosses.png using Guid(ee915ff2627397549b211481b14bbc42) Importer(815301076,1909f56bfc062723c751e8b465ee728b)  -> (artifact id: 'f6885ee3b5e423209b231e45c0281407') in 0.017291 seconds 
========================================================================
Received Import Request.
  Time since last request: 0.000024 seconds.
  path: Assets/Feel/MMTools/Tools/MMPrototypeTextures/Textures/MMProtoTextures/MMProtoTextures_YellowSquares.png
  artifactKey: Guid(9fb2f7aca634c294ab8ca0d06ee4d78a) Importer(815301076,1909f56bfc062723c751e8b465ee728b)
Start importing Assets/Feel/MMTools/Tools/MMPrototypeTextures/Textures/MMProtoTextures/MMProtoTextures_YellowSquares.png using Guid(9fb2f7aca634c294ab8ca0d06ee4d78a) Importer(815301076,1909f56bfc062723c751e8b465ee728b)  -> (artifact id: '8ea355ac18c5d79293594bd2cf28e2b6') in 0.021014 seconds 
========================================================================
Received Import Request.
  Time since last request: 0.000029 seconds.
  path: Assets/Feel/MMTools/Tools/MMPrototypeTextures/Textures/MMProtoTextures/MMProtoTextures_GreenSquares.png
  artifactKey: Guid(785d13d865eaebc419648f8390c840b3) Importer(815301076,1909f56bfc062723c751e8b465ee728b)
Start importing Assets/Feel/MMTools/Tools/MMPrototypeTextures/Textures/MMProtoTextures/MMProtoTextures_GreenSquares.png using Guid(785d13d865eaebc419648f8390c840b3) Importer(815301076,1909f56bfc062723c751e8b465ee728b)  -> (artifact id: 'a8fbbf4551fb66bd9d0dfdbb9bc14663') in 0.017698 seconds 
========================================================================
Received Import Request.
  Time since last request: 0.000026 seconds.
  path: Assets/Feel/MMTools/Tools/MMVFX/MMParticles/MMParticlesDust.png
  artifactKey: Guid(1806add7d16bbe4419725ed4681c2c18) Importer(815301076,1909f56bfc062723c751e8b465ee728b)
Start importing Assets/Feel/MMTools/Tools/MMVFX/MMParticles/MMParticlesDust.png using Guid(1806add7d16bbe4419725ed4681c2c18) Importer(815301076,1909f56bfc062723c751e8b465ee728b)  -> (artifact id: '2ebebd3ac964c3f31cb1f7a3ba6ed43f') in 0.093725 seconds 
========================================================================
Received Import Request.
  Time since last request: 0.000044 seconds.
  path: Assets/Fonts/Montserrat/Montserrat-Medium.ttf
  artifactKey: Guid(edaec177d8e90b84587d692ec9bedf8c) Importer(815301076,1909f56bfc062723c751e8b465ee728b)
Start importing Assets/Fonts/Montserrat/Montserrat-Medium.ttf using Guid(edaec177d8e90b84587d692ec9bedf8c) Importer(815301076,1909f56bfc062723c751e8b465ee728b)  -> (artifact id: '798559b37455aa407fb1a29c1d0d3c9a') in 0.063984 seconds 
========================================================================
Received Import Request.
  Time since last request: 0.000028 seconds.
  path: Assets/Feel/MMTools/Tools/MMVFX/MMNoise/MMFireDirectionalAltNoise.png
  artifactKey: Guid(5551f2320b5bfde4dbdbb0604036a53a) Importer(815301076,1909f56bfc062723c751e8b465ee728b)
Start importing Assets/Feel/MMTools/Tools/MMVFX/MMNoise/MMFireDirectionalAltNoise.png using Guid(5551f2320b5bfde4dbdbb0604036a53a) Importer(815301076,1909f56bfc062723c751e8b465ee728b)  -> (artifact id: '4208ce4203e133209a18dc985b608681') in 0.014504 seconds 
========================================================================
Received Import Request.
  Time since last request: 0.000025 seconds.
  path: Assets/CreatureCards/creature_transparent/82.png
  artifactKey: Guid(b56e9bfb74c76d44087a2cf73d1fcefb) Importer(815301076,1909f56bfc062723c751e8b465ee728b)
Start importing Assets/CreatureCards/creature_transparent/82.png using Guid(b56e9bfb74c76d44087a2cf73d1fcefb) Importer(815301076,1909f56bfc062723c751e8b465ee728b)  -> (artifact id: '6600f4834e2ec6fbac0e81ae56a542bc') in 0.179851 seconds 
========================================================================
Received Import Request.
  Time since last request: 0.000029 seconds.
  path: Assets/Feel/MMTools/Tools/MMVFX/MMNoise/MMVoronoiNoise.png
  artifactKey: Guid(8fda172b188d7f342ba64c2c53acc2e4) Importer(815301076,1909f56bfc062723c751e8b465ee728b)
Start importing Assets/Feel/MMTools/Tools/MMVFX/MMNoise/MMVoronoiNoise.png using Guid(8fda172b188d7f342ba64c2c53acc2e4) Importer(815301076,1909f56bfc062723c751e8b465ee728b)  -> (artifact id: '8ecf38a6eba806ca492cb8b7a5d8f7ba') in 0.039939 seconds 
========================================================================
Received Import Request.
  Time since last request: 0.000028 seconds.
  path: Assets/Sprites/UI/Move_armor_icon.png
  artifactKey: Guid(76780518c0fbde24b9494c46b820d78b) Importer(815301076,1909f56bfc062723c751e8b465ee728b)
Start importing Assets/Sprites/UI/Move_armor_icon.png using Guid(76780518c0fbde24b9494c46b820d78b) Importer(815301076,1909f56bfc062723c751e8b465ee728b)  -> (artifact id: 'a670bea10a03548c27f7679b97d215c4') in 0.022343 seconds 
========================================================================
Received Import Request.
  Time since last request: 0.000065 seconds.
  path: Assets/Sprites/UI/Move_surprise_icon.png
  artifactKey: Guid(d54c0490292c3214c9907c364e50176e) Importer(815301076,1909f56bfc062723c751e8b465ee728b)
Start importing Assets/Sprites/UI/Move_surprise_icon.png using Guid(d54c0490292c3214c9907c364e50176e) Importer(815301076,1909f56bfc062723c751e8b465ee728b)  -> (artifact id: '06c02c125889c74147cb66e23ee050c9') in 0.020679 seconds 
========================================================================
Received Import Request.
  Time since last request: 0.000037 seconds.
  path: Assets/Feel/MMTools/Tools/MMVFX/MMBrushes/MMBrush5.png
  artifactKey: Guid(654c5cd449154d94b93dbf2fa93a6737) Importer(815301076,1909f56bfc062723c751e8b465ee728b)
Start importing Assets/Feel/MMTools/Tools/MMVFX/MMBrushes/MMBrush5.png using Guid(654c5cd449154d94b93dbf2fa93a6737) Importer(815301076,1909f56bfc062723c751e8b465ee728b)  -> (artifact id: '3db56fd46c3872a63b13bb2891191aeb') in 0.033830 seconds 
========================================================================
Received Import Request.
  Time since last request: 0.000036 seconds.
  path: Assets/CreatureCards/creature_transparent/56.png
  artifactKey: Guid(79ec146749f49b643a1d44c239d85a22) Importer(815301076,1909f56bfc062723c751e8b465ee728b)
Start importing Assets/CreatureCards/creature_transparent/56.png using Guid(79ec146749f49b643a1d44c239d85a22) Importer(815301076,1909f56bfc062723c751e8b465ee728b)  -> (artifact id: 'dd5ce050bac5d87cc4f0cbadf9c48cb3') in 0.219556 seconds 
========================================================================
Received Import Request.
  Time since last request: 0.000066 seconds.
  path: Assets/CreatureCards/creature_bg/68.png
  artifactKey: Guid(8cf64cc52bf31fc448a35f03b7d23f9a) Importer(815301076,1909f56bfc062723c751e8b465ee728b)
Start importing Assets/CreatureCards/creature_bg/68.png using Guid(8cf64cc52bf31fc448a35f03b7d23f9a) Importer(815301076,1909f56bfc062723c751e8b465ee728b)  -> (artifact id: '394441d303d4ac7af790e34ae47fb992') in 0.278385 seconds 
========================================================================
Received Import Request.
  Time since last request: 0.000046 seconds.
  path: Assets/CreatureCards/creature_transparent/45.png
  artifactKey: Guid(03de9d8155abf9445a9231353a5242b2) Importer(815301076,1909f56bfc062723c751e8b465ee728b)
Start importing Assets/CreatureCards/creature_transparent/45.png using Guid(03de9d8155abf9445a9231353a5242b2) Importer(815301076,1909f56bfc062723c751e8b465ee728b)  -> (artifact id: '2e50fb92a491849d6e9454af4d7bc1c9') in 0.177362 seconds 
========================================================================
Received Import Request.
  Time since last request: 0.000034 seconds.
  path: Assets/Gizmos/PlayMakerGlobals Icon.tiff
  artifactKey: Guid(846171814b98d1d48afa7805037eb0bc) Importer(815301076,1909f56bfc062723c751e8b465ee728b)
Start importing Assets/Gizmos/PlayMakerGlobals Icon.tiff using Guid(846171814b98d1d48afa7805037eb0bc) Importer(815301076,1909f56bfc062723c751e8b465ee728b)  -> (artifact id: '7cf62169f274cd666fcbbe71bd30fa5c') in 0.034653 seconds 
========================================================================
Received Import Request.
  Time since last request: 0.000021 seconds.
  path: Assets/Feel/MMTools/Tools/MMPrototypeTextures/Textures/MMProtoTextures/MMProtoTextures_RedFrame.png
  artifactKey: Guid(e9ef29555e27c764193e85d5ac4cf4f4) Importer(815301076,1909f56bfc062723c751e8b465ee728b)
Start importing Assets/Feel/MMTools/Tools/MMPrototypeTextures/Textures/MMProtoTextures/MMProtoTextures_RedFrame.png using Guid(e9ef29555e27c764193e85d5ac4cf4f4) Importer(815301076,1909f56bfc062723c751e8b465ee728b)  -> (artifact id: 'f975f147878144604c17d8795212d499') in 0.025663 seconds 
========================================================================
Received Import Request.
  Time since last request: 0.000034 seconds.
  path: Assets/CardGameUIEffects/Assets/Animations/Characters/GoodEgg/GoodEgg_05.png
  artifactKey: Guid(b52052a5c72d8ec409336005409c07d8) Importer(815301076,1909f56bfc062723c751e8b465ee728b)
Start importing Assets/CardGameUIEffects/Assets/Animations/Characters/GoodEgg/GoodEgg_05.png using Guid(b52052a5c72d8ec409336005409c07d8) Importer(815301076,1909f56bfc062723c751e8b465ee728b)  -> (artifact id: '807a1670d7d276b40d342804a4e6c7e4') in 0.048996 seconds 
========================================================================
Received Import Request.
  Time since last request: 0.000045 seconds.
  path: Assets/Feel/MMTools/Tools/MMVFX/MMRipple/MMRippleWaves1NM.png
  artifactKey: Guid(d821f2e3723c0e14f8ab72b4b064fe65) Importer(815301076,1909f56bfc062723c751e8b465ee728b)
Start importing Assets/Feel/MMTools/Tools/MMVFX/MMRipple/MMRippleWaves1NM.png using Guid(d821f2e3723c0e14f8ab72b4b064fe65) Importer(815301076,1909f56bfc062723c751e8b465ee728b)  -> (artifact id: 'f2c48fdaaf7998a00cba5d27f18b1f59') in 0.057147 seconds 
========================================================================
Received Import Request.
  Time since last request: 0.000020 seconds.
  path: Assets/CreatureCards/creature_transparent/86.png
  artifactKey: Guid(31878ed79335430459574d4fb4205b2b) Importer(815301076,1909f56bfc062723c751e8b465ee728b)
Start importing Assets/CreatureCards/creature_transparent/86.png using Guid(31878ed79335430459574d4fb4205b2b) Importer(815301076,1909f56bfc062723c751e8b465ee728b)  -> (artifact id: '2de807d79ba716b40fd6b47fb2e2617e') in 0.202847 seconds 
========================================================================
Received Import Request.
  Time since last request: 0.000024 seconds.
  path: Assets/CreatureCards/creature_transparent/34.png
  artifactKey: Guid(798b6ac140ab08947bce31163124852c) Importer(815301076,1909f56bfc062723c751e8b465ee728b)
Start importing Assets/CreatureCards/creature_transparent/34.png using Guid(798b6ac140ab08947bce31163124852c) Importer(815301076,1909f56bfc062723c751e8b465ee728b)  -> (artifact id: '2d7148785d5729a832b56fa29c9293f5') in 0.164843 seconds 
========================================================================
Received Import Request.
  Time since last request: 0.000042 seconds.
  path: Assets/CardGameUIEffects/Assets/Animations/Cards/Headbutt_19.png
  artifactKey: Guid(93408c65484612c4bb37d4c8210b7a74) Importer(815301076,1909f56bfc062723c751e8b465ee728b)
Start importing Assets/CardGameUIEffects/Assets/Animations/Cards/Headbutt_19.png using Guid(93408c65484612c4bb37d4c8210b7a74) Importer(815301076,1909f56bfc062723c751e8b465ee728b)  -> (artifact id: '3d6c603de270770af50e6204e97096b6') in 0.056133 seconds 
========================================================================
Received Import Request.
  Time since last request: 0.000021 seconds.
  path: Assets/CardGameUIEffects/Assets/Animations/Cards/Headbutt_03.png
  artifactKey: Guid(9ab5822d5cc4e494fb63de1019a2a79f) Importer(815301076,1909f56bfc062723c751e8b465ee728b)
Start importing Assets/CardGameUIEffects/Assets/Animations/Cards/Headbutt_03.png using Guid(9ab5822d5cc4e494fb63de1019a2a79f) Importer(815301076,1909f56bfc062723c751e8b465ee728b)  -> (artifact id: '9c7e2cf10f68943e93ba6f3669f7f542') in 0.054790 seconds 
========================================================================
Received Import Request.
  Time since last request: 0.000026 seconds.
  path: Assets/Feel/MMTools/Tools/MMVFX/MMNoise/MMWhiteNoise.png
  artifactKey: Guid(f3b13b1ebf6e39d4ca1ce4ac83706896) Importer(815301076,1909f56bfc062723c751e8b465ee728b)
Start importing Assets/Feel/MMTools/Tools/MMVFX/MMNoise/MMWhiteNoise.png using Guid(f3b13b1ebf6e39d4ca1ce4ac83706896) Importer(815301076,1909f56bfc062723c751e8b465ee728b)  -> (artifact id: '28fe69ef9c2d456ebcee5b75fd24363a') in 0.013649 seconds 
Editor requested this worker to shutdown with reason: Scaling down because of idle timeout
AssetImportWorker is now disconnected from the server
Process exiting
Exiting without the bug reporter. Application will terminate with return code 0