Using pre-set license
Built from '2022.1/staging' branch; Version is '2022.1.7f1 (240f4c1f462c) revision 2363212'; Using compiler version '192829333'; Build Type 'Release'
OS: 'Windows 10  (10.0.19044) 64bit Core' Language: 'en' Physical Memory: 16322 MB
BatchMode: 1, IsHumanControllingUs: 0, StartBugReporterOnCrash: 0, Is64bit: 1, IsPro: 1

COMMAND LINE ARGUMENTS:
C:\Program Files\Unity\Hub\Editor\2022.1.7f1\Editor\Unity.exe
-adb2
-batchMode
-noUpm
-name
AssetImportWorker13
-projectPath
C:/Users/minig/Documents/Projects/Turquoise Flavour
-logFile
Logs/AssetImportWorker13.log
-srvPort
58203
Successfully changed project path to: C:/Users/minig/Documents/Projects/Turquoise Flavour
C:/Users/minig/Documents/Projects/Turquoise Flavour
[UnityMemory] Configuration Parameters - Can be set up in boot.config
    "memorysetup-bucket-allocator-granularity=16"
    "memorysetup-bucket-allocator-bucket-count=8"
    "memorysetup-bucket-allocator-block-size=33554432"
    "memorysetup-bucket-allocator-block-count=8"
    "memorysetup-main-allocator-block-size=16777216"
    "memorysetup-thread-allocator-block-size=16777216"
    "memorysetup-gfx-main-allocator-block-size=16777216"
    "memorysetup-gfx-thread-allocator-block-size=16777216"
    "memorysetup-cache-allocator-block-size=4194304"
    "memorysetup-typetree-allocator-block-size=2097152"
    "memorysetup-profiler-bucket-allocator-granularity=16"
    "memorysetup-profiler-bucket-allocator-bucket-count=8"
    "memorysetup-profiler-bucket-allocator-block-size=33554432"
    "memorysetup-profiler-bucket-allocator-block-count=8"
    "memorysetup-profiler-allocator-block-size=16777216"
    "memorysetup-profiler-editor-allocator-block-size=1048576"
    "memorysetup-temp-allocator-size-main=16777216"
    "memorysetup-job-temp-allocator-block-size=2097152"
    "memorysetup-job-temp-allocator-block-size-background=1048576"
    "memorysetup-job-temp-allocator-reduction-small-platforms=262144"
    "memorysetup-temp-allocator-size-background-worker=32768"
    "memorysetup-temp-allocator-size-job-worker=262144"
    "memorysetup-temp-allocator-size-preload-manager=33554432"
    "memorysetup-temp-allocator-size-nav-mesh-worker=65536"
    "memorysetup-temp-allocator-size-audio-worker=65536"
    "memorysetup-temp-allocator-size-cloud-worker=32768"
    "memorysetup-temp-allocator-size-gi-baking-worker=262144"
    "memorysetup-temp-allocator-size-gfx=262144"
Refreshing native plugins compatible for Editor in 93.54 ms, found 2 plugins.
Preloading 0 native plugins for Editor in 0.00 ms.
Initialize engine version: 2022.1.7f1 (240f4c1f462c)
[Subsystems] Discovering subsystems at path C:/Program Files/Unity/Hub/Editor/2022.1.7f1/Editor/Data/Resources/UnitySubsystems
[Subsystems] Discovering subsystems at path C:/Users/minig/Documents/Projects/Turquoise Flavour/Assets
GfxDevice: creating device client; threaded=0; jobified=0
Direct3D:
    Version:  Direct3D 11.0 [level 11.1]
    Renderer: NVIDIA GeForce RTX 2070 (ID=0x1f02)
    Vendor:   NVIDIA
    VRAM:     8031 MB
    Driver:   30.0.15.1215
Shader 'MoreMountains/MMRipple': fallback shader 'Particle/AlphaBlended' not found
Initialize mono
Mono path[0] = 'C:/Program Files/Unity/Hub/Editor/2022.1.7f1/Editor/Data/Managed'
Mono path[1] = 'C:/Program Files/Unity/Hub/Editor/2022.1.7f1/Editor/Data/MonoBleedingEdge/lib/mono/unityjit-win32'
Mono config path = 'C:/Program Files/Unity/Hub/Editor/2022.1.7f1/Editor/Data/MonoBleedingEdge/etc'
Using monoOptions --debugger-agent=transport=dt_socket,embedding=1,server=y,suspend=n,address=127.0.0.1:56292
Begin MonoManager ReloadAssembly
Registering precompiled unity dll's ...
Register platform support module: C:/Program Files/Unity/Hub/Editor/2022.1.7f1/Editor/Data/PlaybackEngines/WindowsStandaloneSupport/UnityEditor.WindowsStandalone.Extensions.dll
Registered in 0.006158 seconds.
Native extension for WindowsStandalone target not found
Refreshing native plugins compatible for Editor in 75.16 ms, found 2 plugins.
Preloading 0 native plugins for Editor in 0.00 ms.
Mono: successfully reloaded assembly
- Completed reload, in  0.856 seconds
Domain Reload Profiling:
	ReloadAssembly (856ms)
		BeginReloadAssembly (72ms)
			ExecutionOrderSort (0ms)
			DisableScriptedObjects (0ms)
			BackupInstance (0ms)
			ReleaseScriptingObjects (0ms)
			CreateAndSetChildDomain (1ms)
		EndReloadAssembly (686ms)
			LoadAssemblies (69ms)
			RebuildTransferFunctionScriptingTraits (0ms)
			SetupTypeCache (102ms)
				TypeCache.Initialize (101ms)
					TypeCache.ScanAssembly (100ms)
				ResolveRequiredComponents (0ms)
			ReleaseScriptCaches (0ms)
			RebuildScriptCaches (27ms)
			SetupLoadedEditorAssemblies (507ms)
				LogAssemblyErrors (0ms)
				InitializePlatformSupportModulesInManaged (7ms)
				SetLoadedEditorAssemblies (7ms)
				RefreshPlugins (75ms)
				BeforeProcessingInitializeOnLoad (1ms)
				ProcessInitializeOnLoadAttributes (119ms)
				ProcessInitializeOnLoadMethodAttributes (298ms)
				AfterProcessingInitializeOnLoad (0ms)
				EditorAssembliesLoaded (0ms)
			ExecutionOrderSort2 (0ms)
			AwakeInstancesAfterBackupRestoration (0ms)
Platform modules already initialized, skipping
Registering precompiled user dll's ...
Registered in 0.007364 seconds.
Begin MonoManager ReloadAssembly
Native extension for WindowsStandalone target not found
Refreshing native plugins compatible for Editor in 76.45 ms, found 2 plugins.
Preloading 0 native plugins for Editor in 0.00 ms.
Package Manager log level set to [2]
[Package Manager] Server::EnsureServerProcessIsRunning -- launch failed, reason: Unity was launched with the -noUpm command-line argument
[Package Manager] UpmClient::Send -- Unable to send message (not connected to UPM process).
[Package Manager] Cannot connect to Unity Package Manager local server
Mono: successfully reloaded assembly
- Completed reload, in  1.326 seconds
Domain Reload Profiling:
	ReloadAssembly (1327ms)
		BeginReloadAssembly (111ms)
			ExecutionOrderSort (0ms)
			DisableScriptedObjects (5ms)
			BackupInstance (0ms)
			ReleaseScriptingObjects (0ms)
			CreateAndSetChildDomain (20ms)
		EndReloadAssembly (1112ms)
			LoadAssemblies (87ms)
			RebuildTransferFunctionScriptingTraits (0ms)
			SetupTypeCache (226ms)
				TypeCache.Initialize (210ms)
					TypeCache.ScanAssembly (206ms)
				ResolveRequiredComponents (17ms)
			ReleaseScriptCaches (1ms)
			RebuildScriptCaches (77ms)
			SetupLoadedEditorAssemblies (675ms)
				LogAssemblyErrors (0ms)
				InitializePlatformSupportModulesInManaged (4ms)
				SetLoadedEditorAssemblies (8ms)
				RefreshPlugins (77ms)
				BeforeProcessingInitializeOnLoad (112ms)
				ProcessInitializeOnLoadAttributes (291ms)
				ProcessInitializeOnLoadMethodAttributes (176ms)
				AfterProcessingInitializeOnLoad (7ms)
				EditorAssembliesLoaded (0ms)
			ExecutionOrderSort2 (0ms)
			AwakeInstancesAfterBackupRestoration (5ms)
Platform modules already initialized, skipping
========================================================================
Worker process is ready to serve import requests
Shader 'MoreMountains/MMRipple': fallback shader 'Particle/AlphaBlended' not found
Launched and connected shader compiler UnityShaderCompiler.exe after 0.30 seconds
Refreshing native plugins compatible for Editor in 2.25 ms, found 2 plugins.
Preloading 0 native plugins for Editor in 0.00 ms.
Unloading 4984 Unused Serialized files (Serialized files now loaded: 0)
Unloading 65 unused Assets / (0.7 MB). Loaded Objects now: 5555.
Memory consumption went from 0.87 GB to 0.87 GB.
Total: 13.089900 ms (FindLiveObjects: 0.747900 ms CreateObjectMapping: 0.857700 ms MarkObjects: 10.856200 ms  DeleteObjects: 0.626700 ms)

AssetImportParameters requested are different than current active one (requested -> active):
  custom:video-decoder-ogg-theora: a1e56fd34408186e4bbccfd4996cb3dc -> 
  custom:container-muxer-webm: aa71ff27fc2769a1b78a27578f13a17b -> 
  custom:container-demuxer-webm: 4f35f7cbe854078d1ac9338744f61a02 -> 
  custom:video-encoder-webm-vp8: eb34c28f22e8b96e1ab97ce403110664 -> 
  custom:audio-encoder-webm-vorbis: bf7c407c2cedff20999df2af8eb42d56 -> 
  custom:framework-win-MediaFoundation: 216162199b28c13a410421893ffa2e32 -> 
  custom:container-demuxer-ogg: 62fdf1f143b41e24485cea50d1cbac27 -> 
  custom:video-decoder-webm-vp8: 9c59270c3fd7afecdb556c50c9e8de78 -> 
  custom:audio-decoder-ogg-vorbis: bf7c407c2cedff20999df2af8eb42d56 -> 
========================================================================
Received Import Request.
  Time since last request: 869577.375731 seconds.
  path: Assets/URP_2DRenderer_Renderer.asset
  artifactKey: Guid(3fc365118e69b5642b72eb851ac1e294) Importer(815301076,1909f56bfc062723c751e8b465ee728b)
Start importing Assets/URP_2DRenderer_Renderer.asset using Guid(3fc365118e69b5642b72eb851ac1e294) Importer(815301076,1909f56bfc062723c751e8b465ee728b)  -> (artifact id: '5e7bf246323c64811a7555122c956c23') in 0.046381 seconds 
========================================================================
Received Prepare
Shader 'MoreMountains/MMRipple': fallback shader 'Particle/AlphaBlended' not found
Refreshing native plugins compatible for Editor in 11.95 ms, found 2 plugins.
Preloading 0 native plugins for Editor in 0.00 ms.
Unloading 114 Unused Serialized files (Serialized files now loaded: 0)
Unloading 53 unused Assets / (313.9 KB). Loaded Objects now: 5619.
Memory consumption went from 237.6 MB to 237.3 MB.
Total: 12.017700 ms (FindLiveObjects: 0.533900 ms CreateObjectMapping: 0.584900 ms MarkObjects: 10.687300 ms  DeleteObjects: 0.209800 ms)

AssetImportParameters requested are different than current active one (requested -> active):
  custom:video-decoder-ogg-theora: a1e56fd34408186e4bbccfd4996cb3dc -> 
  custom:container-muxer-webm: aa71ff27fc2769a1b78a27578f13a17b -> 
  custom:container-demuxer-webm: 4f35f7cbe854078d1ac9338744f61a02 -> 
  custom:video-encoder-webm-vp8: eb34c28f22e8b96e1ab97ce403110664 -> 
  custom:audio-encoder-webm-vorbis: bf7c407c2cedff20999df2af8eb42d56 -> 
  custom:framework-win-MediaFoundation: 216162199b28c13a410421893ffa2e32 -> 
  custom:container-demuxer-ogg: 62fdf1f143b41e24485cea50d1cbac27 -> 
  custom:video-decoder-webm-vp8: 9c59270c3fd7afecdb556c50c9e8de78 -> 
  custom:audio-decoder-ogg-vorbis: bf7c407c2cedff20999df2af8eb42d56 -> 
========================================================================
Received Import Request.
  Time since last request: 68.621053 seconds.
  path: Assets/URP/URP_Renderer.asset
  artifactKey: Guid(95f542a4cfb6a7644a4d5115527a484a) Importer(815301076,1909f56bfc062723c751e8b465ee728b)
Start importing Assets/URP/URP_Renderer.asset using Guid(95f542a4cfb6a7644a4d5115527a484a) Importer(815301076,1909f56bfc062723c751e8b465ee728b)  -> (artifact id: 'f7a4c1b577a39c4f9c3bb9fd32d29f5a') in 0.015220 seconds 
========================================================================
Received Import Request.
  Time since last request: 43.996364 seconds.
  path: Assets/URP/URP_RendererAsset_Renderer.asset
  artifactKey: Guid(f3e95fbbfae35e648ad1f83f106d3969) Importer(815301076,1909f56bfc062723c751e8b465ee728b)
Start importing Assets/URP/URP_RendererAsset_Renderer.asset using Guid(f3e95fbbfae35e648ad1f83f106d3969) Importer(815301076,1909f56bfc062723c751e8b465ee728b)  -> (artifact id: '75b5d1a46c86030707908d4e157fb696') in 0.008119 seconds 
========================================================================
Received Prepare
Shader 'MoreMountains/MMRipple': fallback shader 'Particle/AlphaBlended' not found
Refreshing native plugins compatible for Editor in 10.37 ms, found 2 plugins.
Preloading 0 native plugins for Editor in 0.00 ms.
Unloading 55 Unused Serialized files (Serialized files now loaded: 0)
Unloading 58 unused Assets / (314.5 KB). Loaded Objects now: 5617.
Memory consumption went from 228.4 MB to 228.1 MB.
Total: 8.396500 ms (FindLiveObjects: 0.585000 ms CreateObjectMapping: 0.703300 ms MarkObjects: 6.649500 ms  DeleteObjects: 0.457800 ms)

AssetImportParameters requested are different than current active one (requested -> active):
  custom:video-decoder-ogg-theora: a1e56fd34408186e4bbccfd4996cb3dc -> 
  custom:container-muxer-webm: aa71ff27fc2769a1b78a27578f13a17b -> 
  custom:container-demuxer-webm: 4f35f7cbe854078d1ac9338744f61a02 -> 
  custom:video-encoder-webm-vp8: eb34c28f22e8b96e1ab97ce403110664 -> 
  custom:audio-encoder-webm-vorbis: bf7c407c2cedff20999df2af8eb42d56 -> 
  custom:framework-win-MediaFoundation: 216162199b28c13a410421893ffa2e32 -> 
  custom:container-demuxer-ogg: 62fdf1f143b41e24485cea50d1cbac27 -> 
  custom:video-decoder-webm-vp8: 9c59270c3fd7afecdb556c50c9e8de78 -> 
  custom:audio-decoder-ogg-vorbis: bf7c407c2cedff20999df2af8eb42d56 -> 
========================================================================
Received Import Request.
  Time since last request: 29.429763 seconds.
  path: Assets/URP/URP_RendererAsset_Renderer.asset
  artifactKey: Guid(f3e95fbbfae35e648ad1f83f106d3969) Importer(815301076,1909f56bfc062723c751e8b465ee728b)
Start importing Assets/URP/URP_RendererAsset_Renderer.asset using Guid(f3e95fbbfae35e648ad1f83f106d3969) Importer(815301076,1909f56bfc062723c751e8b465ee728b)  -> (artifact id: 'e646ca1c6641ae2938de32cdec5256b1') in 0.009681 seconds 
========================================================================
Received Import Request.
  Time since last request: 0.000017 seconds.
  path: Assets/URP/URP_RendererAsset.asset
  artifactKey: Guid(379b05d37cbda2f4b8d4046a37dd4c63) Importer(815301076,1909f56bfc062723c751e8b465ee728b)
Start importing Assets/URP/URP_RendererAsset.asset using Guid(379b05d37cbda2f4b8d4046a37dd4c63) Importer(815301076,1909f56bfc062723c751e8b465ee728b)  -> (artifact id: 'e81a1f439df91e0fd6d1843fd929240f') in 0.003254 seconds 
========================================================================
Received Import Request.
  Time since last request: 0.000021 seconds.
  path: Assets/URP/URP_2DRenderer.asset
  artifactKey: Guid(5b9d1d96fe1111f458a7b6c55fd91557) Importer(815301076,1909f56bfc062723c751e8b465ee728b)
Start importing Assets/URP/URP_2DRenderer.asset using Guid(5b9d1d96fe1111f458a7b6c55fd91557) Importer(815301076,1909f56bfc062723c751e8b465ee728b)  -> (artifact id: '5360387e92ad7c3038430cd271ebfdaf') in 0.005816 seconds 
========================================================================
Received Import Request.
  Time since last request: 11.921897 seconds.
  path: Assets/Fonts/Pixel Square Bold10.ttf
  artifactKey: Guid(731fcb9667481df4e902c6c340349e47) Importer(815301076,1909f56bfc062723c751e8b465ee728b)
Start importing Assets/Fonts/Pixel Square Bold10.ttf using Guid(731fcb9667481df4e902c6c340349e47) Importer(815301076,1909f56bfc062723c751e8b465ee728b)  -> (artifact id: '2bd99b70840182bb630e6d3b69060f36') in 0.264367 seconds 
========================================================================
Received Import Request.
  Time since last request: 0.000029 seconds.
  path: Assets/Feel/MMTools/Tools/MMPrototypeTextures/MMBRP_Materials/MMBPR_LightGreyFrame.mat
  artifactKey: Guid(adc4603b7be471c479ef63c42f19aa72) Importer(815301076,1909f56bfc062723c751e8b465ee728b)
Start importing Assets/Feel/MMTools/Tools/MMPrototypeTextures/MMBRP_Materials/MMBPR_LightGreyFrame.mat using Guid(adc4603b7be471c479ef63c42f19aa72) Importer(815301076,1909f56bfc062723c751e8b465ee728b)  -> (artifact id: 'ea219bd93df7a8555a4126c2777c8493') in 0.076618 seconds 
========================================================================
Received Import Request.
  Time since last request: 0.000032 seconds.
  path: Assets/Fonts/Montserrat/Montserrat-Light.ttf
  artifactKey: Guid(2ec8d81cd984e0c4b9f8e7afcae102fe) Importer(815301076,1909f56bfc062723c751e8b465ee728b)
Start importing Assets/Fonts/Montserrat/Montserrat-Light.ttf using Guid(2ec8d81cd984e0c4b9f8e7afcae102fe) Importer(815301076,1909f56bfc062723c751e8b465ee728b)  -> (artifact id: '73f3e24c16cca9db9d5dff0c324e808d') in 0.023920 seconds 
========================================================================
Received Import Request.
  Time since last request: 0.000028 seconds.
  path: Assets/Feel/MMTools/Tools/MMVFX/MMRipple/MMRippleSquare1.mat
  artifactKey: Guid(30999785952518745bcc38ddb320af2f) Importer(815301076,1909f56bfc062723c751e8b465ee728b)
Start importing Assets/Feel/MMTools/Tools/MMVFX/MMRipple/MMRippleSquare1.mat using Guid(30999785952518745bcc38ddb320af2f) Importer(815301076,1909f56bfc062723c751e8b465ee728b) Shader properties can't be added to this global property sheet. Trying to add _BackgroundTexture_ST (type 2 count 1)
UnityEngine.StackTraceUtility:ExtractStackTrace ()
UnityEngine.Rendering.ScriptableRenderContext:Submit_Internal ()
UnityEngine.Rendering.ScriptableRenderContext:Submit ()
UnityEngine.Rendering.Universal.UniversalRenderPipeline:RenderSingleCamera (UnityEngine.Rendering.ScriptableRenderContext,UnityEngine.Rendering.Universal.CameraData,bool) (at Library/PackageCache/com.unity.render-pipelines.universal@13.1.8/Runtime/UniversalRenderPipeline.cs:448)
UnityEngine.Rendering.Universal.UniversalRenderPipeline:RenderSingleCamera (UnityEngine.Rendering.ScriptableRenderContext,UnityEngine.Camera) (at Library/PackageCache/com.unity.render-pipelines.universal@13.1.8/Runtime/UniversalRenderPipeline.cs:338)
UnityEngine.Rendering.Universal.UniversalRenderPipeline:Render (UnityEngine.Rendering.ScriptableRenderContext,System.Collections.Generic.List`1<UnityEngine.Camera>) (at Library/PackageCache/com.unity.render-pipelines.universal@13.1.8/Runtime/UniversalRenderPipeline.cs:293)
UnityEngine.Rendering.RenderPipeline:InternalRender (UnityEngine.Rendering.ScriptableRenderContext,System.Collections.Generic.List`1<UnityEngine.Camera>)
UnityEngine.Rendering.RenderPipelineManager:DoRenderLoop_Internal (UnityEngine.Rendering.RenderPipelineAsset,intptr,System.Collections.Generic.List`1<UnityEngine.Camera/RenderRequest>,Unity.Collections.LowLevel.Unsafe.AtomicSafetyHandle)
UnityEditor.PreviewRenderUtility:Render (bool,bool)
UnityEditor.MaterialEditor:DoRenderPreview (UnityEditor.PreviewRenderUtility,bool)
UnityEditor.MaterialEditor:RenderStaticPreview (string,UnityEngine.Object[],int,int)
UnityEditor.AssetPreviewUpdater:CreatePreview (UnityEngine.Object,UnityEngine.Object[],string,int,int)
UnityEditor.AssetPreviewUpdater:CreatePreviewForAsset (UnityEngine.Object,UnityEngine.Object[],string)

[C:\buildslave\unity\build\Runtime\Shaders\ShaderPropertySheet.cpp line 161]

Shader properties can't be added to this global property sheet. Trying to add _BackgroundTexture_TexelSize (type 2 count 1)
UnityEngine.StackTraceUtility:ExtractStackTrace ()
UnityEngine.Rendering.ScriptableRenderContext:Submit_Internal ()
UnityEngine.Rendering.ScriptableRenderContext:Submit ()
UnityEngine.Rendering.Universal.UniversalRenderPipeline:RenderSingleCamera (UnityEngine.Rendering.ScriptableRenderContext,UnityEngine.Rendering.Universal.CameraData,bool) (at Library/PackageCache/com.unity.render-pipelines.universal@13.1.8/Runtime/UniversalRenderPipeline.cs:448)
UnityEngine.Rendering.Universal.UniversalRenderPipeline:RenderSingleCamera (UnityEngine.Rendering.ScriptableRenderContext,UnityEngine.Camera) (at Library/PackageCache/com.unity.render-pipelines.universal@13.1.8/Runtime/UniversalRenderPipeline.cs:338)
UnityEngine.Rendering.Universal.UniversalRenderPipeline:Render (UnityEngine.Rendering.ScriptableRenderContext,System.Collections.Generic.List`1<UnityEngine.Camera>) (at Library/PackageCache/com.unity.render-pipelines.universal@13.1.8/Runtime/UniversalRenderPipeline.cs:293)
UnityEngine.Rendering.RenderPipeline:InternalRender (UnityEngine.Rendering.ScriptableRenderContext,System.Collections.Generic.List`1<UnityEngine.Camera>)
UnityEngine.Rendering.RenderPipelineManager:DoRenderLoop_Internal (UnityEngine.Rendering.RenderPipelineAsset,intptr,System.Collections.Generic.List`1<UnityEngine.Camera/RenderRequest>,Unity.Collections.LowLevel.Unsafe.AtomicSafetyHandle)
UnityEditor.PreviewRenderUtility:Render (bool,bool)
UnityEditor.MaterialEditor:DoRenderPreview (UnityEditor.PreviewRenderUtility,bool)
UnityEditor.MaterialEditor:RenderStaticPreview (string,UnityEngine.Object[],int,int)
UnityEditor.AssetPreviewUpdater:CreatePreview (UnityEngine.Object,UnityEngine.Object[],string,int,int)
UnityEditor.AssetPreviewUpdater:CreatePreviewForAsset (UnityEngine.Object,UnityEngine.Object[],string)

[C:\buildslave\unity\build\Runtime\Shaders\ShaderPropertySheet.cpp line 161]

Shader properties can't be added to this global property sheet. Trying to add _BackgroundTexture_HDR (type 2 count 1)
UnityEngine.StackTraceUtility:ExtractStackTrace ()
UnityEngine.Rendering.ScriptableRenderContext:Submit_Internal ()
UnityEngine.Rendering.ScriptableRenderContext:Submit ()
UnityEngine.Rendering.Universal.UniversalRenderPipeline:RenderSingleCamera (UnityEngine.Rendering.ScriptableRenderContext,UnityEngine.Rendering.Universal.CameraData,bool) (at Library/PackageCache/com.unity.render-pipelines.universal@13.1.8/Runtime/UniversalRenderPipeline.cs:448)
UnityEngine.Rendering.Universal.UniversalRenderPipeline:RenderSingleCamera (UnityEngine.Rendering.ScriptableRenderContext,UnityEngine.Camera) (at Library/PackageCache/com.unity.render-pipelines.universal@13.1.8/Runtime/UniversalRenderPipeline.cs:338)
UnityEngine.Rendering.Universal.UniversalRenderPipeline:Render (UnityEngine.Rendering.ScriptableRenderContext,System.Collections.Generic.List`1<UnityEngine.Camera>) (at Library/PackageCache/com.unity.render-pipelines.universal@13.1.8/Runtime/UniversalRenderPipeline.cs:293)
UnityEngine.Rendering.RenderPipeline:InternalRender (UnityEngine.Rendering.ScriptableRenderContext,System.Collections.Generic.List`1<UnityEngine.Camera>)
UnityEngine.Rendering.RenderPipelineManager:DoRenderLoop_Internal (UnityEngine.Rendering.RenderPipelineAsset,intptr,System.Collections.Generic.List`1<UnityEngine.Camera/RenderRequest>,Unity.Collections.LowLevel.Unsafe.AtomicSafetyHandle)
UnityEditor.PreviewRenderUtility:Render (bool,bool)
UnityEditor.MaterialEditor:DoRenderPreview (UnityEditor.PreviewRenderUtility,bool)
UnityEditor.MaterialEditor:RenderStaticPreview (string,UnityEngine.Object[],int,int)
UnityEditor.AssetPreviewUpdater:CreatePreview (UnityEngine.Object,UnityEngine.Object[],string,int,int)
UnityEditor.AssetPreviewUpdater:CreatePreviewForAsset (UnityEngine.Object,UnityEngine.Object[],string)

[C:\buildslave\unity\build\Runtime\Shaders\ShaderPropertySheet.cpp line 161]

Shader properties can't be added to this global property sheet. Trying to add _BackgroundTexture (type 4 count 1)
UnityEngine.StackTraceUtility:ExtractStackTrace ()
UnityEngine.Rendering.ScriptableRenderContext:Submit_Internal ()
UnityEngine.Rendering.ScriptableRenderContext:Submit ()
UnityEngine.Rendering.Universal.UniversalRenderPipeline:RenderSingleCamera (UnityEngine.Rendering.ScriptableRenderContext,UnityEngine.Rendering.Universal.CameraData,bool) (at Library/PackageCache/com.unity.render-pipelines.universal@13.1.8/Runtime/UniversalRenderPipeline.cs:448)
UnityEngine.Rendering.Universal.UniversalRenderPipeline:RenderSingleCamera (UnityEngine.Rendering.ScriptableRenderContext,UnityEngine.Camera) (at Library/PackageCache/com.unity.render-pipelines.universal@13.1.8/Runtime/UniversalRenderPipeline.cs:338)
UnityEngine.Rendering.Universal.UniversalRenderPipeline:Render (UnityEngine.Rendering.ScriptableRenderContext,System.Collections.Generic.List`1<UnityEngine.Camera>) (at Library/PackageCache/com.unity.render-pipelines.universal@13.1.8/Runtime/UniversalRenderPipeline.cs:293)
UnityEngine.Rendering.RenderPipeline:InternalRender (UnityEngine.Rendering.ScriptableRenderContext,System.Collections.Generic.List`1<UnityEngine.Camera>)
UnityEngine.Rendering.RenderPipelineManager:DoRenderLoop_Internal (UnityEngine.Rendering.RenderPipelineAsset,intptr,System.Collections.Generic.List`1<UnityEngine.Camera/RenderRequest>,Unity.Collections.LowLevel.Unsafe.AtomicSafetyHandle)
UnityEditor.PreviewRenderUtility:Render (bool,bool)
UnityEditor.MaterialEditor:DoRenderPreview (UnityEditor.PreviewRenderUtility,bool)
UnityEditor.MaterialEditor:RenderStaticPreview (string,UnityEngine.Object[],int,int)
UnityEditor.AssetPreviewUpdater:CreatePreview (UnityEngine.Object,UnityEngine.Object[],string,int,int)
UnityEditor.AssetPreviewUpdater:CreatePreviewForAsset (UnityEngine.Object,UnityEngine.Object[],string)

[C:\buildslave\unity\build\Runtime\Shaders\ShaderPropertySheet.cpp line 161]

 -> (artifact id: 'fd9c1f06b9a085c7ba5492e0d79df8be') in 0.029149 seconds 
========================================================================
Received Import Request.
  Time since last request: 0.000027 seconds.
  path: Assets/Feel/MMTools/Tools/MMPrototypeTextures/MMBRP_Materials/Neutral/MMBRP_NeutralCheckers.mat
  artifactKey: Guid(98f9943149e70e84f969f66047eb997f) Importer(815301076,1909f56bfc062723c751e8b465ee728b)
Start importing Assets/Feel/MMTools/Tools/MMPrototypeTextures/MMBRP_Materials/Neutral/MMBRP_NeutralCheckers.mat using Guid(98f9943149e70e84f969f66047eb997f) Importer(815301076,1909f56bfc062723c751e8b465ee728b)  -> (artifact id: '01336d06bb317f14b5856eee06394cdc') in 0.050381 seconds 
========================================================================
Received Import Request.
  Time since last request: 0.000031 seconds.
  path: Assets/Feel/MMTools/Tools/MMPrototypeTextures/MMBRP_Materials/MMBPR_BlueCrosses.mat
  artifactKey: Guid(3aa8708b27bfe524b8280cdc746690d3) Importer(815301076,1909f56bfc062723c751e8b465ee728b)
Start importing Assets/Feel/MMTools/Tools/MMPrototypeTextures/MMBRP_Materials/MMBPR_BlueCrosses.mat using Guid(3aa8708b27bfe524b8280cdc746690d3) Importer(815301076,1909f56bfc062723c751e8b465ee728b)  -> (artifact id: 'f99c3caf6e2976d13bc9d4b1463db2e5') in 0.029690 seconds 
========================================================================
Received Import Request.
  Time since last request: 0.000052 seconds.
  path: Assets/Fonts/Mont-HeavyDEMO SDF.asset
  artifactKey: Guid(a2e483c286f687840b6caded9b7bd14b) Importer(815301076,1909f56bfc062723c751e8b465ee728b)
Start importing Assets/Fonts/Mont-HeavyDEMO SDF.asset using Guid(a2e483c286f687840b6caded9b7bd14b) Importer(815301076,1909f56bfc062723c751e8b465ee728b)  -> (artifact id: 'bb9cbf1ce6d60c12cb3c44e5931cfc6e') in 0.041124 seconds 
========================================================================
Received Import Request.
  Time since last request: 0.000054 seconds.
  path: Assets/Feel/MMTools/Tools/MMPrototypeTextures/MMBRP_Materials/MMBPR_RedDots.mat
  artifactKey: Guid(40702ed620cf055428c35adf00a2c9b1) Importer(815301076,1909f56bfc062723c751e8b465ee728b)
Start importing Assets/Feel/MMTools/Tools/MMPrototypeTextures/MMBRP_Materials/MMBPR_RedDots.mat using Guid(40702ed620cf055428c35adf00a2c9b1) Importer(815301076,1909f56bfc062723c751e8b465ee728b)  -> (artifact id: '2ede9aa50892e215202fc882c1b9bafd') in 0.036092 seconds 
========================================================================
Received Import Request.
  Time since last request: 0.000047 seconds.
  path: Assets/Feel/MMTools/Tools/MMPrototypeTextures/MMBRP_Materials/MMBPR_GreenFrame.mat
  artifactKey: Guid(40ebbdf2c7a17d342843431f58d3e892) Importer(815301076,1909f56bfc062723c751e8b465ee728b)
Start importing Assets/Feel/MMTools/Tools/MMPrototypeTextures/MMBRP_Materials/MMBPR_GreenFrame.mat using Guid(40ebbdf2c7a17d342843431f58d3e892) Importer(815301076,1909f56bfc062723c751e8b465ee728b)  -> (artifact id: '65477d1348463743fb578c60c4b54ea6') in 0.031136 seconds 
========================================================================
Received Import Request.
  Time since last request: 0.000026 seconds.
  path: Assets/Fonts/Montserrat/Montserrat-ExtraBold SDF.asset
  artifactKey: Guid(4cf2c9d48edff654180c14d284a3d4b5) Importer(815301076,1909f56bfc062723c751e8b465ee728b)
Start importing Assets/Fonts/Montserrat/Montserrat-ExtraBold SDF.asset using Guid(4cf2c9d48edff654180c14d284a3d4b5) Importer(815301076,1909f56bfc062723c751e8b465ee728b)  -> (artifact id: '6154f59420618bf350af0da00c858f0f') in 0.045458 seconds 
========================================================================
Received Import Request.
  Time since last request: 0.000052 seconds.
  path: Assets/Feel/MMTools/Tools/MMPrototypeTextures/MMBRP_Materials/MMBPR_DarkGreyCrosses.mat
  artifactKey: Guid(2a42e638cd366184aad3203b2732b2e2) Importer(815301076,1909f56bfc062723c751e8b465ee728b)
Start importing Assets/Feel/MMTools/Tools/MMPrototypeTextures/MMBRP_Materials/MMBPR_DarkGreyCrosses.mat using Guid(2a42e638cd366184aad3203b2732b2e2) Importer(815301076,1909f56bfc062723c751e8b465ee728b)  -> (artifact id: 'd75b25c6d659b278c40e1f110d3e798b') in 0.028275 seconds 
========================================================================
Received Import Request.
  Time since last request: 0.000030 seconds.
  path: Assets/Feel/MMTools/Tools/MMPrototypeTextures/MMBRP_Materials/MMBPR_BlueSquares.mat
  artifactKey: Guid(594480777cec0fa489126aeb2273ecbc) Importer(815301076,1909f56bfc062723c751e8b465ee728b)
Start importing Assets/Feel/MMTools/Tools/MMPrototypeTextures/MMBRP_Materials/MMBPR_BlueSquares.mat using Guid(594480777cec0fa489126aeb2273ecbc) Importer(815301076,1909f56bfc062723c751e8b465ee728b)  -> (artifact id: '09e1daf537e3ed78e947ec6c0f36baa4') in 0.028534 seconds 
========================================================================
Received Import Request.
  Time since last request: 0.000025 seconds.
  path: Assets/Feel/MMTools/Tools/MMPrototypeTextures/MMBRP_Materials/MMBPR_YellowCrosses.mat
  artifactKey: Guid(d642a4ab722ef8a46af4d261e5227b0c) Importer(815301076,1909f56bfc062723c751e8b465ee728b)
Start importing Assets/Feel/MMTools/Tools/MMPrototypeTextures/MMBRP_Materials/MMBPR_YellowCrosses.mat using Guid(d642a4ab722ef8a46af4d261e5227b0c) Importer(815301076,1909f56bfc062723c751e8b465ee728b)  -> (artifact id: 'd4f7e355242166d14a0f05fda99f0d47') in 0.029792 seconds 
========================================================================
Received Import Request.
  Time since last request: 0.000025 seconds.
  path: Assets/Feel/MMTools/Tools/MMPrototypeTextures/MMBRP_Materials/Neutral/MMBRP_NeutralBlack.mat
  artifactKey: Guid(fc636806db6f2654d970ed32802db8be) Importer(815301076,1909f56bfc062723c751e8b465ee728b)
Start importing Assets/Feel/MMTools/Tools/MMPrototypeTextures/MMBRP_Materials/Neutral/MMBRP_NeutralBlack.mat using Guid(fc636806db6f2654d970ed32802db8be) Importer(815301076,1909f56bfc062723c751e8b465ee728b)  -> (artifact id: 'e570507ee27ae3df916d8681de970214') in 0.023393 seconds 
========================================================================
Received Import Request.
  Time since last request: 0.000030 seconds.
  path: Assets/Feel/MMTools/Tools/MMVFX/MMRipple/MMRippleBubble1.mat
  artifactKey: Guid(e0e80ff7156603346bbdc8c121863234) Importer(815301076,1909f56bfc062723c751e8b465ee728b)
Start importing Assets/Feel/MMTools/Tools/MMVFX/MMRipple/MMRippleBubble1.mat using Guid(e0e80ff7156603346bbdc8c121863234) Importer(815301076,1909f56bfc062723c751e8b465ee728b) Shader properties can't be added to this global property sheet. Trying to add _BackgroundTexture_ST (type 2 count 1)
UnityEngine.StackTraceUtility:ExtractStackTrace ()
UnityEngine.Rendering.ScriptableRenderContext:Submit_Internal ()
UnityEngine.Rendering.ScriptableRenderContext:Submit ()
UnityEngine.Rendering.Universal.UniversalRenderPipeline:RenderSingleCamera (UnityEngine.Rendering.ScriptableRenderContext,UnityEngine.Rendering.Universal.CameraData,bool) (at Library/PackageCache/com.unity.render-pipelines.universal@13.1.8/Runtime/UniversalRenderPipeline.cs:448)
UnityEngine.Rendering.Universal.UniversalRenderPipeline:RenderSingleCamera (UnityEngine.Rendering.ScriptableRenderContext,UnityEngine.Camera) (at Library/PackageCache/com.unity.render-pipelines.universal@13.1.8/Runtime/UniversalRenderPipeline.cs:338)
UnityEngine.Rendering.Universal.UniversalRenderPipeline:Render (UnityEngine.Rendering.ScriptableRenderContext,System.Collections.Generic.List`1<UnityEngine.Camera>) (at Library/PackageCache/com.unity.render-pipelines.universal@13.1.8/Runtime/UniversalRenderPipeline.cs:293)
UnityEngine.Rendering.RenderPipeline:InternalRender (UnityEngine.Rendering.ScriptableRenderContext,System.Collections.Generic.List`1<UnityEngine.Camera>)
UnityEngine.Rendering.RenderPipelineManager:DoRenderLoop_Internal (UnityEngine.Rendering.RenderPipelineAsset,intptr,System.Collections.Generic.List`1<UnityEngine.Camera/RenderRequest>,Unity.Collections.LowLevel.Unsafe.AtomicSafetyHandle)
UnityEditor.PreviewRenderUtility:Render (bool,bool)
UnityEditor.MaterialEditor:DoRenderPreview (UnityEditor.PreviewRenderUtility,bool)
UnityEditor.MaterialEditor:RenderStaticPreview (string,UnityEngine.Object[],int,int)
UnityEditor.AssetPreviewUpdater:CreatePreview (UnityEngine.Object,UnityEngine.Object[],string,int,int)
UnityEditor.AssetPreviewUpdater:CreatePreviewForAsset (UnityEngine.Object,UnityEngine.Object[],string)

[C:\buildslave\unity\build\Runtime\Shaders\ShaderPropertySheet.cpp line 161]

Shader properties can't be added to this global property sheet. Trying to add _BackgroundTexture_TexelSize (type 2 count 1)
UnityEngine.StackTraceUtility:ExtractStackTrace ()
UnityEngine.Rendering.ScriptableRenderContext:Submit_Internal ()
UnityEngine.Rendering.ScriptableRenderContext:Submit ()
UnityEngine.Rendering.Universal.UniversalRenderPipeline:RenderSingleCamera (UnityEngine.Rendering.ScriptableRenderContext,UnityEngine.Rendering.Universal.CameraData,bool) (at Library/PackageCache/com.unity.render-pipelines.universal@13.1.8/Runtime/UniversalRenderPipeline.cs:448)
UnityEngine.Rendering.Universal.UniversalRenderPipeline:RenderSingleCamera (UnityEngine.Rendering.ScriptableRenderContext,UnityEngine.Camera) (at Library/PackageCache/com.unity.render-pipelines.universal@13.1.8/Runtime/UniversalRenderPipeline.cs:338)
UnityEngine.Rendering.Universal.UniversalRenderPipeline:Render (UnityEngine.Rendering.ScriptableRenderContext,System.Collections.Generic.List`1<UnityEngine.Camera>) (at Library/PackageCache/com.unity.render-pipelines.universal@13.1.8/Runtime/UniversalRenderPipeline.cs:293)
UnityEngine.Rendering.RenderPipeline:InternalRender (UnityEngine.Rendering.ScriptableRenderContext,System.Collections.Generic.List`1<UnityEngine.Camera>)
UnityEngine.Rendering.RenderPipelineManager:DoRenderLoop_Internal (UnityEngine.Rendering.RenderPipelineAsset,intptr,System.Collections.Generic.List`1<UnityEngine.Camera/RenderRequest>,Unity.Collections.LowLevel.Unsafe.AtomicSafetyHandle)
UnityEditor.PreviewRenderUtility:Render (bool,bool)
UnityEditor.MaterialEditor:DoRenderPreview (UnityEditor.PreviewRenderUtility,bool)
UnityEditor.MaterialEditor:RenderStaticPreview (string,UnityEngine.Object[],int,int)
UnityEditor.AssetPreviewUpdater:CreatePreview (UnityEngine.Object,UnityEngine.Object[],string,int,int)
UnityEditor.AssetPreviewUpdater:CreatePreviewForAsset (UnityEngine.Object,UnityEngine.Object[],string)

[C:\buildslave\unity\build\Runtime\Shaders\ShaderPropertySheet.cpp line 161]

Shader properties can't be added to this global property sheet. Trying to add _BackgroundTexture_HDR (type 2 count 1)
UnityEngine.StackTraceUtility:ExtractStackTrace ()
UnityEngine.Rendering.ScriptableRenderContext:Submit_Internal ()
UnityEngine.Rendering.ScriptableRenderContext:Submit ()
UnityEngine.Rendering.Universal.UniversalRenderPipeline:RenderSingleCamera (UnityEngine.Rendering.ScriptableRenderContext,UnityEngine.Rendering.Universal.CameraData,bool) (at Library/PackageCache/com.unity.render-pipelines.universal@13.1.8/Runtime/UniversalRenderPipeline.cs:448)
UnityEngine.Rendering.Universal.UniversalRenderPipeline:RenderSingleCamera (UnityEngine.Rendering.ScriptableRenderContext,UnityEngine.Camera) (at Library/PackageCache/com.unity.render-pipelines.universal@13.1.8/Runtime/UniversalRenderPipeline.cs:338)
UnityEngine.Rendering.Universal.UniversalRenderPipeline:Render (UnityEngine.Rendering.ScriptableRenderContext,System.Collections.Generic.List`1<UnityEngine.Camera>) (at Library/PackageCache/com.unity.render-pipelines.universal@13.1.8/Runtime/UniversalRenderPipeline.cs:293)
UnityEngine.Rendering.RenderPipeline:InternalRender (UnityEngine.Rendering.ScriptableRenderContext,System.Collections.Generic.List`1<UnityEngine.Camera>)
UnityEngine.Rendering.RenderPipelineManager:DoRenderLoop_Internal (UnityEngine.Rendering.RenderPipelineAsset,intptr,System.Collections.Generic.List`1<UnityEngine.Camera/RenderRequest>,Unity.Collections.LowLevel.Unsafe.AtomicSafetyHandle)
UnityEditor.PreviewRenderUtility:Render (bool,bool)
UnityEditor.MaterialEditor:DoRenderPreview (UnityEditor.PreviewRenderUtility,bool)
UnityEditor.MaterialEditor:RenderStaticPreview (string,UnityEngine.Object[],int,int)
UnityEditor.AssetPreviewUpdater:CreatePreview (UnityEngine.Object,UnityEngine.Object[],string,int,int)
UnityEditor.AssetPreviewUpdater:CreatePreviewForAsset (UnityEngine.Object,UnityEngine.Object[],string)

[C:\buildslave\unity\build\Runtime\Shaders\ShaderPropertySheet.cpp line 161]

Shader properties can't be added to this global property sheet. Trying to add _BackgroundTexture (type 4 count 1)
UnityEngine.StackTraceUtility:ExtractStackTrace ()
UnityEngine.Rendering.ScriptableRenderContext:Submit_Internal ()
UnityEngine.Rendering.ScriptableRenderContext:Submit ()
UnityEngine.Rendering.Universal.UniversalRenderPipeline:RenderSingleCamera (UnityEngine.Rendering.ScriptableRenderContext,UnityEngine.Rendering.Universal.CameraData,bool) (at Library/PackageCache/com.unity.render-pipelines.universal@13.1.8/Runtime/UniversalRenderPipeline.cs:448)
UnityEngine.Rendering.Universal.UniversalRenderPipeline:RenderSingleCamera (UnityEngine.Rendering.ScriptableRenderContext,UnityEngine.Camera) (at Library/PackageCache/com.unity.render-pipelines.universal@13.1.8/Runtime/UniversalRenderPipeline.cs:338)
UnityEngine.Rendering.Universal.UniversalRenderPipeline:Render (UnityEngine.Rendering.ScriptableRenderContext,System.Collections.Generic.List`1<UnityEngine.Camera>) (at Library/PackageCache/com.unity.render-pipelines.universal@13.1.8/Runtime/UniversalRenderPipeline.cs:293)
UnityEngine.Rendering.RenderPipeline:InternalRender (UnityEngine.Rendering.ScriptableRenderContext,System.Collections.Generic.List`1<UnityEngine.Camera>)
UnityEngine.Rendering.RenderPipelineManager:DoRenderLoop_Internal (UnityEngine.Rendering.RenderPipelineAsset,intptr,System.Collections.Generic.List`1<UnityEngine.Camera/RenderRequest>,Unity.Collections.LowLevel.Unsafe.AtomicSafetyHandle)
UnityEditor.PreviewRenderUtility:Render (bool,bool)
UnityEditor.MaterialEditor:DoRenderPreview (UnityEditor.PreviewRenderUtility,bool)
UnityEditor.MaterialEditor:RenderStaticPreview (string,UnityEngine.Object[],int,int)
UnityEditor.AssetPreviewUpdater:CreatePreview (UnityEngine.Object,UnityEngine.Object[],string,int,int)
UnityEditor.AssetPreviewUpdater:CreatePreviewForAsset (UnityEngine.Object,UnityEngine.Object[],string)

[C:\buildslave\unity\build\Runtime\Shaders\ShaderPropertySheet.cpp line 161]

 -> (artifact id: '2f1c4f32490976b7d7b714a0dbf1d92c') in 0.026238 seconds 
========================================================================
Received Import Request.
  Time since last request: 0.000034 seconds.
  path: Assets/Feel/MMTools/Tools/MMPrototypeTextures/MMBRP_Materials/MMBPR_YellowDots.mat
  artifactKey: Guid(54ac4fc9dfd37074aab2e6bff0c2e6ca) Importer(815301076,1909f56bfc062723c751e8b465ee728b)
Start importing Assets/Feel/MMTools/Tools/MMPrototypeTextures/MMBRP_Materials/MMBPR_YellowDots.mat using Guid(54ac4fc9dfd37074aab2e6bff0c2e6ca) Importer(815301076,1909f56bfc062723c751e8b465ee728b)  -> (artifact id: 'fc240c73280155e7c47ef6edc5babffe') in 0.027770 seconds 
========================================================================
Received Import Request.
  Time since last request: 0.000029 seconds.
  path: Assets/Feel/MMTools/Tools/MMPrototypeTextures/MMBRP_Materials/MMBPR_DarkGreyDots.mat
  artifactKey: Guid(db11353047c997f46a4760754f00c788) Importer(815301076,1909f56bfc062723c751e8b465ee728b)
Start importing Assets/Feel/MMTools/Tools/MMPrototypeTextures/MMBRP_Materials/MMBPR_DarkGreyDots.mat using Guid(db11353047c997f46a4760754f00c788) Importer(815301076,1909f56bfc062723c751e8b465ee728b)  -> (artifact id: 'cb89781960463d290abba9d90d4e7101') in 0.025412 seconds 
========================================================================
Received Import Request.
  Time since last request: 43.281057 seconds.
  path: Assets/Images/Nodes/nodes_boss-completed.png
  artifactKey: Guid(03f9f120b0cf48b44909c98bcace0243) Importer(815301076,1909f56bfc062723c751e8b465ee728b)
Start importing Assets/Images/Nodes/nodes_boss-completed.png using Guid(03f9f120b0cf48b44909c98bcace0243) Importer(815301076,1909f56bfc062723c751e8b465ee728b)  -> (artifact id: '1ee24dad547cc4a3afb26a2e88e146de') in 0.050674 seconds 
========================================================================
Received Import Request.
  Time since last request: 0.000042 seconds.
  path: Assets/Sprites/UI/Pause_button.png
  artifactKey: Guid(ec22b5754d608f44fb6c9d46605486cd) Importer(815301076,1909f56bfc062723c751e8b465ee728b)
Start importing Assets/Sprites/UI/Pause_button.png using Guid(ec22b5754d608f44fb6c9d46605486cd) Importer(815301076,1909f56bfc062723c751e8b465ee728b)  -> (artifact id: 'ab0505d731f66f0837f14d0b271a681b') in 0.019946 seconds 
========================================================================
Received Import Request.
  Time since last request: 0.000039 seconds.
  path: Assets/Sprites/UI/Ribbon_basic.png
  artifactKey: Guid(ed53df67b7f00a940b1a60d01002525f) Importer(815301076,1909f56bfc062723c751e8b465ee728b)
Start importing Assets/Sprites/UI/Ribbon_basic.png using Guid(ed53df67b7f00a940b1a60d01002525f) Importer(815301076,1909f56bfc062723c751e8b465ee728b)  -> (artifact id: '79b968ac9618a7eb207812f8c7d02cdf') in 0.026316 seconds 
========================================================================
Received Import Request.
  Time since last request: 0.000029 seconds.
  path: Assets/Feel/MMFeedbacks/Editor/Sequencing/Resources/SequencerDotBackground.png
  artifactKey: Guid(82c9d5c8726c57249b51c39e76eee072) Importer(815301076,1909f56bfc062723c751e8b465ee728b)
Start importing Assets/Feel/MMFeedbacks/Editor/Sequencing/Resources/SequencerDotBackground.png using Guid(82c9d5c8726c57249b51c39e76eee072) Importer(815301076,1909f56bfc062723c751e8b465ee728b)  -> (artifact id: 'f878caf2e1521488b5b83b61a1ff615c') in 0.020740 seconds 
========================================================================
Received Import Request.
  Time since last request: 0.000033 seconds.
  path: Assets/Images/UI/ui_back-arrow.png
  artifactKey: Guid(3b7d5d42c761bee4eafcff7dda395032) Importer(815301076,1909f56bfc062723c751e8b465ee728b)
Start importing Assets/Images/UI/ui_back-arrow.png using Guid(3b7d5d42c761bee4eafcff7dda395032) Importer(815301076,1909f56bfc062723c751e8b465ee728b)  -> (artifact id: 'bb3c4f91127ebf95ae8aa6fa855253e4') in 0.043341 seconds 
========================================================================
Received Import Request.
  Time since last request: 0.000023 seconds.
  path: Assets/Images/UI/tied-scroll 1.png
  artifactKey: Guid(2cd619ac97a3e944da142f1a9e0183b9) Importer(815301076,1909f56bfc062723c751e8b465ee728b)
Start importing Assets/Images/UI/tied-scroll 1.png using Guid(2cd619ac97a3e944da142f1a9e0183b9) Importer(815301076,1909f56bfc062723c751e8b465ee728b)  -> (artifact id: '17a3eecfa1b283bdc0ea4c69666ad6d2') in 0.035804 seconds 
========================================================================
Received Import Request.
  Time since last request: 0.000022 seconds.
  path: Assets/Images/saphir.png
  artifactKey: Guid(1da3b19ba86d4524f804413ed0de404e) Importer(815301076,1909f56bfc062723c751e8b465ee728b)
Start importing Assets/Images/saphir.png using Guid(1da3b19ba86d4524f804413ed0de404e) Importer(815301076,1909f56bfc062723c751e8b465ee728b)  -> (artifact id: 'a62f11cd98dacaeeefb2c373b5fa5da3') in 0.070570 seconds 
========================================================================
Received Import Request.
  Time since last request: 0.000044 seconds.
  path: Assets/Images/pokemon-game-background-8.png
  artifactKey: Guid(2f1cf797e3f961b448aee66a9d763510) Importer(815301076,1909f56bfc062723c751e8b465ee728b)
Start importing Assets/Images/pokemon-game-background-8.png using Guid(2f1cf797e3f961b448aee66a9d763510) Importer(815301076,1909f56bfc062723c751e8b465ee728b)  -> (artifact id: '8a03dc900744d2f313e46c132759d47a') in 0.080590 seconds 
========================================================================
Received Import Request.
  Time since last request: 0.000068 seconds.
  path: Assets/Sprites/UI/Stat_Main_player.png
  artifactKey: Guid(c083fcdad4cf8a347b5074f964ec3005) Importer(815301076,1909f56bfc062723c751e8b465ee728b)
Start importing Assets/Sprites/UI/Stat_Main_player.png using Guid(c083fcdad4cf8a347b5074f964ec3005) Importer(815301076,1909f56bfc062723c751e8b465ee728b)  -> (artifact id: '8767766c3cca371d8d286aa44a0df993') in 0.052735 seconds 
========================================================================
Received Import Request.
  Time since last request: 0.000062 seconds.
  path: Assets/Images/UI/pawprint.png
  artifactKey: Guid(aea4c25fcdefd8546bd833cde327fa3d) Importer(815301076,1909f56bfc062723c751e8b465ee728b)
Start importing Assets/Images/UI/pawprint.png using Guid(aea4c25fcdefd8546bd833cde327fa3d) Importer(815301076,1909f56bfc062723c751e8b465ee728b)  -> (artifact id: 'f428663b9942fdd855984a3e6e564790') in 0.059157 seconds 
========================================================================
Received Import Request.
  Time since last request: 0.000054 seconds.
  path: Assets/Sprites/UI/Stat_TripleDot_icon.png
  artifactKey: Guid(b5aff143f21e2bc46bb56166f13a9c93) Importer(815301076,1909f56bfc062723c751e8b465ee728b)
Start importing Assets/Sprites/UI/Stat_TripleDot_icon.png using Guid(b5aff143f21e2bc46bb56166f13a9c93) Importer(815301076,1909f56bfc062723c751e8b465ee728b)  -> (artifact id: 'a389e4d70bd486b6cc26b6dca24de467') in 0.029232 seconds 
========================================================================
Received Import Request.
  Time since last request: 0.000043 seconds.
  path: Assets/Images/Nodes/nodes_event.png
  artifactKey: Guid(3b578be482a75dc4e873c252090ee050) Importer(815301076,1909f56bfc062723c751e8b465ee728b)
Start importing Assets/Images/Nodes/nodes_event.png using Guid(3b578be482a75dc4e873c252090ee050) Importer(815301076,1909f56bfc062723c751e8b465ee728b)  -> (artifact id: 'c621af9c7c9cbe5f1eed132b5193599c') in 0.042218 seconds 
========================================================================
Received Import Request.
  Time since last request: 0.000042 seconds.
  path: Assets/Images/up-card.png
  artifactKey: Guid(c19da377c747dd041b30be115e9627eb) Importer(815301076,1909f56bfc062723c751e8b465ee728b)
Start importing Assets/Images/up-card.png using Guid(c19da377c747dd041b30be115e9627eb) Importer(815301076,1909f56bfc062723c751e8b465ee728b)  -> (artifact id: '1ba696712ebac16c61d2016bbc3cf18f') in 0.050765 seconds 
========================================================================
Received Import Request.
  Time since last request: 12.724120 seconds.
  path: Assets/Images/bleeding-heart.png
  artifactKey: Guid(8d50d5fc3b53c5a4ca745e3c97659630) Importer(815301076,1909f56bfc062723c751e8b465ee728b)
Start importing Assets/Images/bleeding-heart.png using Guid(8d50d5fc3b53c5a4ca745e3c97659630) Importer(815301076,1909f56bfc062723c751e8b465ee728b)  -> (artifact id: '85057e10194889ee7a24b415e1260698') in 0.028633 seconds 
========================================================================
Received Import Request.
  Time since last request: 0.000031 seconds.
  path: Assets/Images/cursed-star.png
  artifactKey: Guid(740d5a75e63eae545aa8b54f094781bd) Importer(815301076,1909f56bfc062723c751e8b465ee728b)
Start importing Assets/Images/cursed-star.png using Guid(740d5a75e63eae545aa8b54f094781bd) Importer(815301076,1909f56bfc062723c751e8b465ee728b)  -> (artifact id: '4860c45d3037dba43915cfad16767335') in 0.027061 seconds 
========================================================================
Received Import Request.
  Time since last request: 0.000033 seconds.
  path: Assets/Images/Gold.png
  artifactKey: Guid(6873c007dbc96ce4fbd80ed07466c7d6) Importer(815301076,1909f56bfc062723c751e8b465ee728b)
Start importing Assets/Images/Gold.png using Guid(6873c007dbc96ce4fbd80ed07466c7d6) Importer(815301076,1909f56bfc062723c751e8b465ee728b)  -> (artifact id: '07700d073718da66dccad8fca2f41f50') in 0.045071 seconds 
========================================================================
Received Import Request.
  Time since last request: 0.000044 seconds.
  path: Assets/Images/double-dragon.png
  artifactKey: Guid(405a19f406fa86448ae4eeae4c99f973) Importer(815301076,1909f56bfc062723c751e8b465ee728b)
Start importing Assets/Images/double-dragon.png using Guid(405a19f406fa86448ae4eeae4c99f973) Importer(815301076,1909f56bfc062723c751e8b465ee728b)  -> (artifact id: 'cf5b91219590fbd15e2d284e8f267800') in 0.032358 seconds 
========================================================================
Received Import Request.
  Time since last request: 1257.032855 seconds.
  path: Assets/Sprites/Creatures/FrostOwl_proto.png
  artifactKey: Guid(59b4fc7e1b9d2f44780df84638dfc98a) Importer(815301076,1909f56bfc062723c751e8b465ee728b)
Start importing Assets/Sprites/Creatures/FrostOwl_proto.png using Guid(59b4fc7e1b9d2f44780df84638dfc98a) Importer(815301076,1909f56bfc062723c751e8b465ee728b)  -> (artifact id: '11e201a68082393bd4fcfe3837c1c4fa') in 0.035971 seconds 
========================================================================
Received Prepare
Registering precompiled user dll's ...
Registered in 0.006044 seconds.
Begin MonoManager ReloadAssembly
Native extension for WindowsStandalone target not found
Refreshing native plugins compatible for Editor in 1.06 ms, found 2 plugins.
Preloading 0 native plugins for Editor in 0.00 ms.
[Package Manager] Server::EnsureServerProcessIsRunning -- launch failed, reason: Unity was launched with the -noUpm command-line argument
[Package Manager] UpmClient::Send -- Unable to send message (not connected to UPM process).
[Package Manager] Cannot connect to Unity Package Manager local server
Mono: successfully reloaded assembly
- Completed reload, in  1.335 seconds
Domain Reload Profiling:
	ReloadAssembly (1336ms)
		BeginReloadAssembly (145ms)
			ExecutionOrderSort (0ms)
			DisableScriptedObjects (9ms)
			BackupInstance (0ms)
			ReleaseScriptingObjects (0ms)
			CreateAndSetChildDomain (51ms)
		EndReloadAssembly (1103ms)
			LoadAssemblies (79ms)
			RebuildTransferFunctionScriptingTraits (0ms)
			SetupTypeCache (261ms)
				TypeCache.Initialize (244ms)
					TypeCache.ScanAssembly (239ms)
				ResolveRequiredComponents (17ms)
			ReleaseScriptCaches (1ms)
			RebuildScriptCaches (49ms)
			SetupLoadedEditorAssemblies (635ms)
				LogAssemblyErrors (0ms)
				InitializePlatformSupportModulesInManaged (10ms)
				SetLoadedEditorAssemblies (8ms)
				RefreshPlugins (1ms)
				BeforeProcessingInitializeOnLoad (88ms)
				ProcessInitializeOnLoadAttributes (293ms)
				ProcessInitializeOnLoadMethodAttributes (227ms)
				AfterProcessingInitializeOnLoad (8ms)
				EditorAssembliesLoaded (0ms)
			ExecutionOrderSort2 (0ms)
			AwakeInstancesAfterBackupRestoration (12ms)
Platform modules already initialized, skipping
Shader 'MoreMountains/MMRipple': fallback shader 'Particle/AlphaBlended' not found
Refreshing native plugins compatible for Editor in 4.00 ms, found 2 plugins.
Preloading 0 native plugins for Editor in 0.00 ms.
Unloading 4865 Unused Serialized files (Serialized files now loaded: 0)
Unloading 54 unused Assets / (314.8 KB). Loaded Objects now: 5728.
Memory consumption went from 0.89 GB to 0.89 GB.
Total: 6.796800 ms (FindLiveObjects: 0.411200 ms CreateObjectMapping: 0.369000 ms MarkObjects: 5.625500 ms  DeleteObjects: 0.389800 ms)

AssetImportParameters requested are different than current active one (requested -> active):
  custom:video-decoder-ogg-theora: a1e56fd34408186e4bbccfd4996cb3dc -> 
  custom:container-muxer-webm: aa71ff27fc2769a1b78a27578f13a17b -> 
  custom:container-demuxer-webm: 4f35f7cbe854078d1ac9338744f61a02 -> 
  custom:video-encoder-webm-vp8: eb34c28f22e8b96e1ab97ce403110664 -> 
  custom:audio-encoder-webm-vorbis: bf7c407c2cedff20999df2af8eb42d56 -> 
  custom:framework-win-MediaFoundation: 216162199b28c13a410421893ffa2e32 -> 
  custom:container-demuxer-ogg: 62fdf1f143b41e24485cea50d1cbac27 -> 
  custom:video-decoder-webm-vp8: 9c59270c3fd7afecdb556c50c9e8de78 -> 
  custom:audio-decoder-ogg-vorbis: bf7c407c2cedff20999df2af8eb42d56 -> 
========================================================================
Received Import Request.
  Time since last request: 233.273937 seconds.
  path: Assets/Sprites/Actives/cycle (1).png
  artifactKey: Guid(c1914aa8934926847beebf9c35d4a916) Importer(815301076,1909f56bfc062723c751e8b465ee728b)
Start importing Assets/Sprites/Actives/cycle (1).png using Guid(c1914aa8934926847beebf9c35d4a916) Importer(815301076,1909f56bfc062723c751e8b465ee728b)  -> (artifact id: '9a5bd5de229cbfe6a4bc3e017e1b0d69') in 0.084752 seconds 
========================================================================
Received Import Request.
  Time since last request: 0.000023 seconds.
  path: Assets/Sprites/UI/Discard_deck.png
  artifactKey: Guid(c4c161188105af04dbda375e9687add8) Importer(815301076,1909f56bfc062723c751e8b465ee728b)
Start importing Assets/Sprites/UI/Discard_deck.png using Guid(c4c161188105af04dbda375e9687add8) Importer(815301076,1909f56bfc062723c751e8b465ee728b)  -> (artifact id: '61947613857dbb84c791d0659995bcce') in 0.025069 seconds 
========================================================================
Received Import Request.
  Time since last request: 0.000023 seconds.
  path: Assets/Sprites/UI/Draw_Icon.png
  artifactKey: Guid(3b25742e8e3eeb548916eaa666a1a100) Importer(815301076,1909f56bfc062723c751e8b465ee728b)
Start importing Assets/Sprites/UI/Draw_Icon.png using Guid(3b25742e8e3eeb548916eaa666a1a100) Importer(815301076,1909f56bfc062723c751e8b465ee728b)  -> (artifact id: '7903bc19e5f67ff24de93fa69b078c23') in 0.018800 seconds 
========================================================================
Received Import Request.
  Time since last request: 0.000033 seconds.
  path: Assets/CardGameUIEffects/Assets/Animations/DrawPile/DrawPile_11.png
  artifactKey: Guid(c293ee3d780b04a4195e335944eb0780) Importer(815301076,1909f56bfc062723c751e8b465ee728b)
Start importing Assets/CardGameUIEffects/Assets/Animations/DrawPile/DrawPile_11.png using Guid(c293ee3d780b04a4195e335944eb0780) Importer(815301076,1909f56bfc062723c751e8b465ee728b)  -> (artifact id: 'ee5fa6d72b56be599c054bcd8c7b7103') in 0.025148 seconds 
========================================================================
Received Import Request.
  Time since last request: 0.000023 seconds.
  path: Assets/CardGameUIEffects/Assets/Animations/DrawPile/DrawPile_16.png
  artifactKey: Guid(bd2dcf08b6298d9438fd2ccbcc96ffd4) Importer(815301076,1909f56bfc062723c751e8b465ee728b)
Start importing Assets/CardGameUIEffects/Assets/Animations/DrawPile/DrawPile_16.png using Guid(bd2dcf08b6298d9438fd2ccbcc96ffd4) Importer(815301076,1909f56bfc062723c751e8b465ee728b)  -> (artifact id: 'c5c6cf39d30e3ea781f07940bb160d27') in 0.024858 seconds 
========================================================================
Received Import Request.
  Time since last request: 0.000023 seconds.
  path: Assets/CardGameUIEffects/Assets/Animations/DrawPile/DrawPile_17.png
  artifactKey: Guid(ac820d3d854239f48ac0cf9e592670ae) Importer(815301076,1909f56bfc062723c751e8b465ee728b)
Start importing Assets/CardGameUIEffects/Assets/Animations/DrawPile/DrawPile_17.png using Guid(ac820d3d854239f48ac0cf9e592670ae) Importer(815301076,1909f56bfc062723c751e8b465ee728b)  -> (artifact id: 'c5a9c3227e86b49662b9bb657895e7b7') in 0.024967 seconds 
========================================================================
Received Import Request.
  Time since last request: 0.000020 seconds.
  path: Assets/CardGameUIEffects/Assets/Animations/DrawPile/DrawPile_23.png
  artifactKey: Guid(6f161e64a4b280a4398bd840e3f0add1) Importer(815301076,1909f56bfc062723c751e8b465ee728b)
Start importing Assets/CardGameUIEffects/Assets/Animations/DrawPile/DrawPile_23.png using Guid(6f161e64a4b280a4398bd840e3f0add1) Importer(815301076,1909f56bfc062723c751e8b465ee728b)  -> (artifact id: 'e649a869e54bee354d8a1af783960bb8') in 0.022585 seconds 
========================================================================
Received Import Request.
  Time since last request: 0.000021 seconds.
  path: Assets/CardGameUIEffects/Assets/Animations/DrawPile/DrawPile_22.png
  artifactKey: Guid(4b985b985fe23a440877cf7435434f21) Importer(815301076,1909f56bfc062723c751e8b465ee728b)
Start importing Assets/CardGameUIEffects/Assets/Animations/DrawPile/DrawPile_22.png using Guid(4b985b985fe23a440877cf7435434f21) Importer(815301076,1909f56bfc062723c751e8b465ee728b)  -> (artifact id: '16ddbba7c99a508fe5365f2dd0070079') in 0.021969 seconds 
========================================================================
Received Import Request.
  Time since last request: 0.000019 seconds.
  path: Assets/Sprites/UI/Exhaust_deck.png
  artifactKey: Guid(caf366e49230c30418e1d4bd6ce85544) Importer(815301076,1909f56bfc062723c751e8b465ee728b)
Start importing Assets/Sprites/UI/Exhaust_deck.png using Guid(caf366e49230c30418e1d4bd6ce85544) Importer(815301076,1909f56bfc062723c751e8b465ee728b)  -> (artifact id: '0cd0ea0086905af42f3b89cb04618cc5') in 0.033254 seconds 
========================================================================
Received Import Request.
  Time since last request: 0.000022 seconds.
  path: Assets/Fonts/Montserrat/Montserrat-ExtraBold.ttf
  artifactKey: Guid(c865972ba3c8cdb49af38c2082ac27e7) Importer(815301076,1909f56bfc062723c751e8b465ee728b)
Start importing Assets/Fonts/Montserrat/Montserrat-ExtraBold.ttf using Guid(c865972ba3c8cdb49af38c2082ac27e7) Importer(815301076,1909f56bfc062723c751e8b465ee728b)  -> (artifact id: '2252d7a672b003613ef1c94df60b5841') in 0.253364 seconds 
========================================================================
Received Import Request.
  Time since last request: 0.000049 seconds.
  path: Assets/Fonts/Montserrat/Montserrat-ExtraLight.ttf
  artifactKey: Guid(3af274fcd2db9ed438157fe15554cb6a) Importer(815301076,1909f56bfc062723c751e8b465ee728b)
Start importing Assets/Fonts/Montserrat/Montserrat-ExtraLight.ttf using Guid(3af274fcd2db9ed438157fe15554cb6a) Importer(815301076,1909f56bfc062723c751e8b465ee728b)  -> (artifact id: '362a0491448c7a3af2d837b0f9938481') in 0.038546 seconds 
========================================================================
Received Import Request.
  Time since last request: 0.000030 seconds.
  path: Assets/CardGameUIEffects/Assets/Animations/DrawPile/DrawPile_01.png
  artifactKey: Guid(2a81c9501db97c74a9bd172d4b930c2b) Importer(815301076,1909f56bfc062723c751e8b465ee728b)
Start importing Assets/CardGameUIEffects/Assets/Animations/DrawPile/DrawPile_01.png using Guid(2a81c9501db97c74a9bd172d4b930c2b) Importer(815301076,1909f56bfc062723c751e8b465ee728b)  -> (artifact id: '173bbd8603885e124b9b20fc4dd99ea2') in 0.030557 seconds 
========================================================================
Received Import Request.
  Time since last request: 0.000026 seconds.
  path: Assets/CardGameUIEffects/Assets/Textures/Cards/DrawPile.png
  artifactKey: Guid(e48ea1e020dff0243a953b78e25f4689) Importer(815301076,1909f56bfc062723c751e8b465ee728b)
Start importing Assets/CardGameUIEffects/Assets/Textures/Cards/DrawPile.png using Guid(e48ea1e020dff0243a953b78e25f4689) Importer(815301076,1909f56bfc062723c751e8b465ee728b)  -> (artifact id: '0c3a7f4a37de471282bedbff5a827810') in 0.021734 seconds 
========================================================================
Received Import Request.
  Time since last request: 0.000035 seconds.
  path: Assets/Sprites/Cards/debuff_img.png
  artifactKey: Guid(5f085de587f1e254e91c210471a50d35) Importer(815301076,1909f56bfc062723c751e8b465ee728b)
Start importing Assets/Sprites/Cards/debuff_img.png using Guid(5f085de587f1e254e91c210471a50d35) Importer(815301076,1909f56bfc062723c751e8b465ee728b)  -> (artifact id: '724b413f8735fd5249e424859d267394') in 0.026941 seconds 
========================================================================
Received Import Request.
  Time since last request: 0.000038 seconds.
  path: Assets/Images/Explorators/exp-Jeweler.png
  artifactKey: Guid(d8592f820eafff74bb6577ddd2b9e6f0) Importer(815301076,1909f56bfc062723c751e8b465ee728b)
Start importing Assets/Images/Explorators/exp-Jeweler.png using Guid(d8592f820eafff74bb6577ddd2b9e6f0) Importer(815301076,1909f56bfc062723c751e8b465ee728b)  -> (artifact id: 'c9b9d3766fd5ca4908340252f7b3e9e8') in 0.037718 seconds 
========================================================================
Received Import Request.
  Time since last request: 0.000034 seconds.
  path: Assets/Sprites/UI/Exhaust_Icon.png
  artifactKey: Guid(8ec0a6b2ef94efc4f8ff24926162bb08) Importer(815301076,1909f56bfc062723c751e8b465ee728b)
Start importing Assets/Sprites/UI/Exhaust_Icon.png using Guid(8ec0a6b2ef94efc4f8ff24926162bb08) Importer(815301076,1909f56bfc062723c751e8b465ee728b)  -> (artifact id: '256d3aa768120517c413a05c78bfff67') in 0.024483 seconds 
========================================================================
Received Import Request.
  Time since last request: 0.000037 seconds.
  path: Assets/Fonts/Montserrat/Montserrat-ExtraBoldItalic.ttf
  artifactKey: Guid(498244acfb9512b4c934b4b3be6ff500) Importer(815301076,1909f56bfc062723c751e8b465ee728b)
Start importing Assets/Fonts/Montserrat/Montserrat-ExtraBoldItalic.ttf using Guid(498244acfb9512b4c934b4b3be6ff500) Importer(815301076,1909f56bfc062723c751e8b465ee728b)  -> (artifact id: '485ba0944e455a846465f420ba11d376') in 0.028865 seconds 
========================================================================
Received Import Request.
  Time since last request: 0.000035 seconds.
  path: Assets/CardGameUIEffects/Assets/Animations/DrawPile/DrawPile_10.png
  artifactKey: Guid(053d5427abf65d04e85212d006b348c4) Importer(815301076,1909f56bfc062723c751e8b465ee728b)
Start importing Assets/CardGameUIEffects/Assets/Animations/DrawPile/DrawPile_10.png using Guid(053d5427abf65d04e85212d006b348c4) Importer(815301076,1909f56bfc062723c751e8b465ee728b)  -> (artifact id: '37f27f907c2f9c39f24306782e63db63') in 0.023912 seconds 
========================================================================
Received Import Request.
  Time since last request: 0.000039 seconds.
  path: Assets/CardGameUIEffects/Assets/Animations/DrawPile/DrawPile_18.png
  artifactKey: Guid(7aee76adc28eea544aefe2dc48b948e0) Importer(815301076,1909f56bfc062723c751e8b465ee728b)
Start importing Assets/CardGameUIEffects/Assets/Animations/DrawPile/DrawPile_18.png using Guid(7aee76adc28eea544aefe2dc48b948e0) Importer(815301076,1909f56bfc062723c751e8b465ee728b)  -> (artifact id: '260dd80757d48d8cc4c6cb71dc09d4ea') in 0.024527 seconds 
========================================================================
Received Import Request.
  Time since last request: 0.000049 seconds.
  path: Assets/Feel/MMFeedbacks/Editor/Resources/FeelSetupRequired.png
  artifactKey: Guid(1d575a145584c7549994d8a51c689ef8) Importer(815301076,1909f56bfc062723c751e8b465ee728b)
Start importing Assets/Feel/MMFeedbacks/Editor/Resources/FeelSetupRequired.png using Guid(1d575a145584c7549994d8a51c689ef8) Importer(815301076,1909f56bfc062723c751e8b465ee728b)  -> (artifact id: '1cd61648b67669511fa0c4b638949aeb') in 0.013741 seconds 
========================================================================
Received Import Request.
  Time since last request: 0.000032 seconds.
  path: Assets/CardGameUIEffects/Assets/Animations/DrawPile/DrawPile_19.png
  artifactKey: Guid(a50553f4f9bf9bc419daa5ba476e363f) Importer(815301076,1909f56bfc062723c751e8b465ee728b)
Start importing Assets/CardGameUIEffects/Assets/Animations/DrawPile/DrawPile_19.png using Guid(a50553f4f9bf9bc419daa5ba476e363f) Importer(815301076,1909f56bfc062723c751e8b465ee728b)  -> (artifact id: 'c8dd326f108a4d6f4ac6ceec1194c35c') in 0.026028 seconds 
========================================================================
Received Import Request.
  Time since last request: 0.000044 seconds.
  path: Assets/CardGameUIEffects/Assets/Animations/DrawPile/DrawPile_15.png
  artifactKey: Guid(a9c51df52f1b1154590836fa72dc4996) Importer(815301076,1909f56bfc062723c751e8b465ee728b)
Start importing Assets/CardGameUIEffects/Assets/Animations/DrawPile/DrawPile_15.png using Guid(a9c51df52f1b1154590836fa72dc4996) Importer(815301076,1909f56bfc062723c751e8b465ee728b)  -> (artifact id: 'a61c330ca2cb5faa0473e632f228bef0') in 0.025387 seconds 
========================================================================
Received Import Request.
  Time since last request: 0.000042 seconds.
  path: Assets/Images/Explorators/exp-Smith.png
  artifactKey: Guid(c6e9beaeb1eb0f940ae8f7e627889e8a) Importer(815301076,1909f56bfc062723c751e8b465ee728b)
Start importing Assets/Images/Explorators/exp-Smith.png using Guid(c6e9beaeb1eb0f940ae8f7e627889e8a) Importer(815301076,1909f56bfc062723c751e8b465ee728b)  -> (artifact id: 'e11ae4424c040d3e201f0a8697a59908') in 0.043491 seconds 
========================================================================
Received Import Request.
  Time since last request: 0.000038 seconds.
  path: Assets/Images/Explorators/exp-Captain.png
  artifactKey: Guid(4b258f07f871b644e9ba1c2c506f9eab) Importer(815301076,1909f56bfc062723c751e8b465ee728b)
Start importing Assets/Images/Explorators/exp-Captain.png using Guid(4b258f07f871b644e9ba1c2c506f9eab) Importer(815301076,1909f56bfc062723c751e8b465ee728b)  -> (artifact id: '1ff7c3e1423c82cd2a4ff4718790a1d0') in 0.036499 seconds 
========================================================================
Received Import Request.
  Time since last request: 0.000046 seconds.
  path: Assets/TextMesh Pro/Sprites/EmojiOne.png
  artifactKey: Guid(dffef66376be4fa480fb02b19edbe903) Importer(815301076,1909f56bfc062723c751e8b465ee728b)
Start importing Assets/TextMesh Pro/Sprites/EmojiOne.png using Guid(dffef66376be4fa480fb02b19edbe903) Importer(815301076,1909f56bfc062723c751e8b465ee728b)  -> (artifact id: 'b593cd0e94df220d82a835ac2896279e') in 0.027093 seconds 
========================================================================
Received Import Request.
  Time since last request: 0.000048 seconds.
  path: Assets/CardGameUIEffects/Assets/Animations/DrawPile/DrawPile_06.png
  artifactKey: Guid(3cd4fdf2593576a458288795018e4ec4) Importer(815301076,1909f56bfc062723c751e8b465ee728b)
Start importing Assets/CardGameUIEffects/Assets/Animations/DrawPile/DrawPile_06.png using Guid(3cd4fdf2593576a458288795018e4ec4) Importer(815301076,1909f56bfc062723c751e8b465ee728b)  -> (artifact id: '588c6af298d9a87ecec813dbce58ba77') in 0.027073 seconds 
========================================================================
Received Import Request.
  Time since last request: 0.000033 seconds.
  path: Assets/CardGameUIEffects/Assets/Animations/DrawPile/DrawPile_03.png
  artifactKey: Guid(00f6a4ff1a749814e966e07e87f82ff1) Importer(815301076,1909f56bfc062723c751e8b465ee728b)
Start importing Assets/CardGameUIEffects/Assets/Animations/DrawPile/DrawPile_03.png using Guid(00f6a4ff1a749814e966e07e87f82ff1) Importer(815301076,1909f56bfc062723c751e8b465ee728b)  -> (artifact id: 'cfa30f595f3a4303e6c2bccf728e1664') in 0.024244 seconds 
========================================================================
Received Import Request.
  Time since last request: 0.000036 seconds.
  path: Assets/CardGameUIEffects/Assets/Animations/DrawPile/DrawPile_02.png
  artifactKey: Guid(31c56e3e5bb60e64495cb8f9d6b99ba6) Importer(815301076,1909f56bfc062723c751e8b465ee728b)
Start importing Assets/CardGameUIEffects/Assets/Animations/DrawPile/DrawPile_02.png using Guid(31c56e3e5bb60e64495cb8f9d6b99ba6) Importer(815301076,1909f56bfc062723c751e8b465ee728b)  -> (artifact id: '5455ad58245818fb5db4c0bc82966255') in 0.028367 seconds 
========================================================================
Received Import Request.
  Time since last request: 0.000037 seconds.
  path: Assets/CardGameUIEffects/Assets/Animations/DrawPile/DrawPile_07.png
  artifactKey: Guid(b90788203ece2a34e951f5b1dbdc2c4d) Importer(815301076,1909f56bfc062723c751e8b465ee728b)
Start importing Assets/CardGameUIEffects/Assets/Animations/DrawPile/DrawPile_07.png using Guid(b90788203ece2a34e951f5b1dbdc2c4d) Importer(815301076,1909f56bfc062723c751e8b465ee728b)  -> (artifact id: 'f91593658ccb91930baafbb455f800ab') in 0.031215 seconds 
========================================================================
Received Import Request.
  Time since last request: 0.000039 seconds.
  path: Assets/CardGameUIEffects/Assets/Textures/Cards/DefenseEffect.png
  artifactKey: Guid(234ca728926ffe3489ea84367accaac1) Importer(815301076,1909f56bfc062723c751e8b465ee728b)
Start importing Assets/CardGameUIEffects/Assets/Textures/Cards/DefenseEffect.png using Guid(234ca728926ffe3489ea84367accaac1) Importer(815301076,1909f56bfc062723c751e8b465ee728b)  -> (artifact id: '7f898b91e0eb52afeb185c8ecc2d9bfd') in 0.028741 seconds 
========================================================================
Received Import Request.
  Time since last request: 0.000025 seconds.
  path: Assets/CardGameUIEffects/Assets/Animations/DrawPile/DrawPile_00.png
  artifactKey: Guid(ade1df535cb0aed4593af405440eaaf8) Importer(815301076,1909f56bfc062723c751e8b465ee728b)
Start importing Assets/CardGameUIEffects/Assets/Animations/DrawPile/DrawPile_00.png using Guid(ade1df535cb0aed4593af405440eaaf8) Importer(815301076,1909f56bfc062723c751e8b465ee728b)  -> (artifact id: 'a421b0e6a89c84d636263245a3068c71') in 0.026657 seconds 
Editor requested this worker to shutdown with reason: Scaling down because of idle timeout
AssetImportWorker is now disconnected from the server
Process exiting
Exiting without the bug reporter. Application will terminate with return code 0