Using pre-set license
Built from '2022.1/staging' branch; Version is '2022.1.7f1 (240f4c1f462c) revision 2363212'; Using compiler version '192829333'; Build Type 'Release'
OS: 'Windows 10  (10.0.19044) 64bit Core' Language: 'en' Physical Memory: 16322 MB
BatchMode: 1, IsHumanControllingUs: 0, StartBugReporterOnCrash: 0, Is64bit: 1, IsPro: 1

COMMAND LINE ARGUMENTS:
C:\Program Files\Unity\Hub\Editor\2022.1.7f1\Editor\Unity.exe
-adb2
-batchMode
-noUpm
-name
AssetImportWorker7
-projectPath
C:/Users/minig/Documents/Projects/Turquoise Flavour
-logFile
Logs/AssetImportWorker7.log
-srvPort
58203
Successfully changed project path to: C:/Users/minig/Documents/Projects/Turquoise Flavour
C:/Users/minig/Documents/Projects/Turquoise Flavour
[UnityMemory] Configuration Parameters - Can be set up in boot.config
    "memorysetup-bucket-allocator-granularity=16"
    "memorysetup-bucket-allocator-bucket-count=8"
    "memorysetup-bucket-allocator-block-size=33554432"
    "memorysetup-bucket-allocator-block-count=8"
    "memorysetup-main-allocator-block-size=16777216"
    "memorysetup-thread-allocator-block-size=16777216"
    "memorysetup-gfx-main-allocator-block-size=16777216"
    "memorysetup-gfx-thread-allocator-block-size=16777216"
    "memorysetup-cache-allocator-block-size=4194304"
    "memorysetup-typetree-allocator-block-size=2097152"
    "memorysetup-profiler-bucket-allocator-granularity=16"
    "memorysetup-profiler-bucket-allocator-bucket-count=8"
    "memorysetup-profiler-bucket-allocator-block-size=33554432"
    "memorysetup-profiler-bucket-allocator-block-count=8"
    "memorysetup-profiler-allocator-block-size=16777216"
    "memorysetup-profiler-editor-allocator-block-size=1048576"
    "memorysetup-temp-allocator-size-main=16777216"
    "memorysetup-job-temp-allocator-block-size=2097152"
    "memorysetup-job-temp-allocator-block-size-background=1048576"
    "memorysetup-job-temp-allocator-reduction-small-platforms=262144"
    "memorysetup-temp-allocator-size-background-worker=32768"
    "memorysetup-temp-allocator-size-job-worker=262144"
    "memorysetup-temp-allocator-size-preload-manager=33554432"
    "memorysetup-temp-allocator-size-nav-mesh-worker=65536"
    "memorysetup-temp-allocator-size-audio-worker=65536"
    "memorysetup-temp-allocator-size-cloud-worker=32768"
    "memorysetup-temp-allocator-size-gi-baking-worker=262144"
    "memorysetup-temp-allocator-size-gfx=262144"
Refreshing native plugins compatible for Editor in 75.34 ms, found 2 plugins.
Preloading 0 native plugins for Editor in 0.00 ms.
Initialize engine version: 2022.1.7f1 (240f4c1f462c)
[Subsystems] Discovering subsystems at path C:/Program Files/Unity/Hub/Editor/2022.1.7f1/Editor/Data/Resources/UnitySubsystems
[Subsystems] Discovering subsystems at path C:/Users/minig/Documents/Projects/Turquoise Flavour/Assets
GfxDevice: creating device client; threaded=0; jobified=0
Direct3D:
    Version:  Direct3D 11.0 [level 11.1]
    Renderer: NVIDIA GeForce RTX 2070 (ID=0x1f02)
    Vendor:   NVIDIA
    VRAM:     8031 MB
    Driver:   30.0.15.1215
Shader 'MoreMountains/MMRipple': fallback shader 'Particle/AlphaBlended' not found
Initialize mono
Mono path[0] = 'C:/Program Files/Unity/Hub/Editor/2022.1.7f1/Editor/Data/Managed'
Mono path[1] = 'C:/Program Files/Unity/Hub/Editor/2022.1.7f1/Editor/Data/MonoBleedingEdge/lib/mono/unityjit-win32'
Mono config path = 'C:/Program Files/Unity/Hub/Editor/2022.1.7f1/Editor/Data/MonoBleedingEdge/etc'
Using monoOptions --debugger-agent=transport=dt_socket,embedding=1,server=y,suspend=n,address=127.0.0.1:56628
Begin MonoManager ReloadAssembly
Registering precompiled unity dll's ...
Register platform support module: C:/Program Files/Unity/Hub/Editor/2022.1.7f1/Editor/Data/PlaybackEngines/WindowsStandaloneSupport/UnityEditor.WindowsStandalone.Extensions.dll
Registered in 0.005577 seconds.
Native extension for WindowsStandalone target not found
Refreshing native plugins compatible for Editor in 77.70 ms, found 2 plugins.
Preloading 0 native plugins for Editor in 0.00 ms.
Mono: successfully reloaded assembly
- Completed reload, in  0.627 seconds
Domain Reload Profiling:
	ReloadAssembly (628ms)
		BeginReloadAssembly (66ms)
			ExecutionOrderSort (0ms)
			DisableScriptedObjects (0ms)
			BackupInstance (0ms)
			ReleaseScriptingObjects (0ms)
			CreateAndSetChildDomain (1ms)
		EndReloadAssembly (462ms)
			LoadAssemblies (64ms)
			RebuildTransferFunctionScriptingTraits (0ms)
			SetupTypeCache (118ms)
				TypeCache.Initialize (118ms)
					TypeCache.ScanAssembly (116ms)
				ResolveRequiredComponents (1ms)
			ReleaseScriptCaches (0ms)
			RebuildScriptCaches (33ms)
			SetupLoadedEditorAssemblies (258ms)
				LogAssemblyErrors (0ms)
				InitializePlatformSupportModulesInManaged (8ms)
				SetLoadedEditorAssemblies (8ms)
				RefreshPlugins (78ms)
				BeforeProcessingInitializeOnLoad (1ms)
				ProcessInitializeOnLoadAttributes (122ms)
				ProcessInitializeOnLoadMethodAttributes (41ms)
				AfterProcessingInitializeOnLoad (0ms)
				EditorAssembliesLoaded (0ms)
			ExecutionOrderSort2 (0ms)
			AwakeInstancesAfterBackupRestoration (0ms)
Platform modules already initialized, skipping
Registering precompiled user dll's ...
Registered in 0.004739 seconds.
Begin MonoManager ReloadAssembly
Native extension for WindowsStandalone target not found
Refreshing native plugins compatible for Editor in 64.78 ms, found 2 plugins.
Preloading 0 native plugins for Editor in 0.00 ms.
Package Manager log level set to [2]
[Package Manager] Server::EnsureServerProcessIsRunning -- launch failed, reason: Unity was launched with the -noUpm command-line argument
[Package Manager] UpmClient::Send -- Unable to send message (not connected to UPM process).
[Package Manager] Cannot connect to Unity Package Manager local server
Mono: successfully reloaded assembly
- Completed reload, in  1.244 seconds
Domain Reload Profiling:
	ReloadAssembly (1245ms)
		BeginReloadAssembly (106ms)
			ExecutionOrderSort (0ms)
			DisableScriptedObjects (5ms)
			BackupInstance (0ms)
			ReleaseScriptingObjects (0ms)
			CreateAndSetChildDomain (19ms)
		EndReloadAssembly (1036ms)
			LoadAssemblies (75ms)
			RebuildTransferFunctionScriptingTraits (0ms)
			SetupTypeCache (218ms)
				TypeCache.Initialize (206ms)
					TypeCache.ScanAssembly (203ms)
				ResolveRequiredComponents (12ms)
			ReleaseScriptCaches (1ms)
			RebuildScriptCaches (76ms)
			SetupLoadedEditorAssemblies (612ms)
				LogAssemblyErrors (0ms)
				InitializePlatformSupportModulesInManaged (4ms)
				SetLoadedEditorAssemblies (7ms)
				RefreshPlugins (65ms)
				BeforeProcessingInitializeOnLoad (101ms)
				ProcessInitializeOnLoadAttributes (264ms)
				ProcessInitializeOnLoadMethodAttributes (164ms)
				AfterProcessingInitializeOnLoad (6ms)
				EditorAssembliesLoaded (0ms)
			ExecutionOrderSort2 (0ms)
			AwakeInstancesAfterBackupRestoration (5ms)
Platform modules already initialized, skipping
========================================================================
Worker process is ready to serve import requests
Shader 'MoreMountains/MMRipple': fallback shader 'Particle/AlphaBlended' not found
Launched and connected shader compiler UnityShaderCompiler.exe after 0.03 seconds
Refreshing native plugins compatible for Editor in 0.85 ms, found 2 plugins.
Preloading 0 native plugins for Editor in 0.00 ms.
Unloading 4208 Unused Serialized files (Serialized files now loaded: 0)
Unloading 58 unused Assets / (323.4 KB). Loaded Objects now: 4766.
Memory consumption went from 0.71 GB to 0.71 GB.
Total: 5.775600 ms (FindLiveObjects: 0.389800 ms CreateObjectMapping: 0.313300 ms MarkObjects: 4.990500 ms  DeleteObjects: 0.080800 ms)

AssetImportParameters requested are different than current active one (requested -> active):
  custom:video-decoder-ogg-theora: a1e56fd34408186e4bbccfd4996cb3dc -> 
  custom:container-muxer-webm: aa71ff27fc2769a1b78a27578f13a17b -> 
  custom:container-demuxer-webm: 4f35f7cbe854078d1ac9338744f61a02 -> 
  custom:video-encoder-webm-vp8: eb34c28f22e8b96e1ab97ce403110664 -> 
  custom:audio-encoder-webm-vorbis: bf7c407c2cedff20999df2af8eb42d56 -> 
  custom:framework-win-MediaFoundation: 216162199b28c13a410421893ffa2e32 -> 
  custom:container-demuxer-ogg: 62fdf1f143b41e24485cea50d1cbac27 -> 
  custom:video-decoder-webm-vp8: 9c59270c3fd7afecdb556c50c9e8de78 -> 
  custom:audio-decoder-ogg-vorbis: bf7c407c2cedff20999df2af8eb42d56 -> 
========================================================================
Received Import Request.
  Time since last request: 864438.393265 seconds.
  path: Packages/com.unity.render-pipelines.core/Editor/LookDev/Icons/Remove@2x.png
  artifactKey: Guid(049c8a7821177594692244298d82e4af) Importer(815301076,1909f56bfc062723c751e8b465ee728b)
Start importing Packages/com.unity.render-pipelines.core/Editor/LookDev/Icons/Remove@2x.png using Guid(049c8a7821177594692244298d82e4af) Importer(815301076,1909f56bfc062723c751e8b465ee728b)  -> (artifact id: 'e5bc7a44450041d5d7c799e334c81bb0') in 0.093010 seconds 
========================================================================
Received Import Request.
  Time since last request: 20.515986 seconds.
  path: Packages/com.unity.render-pipelines.core/Editor/LookDev/Icons/LeftArrow.png
  artifactKey: Guid(aba72f93e9005054dba8cb368c0bf724) Importer(815301076,1909f56bfc062723c751e8b465ee728b)
Start importing Packages/com.unity.render-pipelines.core/Editor/LookDev/Icons/LeftArrow.png using Guid(aba72f93e9005054dba8cb368c0bf724) Importer(815301076,1909f56bfc062723c751e8b465ee728b)  -> (artifact id: '4639328246736e59b70b483b7702382a') in 0.019122 seconds 
========================================================================
Received Import Request.
  Time since last request: 0.025957 seconds.
  path: Packages/com.unity.render-pipelines.core/Editor/LookDev/Icons/LayoutCustom@2x.png
  artifactKey: Guid(2fffe801f98fb314484382ea4affcf94) Importer(815301076,1909f56bfc062723c751e8b465ee728b)
Start importing Packages/com.unity.render-pipelines.core/Editor/LookDev/Icons/LayoutCustom@2x.png using Guid(2fffe801f98fb314484382ea4affcf94) Importer(815301076,1909f56bfc062723c751e8b465ee728b)  -> (artifact id: '0cb9e3414690f54242c4a04f71668b51') in 0.045128 seconds 
========================================================================
Received Import Request.
  Time since last request: 0.493797 seconds.
  path: Packages/com.unity.collab-proxy/Editor/PlasticSCM/Assets/Images/iconrepository.png
  artifactKey: Guid(ed64f3a17f2ede646be21ed6edc9161a) Importer(815301076,1909f56bfc062723c751e8b465ee728b)
Start importing Packages/com.unity.collab-proxy/Editor/PlasticSCM/Assets/Images/iconrepository.png using Guid(ed64f3a17f2ede646be21ed6edc9161a) Importer(815301076,1909f56bfc062723c751e8b465ee728b)  -> (artifact id: '7b18e0bbdb0af572da79c722a587ea39') in 0.019001 seconds 
========================================================================
Received Import Request.
  Time since last request: 0.000030 seconds.
  path: Packages/com.unity.collab-proxy/Editor/PlasticSCM/Assets/Images/ignoredoverlay.png
  artifactKey: Guid(767ce9b1aa9de8747a4c2ffc8b3dd7ad) Importer(815301076,1909f56bfc062723c751e8b465ee728b)
Start importing Packages/com.unity.collab-proxy/Editor/PlasticSCM/Assets/Images/ignoredoverlay.png using Guid(767ce9b1aa9de8747a4c2ffc8b3dd7ad) Importer(815301076,1909f56bfc062723c751e8b465ee728b)  -> (artifact id: '7c2196b8f430fd891c40382d88c4665e') in 0.017089 seconds 
========================================================================
Received Import Request.
  Time since last request: 1.439606 seconds.
  path: Packages/com.unity.collab-proxy/Editor/PlasticSCM/Assets/Images/iconprivateoverlay@2x.png
  artifactKey: Guid(40685941c1361aa4a957b61174bce3f6) Importer(815301076,1909f56bfc062723c751e8b465ee728b)
Start importing Packages/com.unity.collab-proxy/Editor/PlasticSCM/Assets/Images/iconprivateoverlay@2x.png using Guid(40685941c1361aa4a957b61174bce3f6) Importer(815301076,1909f56bfc062723c751e8b465ee728b)  -> (artifact id: '1527d3425837316468dfc8dbaa692c46') in 0.032585 seconds 
========================================================================
Received Import Request.
  Time since last request: 0.006931 seconds.
  path: Packages/com.unity.collab-proxy/Editor/PlasticSCM/Assets/Images/iconplasticview.png
  artifactKey: Guid(dcb2ee37925b97e438ae244996d81a55) Importer(815301076,1909f56bfc062723c751e8b465ee728b)
Start importing Packages/com.unity.collab-proxy/Editor/PlasticSCM/Assets/Images/iconplasticview.png using Guid(dcb2ee37925b97e438ae244996d81a55) Importer(815301076,1909f56bfc062723c751e8b465ee728b)  -> (artifact id: '6796c4cabe6f50b30d91185f675a1476') in 0.021392 seconds 
========================================================================
Received Import Request.
  Time since last request: 0.020924 seconds.
  path: Packages/com.unity.collab-proxy/Editor/PlasticSCM/Assets/Images/iconplastic.png
  artifactKey: Guid(3042b019b052942a1baf7aa49d7ca6bb) Importer(815301076,1909f56bfc062723c751e8b465ee728b)
Start importing Packages/com.unity.collab-proxy/Editor/PlasticSCM/Assets/Images/iconplastic.png using Guid(3042b019b052942a1baf7aa49d7ca6bb) Importer(815301076,1909f56bfc062723c751e8b465ee728b)  -> (artifact id: '5384ef63d3613842b7f54a2e55e7494b') in 0.034165 seconds 
========================================================================
Received Import Request.
  Time since last request: 7.304797 seconds.
  path: Packages/com.unity.collab-proxy/Editor/PlasticSCM/Assets/Images/iconmoved.png
  artifactKey: Guid(8a6cca56e2b63344eb4769cd92d93ffb) Importer(815301076,1909f56bfc062723c751e8b465ee728b)
Start importing Packages/com.unity.collab-proxy/Editor/PlasticSCM/Assets/Images/iconmoved.png using Guid(8a6cca56e2b63344eb4769cd92d93ffb) Importer(815301076,1909f56bfc062723c751e8b465ee728b)  -> (artifact id: '2220b1a6359da3a2bcf6eb0038198663') in 0.042284 seconds 
========================================================================
Received Import Request.
  Time since last request: 0.000221 seconds.
  path: Packages/com.unity.collab-proxy/Editor/PlasticSCM/Assets/Images/iconlockedlocaloverlay.png
  artifactKey: Guid(3eb463f682a32ab48b98a68d3361e524) Importer(815301076,1909f56bfc062723c751e8b465ee728b)
Start importing Packages/com.unity.collab-proxy/Editor/PlasticSCM/Assets/Images/iconlockedlocaloverlay.png using Guid(3eb463f682a32ab48b98a68d3361e524) Importer(815301076,1909f56bfc062723c751e8b465ee728b)  -> (artifact id: '2b2c77c4019f47626842f43136f765c9') in 0.025125 seconds 
========================================================================
Received Import Request.
  Time since last request: 0.006751 seconds.
  path: Packages/com.unity.collab-proxy/Editor/PlasticSCM/Assets/Images/icondeletedlocaloverlay@2x.png
  artifactKey: Guid(a3e491f99ea3ad74f8731ca93e84c497) Importer(815301076,1909f56bfc062723c751e8b465ee728b)
Start importing Packages/com.unity.collab-proxy/Editor/PlasticSCM/Assets/Images/icondeletedlocaloverlay@2x.png using Guid(a3e491f99ea3ad74f8731ca93e84c497) Importer(815301076,1909f56bfc062723c751e8b465ee728b)  -> (artifact id: '0550ba21e464a846eabf475c73616ace') in 0.041133 seconds 
========================================================================
Received Import Request.
  Time since last request: 4.310037 seconds.
  path: Packages/com.unity.collab-proxy/Editor/PlasticSCM/Assets/Images/iconconflictresolvedoverlay@2x.png
  artifactKey: Guid(309b1d5a294fd6c43ae9cf77656c1852) Importer(815301076,1909f56bfc062723c751e8b465ee728b)
Start importing Packages/com.unity.collab-proxy/Editor/PlasticSCM/Assets/Images/iconconflictresolvedoverlay@2x.png using Guid(309b1d5a294fd6c43ae9cf77656c1852) Importer(815301076,1909f56bfc062723c751e8b465ee728b)  -> (artifact id: '37b0c60983e4467c98aa5463de1036c7') in 0.020234 seconds 
========================================================================
Received Import Request.
  Time since last request: 0.023842 seconds.
  path: Packages/com.unity.collab-proxy/Editor/PlasticSCM/Assets/Images/iconconflicted.png
  artifactKey: Guid(d1c88f142eee55b4eb2b2cfd7b3624ce) Importer(815301076,1909f56bfc062723c751e8b465ee728b)
Start importing Packages/com.unity.collab-proxy/Editor/PlasticSCM/Assets/Images/iconconflicted.png using Guid(d1c88f142eee55b4eb2b2cfd7b3624ce) Importer(815301076,1909f56bfc062723c751e8b465ee728b)  -> (artifact id: 'ea75c6d4931b4d452be79216368e2b0e') in 0.047385 seconds 
========================================================================
Received Import Request.
  Time since last request: 0.002171 seconds.
  path: Packages/com.unity.collab-proxy/Editor/PlasticSCM/Assets/Images/iconbranch.png
  artifactKey: Guid(a6219d44b6fc910449f7c3fee45db5c5) Importer(815301076,1909f56bfc062723c751e8b465ee728b)
Start importing Packages/com.unity.collab-proxy/Editor/PlasticSCM/Assets/Images/iconbranch.png using Guid(a6219d44b6fc910449f7c3fee45db5c5) Importer(815301076,1909f56bfc062723c751e8b465ee728b)  -> (artifact id: '2d7b7402e01fde5dad643a45dd67f1c5') in 0.039235 seconds 
========================================================================
Received Import Request.
  Time since last request: 5.430786 seconds.
  path: Packages/com.unity.2d.tilemap/Editor/Icons/Grid.RotateCW.png
  artifactKey: Guid(e25f34c849d45714e86b14d3afbb763e) Importer(815301076,1909f56bfc062723c751e8b465ee728b)
Start importing Packages/com.unity.2d.tilemap/Editor/Icons/Grid.RotateCW.png using Guid(e25f34c849d45714e86b14d3afbb763e) Importer(815301076,1909f56bfc062723c751e8b465ee728b)  -> (artifact id: 'fb26706de98888e4fa21771238bf391d') in 0.023784 seconds 
========================================================================
Received Import Request.
  Time since last request: 30.578961 seconds.
  path: Packages/com.unity.collab-proxy/Editor/PlasticSCM/Assets/Images/d_stevejobsbuhoshechristmas.png
  artifactKey: Guid(f008857e434b98b4eaabda1fd6af3059) Importer(815301076,1909f56bfc062723c751e8b465ee728b)
Start importing Packages/com.unity.collab-proxy/Editor/PlasticSCM/Assets/Images/d_stevejobsbuhoshechristmas.png using Guid(f008857e434b98b4eaabda1fd6af3059) Importer(815301076,1909f56bfc062723c751e8b465ee728b)  -> (artifact id: '8738f4dbf33287e5d70f0ac9a216521d') in 0.026391 seconds 
========================================================================
Received Import Request.
  Time since last request: 0.000020 seconds.
  path: Packages/com.unity.collab-proxy/Editor/PlasticSCM/Assets/Images/d_step1.png
  artifactKey: Guid(38236a82ff44aaa4b972248479d5f970) Importer(815301076,1909f56bfc062723c751e8b465ee728b)
Start importing Packages/com.unity.collab-proxy/Editor/PlasticSCM/Assets/Images/d_step1.png using Guid(38236a82ff44aaa4b972248479d5f970) Importer(815301076,1909f56bfc062723c751e8b465ee728b)  -> (artifact id: '7fba2a79f8f505802acc59571c70276b') in 0.017729 seconds 
========================================================================
Received Import Request.
  Time since last request: 0.077992 seconds.
  path: Packages/com.unity.render-pipelines.core/Editor/LookDev/Icons/d_renderdoc.png
  artifactKey: Guid(cbe929948d88af7409a05054bc8187c7) Importer(815301076,1909f56bfc062723c751e8b465ee728b)
Start importing Packages/com.unity.render-pipelines.core/Editor/LookDev/Icons/d_renderdoc.png using Guid(cbe929948d88af7409a05054bc8187c7) Importer(815301076,1909f56bfc062723c751e8b465ee728b)  -> (artifact id: '0b12169a69c294bbaf09b97e1b96b759') in 0.016581 seconds 
========================================================================
Received Import Request.
  Time since last request: 0.017900 seconds.
  path: Packages/com.unity.collab-proxy/Editor/PlasticSCM/Assets/Images/d_secondarytabclose.png
  artifactKey: Guid(6975ee4c1f40caf4da8dd733ee2cfeaf) Importer(815301076,1909f56bfc062723c751e8b465ee728b)
Start importing Packages/com.unity.collab-proxy/Editor/PlasticSCM/Assets/Images/d_secondarytabclose.png using Guid(6975ee4c1f40caf4da8dd733ee2cfeaf) Importer(815301076,1909f56bfc062723c751e8b465ee728b)  -> (artifact id: 'd46013596dbec3c4d4ea68a1146ed10b') in 0.035273 seconds 
========================================================================
Received Import Request.
  Time since last request: 1.389466 seconds.
  path: Packages/com.unity.render-pipelines.core/Editor/LookDev/Icons/d_LookDev@2x.png
  artifactKey: Guid(ffdf80dc342e69344b2dccafe04c30ee) Importer(815301076,1909f56bfc062723c751e8b465ee728b)
Start importing Packages/com.unity.render-pipelines.core/Editor/LookDev/Icons/d_LookDev@2x.png using Guid(ffdf80dc342e69344b2dccafe04c30ee) Importer(815301076,1909f56bfc062723c751e8b465ee728b)  -> (artifact id: '6708919b789c6bbe675d891bc2c631f2') in 0.021919 seconds 
========================================================================
Received Import Request.
  Time since last request: 0.018354 seconds.
  path: Packages/com.unity.render-pipelines.core/Editor/LookDev/Icons/d_LeftArrow@2x.png
  artifactKey: Guid(90335e5423c010749a50f906b965fa54) Importer(815301076,1909f56bfc062723c751e8b465ee728b)
Start importing Packages/com.unity.render-pipelines.core/Editor/LookDev/Icons/d_LeftArrow@2x.png using Guid(90335e5423c010749a50f906b965fa54) Importer(815301076,1909f56bfc062723c751e8b465ee728b)  -> (artifact id: 'bf9842417e6f80eb2f5ab583788ccccc') in 0.018515 seconds 
========================================================================
Received Import Request.
  Time since last request: 0.031562 seconds.
  path: Packages/com.unity.render-pipelines.core/Editor/LookDev/Icons/d_LayoutHorizontal@2x.png
  artifactKey: Guid(9cad92999ddfa304495b735a55c78329) Importer(815301076,1909f56bfc062723c751e8b465ee728b)
Start importing Packages/com.unity.render-pipelines.core/Editor/LookDev/Icons/d_LayoutHorizontal@2x.png using Guid(9cad92999ddfa304495b735a55c78329) Importer(815301076,1909f56bfc062723c751e8b465ee728b)  -> (artifact id: '8e4b69db6d15fa24737bfef760a7cc51') in 0.025625 seconds 
========================================================================
Received Import Request.
  Time since last request: 1.255236 seconds.
  path: Packages/com.unity.render-pipelines.core/Editor/LookDev/Icons/d_Layout2.png
  artifactKey: Guid(98b5b3e7c51d32547b9b09232034b5d5) Importer(815301076,1909f56bfc062723c751e8b465ee728b)
Start importing Packages/com.unity.render-pipelines.core/Editor/LookDev/Icons/d_Layout2.png using Guid(98b5b3e7c51d32547b9b09232034b5d5) Importer(815301076,1909f56bfc062723c751e8b465ee728b)  -> (artifact id: '00f17e41fba88dbdb0e975ddd886af2c') in 0.017654 seconds 
========================================================================
Received Import Request.
  Time since last request: 0.022785 seconds.
  path: Packages/com.unity.collab-proxy/Editor/PlasticSCM/Assets/Images/d_iconundo@2x.png
  artifactKey: Guid(6d6088174bb906b49ad8428526ee337b) Importer(815301076,1909f56bfc062723c751e8b465ee728b)
Start importing Packages/com.unity.collab-proxy/Editor/PlasticSCM/Assets/Images/d_iconundo@2x.png using Guid(6d6088174bb906b49ad8428526ee337b) Importer(815301076,1909f56bfc062723c751e8b465ee728b)  -> (artifact id: '3c85d3e8d948c37b726107578787e15f') in 0.021817 seconds 
========================================================================
Received Import Request.
  Time since last request: 0.022437 seconds.
  path: Packages/com.unity.collab-proxy/Editor/PlasticSCM/Assets/Images/d_iconplasticviewnotify.png
  artifactKey: Guid(df7dbac99fae5444f92b497c52f0ecfb) Importer(815301076,1909f56bfc062723c751e8b465ee728b)
Start importing Packages/com.unity.collab-proxy/Editor/PlasticSCM/Assets/Images/d_iconplasticviewnotify.png using Guid(df7dbac99fae5444f92b497c52f0ecfb) Importer(815301076,1909f56bfc062723c751e8b465ee728b)  -> (artifact id: '7876b8067d1a25cf856fa58af7de4e90') in 0.029442 seconds 
========================================================================
Received Import Request.
  Time since last request: 0.440123 seconds.
  path: Packages/com.unity.collab-proxy/Editor/PlasticSCM/Assets/Images/d_iconplasticnotifyconflict@2x.png
  artifactKey: Guid(23743f0c0ed1e6546808a5d645c2a6a5) Importer(815301076,1909f56bfc062723c751e8b465ee728b)
Start importing Packages/com.unity.collab-proxy/Editor/PlasticSCM/Assets/Images/d_iconplasticnotifyconflict@2x.png using Guid(23743f0c0ed1e6546808a5d645c2a6a5) Importer(815301076,1909f56bfc062723c751e8b465ee728b)  -> (artifact id: 'c89311e74c033e4208a346152fe7e643') in 0.040299 seconds 
========================================================================
Received Import Request.
  Time since last request: 0.002443 seconds.
  path: Packages/com.unity.collab-proxy/Editor/PlasticSCM/Assets/Images/d_iconemptygravatar.png
  artifactKey: Guid(9aebd705574f9e642aef1e5f59b3e4d8) Importer(815301076,1909f56bfc062723c751e8b465ee728b)
Start importing Packages/com.unity.collab-proxy/Editor/PlasticSCM/Assets/Images/d_iconemptygravatar.png using Guid(9aebd705574f9e642aef1e5f59b3e4d8) Importer(815301076,1909f56bfc062723c751e8b465ee728b)  -> (artifact id: 'c9f2d5d4c6bdce5bec9ede1e479e68d7') in 0.020704 seconds 
========================================================================
Received Import Request.
  Time since last request: 0.000027 seconds.
  path: Packages/com.unity.collab-proxy/Editor/PlasticSCM/Assets/Images/d_iconlockedremoteoverlay.png
  artifactKey: Guid(1046ed65e6aaffb4391378f6d08d6c14) Importer(815301076,1909f56bfc062723c751e8b465ee728b)
Start importing Packages/com.unity.collab-proxy/Editor/PlasticSCM/Assets/Images/d_iconlockedremoteoverlay.png using Guid(1046ed65e6aaffb4391378f6d08d6c14) Importer(815301076,1909f56bfc062723c751e8b465ee728b)  -> (artifact id: '99fe131e7e33f1afa136f18663b0e0c6') in 0.031348 seconds 
========================================================================
Received Import Request.
  Time since last request: 0.005317 seconds.
  path: Packages/com.unity.collab-proxy/Editor/PlasticSCM/Assets/Images/d_iconconflictresolvedoverlay@2x.png
  artifactKey: Guid(4a231ba0e81e63849a8f985c228e8acd) Importer(815301076,1909f56bfc062723c751e8b465ee728b)
Start importing Packages/com.unity.collab-proxy/Editor/PlasticSCM/Assets/Images/d_iconconflictresolvedoverlay@2x.png using Guid(4a231ba0e81e63849a8f985c228e8acd) Importer(815301076,1909f56bfc062723c751e8b465ee728b)  -> (artifact id: 'd68f81dcb09a9fa837b45cc2c524d535') in 0.017101 seconds 
========================================================================
Received Import Request.
  Time since last request: 0.000027 seconds.
  path: Packages/com.unity.collab-proxy/Editor/PlasticSCM/Assets/Images/d_icondeletedremote@2x.png
  artifactKey: Guid(626b9cddb29049e4cac50cd87b419945) Importer(815301076,1909f56bfc062723c751e8b465ee728b)
Start importing Packages/com.unity.collab-proxy/Editor/PlasticSCM/Assets/Images/d_icondeletedremote@2x.png using Guid(626b9cddb29049e4cac50cd87b419945) Importer(815301076,1909f56bfc062723c751e8b465ee728b)  -> (artifact id: '7e2b08c1175a3b593ca85eb16ac0f70a') in 0.019656 seconds 
========================================================================
Received Import Request.
  Time since last request: 0.308474 seconds.
  path: Packages/com.unity.collab-proxy/Editor/PlasticSCM/Assets/Images/d_iconconflictedoverlay@2x.png
  artifactKey: Guid(a3ced8f7044b9de4787602a9e9b20ea7) Importer(815301076,1909f56bfc062723c751e8b465ee728b)
Start importing Packages/com.unity.collab-proxy/Editor/PlasticSCM/Assets/Images/d_iconconflictedoverlay@2x.png using Guid(a3ced8f7044b9de4787602a9e9b20ea7) Importer(815301076,1909f56bfc062723c751e8b465ee728b)  -> (artifact id: 'aeb361a0af2e96cce1367fd816a1d667') in 0.020436 seconds 
========================================================================
Received Import Request.
  Time since last request: 0.028266 seconds.
  path: Packages/com.unity.collab-proxy/Editor/PlasticSCM/Assets/Images/d_iconclosebutton.png
  artifactKey: Guid(9cadde7a0d5f9024ab3f2cd5f6a740d6) Importer(815301076,1909f56bfc062723c751e8b465ee728b)
Start importing Packages/com.unity.collab-proxy/Editor/PlasticSCM/Assets/Images/d_iconclosebutton.png using Guid(9cadde7a0d5f9024ab3f2cd5f6a740d6) Importer(815301076,1909f56bfc062723c751e8b465ee728b)  -> (artifact id: 'd91f8a92be8faac9efc35922fd2259a9') in 0.019789 seconds 
========================================================================
Received Import Request.
  Time since last request: 0.025684 seconds.
  path: Packages/com.unity.collab-proxy/Editor/PlasticSCM/Assets/Images/d_iconaddedoverlay@2x.png
  artifactKey: Guid(a6fbd5a181bc51e42a61a73fe8d727c8) Importer(815301076,1909f56bfc062723c751e8b465ee728b)
Start importing Packages/com.unity.collab-proxy/Editor/PlasticSCM/Assets/Images/d_iconaddedoverlay@2x.png using Guid(a6fbd5a181bc51e42a61a73fe8d727c8) Importer(815301076,1909f56bfc062723c751e8b465ee728b)  -> (artifact id: '046e0b03e614711b4c5dbb5b2dcad8e9') in 0.030920 seconds 
========================================================================
Received Import Request.
  Time since last request: 0.429706 seconds.
  path: Packages/com.unity.2d.tilemap/Editor/Icons/d_Grid.RotateCW.png
  artifactKey: Guid(66bb00887f3170c4a95b989d392049ec) Importer(815301076,1909f56bfc062723c751e8b465ee728b)
Start importing Packages/com.unity.2d.tilemap/Editor/Icons/d_Grid.RotateCW.png using Guid(66bb00887f3170c4a95b989d392049ec) Importer(815301076,1909f56bfc062723c751e8b465ee728b)  -> (artifact id: 'db145b5f9a678c5c43a141715de6be5d') in 0.019529 seconds 
========================================================================
Received Import Request.
  Time since last request: 0.028074 seconds.
  path: Packages/com.unity.2d.tilemap/Editor/Icons/d_Grid.FlipX@2x.png
  artifactKey: Guid(1f26945e970839e41ba35badd04237ef) Importer(815301076,1909f56bfc062723c751e8b465ee728b)
Start importing Packages/com.unity.2d.tilemap/Editor/Icons/d_Grid.FlipX@2x.png using Guid(1f26945e970839e41ba35badd04237ef) Importer(815301076,1909f56bfc062723c751e8b465ee728b)  -> (artifact id: '2ad0750c3d7720331c862ca47584d19d') in 0.025347 seconds 
========================================================================
Received Import Request.
  Time since last request: 0.028918 seconds.
  path: Packages/com.unity.collab-proxy/Editor/PlasticSCM/Assets/Images/d_genericbuhoshe3.png
  artifactKey: Guid(9bb60d9b0987c3747b57516cc172d0c7) Importer(815301076,1909f56bfc062723c751e8b465ee728b)
Start importing Packages/com.unity.collab-proxy/Editor/PlasticSCM/Assets/Images/d_genericbuhoshe3.png using Guid(9bb60d9b0987c3747b57516cc172d0c7) Importer(815301076,1909f56bfc062723c751e8b465ee728b)  -> (artifact id: '06e4de5b0926eaac1b912c8d832625f9') in 0.031859 seconds 
========================================================================
Received Import Request.
  Time since last request: 0.314156 seconds.
  path: Packages/com.unity.collab-proxy/Editor/PlasticSCM/Assets/Images/d_genericbuhochristmas1.png
  artifactKey: Guid(e36d1a38d7aa309409e80bf66a089330) Importer(815301076,1909f56bfc062723c751e8b465ee728b)
Start importing Packages/com.unity.collab-proxy/Editor/PlasticSCM/Assets/Images/d_genericbuhochristmas1.png using Guid(e36d1a38d7aa309409e80bf66a089330) Importer(815301076,1909f56bfc062723c751e8b465ee728b)  -> (artifact id: '9125f84a1756e2bae951ac83087855ec') in 0.031873 seconds 
========================================================================
Received Import Request.
  Time since last request: 0.022412 seconds.
  path: Packages/com.unity.collab-proxy/Editor/PlasticSCM/Assets/Images/d_expertbuhoshe.png
  artifactKey: Guid(8325d4ef0a6eb3d43952aff8a06d9f45) Importer(815301076,1909f56bfc062723c751e8b465ee728b)
Start importing Packages/com.unity.collab-proxy/Editor/PlasticSCM/Assets/Images/d_expertbuhoshe.png using Guid(8325d4ef0a6eb3d43952aff8a06d9f45) Importer(815301076,1909f56bfc062723c751e8b465ee728b)  -> (artifact id: '3ade944b340c1d5e92b486ca46583b1a') in 0.034475 seconds 
========================================================================
Received Import Request.
  Time since last request: 0.120763 seconds.
  path: Packages/com.unity.render-pipelines.core/Editor/LookDev/Icons/d_Duplicate@2x.png
  artifactKey: Guid(8ca869dd944d5f54e9ec614b26f10dcb) Importer(815301076,1909f56bfc062723c751e8b465ee728b)
Start importing Packages/com.unity.render-pipelines.core/Editor/LookDev/Icons/d_Duplicate@2x.png using Guid(8ca869dd944d5f54e9ec614b26f10dcb) Importer(815301076,1909f56bfc062723c751e8b465ee728b)  -> (artifact id: '7d3f3de4f776cf69fc640e078805e38e') in 0.020468 seconds 
========================================================================
Received Import Request.
  Time since last request: 0.434734 seconds.
  path: Packages/com.unity.collab-proxy/Editor/PlasticSCM/Assets/Images/d_colorbuho.png
  artifactKey: Guid(3a0c527d7f890d64a9b56b086e6e766a) Importer(815301076,1909f56bfc062723c751e8b465ee728b)
Start importing Packages/com.unity.collab-proxy/Editor/PlasticSCM/Assets/Images/d_colorbuho.png using Guid(3a0c527d7f890d64a9b56b086e6e766a) Importer(815301076,1909f56bfc062723c751e8b465ee728b)  -> (artifact id: '4c5200d5f2b2426d312e65dceed63a34') in 0.019430 seconds 
========================================================================
Received Import Request.
  Time since last request: 0.086422 seconds.
  path: Packages/com.unity.collab-proxy/Editor/PlasticSCM/Assets/Images/d_buttonssosigninemail@2x.png
  artifactKey: Guid(144aa74618b85974a9a50f612c2fa8fd) Importer(815301076,1909f56bfc062723c751e8b465ee728b)
Start importing Packages/com.unity.collab-proxy/Editor/PlasticSCM/Assets/Images/d_buttonssosigninemail@2x.png using Guid(144aa74618b85974a9a50f612c2fa8fd) Importer(815301076,1909f56bfc062723c751e8b465ee728b)  -> (artifact id: '10b212c980268ca4581166d628f23f5d') in 0.018984 seconds 
========================================================================
Received Import Request.
  Time since last request: 0.000017 seconds.
  path: Packages/com.unity.render-pipelines.core/Editor/LookDev/Icons/d_Camera2@2x.png
  artifactKey: Guid(99d7e777338ab8f4ba890cc738794dba) Importer(815301076,1909f56bfc062723c751e8b465ee728b)
Start importing Packages/com.unity.render-pipelines.core/Editor/LookDev/Icons/d_Camera2@2x.png using Guid(99d7e777338ab8f4ba890cc738794dba) Importer(815301076,1909f56bfc062723c751e8b465ee728b)  -> (artifact id: '321c21291051511f6f6a2ef538a8ec12') in 0.018836 seconds 
========================================================================
Received Import Request.
  Time since last request: 0.000036 seconds.
  path: Packages/com.unity.collab-proxy/Editor/PlasticSCM/Assets/Images/d_cloudbuho.png
  artifactKey: Guid(e5600378dd761e64d9423790c482bf36) Importer(815301076,1909f56bfc062723c751e8b465ee728b)
Start importing Packages/com.unity.collab-proxy/Editor/PlasticSCM/Assets/Images/d_cloudbuho.png using Guid(e5600378dd761e64d9423790c482bf36) Importer(815301076,1909f56bfc062723c751e8b465ee728b)  -> (artifact id: 'd1aa50070c402465644676660409a53b') in 0.025709 seconds 
========================================================================
Received Import Request.
  Time since last request: 15.160242 seconds.
  path: Packages/com.unity.collab-proxy/Editor/PlasticSCM/Assets/Images/buttonssosigninunity.png
  artifactKey: Guid(f9161c6c9e06dc445ada3ee16d991f90) Importer(815301076,1909f56bfc062723c751e8b465ee728b)
Start importing Packages/com.unity.collab-proxy/Editor/PlasticSCM/Assets/Images/buttonssosigninunity.png using Guid(f9161c6c9e06dc445ada3ee16d991f90) Importer(815301076,1909f56bfc062723c751e8b465ee728b)  -> (artifact id: '4750ae33001ef3e7a69b3f7af7319432') in 0.027908 seconds 
========================================================================
Received Import Request.
  Time since last request: 22.767492 seconds.
  path: Packages/com.unity.render-pipelines.core/Editor/LookDev/Icons/Add.png
  artifactKey: Guid(cbaeed03e5416aa4bae23110b63a0c7d) Importer(815301076,1909f56bfc062723c751e8b465ee728b)
Start importing Packages/com.unity.render-pipelines.core/Editor/LookDev/Icons/Add.png using Guid(cbaeed03e5416aa4bae23110b63a0c7d) Importer(815301076,1909f56bfc062723c751e8b465ee728b)  -> (artifact id: '6a16b4a9a34368cf7148ee507754eacb') in 0.018788 seconds 
========================================================================
Received Import Request.
  Time since last request: 0.672910 seconds.
  path: Assets/CreatureCards/creature_bg/92.png
  artifactKey: Guid(e863f1405b6dc4b44bea7c29f07d441f) Importer(815301076,1909f56bfc062723c751e8b465ee728b)
Start importing Assets/CreatureCards/creature_bg/92.png using Guid(e863f1405b6dc4b44bea7c29f07d441f) Importer(815301076,1909f56bfc062723c751e8b465ee728b)  -> (artifact id: '04fcbf6b2b4ed903dc29184bcbb91446') in 0.282001 seconds 
========================================================================
Received Import Request.
  Time since last request: 5.688778 seconds.
  path: Assets/CreatureCards/creature_bg/87.png
  artifactKey: Guid(78f4a151b47f86c4daa92c95cf69b297) Importer(815301076,1909f56bfc062723c751e8b465ee728b)
Start importing Assets/CreatureCards/creature_bg/87.png using Guid(78f4a151b47f86c4daa92c95cf69b297) Importer(815301076,1909f56bfc062723c751e8b465ee728b)  -> (artifact id: 'a412e746c67a1e9a6f73341a06c68fac') in 0.293979 seconds 
========================================================================
Received Import Request.
  Time since last request: 0.299024 seconds.
  path: Assets/CreatureCards/creature_bg/83.png
  artifactKey: Guid(f3911ab84de3ae54aa1f18bec14812eb) Importer(815301076,1909f56bfc062723c751e8b465ee728b)
Start importing Assets/CreatureCards/creature_bg/83.png using Guid(f3911ab84de3ae54aa1f18bec14812eb) Importer(815301076,1909f56bfc062723c751e8b465ee728b)  -> (artifact id: '853c98b4e6c37cecd783506115d87984') in 0.227547 seconds 
========================================================================
Received Import Request.
  Time since last request: 18.703825 seconds.
  path: Assets/CreatureCards/creature_bg/36.png
  artifactKey: Guid(8f8528a7291e95445b969e662b524cf9) Importer(815301076,1909f56bfc062723c751e8b465ee728b)
Start importing Assets/CreatureCards/creature_bg/36.png using Guid(8f8528a7291e95445b969e662b524cf9) Importer(815301076,1909f56bfc062723c751e8b465ee728b)  -> (artifact id: '15eeab3597c63618048840dc2d10ed92') in 0.249121 seconds 
========================================================================
Received Import Request.
  Time since last request: 0.000035 seconds.
  path: Assets/CreatureCards/creature_bg/37.png
  artifactKey: Guid(7fb07da14be78f341a98f0d2f8988101) Importer(815301076,1909f56bfc062723c751e8b465ee728b)
Start importing Assets/CreatureCards/creature_bg/37.png using Guid(7fb07da14be78f341a98f0d2f8988101) Importer(815301076,1909f56bfc062723c751e8b465ee728b)  -> (artifact id: '670527053948f0f1c2e626916c42036e') in 0.270806 seconds 
========================================================================
Received Import Request.
  Time since last request: 37.785466 seconds.
  path: Assets/Feel/MMTools/Tools/MMPrototypeTextures/MMBRP_Materials/MMBPR_LightGreyCrosses.mat
  artifactKey: Guid(50ff9811d84ffeb42b11f0d57157a346) Importer(815301076,1909f56bfc062723c751e8b465ee728b)
Start importing Assets/Feel/MMTools/Tools/MMPrototypeTextures/MMBRP_Materials/MMBPR_LightGreyCrosses.mat using Guid(50ff9811d84ffeb42b11f0d57157a346) Importer(815301076,1909f56bfc062723c751e8b465ee728b)  -> (artifact id: '01cc9e0aedf88563c5b3883ad53e335e') in 0.345277 seconds 
========================================================================
Received Import Request.
  Time since last request: 0.000016 seconds.
  path: Assets/Fonts/Montserrat/Montserrat-ExtraBold SDF.asset
  artifactKey: Guid(4cf2c9d48edff654180c14d284a3d4b5) Importer(815301076,1909f56bfc062723c751e8b465ee728b)
Start importing Assets/Fonts/Montserrat/Montserrat-ExtraBold SDF.asset using Guid(4cf2c9d48edff654180c14d284a3d4b5) Importer(815301076,1909f56bfc062723c751e8b465ee728b)  -> (artifact id: 'afcde6c1c1a0518574dc65aa4fe4d005') in 0.070086 seconds 
========================================================================
Received Import Request.
  Time since last request: 0.000052 seconds.
  path: Assets/Feel/MMTools/Tools/MMGUI/Materials/MMFaderRoundMaterialMask.mat
  artifactKey: Guid(d9497e52f2de0254eaec18ccb13d788f) Importer(815301076,1909f56bfc062723c751e8b465ee728b)
Start importing Assets/Feel/MMTools/Tools/MMGUI/Materials/MMFaderRoundMaterialMask.mat using Guid(d9497e52f2de0254eaec18ccb13d788f) Importer(815301076,1909f56bfc062723c751e8b465ee728b)  -> (artifact id: '98c8774d728faa05cee2ecb01464153e') in 0.014648 seconds 
========================================================================
Received Import Request.
  Time since last request: 0.000020 seconds.
  path: Assets/CardGameUIEffects/Assets/Materials/TrailRender.mat
  artifactKey: Guid(9f68e882132ffc94fa3467c09c3e5654) Importer(815301076,1909f56bfc062723c751e8b465ee728b)
Start importing Assets/CardGameUIEffects/Assets/Materials/TrailRender.mat using Guid(9f68e882132ffc94fa3467c09c3e5654) Importer(815301076,1909f56bfc062723c751e8b465ee728b)  -> (artifact id: 'ff0c354e8679b5508d26928656c8a489') in 0.016492 seconds 
========================================================================
Received Import Request.
  Time since last request: 0.000029 seconds.
  path: Assets/Feel/MMTools/Tools/MMVFX/MMRipple/MMRippleCircle2.mat
  artifactKey: Guid(dfe0b0e9e34f50b459b6c0d5c1341125) Importer(815301076,1909f56bfc062723c751e8b465ee728b)
Start importing Assets/Feel/MMTools/Tools/MMVFX/MMRipple/MMRippleCircle2.mat using Guid(dfe0b0e9e34f50b459b6c0d5c1341125) Importer(815301076,1909f56bfc062723c751e8b465ee728b)  -> (artifact id: '1bcf5b9684ccd8dc5e981fa54ae2698d') in 0.029090 seconds 
========================================================================
Received Import Request.
  Time since last request: 0.000022 seconds.
  path: Assets/Feel/MMTools/Tools/MMPrototypeTextures/MMBRP_Materials/MMBPR_YellowSquares.mat
  artifactKey: Guid(b6acb67784ba02a46b350cd11c745e4c) Importer(815301076,1909f56bfc062723c751e8b465ee728b)
Start importing Assets/Feel/MMTools/Tools/MMPrototypeTextures/MMBRP_Materials/MMBPR_YellowSquares.mat using Guid(b6acb67784ba02a46b350cd11c745e4c) Importer(815301076,1909f56bfc062723c751e8b465ee728b)  -> (artifact id: 'cd5d16d3e8e79a99dbb6811afa2838ce') in 0.031737 seconds 
========================================================================
Received Import Request.
  Time since last request: 0.000024 seconds.
  path: Assets/Feel/MMTools/Tools/MMVFX/MMRipple/MMRippleCircle3.mat
  artifactKey: Guid(43c36085512d5834f9b4387303c2ae7f) Importer(815301076,1909f56bfc062723c751e8b465ee728b)
Start importing Assets/Feel/MMTools/Tools/MMVFX/MMRipple/MMRippleCircle3.mat using Guid(43c36085512d5834f9b4387303c2ae7f) Importer(815301076,1909f56bfc062723c751e8b465ee728b)  -> (artifact id: '1dc1d3b74110fa0d1ffb7e0f8d28f17b') in 0.022014 seconds 
========================================================================
Received Import Request.
  Time since last request: 0.000018 seconds.
  path: Assets/Feel/MMTools/Tools/MMVFX/MMRipple/MMRippleSpiral2.mat
  artifactKey: Guid(432948ea802b17943bde6d7614555a06) Importer(815301076,1909f56bfc062723c751e8b465ee728b)
Start importing Assets/Feel/MMTools/Tools/MMVFX/MMRipple/MMRippleSpiral2.mat using Guid(432948ea802b17943bde6d7614555a06) Importer(815301076,1909f56bfc062723c751e8b465ee728b)  -> (artifact id: '4a71fb35701406cb636dce68de26b882') in 0.031547 seconds 
========================================================================
Received Import Request.
  Time since last request: 0.000033 seconds.
  path: Assets/Feel/MMTools/Tools/MMPrototypeTextures/MMBRP_Materials/MMBPR_RedFrame.mat
  artifactKey: Guid(959bef68856013d4da4cbe9176c989c0) Importer(815301076,1909f56bfc062723c751e8b465ee728b)
Start importing Assets/Feel/MMTools/Tools/MMPrototypeTextures/MMBRP_Materials/MMBPR_RedFrame.mat using Guid(959bef68856013d4da4cbe9176c989c0) Importer(815301076,1909f56bfc062723c751e8b465ee728b)  -> (artifact id: '8bb72ee589f73afb524aa2737334ca1e') in 0.036251 seconds 
========================================================================
Received Import Request.
  Time since last request: 3.984186 seconds.
  path: Assets/Feel/MMTools/Tools/MMPrototypeTextures/MMBRP_Materials/MMBPR_DarkGreySquares.mat
  artifactKey: Guid(e2370f782aa1d374a8b4b05c11d259ea) Importer(815301076,1909f56bfc062723c751e8b465ee728b)
Start importing Assets/Feel/MMTools/Tools/MMPrototypeTextures/MMBRP_Materials/MMBPR_DarkGreySquares.mat using Guid(e2370f782aa1d374a8b4b05c11d259ea) Importer(815301076,1909f56bfc062723c751e8b465ee728b)  -> (artifact id: '1f47cee620b97c8739b5b25e2238f476') in 0.033054 seconds 
========================================================================
Received Import Request.
  Time since last request: 0.000041 seconds.
  path: Assets/Feel/MMTools/Tools/MMPrototypeTextures/MMBRP_Materials/MMBPR_BlueCrosses.mat
  artifactKey: Guid(3aa8708b27bfe524b8280cdc746690d3) Importer(815301076,1909f56bfc062723c751e8b465ee728b)
Start importing Assets/Feel/MMTools/Tools/MMPrototypeTextures/MMBRP_Materials/MMBPR_BlueCrosses.mat using Guid(3aa8708b27bfe524b8280cdc746690d3) Importer(815301076,1909f56bfc062723c751e8b465ee728b)  -> (artifact id: '3be8624983f75a1252b688aa84179bb6') in 0.037179 seconds 
========================================================================
Received Import Request.
  Time since last request: 0.000036 seconds.
  path: Assets/Feel/MMTools/Tools/MMPrototypeTextures/MMBRP_Materials/MMBPR_BlueFrame.mat
  artifactKey: Guid(e0e8a571ef6fce34890952889b35afda) Importer(815301076,1909f56bfc062723c751e8b465ee728b)
Start importing Assets/Feel/MMTools/Tools/MMPrototypeTextures/MMBRP_Materials/MMBPR_BlueFrame.mat using Guid(e0e8a571ef6fce34890952889b35afda) Importer(815301076,1909f56bfc062723c751e8b465ee728b)  -> (artifact id: '119286b4a6aa7ca44d623833c21bfe06') in 0.031144 seconds 
Editor requested this worker to shutdown with reason: Scaling down because of idle timeout
AssetImportWorker is now disconnected from the server
Process exiting
Exiting without the bug reporter. Application will terminate with return code 0