Using pre-set license
Built from '2022.1/staging' branch; Version is '2022.1.7f1 (240f4c1f462c) revision 2363212'; Using compiler version '192829333'; Build Type 'Release'
OS: 'Windows 10  (10.0.19044) 64bit Core' Language: 'en' Physical Memory: 16322 MB
BatchMode: 1, IsHumanControllingUs: 0, StartBugReporterOnCrash: 0, Is64bit: 1, IsPro: 1

COMMAND LINE ARGUMENTS:
C:\Program Files\Unity\Hub\Editor\2022.1.7f1\Editor\Unity.exe
-adb2
-batchMode
-noUpm
-name
AssetImportWorker17
-projectPath
C:/Users/minig/Documents/Projects/Turquoise Flavour
-logFile
Logs/AssetImportWorker17.log
-srvPort
58203
Successfully changed project path to: C:/Users/minig/Documents/Projects/Turquoise Flavour
C:/Users/minig/Documents/Projects/Turquoise Flavour
[UnityMemory] Configuration Parameters - Can be set up in boot.config
    "memorysetup-bucket-allocator-granularity=16"
    "memorysetup-bucket-allocator-bucket-count=8"
    "memorysetup-bucket-allocator-block-size=33554432"
    "memorysetup-bucket-allocator-block-count=8"
    "memorysetup-main-allocator-block-size=16777216"
    "memorysetup-thread-allocator-block-size=16777216"
    "memorysetup-gfx-main-allocator-block-size=16777216"
    "memorysetup-gfx-thread-allocator-block-size=16777216"
    "memorysetup-cache-allocator-block-size=4194304"
    "memorysetup-typetree-allocator-block-size=2097152"
    "memorysetup-profiler-bucket-allocator-granularity=16"
    "memorysetup-profiler-bucket-allocator-bucket-count=8"
    "memorysetup-profiler-bucket-allocator-block-size=33554432"
    "memorysetup-profiler-bucket-allocator-block-count=8"
    "memorysetup-profiler-allocator-block-size=16777216"
    "memorysetup-profiler-editor-allocator-block-size=1048576"
    "memorysetup-temp-allocator-size-main=16777216"
    "memorysetup-job-temp-allocator-block-size=2097152"
    "memorysetup-job-temp-allocator-block-size-background=1048576"
    "memorysetup-job-temp-allocator-reduction-small-platforms=262144"
    "memorysetup-temp-allocator-size-background-worker=32768"
    "memorysetup-temp-allocator-size-job-worker=262144"
    "memorysetup-temp-allocator-size-preload-manager=33554432"
    "memorysetup-temp-allocator-size-nav-mesh-worker=65536"
    "memorysetup-temp-allocator-size-audio-worker=65536"
    "memorysetup-temp-allocator-size-cloud-worker=32768"
    "memorysetup-temp-allocator-size-gi-baking-worker=262144"
    "memorysetup-temp-allocator-size-gfx=262144"
Refreshing native plugins compatible for Editor in 127.78 ms, found 2 plugins.
Preloading 0 native plugins for Editor in 0.00 ms.
Initialize engine version: 2022.1.7f1 (240f4c1f462c)
[Subsystems] Discovering subsystems at path C:/Program Files/Unity/Hub/Editor/2022.1.7f1/Editor/Data/Resources/UnitySubsystems
[Subsystems] Discovering subsystems at path C:/Users/minig/Documents/Projects/Turquoise Flavour/Assets
GfxDevice: creating device client; threaded=0; jobified=0
Direct3D:
    Version:  Direct3D 11.0 [level 11.1]
    Renderer: NVIDIA GeForce RTX 2070 (ID=0x1f02)
    Vendor:   NVIDIA
    VRAM:     8031 MB
    Driver:   30.0.15.1215
Shader 'MoreMountains/MMRipple': fallback shader 'Particle/AlphaBlended' not found
Initialize mono
Mono path[0] = 'C:/Program Files/Unity/Hub/Editor/2022.1.7f1/Editor/Data/Managed'
Mono path[1] = 'C:/Program Files/Unity/Hub/Editor/2022.1.7f1/Editor/Data/MonoBleedingEdge/lib/mono/unityjit-win32'
Mono config path = 'C:/Program Files/Unity/Hub/Editor/2022.1.7f1/Editor/Data/MonoBleedingEdge/etc'
Using monoOptions --debugger-agent=transport=dt_socket,embedding=1,server=y,suspend=n,address=127.0.0.1:56916
Begin MonoManager ReloadAssembly
Registering precompiled unity dll's ...
Register platform support module: C:/Program Files/Unity/Hub/Editor/2022.1.7f1/Editor/Data/PlaybackEngines/WindowsStandaloneSupport/UnityEditor.WindowsStandalone.Extensions.dll
Registered in 0.006541 seconds.
Native extension for WindowsStandalone target not found
Refreshing native plugins compatible for Editor in 74.48 ms, found 2 plugins.
Preloading 0 native plugins for Editor in 0.00 ms.
Mono: successfully reloaded assembly
- Completed reload, in  0.685 seconds
Domain Reload Profiling:
	ReloadAssembly (685ms)
		BeginReloadAssembly (93ms)
			ExecutionOrderSort (0ms)
			DisableScriptedObjects (0ms)
			BackupInstance (0ms)
			ReleaseScriptingObjects (0ms)
			CreateAndSetChildDomain (1ms)
		EndReloadAssembly (464ms)
			LoadAssemblies (92ms)
			RebuildTransferFunctionScriptingTraits (0ms)
			SetupTypeCache (130ms)
				TypeCache.Initialize (129ms)
					TypeCache.ScanAssembly (127ms)
				ResolveRequiredComponents (1ms)
			ReleaseScriptCaches (0ms)
			RebuildScriptCaches (33ms)
			SetupLoadedEditorAssemblies (243ms)
				LogAssemblyErrors (0ms)
				InitializePlatformSupportModulesInManaged (7ms)
				SetLoadedEditorAssemblies (7ms)
				RefreshPlugins (75ms)
				BeforeProcessingInitializeOnLoad (1ms)
				ProcessInitializeOnLoadAttributes (115ms)
				ProcessInitializeOnLoadMethodAttributes (38ms)
				AfterProcessingInitializeOnLoad (0ms)
				EditorAssembliesLoaded (0ms)
			ExecutionOrderSort2 (0ms)
			AwakeInstancesAfterBackupRestoration (0ms)
Platform modules already initialized, skipping
Registering precompiled user dll's ...
Registered in 0.006349 seconds.
Begin MonoManager ReloadAssembly
Native extension for WindowsStandalone target not found
Refreshing native plugins compatible for Editor in 75.07 ms, found 2 plugins.
Preloading 0 native plugins for Editor in 0.00 ms.
Package Manager log level set to [2]
[Package Manager] Server::EnsureServerProcessIsRunning -- launch failed, reason: Unity was launched with the -noUpm command-line argument
[Package Manager] UpmClient::Send -- Unable to send message (not connected to UPM process).
[Package Manager] Cannot connect to Unity Package Manager local server
Mono: successfully reloaded assembly
- Completed reload, in  1.317 seconds
Domain Reload Profiling:
	ReloadAssembly (1318ms)
		BeginReloadAssembly (110ms)
			ExecutionOrderSort (0ms)
			DisableScriptedObjects (5ms)
			BackupInstance (0ms)
			ReleaseScriptingObjects (0ms)
			CreateAndSetChildDomain (21ms)
		EndReloadAssembly (1103ms)
			LoadAssemblies (88ms)
			RebuildTransferFunctionScriptingTraits (0ms)
			SetupTypeCache (229ms)
				TypeCache.Initialize (212ms)
					TypeCache.ScanAssembly (209ms)
				ResolveRequiredComponents (16ms)
			ReleaseScriptCaches (1ms)
			RebuildScriptCaches (74ms)
			SetupLoadedEditorAssemblies (664ms)
				LogAssemblyErrors (0ms)
				InitializePlatformSupportModulesInManaged (4ms)
				SetLoadedEditorAssemblies (8ms)
				RefreshPlugins (75ms)
				BeforeProcessingInitializeOnLoad (111ms)
				ProcessInitializeOnLoadAttributes (295ms)
				ProcessInitializeOnLoadMethodAttributes (164ms)
				AfterProcessingInitializeOnLoad (7ms)
				EditorAssembliesLoaded (0ms)
			ExecutionOrderSort2 (0ms)
			AwakeInstancesAfterBackupRestoration (5ms)
Platform modules already initialized, skipping
========================================================================
Worker process is ready to serve import requests
Shader 'MoreMountains/MMRipple': fallback shader 'Particle/AlphaBlended' not found
Launched and connected shader compiler UnityShaderCompiler.exe after 0.03 seconds
Refreshing native plugins compatible for Editor in 1.57 ms, found 2 plugins.
Preloading 0 native plugins for Editor in 0.00 ms.
Unloading 5041 Unused Serialized files (Serialized files now loaded: 0)
Unloading 62 unused Assets / (323.7 KB). Loaded Objects now: 5615.
Memory consumption went from 0.89 GB to 0.89 GB.
Total: 6.289900 ms (FindLiveObjects: 0.424900 ms CreateObjectMapping: 0.830600 ms MarkObjects: 4.943700 ms  DeleteObjects: 0.090100 ms)

AssetImportParameters requested are different than current active one (requested -> active):
  custom:video-decoder-ogg-theora: a1e56fd34408186e4bbccfd4996cb3dc -> 
  custom:container-muxer-webm: aa71ff27fc2769a1b78a27578f13a17b -> 
  custom:container-demuxer-webm: 4f35f7cbe854078d1ac9338744f61a02 -> 
  custom:video-encoder-webm-vp8: eb34c28f22e8b96e1ab97ce403110664 -> 
  custom:audio-encoder-webm-vorbis: bf7c407c2cedff20999df2af8eb42d56 -> 
  custom:framework-win-MediaFoundation: 216162199b28c13a410421893ffa2e32 -> 
  custom:container-demuxer-ogg: 62fdf1f143b41e24485cea50d1cbac27 -> 
  custom:video-decoder-webm-vp8: 9c59270c3fd7afecdb556c50c9e8de78 -> 
  custom:audio-decoder-ogg-vorbis: bf7c407c2cedff20999df2af8eb42d56 -> 
========================================================================
Received Prepare
Registering precompiled user dll's ...
Registered in 0.006855 seconds.
Begin MonoManager ReloadAssembly
Native extension for WindowsStandalone target not found
Refreshing native plugins compatible for Editor in 1.98 ms, found 2 plugins.
Preloading 0 native plugins for Editor in 0.00 ms.
[Package Manager] Server::EnsureServerProcessIsRunning -- launch failed, reason: Unity was launched with the -noUpm command-line argument
[Package Manager] UpmClient::Send -- Unable to send message (not connected to UPM process).
[Package Manager] Cannot connect to Unity Package Manager local server
Mono: successfully reloaded assembly
- Completed reload, in  1.170 seconds
Domain Reload Profiling:
	ReloadAssembly (1170ms)
		BeginReloadAssembly (131ms)
			ExecutionOrderSort (0ms)
			DisableScriptedObjects (6ms)
			BackupInstance (0ms)
			ReleaseScriptingObjects (0ms)
			CreateAndSetChildDomain (40ms)
		EndReloadAssembly (952ms)
			LoadAssemblies (83ms)
			RebuildTransferFunctionScriptingTraits (0ms)
			SetupTypeCache (215ms)
				TypeCache.Initialize (199ms)
					TypeCache.ScanAssembly (195ms)
				ResolveRequiredComponents (16ms)
			ReleaseScriptCaches (1ms)
			RebuildScriptCaches (44ms)
			SetupLoadedEditorAssemblies (553ms)
				LogAssemblyErrors (0ms)
				InitializePlatformSupportModulesInManaged (11ms)
				SetLoadedEditorAssemblies (8ms)
				RefreshPlugins (2ms)
				BeforeProcessingInitializeOnLoad (84ms)
				ProcessInitializeOnLoadAttributes (268ms)
				ProcessInitializeOnLoadMethodAttributes (173ms)
				AfterProcessingInitializeOnLoad (7ms)
				EditorAssembliesLoaded (0ms)
			ExecutionOrderSort2 (0ms)
			AwakeInstancesAfterBackupRestoration (9ms)
Platform modules already initialized, skipping
Shader 'MoreMountains/MMRipple': fallback shader 'Particle/AlphaBlended' not found
Refreshing native plugins compatible for Editor in 5.79 ms, found 2 plugins.
Preloading 0 native plugins for Editor in 0.00 ms.
Unloading 4863 Unused Serialized files (Serialized files now loaded: 0)
Unloading 52 unused Assets / (314.9 KB). Loaded Objects now: 5619.
Memory consumption went from 0.89 GB to 0.89 GB.
Total: 9.804300 ms (FindLiveObjects: 0.585800 ms CreateObjectMapping: 0.676300 ms MarkObjects: 8.348300 ms  DeleteObjects: 0.192500 ms)

AssetImportParameters requested are different than current active one (requested -> active):
  custom:video-decoder-ogg-theora: a1e56fd34408186e4bbccfd4996cb3dc -> 
  custom:container-muxer-webm: aa71ff27fc2769a1b78a27578f13a17b -> 
  custom:container-demuxer-webm: 4f35f7cbe854078d1ac9338744f61a02 -> 
  custom:video-encoder-webm-vp8: eb34c28f22e8b96e1ab97ce403110664 -> 
  custom:audio-encoder-webm-vorbis: bf7c407c2cedff20999df2af8eb42d56 -> 
  custom:framework-win-MediaFoundation: 216162199b28c13a410421893ffa2e32 -> 
  custom:container-demuxer-ogg: 62fdf1f143b41e24485cea50d1cbac27 -> 
  custom:video-decoder-webm-vp8: 9c59270c3fd7afecdb556c50c9e8de78 -> 
  custom:audio-decoder-ogg-vorbis: bf7c407c2cedff20999df2af8eb42d56 -> 
========================================================================
Received Import Request.
  Time since last request: 871470.418833 seconds.
  path: Assets/CreatureCards/creature_transparent/01.png
  artifactKey: Guid(bd09284133d49c74aaedd572b3015b09) Importer(815301076,1909f56bfc062723c751e8b465ee728b)
Start importing Assets/CreatureCards/creature_transparent/01.png using Guid(bd09284133d49c74aaedd572b3015b09) Importer(815301076,1909f56bfc062723c751e8b465ee728b)  -> (artifact id: '30755433f7a326ca36879dfece721279') in 0.423906 seconds 
========================================================================
Received Import Request.
  Time since last request: 0.000020 seconds.
  path: Assets/CreatureCards/creature_transparent/25.png
  artifactKey: Guid(449e1a73a4018da448d1e7b47953c910) Importer(815301076,1909f56bfc062723c751e8b465ee728b)
Start importing Assets/CreatureCards/creature_transparent/25.png using Guid(449e1a73a4018da448d1e7b47953c910) Importer(815301076,1909f56bfc062723c751e8b465ee728b)  -> (artifact id: '04db5ea22a621915955ce03240e9f49b') in 0.213735 seconds 
========================================================================
Received Import Request.
  Time since last request: 0.000034 seconds.
  path: Assets/CreatureCards/creature_bg/05.png
  artifactKey: Guid(a3b86005bd6706042a2522080929fe83) Importer(815301076,1909f56bfc062723c751e8b465ee728b)
Start importing Assets/CreatureCards/creature_bg/05.png using Guid(a3b86005bd6706042a2522080929fe83) Importer(815301076,1909f56bfc062723c751e8b465ee728b)  -> (artifact id: '6b422c3ed9ba7f846b44af8edf5aa14a') in 0.287643 seconds 
========================================================================
Received Import Request.
  Time since last request: 0.000023 seconds.
  path: Assets/CreatureCards/creature_bg/10.png
  artifactKey: Guid(9b455ba95578375468f279bad14bb0d8) Importer(815301076,1909f56bfc062723c751e8b465ee728b)
Start importing Assets/CreatureCards/creature_bg/10.png using Guid(9b455ba95578375468f279bad14bb0d8) Importer(815301076,1909f56bfc062723c751e8b465ee728b)  -> (artifact id: 'cc25d5332a90d79fdacb206502f9321a') in 0.289465 seconds 
========================================================================
Received Import Request.
  Time since last request: 0.000050 seconds.
  path: Assets/CreatureCards/creature_bg/21.png
  artifactKey: Guid(d10a1f5ce5a9dd145aff1996e996b316) Importer(815301076,1909f56bfc062723c751e8b465ee728b)
Start importing Assets/CreatureCards/creature_bg/21.png using Guid(d10a1f5ce5a9dd145aff1996e996b316) Importer(815301076,1909f56bfc062723c751e8b465ee728b)  -> (artifact id: '2e655f45e1322fa34360ba492511841e') in 0.287413 seconds 
========================================================================
Received Import Request.
  Time since last request: 0.000025 seconds.
  path: Assets/CreatureCards/creature_transparent/11.png
  artifactKey: Guid(99c3e7d5ad29e724189de78ce2821a7a) Importer(815301076,1909f56bfc062723c751e8b465ee728b)
Start importing Assets/CreatureCards/creature_transparent/11.png using Guid(99c3e7d5ad29e724189de78ce2821a7a) Importer(815301076,1909f56bfc062723c751e8b465ee728b)  -> (artifact id: '7dfc4163034d3ae5f756bbbee2eee31e') in 0.248782 seconds 
========================================================================
Received Import Request.
  Time since last request: 0.000063 seconds.
  path: Assets/CreatureCards/creature_bg/12.png
  artifactKey: Guid(90fa4e1c0fa83d84bbd18b5afd254de6) Importer(815301076,1909f56bfc062723c751e8b465ee728b)
Start importing Assets/CreatureCards/creature_bg/12.png using Guid(90fa4e1c0fa83d84bbd18b5afd254de6) Importer(815301076,1909f56bfc062723c751e8b465ee728b)  -> (artifact id: 'b1ba01bd642083c8096f90e1b9671dff') in 0.294203 seconds 
========================================================================
Received Import Request.
  Time since last request: 0.000048 seconds.
  path: Assets/CreatureCards/creature_transparent/13.png
  artifactKey: Guid(fe98caf890ee4bb458434ad71fce1ac8) Importer(815301076,1909f56bfc062723c751e8b465ee728b)
Start importing Assets/CreatureCards/creature_transparent/13.png using Guid(fe98caf890ee4bb458434ad71fce1ac8) Importer(815301076,1909f56bfc062723c751e8b465ee728b)  -> (artifact id: '5c1dd4fdfbc3eb4ae936d659ca8b399f') in 0.208331 seconds 
========================================================================
Received Import Request.
  Time since last request: 0.000024 seconds.
  path: Assets/CreatureCards/creature_bg/31.png
  artifactKey: Guid(8297007598047c34a8367721f217549b) Importer(815301076,1909f56bfc062723c751e8b465ee728b)
Start importing Assets/CreatureCards/creature_bg/31.png using Guid(8297007598047c34a8367721f217549b) Importer(815301076,1909f56bfc062723c751e8b465ee728b)  -> (artifact id: 'bd0be6c81bc4240ca7482de9ae26b482') in 0.264994 seconds 
========================================================================
Received Import Request.
  Time since last request: 0.000024 seconds.
  path: Assets/CreatureCards/creature_transparent/05.png
  artifactKey: Guid(059248a5b407143409ecf5e869af8247) Importer(815301076,1909f56bfc062723c751e8b465ee728b)
Start importing Assets/CreatureCards/creature_transparent/05.png using Guid(059248a5b407143409ecf5e869af8247) Importer(815301076,1909f56bfc062723c751e8b465ee728b)  -> (artifact id: '2704e4a29ebe57fe9a9dab0c444b9544') in 0.213494 seconds 
========================================================================
Received Import Request.
  Time since last request: 0.000049 seconds.
  path: Assets/CreatureCards/creature_bg/20.png
  artifactKey: Guid(282de01f50e142d43a76ccc6f3ced350) Importer(815301076,1909f56bfc062723c751e8b465ee728b)
Start importing Assets/CreatureCards/creature_bg/20.png using Guid(282de01f50e142d43a76ccc6f3ced350) Importer(815301076,1909f56bfc062723c751e8b465ee728b)  -> (artifact id: 'c2acfa72ece3105c417e7916ccfeedb6') in 0.280671 seconds 
========================================================================
Received Import Request.
  Time since last request: 0.000022 seconds.
  path: Assets/CreatureCards/creature_bg/06.png
  artifactKey: Guid(cbde9f9484452b946a02352320889951) Importer(815301076,1909f56bfc062723c751e8b465ee728b)
Start importing Assets/CreatureCards/creature_bg/06.png using Guid(cbde9f9484452b946a02352320889951) Importer(815301076,1909f56bfc062723c751e8b465ee728b)  -> (artifact id: 'a0e698f2b3f6e377f1e8455d3c066595') in 0.260516 seconds 
========================================================================
Received Import Request.
  Time since last request: 0.000033 seconds.
  path: Assets/CreatureCards/creature_transparent/17.png
  artifactKey: Guid(3a60642cc54898045a1dced5395fb09e) Importer(815301076,1909f56bfc062723c751e8b465ee728b)
Start importing Assets/CreatureCards/creature_transparent/17.png using Guid(3a60642cc54898045a1dced5395fb09e) Importer(815301076,1909f56bfc062723c751e8b465ee728b)  -> (artifact id: 'd802ebe99705fcb1e9b0c6483f653398') in 0.219251 seconds 
========================================================================
Received Import Request.
  Time since last request: 0.000031 seconds.
  path: Assets/CreatureCards/creature_transparent/08.png
  artifactKey: Guid(5b39d06240ba5bc488eaf5620fd0bf6f) Importer(815301076,1909f56bfc062723c751e8b465ee728b)
Start importing Assets/CreatureCards/creature_transparent/08.png using Guid(5b39d06240ba5bc488eaf5620fd0bf6f) Importer(815301076,1909f56bfc062723c751e8b465ee728b)  -> (artifact id: 'dce703f95b4a6f1a124f222d8dd8273d') in 0.308603 seconds 
========================================================================
Received Import Request.
  Time since last request: 0.000056 seconds.
  path: Assets/CreatureCards/creature_transparent/12.png
  artifactKey: Guid(915a095709939d245a2e486fd27d58dd) Importer(815301076,1909f56bfc062723c751e8b465ee728b)
Start importing Assets/CreatureCards/creature_transparent/12.png using Guid(915a095709939d245a2e486fd27d58dd) Importer(815301076,1909f56bfc062723c751e8b465ee728b)  -> (artifact id: '6120436b9d959005cba46a2d99e60a71') in 0.174831 seconds 
========================================================================
Received Import Request.
  Time since last request: 0.000025 seconds.
  path: Assets/CreatureCards/creature_bg/19.png
  artifactKey: Guid(c67829bfc5f1ced438c51114ad52c276) Importer(815301076,1909f56bfc062723c751e8b465ee728b)
Start importing Assets/CreatureCards/creature_bg/19.png using Guid(c67829bfc5f1ced438c51114ad52c276) Importer(815301076,1909f56bfc062723c751e8b465ee728b)  -> (artifact id: '5cf9848f044f7f03d1922df5f25028fd') in 0.251271 seconds 
========================================================================
Received Import Request.
  Time since last request: 0.000024 seconds.
  path: Assets/CreatureCards/creature_transparent/21.png
  artifactKey: Guid(7857092a660f6fc42af6663c8985ffbb) Importer(815301076,1909f56bfc062723c751e8b465ee728b)
Start importing Assets/CreatureCards/creature_transparent/21.png using Guid(7857092a660f6fc42af6663c8985ffbb) Importer(815301076,1909f56bfc062723c751e8b465ee728b)  -> (artifact id: 'dcb73c367ff887a5c53b1f5236829456') in 0.180933 seconds 
========================================================================
Received Import Request.
  Time since last request: 0.000029 seconds.
  path: Assets/CreatureCards/creature_transparent/07.png
  artifactKey: Guid(7543ec5b7e51c38418c03ef6d35d42d8) Importer(815301076,1909f56bfc062723c751e8b465ee728b)
Start importing Assets/CreatureCards/creature_transparent/07.png using Guid(7543ec5b7e51c38418c03ef6d35d42d8) Importer(815301076,1909f56bfc062723c751e8b465ee728b)  -> (artifact id: '3ef247f68c70139a8ecc28f1f08ec38f') in 0.194046 seconds 
========================================================================
Received Import Request.
  Time since last request: 0.000066 seconds.
  path: Assets/CreatureCards/creature_transparent/27.png
  artifactKey: Guid(d0dad34a197407e488791feb791f8038) Importer(815301076,1909f56bfc062723c751e8b465ee728b)
Start importing Assets/CreatureCards/creature_transparent/27.png using Guid(d0dad34a197407e488791feb791f8038) Importer(815301076,1909f56bfc062723c751e8b465ee728b)  -> (artifact id: '88ddf4e25ed0165a5e795f118724fce0') in 0.179474 seconds 
========================================================================
Received Import Request.
  Time since last request: 0.000028 seconds.
  path: Assets/CreatureCards/creature_bg/08.png
  artifactKey: Guid(5aae7a67f2e478346a5837dcbc393062) Importer(815301076,1909f56bfc062723c751e8b465ee728b)
Start importing Assets/CreatureCards/creature_bg/08.png using Guid(5aae7a67f2e478346a5837dcbc393062) Importer(815301076,1909f56bfc062723c751e8b465ee728b)  -> (artifact id: '34e6371266d59f93bea88a22cf742287') in 0.239079 seconds 
========================================================================
Received Import Request.
  Time since last request: 0.000032 seconds.
  path: Assets/CreatureCards/creature_bg/25.png
  artifactKey: Guid(f467a70ee03f74346acf88b36fc8f9cd) Importer(815301076,1909f56bfc062723c751e8b465ee728b)
Start importing Assets/CreatureCards/creature_bg/25.png using Guid(f467a70ee03f74346acf88b36fc8f9cd) Importer(815301076,1909f56bfc062723c751e8b465ee728b)  -> (artifact id: 'b3001d66a73a6156526149c6cd0f53ba') in 0.258088 seconds 
========================================================================
Received Import Request.
  Time since last request: 0.000027 seconds.
  path: Assets/CreatureCards/creature_transparent/19.png
  artifactKey: Guid(d78af0ad39820d64998edffca064e9f6) Importer(815301076,1909f56bfc062723c751e8b465ee728b)
Start importing Assets/CreatureCards/creature_transparent/19.png using Guid(d78af0ad39820d64998edffca064e9f6) Importer(815301076,1909f56bfc062723c751e8b465ee728b)  -> (artifact id: '23ae9e170dee480361e3b90b983b5e1f') in 0.185779 seconds 
========================================================================
Received Import Request.
  Time since last request: 0.000035 seconds.
  path: Assets/CreatureCards/creature_bg/16.png
  artifactKey: Guid(ead922ac2b266534ca9e7e49376a49d4) Importer(815301076,1909f56bfc062723c751e8b465ee728b)
Start importing Assets/CreatureCards/creature_bg/16.png using Guid(ead922ac2b266534ca9e7e49376a49d4) Importer(815301076,1909f56bfc062723c751e8b465ee728b)  -> (artifact id: '91af6c4a1e6b19c46894633640a65fe6') in 0.245763 seconds 
========================================================================
Received Import Request.
  Time since last request: 0.000028 seconds.
  path: Assets/CreatureCards/creature_bg/09.png
  artifactKey: Guid(22fbecad19a60b449975b40891d09713) Importer(815301076,1909f56bfc062723c751e8b465ee728b)
Start importing Assets/CreatureCards/creature_bg/09.png using Guid(22fbecad19a60b449975b40891d09713) Importer(815301076,1909f56bfc062723c751e8b465ee728b)  -> (artifact id: '59422ee1cb53f32a9df4e772b84af58c') in 0.248191 seconds 
========================================================================
Received Import Request.
  Time since last request: 0.000025 seconds.
  path: Assets/CreatureCards/creature_transparent/04.png
  artifactKey: Guid(d39f07491575daa4995696063af61ce9) Importer(815301076,1909f56bfc062723c751e8b465ee728b)
Start importing Assets/CreatureCards/creature_transparent/04.png using Guid(d39f07491575daa4995696063af61ce9) Importer(815301076,1909f56bfc062723c751e8b465ee728b)  -> (artifact id: '50efdbd3a7aee7bbd77df167582f539e') in 0.193598 seconds 
========================================================================
Received Import Request.
  Time since last request: 0.000029 seconds.
  path: Assets/CreatureCards/creature_bg/03.png
  artifactKey: Guid(728745af8e3c0b342a48dec1bfb202a2) Importer(815301076,1909f56bfc062723c751e8b465ee728b)
Start importing Assets/CreatureCards/creature_bg/03.png using Guid(728745af8e3c0b342a48dec1bfb202a2) Importer(815301076,1909f56bfc062723c751e8b465ee728b)  -> (artifact id: '2467f636ad34c53d6c84980e3ace351c') in 0.222002 seconds 
========================================================================
Received Import Request.
  Time since last request: 0.000025 seconds.
  path: Assets/CreatureCards/creature_transparent/28.png
  artifactKey: Guid(2903a29b9224d5c49bf2f263a848662e) Importer(815301076,1909f56bfc062723c751e8b465ee728b)
Start importing Assets/CreatureCards/creature_transparent/28.png using Guid(2903a29b9224d5c49bf2f263a848662e) Importer(815301076,1909f56bfc062723c751e8b465ee728b)  -> (artifact id: 'c822058dfd5c20d2e3e23751d8d7d159') in 0.186817 seconds 
========================================================================
Received Import Request.
  Time since last request: 0.000027 seconds.
  path: Assets/CreatureCards/creature_transparent/10.png
  artifactKey: Guid(68b70a1c7fc5ef6408e83a5936b0871f) Importer(815301076,1909f56bfc062723c751e8b465ee728b)
Start importing Assets/CreatureCards/creature_transparent/10.png using Guid(68b70a1c7fc5ef6408e83a5936b0871f) Importer(815301076,1909f56bfc062723c751e8b465ee728b)  -> (artifact id: 'd1beea34490ada77f9df99316ce82a9b') in 0.226297 seconds 
Editor requested this worker to shutdown with reason: Scaling down because of idle timeout
AssetImportWorker is now disconnected from the server
Process exiting
Exiting without the bug reporter. Application will terminate with return code 0