Using pre-set license
Built from '2022.1/staging' branch; Version is '2022.1.7f1 (240f4c1f462c) revision 2363212'; Using compiler version '192829333'; Build Type 'Release'
OS: 'Windows 10  (10.0.19044) 64bit Core' Language: 'en' Physical Memory: 16322 MB
BatchMode: 1, IsHumanControllingUs: 0, StartBugReporterOnCrash: 0, Is64bit: 1, IsPro: 1

COMMAND LINE ARGUMENTS:
C:\Program Files\Unity\Hub\Editor\2022.1.7f1\Editor\Unity.exe
-adb2
-batchMode
-noUpm
-name
AssetImportWorker23
-projectPath
C:/Users/minig/Documents/Projects/Turquoise Flavour
-logFile
Logs/AssetImportWorker23.log
-srvPort
58203
Successfully changed project path to: C:/Users/minig/Documents/Projects/Turquoise Flavour
C:/Users/minig/Documents/Projects/Turquoise Flavour
[UnityMemory] Configuration Parameters - Can be set up in boot.config
    "memorysetup-bucket-allocator-granularity=16"
    "memorysetup-bucket-allocator-bucket-count=8"
    "memorysetup-bucket-allocator-block-size=33554432"
    "memorysetup-bucket-allocator-block-count=8"
    "memorysetup-main-allocator-block-size=16777216"
    "memorysetup-thread-allocator-block-size=16777216"
    "memorysetup-gfx-main-allocator-block-size=16777216"
    "memorysetup-gfx-thread-allocator-block-size=16777216"
    "memorysetup-cache-allocator-block-size=4194304"
    "memorysetup-typetree-allocator-block-size=2097152"
    "memorysetup-profiler-bucket-allocator-granularity=16"
    "memorysetup-profiler-bucket-allocator-bucket-count=8"
    "memorysetup-profiler-bucket-allocator-block-size=33554432"
    "memorysetup-profiler-bucket-allocator-block-count=8"
    "memorysetup-profiler-allocator-block-size=16777216"
    "memorysetup-profiler-editor-allocator-block-size=1048576"
    "memorysetup-temp-allocator-size-main=16777216"
    "memorysetup-job-temp-allocator-block-size=2097152"
    "memorysetup-job-temp-allocator-block-size-background=1048576"
    "memorysetup-job-temp-allocator-reduction-small-platforms=262144"
    "memorysetup-temp-allocator-size-background-worker=32768"
    "memorysetup-temp-allocator-size-job-worker=262144"
    "memorysetup-temp-allocator-size-preload-manager=33554432"
    "memorysetup-temp-allocator-size-nav-mesh-worker=65536"
    "memorysetup-temp-allocator-size-audio-worker=65536"
    "memorysetup-temp-allocator-size-cloud-worker=32768"
    "memorysetup-temp-allocator-size-gi-baking-worker=262144"
    "memorysetup-temp-allocator-size-gfx=262144"
Refreshing native plugins compatible for Editor in 87.11 ms, found 2 plugins.
Preloading 0 native plugins for Editor in 0.00 ms.
Initialize engine version: 2022.1.7f1 (240f4c1f462c)
[Subsystems] Discovering subsystems at path C:/Program Files/Unity/Hub/Editor/2022.1.7f1/Editor/Data/Resources/UnitySubsystems
[Subsystems] Discovering subsystems at path C:/Users/minig/Documents/Projects/Turquoise Flavour/Assets
GfxDevice: creating device client; threaded=0; jobified=0
Direct3D:
    Version:  Direct3D 11.0 [level 11.1]
    Renderer: NVIDIA GeForce RTX 2070 (ID=0x1f02)
    Vendor:   NVIDIA
    VRAM:     8031 MB
    Driver:   30.0.15.1215
Shader 'MoreMountains/MMRipple': fallback shader 'Particle/AlphaBlended' not found
Initialize mono
Mono path[0] = 'C:/Program Files/Unity/Hub/Editor/2022.1.7f1/Editor/Data/Managed'
Mono path[1] = 'C:/Program Files/Unity/Hub/Editor/2022.1.7f1/Editor/Data/MonoBleedingEdge/lib/mono/unityjit-win32'
Mono config path = 'C:/Program Files/Unity/Hub/Editor/2022.1.7f1/Editor/Data/MonoBleedingEdge/etc'
Using monoOptions --debugger-agent=transport=dt_socket,embedding=1,server=y,suspend=n,address=127.0.0.1:56852
Begin MonoManager ReloadAssembly
Registering precompiled unity dll's ...
Register platform support module: C:/Program Files/Unity/Hub/Editor/2022.1.7f1/Editor/Data/PlaybackEngines/WindowsStandaloneSupport/UnityEditor.WindowsStandalone.Extensions.dll
Registered in 0.005750 seconds.
Native extension for WindowsStandalone target not found
Refreshing native plugins compatible for Editor in 78.08 ms, found 2 plugins.
Preloading 0 native plugins for Editor in 0.00 ms.
Mono: successfully reloaded assembly
- Completed reload, in  0.697 seconds
Domain Reload Profiling:
	ReloadAssembly (698ms)
		BeginReloadAssembly (72ms)
			ExecutionOrderSort (0ms)
			DisableScriptedObjects (0ms)
			BackupInstance (0ms)
			ReleaseScriptingObjects (0ms)
			CreateAndSetChildDomain (1ms)
		EndReloadAssembly (528ms)
			LoadAssemblies (70ms)
			RebuildTransferFunctionScriptingTraits (0ms)
			SetupTypeCache (114ms)
				TypeCache.Initialize (113ms)
					TypeCache.ScanAssembly (112ms)
				ResolveRequiredComponents (0ms)
			ReleaseScriptCaches (0ms)
			RebuildScriptCaches (28ms)
			SetupLoadedEditorAssemblies (331ms)
				LogAssemblyErrors (0ms)
				InitializePlatformSupportModulesInManaged (7ms)
				SetLoadedEditorAssemblies (7ms)
				RefreshPlugins (78ms)
				BeforeProcessingInitializeOnLoad (1ms)
				ProcessInitializeOnLoadAttributes (174ms)
				ProcessInitializeOnLoadMethodAttributes (63ms)
				AfterProcessingInitializeOnLoad (0ms)
				EditorAssembliesLoaded (0ms)
			ExecutionOrderSort2 (0ms)
			AwakeInstancesAfterBackupRestoration (0ms)
Platform modules already initialized, skipping
Registering precompiled user dll's ...
Registered in 0.006754 seconds.
Begin MonoManager ReloadAssembly
Native extension for WindowsStandalone target not found
Refreshing native plugins compatible for Editor in 80.17 ms, found 2 plugins.
Preloading 0 native plugins for Editor in 0.00 ms.
Package Manager log level set to [2]
[Package Manager] Server::EnsureServerProcessIsRunning -- launch failed, reason: Unity was launched with the -noUpm command-line argument
[Package Manager] UpmClient::Send -- Unable to send message (not connected to UPM process).
[Package Manager] Cannot connect to Unity Package Manager local server
Mono: successfully reloaded assembly
- Completed reload, in  1.431 seconds
Domain Reload Profiling:
	ReloadAssembly (1432ms)
		BeginReloadAssembly (114ms)
			ExecutionOrderSort (0ms)
			DisableScriptedObjects (5ms)
			BackupInstance (0ms)
			ReleaseScriptingObjects (0ms)
			CreateAndSetChildDomain (20ms)
		EndReloadAssembly (1207ms)
			LoadAssemblies (86ms)
			RebuildTransferFunctionScriptingTraits (0ms)
			SetupTypeCache (251ms)
				TypeCache.Initialize (234ms)
					TypeCache.ScanAssembly (230ms)
				ResolveRequiredComponents (17ms)
			ReleaseScriptCaches (1ms)
			RebuildScriptCaches (86ms)
			SetupLoadedEditorAssemblies (730ms)
				LogAssemblyErrors (0ms)
				InitializePlatformSupportModulesInManaged (5ms)
				SetLoadedEditorAssemblies (9ms)
				RefreshPlugins (80ms)
				BeforeProcessingInitializeOnLoad (115ms)
				ProcessInitializeOnLoadAttributes (321ms)
				ProcessInitializeOnLoadMethodAttributes (193ms)
				AfterProcessingInitializeOnLoad (6ms)
				EditorAssembliesLoaded (0ms)
			ExecutionOrderSort2 (0ms)
			AwakeInstancesAfterBackupRestoration (6ms)
Platform modules already initialized, skipping
========================================================================
Worker process is ready to serve import requests
Shader 'MoreMountains/MMRipple': fallback shader 'Particle/AlphaBlended' not found
Launched and connected shader compiler UnityShaderCompiler.exe after 0.04 seconds
Refreshing native plugins compatible for Editor in 2.39 ms, found 2 plugins.
Preloading 0 native plugins for Editor in 0.00 ms.
Unloading 5041 Unused Serialized files (Serialized files now loaded: 0)
Unloading 62 unused Assets / (323.7 KB). Loaded Objects now: 5615.
Memory consumption went from 0.89 GB to 0.89 GB.
Total: 7.723200 ms (FindLiveObjects: 0.477700 ms CreateObjectMapping: 0.530100 ms MarkObjects: 6.570300 ms  DeleteObjects: 0.144000 ms)

AssetImportParameters requested are different than current active one (requested -> active):
  custom:video-decoder-ogg-theora: a1e56fd34408186e4bbccfd4996cb3dc -> 
  custom:container-muxer-webm: aa71ff27fc2769a1b78a27578f13a17b -> 
  custom:container-demuxer-webm: 4f35f7cbe854078d1ac9338744f61a02 -> 
  custom:video-encoder-webm-vp8: eb34c28f22e8b96e1ab97ce403110664 -> 
  custom:audio-encoder-webm-vorbis: bf7c407c2cedff20999df2af8eb42d56 -> 
  custom:framework-win-MediaFoundation: 216162199b28c13a410421893ffa2e32 -> 
  custom:container-demuxer-ogg: 62fdf1f143b41e24485cea50d1cbac27 -> 
  custom:video-decoder-webm-vp8: 9c59270c3fd7afecdb556c50c9e8de78 -> 
  custom:audio-decoder-ogg-vorbis: bf7c407c2cedff20999df2af8eb42d56 -> 
========================================================================
Received Import Request.
  Time since last request: 873424.780246 seconds.
  path: Assets/Sprites/Cards/Mana.png
  artifactKey: Guid(c94d748c452319d42a656c358b880fd4) Importer(815301076,1909f56bfc062723c751e8b465ee728b)
Start importing Assets/Sprites/Cards/Mana.png using Guid(c94d748c452319d42a656c358b880fd4) Importer(815301076,1909f56bfc062723c751e8b465ee728b)  -> (artifact id: '220103679a71b37a4a517e117d15aafd') in 0.116777 seconds 
========================================================================
Received Import Request.
  Time since last request: 0.000020 seconds.
  path: Assets/Fonts/Montserrat/Montserrat-Regular.ttf
  artifactKey: Guid(57112539e9994d641924a421c0e74e82) Importer(815301076,1909f56bfc062723c751e8b465ee728b)
Start importing Assets/Fonts/Montserrat/Montserrat-Regular.ttf using Guid(57112539e9994d641924a421c0e74e82) Importer(815301076,1909f56bfc062723c751e8b465ee728b)  -> (artifact id: '2e4ecd0e1cc32ca7c62dceba4a62733d') in 0.278239 seconds 
========================================================================
Received Import Request.
  Time since last request: 0.000048 seconds.
  path: Assets/2D_Background_SunshineForest/2D_Horizontal_battle_Enviroment_05/2436_1125/Image/layer2.png
  artifactKey: Guid(6536f5466f288944bbba78690bfc03e8) Importer(815301076,1909f56bfc062723c751e8b465ee728b)
Start importing Assets/2D_Background_SunshineForest/2D_Horizontal_battle_Enviroment_05/2436_1125/Image/layer2.png using Guid(6536f5466f288944bbba78690bfc03e8) Importer(815301076,1909f56bfc062723c751e8b465ee728b)  -> (artifact id: 'aab4e25d696417a34d3933e074b94169') in 0.120644 seconds 
========================================================================
Received Import Request.
  Time since last request: 0.000085 seconds.
  path: Assets/CardGameUIEffects/Assets/Animations/Characters/GoodEgg/GoodEgg_18.png
  artifactKey: Guid(913b3157f1013d242964d427766c7986) Importer(815301076,1909f56bfc062723c751e8b465ee728b)
Start importing Assets/CardGameUIEffects/Assets/Animations/Characters/GoodEgg/GoodEgg_18.png using Guid(913b3157f1013d242964d427766c7986) Importer(815301076,1909f56bfc062723c751e8b465ee728b)  -> (artifact id: '9bbb600bf0813ee83a86cd932a1a9e96') in 0.037261 seconds 
========================================================================
Received Import Request.
  Time since last request: 0.000041 seconds.
  path: Assets/CreatureCards/creature_bg/54.png
  artifactKey: Guid(ca8b8411b24194d4f9aedc37bc978bb6) Importer(815301076,1909f56bfc062723c751e8b465ee728b)
Start importing Assets/CreatureCards/creature_bg/54.png using Guid(ca8b8411b24194d4f9aedc37bc978bb6) Importer(815301076,1909f56bfc062723c751e8b465ee728b)  -> (artifact id: 'e863a8eb78eb8731aef76cff444e8d9c') in 0.305109 seconds 
========================================================================
Received Import Request.
  Time since last request: 0.000022 seconds.
  path: Assets/Feel/MMTools/Tools/MMVFX/MMParticles/MMParticlesEclipse.png
  artifactKey: Guid(dbc8c25cc61ce624e96392478c57c2ae) Importer(815301076,1909f56bfc062723c751e8b465ee728b)
Start importing Assets/Feel/MMTools/Tools/MMVFX/MMParticles/MMParticlesEclipse.png using Guid(dbc8c25cc61ce624e96392478c57c2ae) Importer(815301076,1909f56bfc062723c751e8b465ee728b)  -> (artifact id: '3e701ae6fd7f6cd554560590a68a24a3') in 0.028439 seconds 
========================================================================
Received Import Request.
  Time since last request: 0.000050 seconds.
  path: Assets/CreatureCards/creature_transparent/60.png
  artifactKey: Guid(db082bb097eec664c95036e1a5fbd2a4) Importer(815301076,1909f56bfc062723c751e8b465ee728b)
Start importing Assets/CreatureCards/creature_transparent/60.png using Guid(db082bb097eec664c95036e1a5fbd2a4) Importer(815301076,1909f56bfc062723c751e8b465ee728b)  -> (artifact id: 'd1547a1b22861041e0435f6ea6cca84e') in 0.207893 seconds 
========================================================================
Received Import Request.
  Time since last request: 0.000022 seconds.
  path: Assets/Feel/MMTools/Tools/MMVFX/MMBrushes/MMBrush2.png
  artifactKey: Guid(50fa4744924e36d4d86ab98952c0207b) Importer(815301076,1909f56bfc062723c751e8b465ee728b)
Start importing Assets/Feel/MMTools/Tools/MMVFX/MMBrushes/MMBrush2.png using Guid(50fa4744924e36d4d86ab98952c0207b) Importer(815301076,1909f56bfc062723c751e8b465ee728b)  -> (artifact id: '56e0303b6e1a00363eb54b6408c554c1') in 0.018498 seconds 
========================================================================
Received Import Request.
  Time since last request: 0.000039 seconds.
  path: Assets/CreatureCards/creature_bg/56.png
  artifactKey: Guid(6351b98478d880541a95d2db13edce95) Importer(815301076,1909f56bfc062723c751e8b465ee728b)
Start importing Assets/CreatureCards/creature_bg/56.png using Guid(6351b98478d880541a95d2db13edce95) Importer(815301076,1909f56bfc062723c751e8b465ee728b)  -> (artifact id: 'b5a1e5370754629cdff223b56d798807') in 0.248644 seconds 
========================================================================
Received Import Request.
  Time since last request: 0.000020 seconds.
  path: Assets/CreatureCards/creature_transparent/35.png
  artifactKey: Guid(09cbe11a8eaf69a459c251beb4bf8b0d) Importer(815301076,1909f56bfc062723c751e8b465ee728b)
Start importing Assets/CreatureCards/creature_transparent/35.png using Guid(09cbe11a8eaf69a459c251beb4bf8b0d) Importer(815301076,1909f56bfc062723c751e8b465ee728b)  -> (artifact id: '83deef3db0ad0f470179e9b564342e29') in 0.190591 seconds 
========================================================================
Received Import Request.
  Time since last request: 0.000035 seconds.
  path: Assets/Feel/MMTools/Tools/MMVFX/MMBrushes/MMBrush3.png
  artifactKey: Guid(503457306a89e2340857fde6c3f196e8) Importer(815301076,1909f56bfc062723c751e8b465ee728b)
Start importing Assets/Feel/MMTools/Tools/MMVFX/MMBrushes/MMBrush3.png using Guid(503457306a89e2340857fde6c3f196e8) Importer(815301076,1909f56bfc062723c751e8b465ee728b)  -> (artifact id: '22062dab5e425054d688e7236f20afaa') in 0.033913 seconds 
========================================================================
Received Import Request.
  Time since last request: 0.000027 seconds.
  path: Assets/CardGameUIEffects/Assets/Animations/Cards/Headbutt_17.png
  artifactKey: Guid(70866c522bec6db4f944044edfbde74c) Importer(815301076,1909f56bfc062723c751e8b465ee728b)
Start importing Assets/CardGameUIEffects/Assets/Animations/Cards/Headbutt_17.png using Guid(70866c522bec6db4f944044edfbde74c) Importer(815301076,1909f56bfc062723c751e8b465ee728b)  -> (artifact id: 'ada9c0df9ff501bcd88b0cd31fac0e16') in 0.035356 seconds 
========================================================================
Received Import Request.
  Time since last request: 0.000024 seconds.
  path: Assets/CreatureCards/creature_bg/35.png
  artifactKey: Guid(9daad9bddaf0e8341b1bf6fbf4c8e676) Importer(815301076,1909f56bfc062723c751e8b465ee728b)
Start importing Assets/CreatureCards/creature_bg/35.png using Guid(9daad9bddaf0e8341b1bf6fbf4c8e676) Importer(815301076,1909f56bfc062723c751e8b465ee728b)  -> (artifact id: '94b07b815421d1b96473e81cea027ed2') in 0.272351 seconds 
========================================================================
Received Import Request.
  Time since last request: 0.000030 seconds.
  path: Assets/CreatureCards/creature_transparent/66.png
  artifactKey: Guid(313e402f10563ff4b8d35d44a79ea72b) Importer(815301076,1909f56bfc062723c751e8b465ee728b)
Start importing Assets/CreatureCards/creature_transparent/66.png using Guid(313e402f10563ff4b8d35d44a79ea72b) Importer(815301076,1909f56bfc062723c751e8b465ee728b)  -> (artifact id: '90f1570e271cbc8f79c653b800739746') in 0.194608 seconds 
========================================================================
Received Import Request.
  Time since last request: 0.000048 seconds.
  path: Assets/Feel/MMTools/Tools/MMPrototypeTextures/Textures/MMPlastic/MMPlasticAO.png
  artifactKey: Guid(6380989b56d512c498442aa08d0dfe03) Importer(815301076,1909f56bfc062723c751e8b465ee728b)
Start importing Assets/Feel/MMTools/Tools/MMPrototypeTextures/Textures/MMPlastic/MMPlasticAO.png using Guid(6380989b56d512c498442aa08d0dfe03) Importer(815301076,1909f56bfc062723c751e8b465ee728b)  -> (artifact id: '470ad96d48b33e9f4fc9d6a2a495b7b0') in 0.028416 seconds 
========================================================================
Received Import Request.
  Time since last request: 0.000044 seconds.
  path: Assets/Feel/MMTools/Tools/MMPrototypeTextures/Textures/MMProtoTextures/MMProtoTextures_BlueSquares.png
  artifactKey: Guid(ed68763c04a44fa49a0aa2316c3d46ee) Importer(815301076,1909f56bfc062723c751e8b465ee728b)
Start importing Assets/Feel/MMTools/Tools/MMPrototypeTextures/Textures/MMProtoTextures/MMProtoTextures_BlueSquares.png using Guid(ed68763c04a44fa49a0aa2316c3d46ee) Importer(815301076,1909f56bfc062723c751e8b465ee728b)  -> (artifact id: 'a57d428e00b7ba4839207a0af1f34000') in 0.015485 seconds 
========================================================================
Received Import Request.
  Time since last request: 0.000045 seconds.
  path: Assets/CardGameUIEffects/Assets/Animations/Characters/GoodEgg/GoodEgg_02.png
  artifactKey: Guid(5b968feabbd00a144b16a7fd8935157d) Importer(815301076,1909f56bfc062723c751e8b465ee728b)
Start importing Assets/CardGameUIEffects/Assets/Animations/Characters/GoodEgg/GoodEgg_02.png using Guid(5b968feabbd00a144b16a7fd8935157d) Importer(815301076,1909f56bfc062723c751e8b465ee728b)  -> (artifact id: 'e46af5c9479123ad0e7df429b242a534') in 0.040953 seconds 
========================================================================
Received Import Request.
  Time since last request: 0.000033 seconds.
  path: Assets/Feel/MMTools/Tools/MMVFX/MMBrushes/MMBrush0.png
  artifactKey: Guid(04d21181005a65b47acaea5c6f605184) Importer(815301076,1909f56bfc062723c751e8b465ee728b)
Start importing Assets/Feel/MMTools/Tools/MMVFX/MMBrushes/MMBrush0.png using Guid(04d21181005a65b47acaea5c6f605184) Importer(815301076,1909f56bfc062723c751e8b465ee728b)  -> (artifact id: 'eefbf5e188b279fe3824f37e9c5569a1') in 0.017839 seconds 
========================================================================
Received Import Request.
  Time since last request: 0.000022 seconds.
  path: Assets/CardGameUIEffects/Assets/Animations/Cards/Headbutt_16.png
  artifactKey: Guid(758c13acb03467c47bcc64ef3b22617b) Importer(815301076,1909f56bfc062723c751e8b465ee728b)
Start importing Assets/CardGameUIEffects/Assets/Animations/Cards/Headbutt_16.png using Guid(758c13acb03467c47bcc64ef3b22617b) Importer(815301076,1909f56bfc062723c751e8b465ee728b)  -> (artifact id: '0cf278ad5be44f565df6b3fb4f039821') in 0.091271 seconds 
========================================================================
Received Import Request.
  Time since last request: 0.000047 seconds.
  path: Assets/Images/UI/knapsack.png
  artifactKey: Guid(ed8314a4cc35d5b49bf6d5f9b00dc9ea) Importer(815301076,1909f56bfc062723c751e8b465ee728b)
Start importing Assets/Images/UI/knapsack.png using Guid(ed8314a4cc35d5b49bf6d5f9b00dc9ea) Importer(815301076,1909f56bfc062723c751e8b465ee728b)  -> (artifact id: '214633ff8d2006266942b968dd4b843a') in 0.054518 seconds 
========================================================================
Received Import Request.
  Time since last request: 0.000066 seconds.
  path: Assets/CreatureCards/creature_bg/78.png
  artifactKey: Guid(c9747ce28bbdf6e4294352baa591fa39) Importer(815301076,1909f56bfc062723c751e8b465ee728b)
Start importing Assets/CreatureCards/creature_bg/78.png using Guid(c9747ce28bbdf6e4294352baa591fa39) Importer(815301076,1909f56bfc062723c751e8b465ee728b)  -> (artifact id: '9b8a99966946565c6d9fed8e0e0a7ae9') in 0.327453 seconds 
========================================================================
Received Import Request.
  Time since last request: 0.000054 seconds.
  path: Assets/Feel/MMTools/Tools/MMVFX/MMNoise/MMBrushNoise.png
  artifactKey: Guid(f1d51ed493a42ad4789ff2be401e8b43) Importer(815301076,1909f56bfc062723c751e8b465ee728b)
Start importing Assets/Feel/MMTools/Tools/MMVFX/MMNoise/MMBrushNoise.png using Guid(f1d51ed493a42ad4789ff2be401e8b43) Importer(815301076,1909f56bfc062723c751e8b465ee728b)  -> (artifact id: '6e0785e1e1e28d3f3f7b136d58bcf56d') in 0.029136 seconds 
========================================================================
Received Import Request.
  Time since last request: 0.000050 seconds.
  path: Assets/Feel/MMTools/Tools/MMVFX/MMNoise/MMFireNoise.png
  artifactKey: Guid(10f0f05cdfbe64f44b9e3b2655c32308) Importer(815301076,1909f56bfc062723c751e8b465ee728b)
Start importing Assets/Feel/MMTools/Tools/MMVFX/MMNoise/MMFireNoise.png using Guid(10f0f05cdfbe64f44b9e3b2655c32308) Importer(815301076,1909f56bfc062723c751e8b465ee728b)  -> (artifact id: '056ebefe10039e1659eceb3fa2f266fb') in 0.033174 seconds 
========================================================================
Received Import Request.
  Time since last request: 0.000040 seconds.
  path: Assets/Feel/MMTools/Tools/MMVFX/MMParticles/MMParticlesLight.png
  artifactKey: Guid(d231e18e55f422349931d83925fdece0) Importer(815301076,1909f56bfc062723c751e8b465ee728b)
Start importing Assets/Feel/MMTools/Tools/MMVFX/MMParticles/MMParticlesLight.png using Guid(d231e18e55f422349931d83925fdece0) Importer(815301076,1909f56bfc062723c751e8b465ee728b)  -> (artifact id: '1429c40e96a33e90ad8e619aec8a567c') in 0.013360 seconds 
========================================================================
Received Import Request.
  Time since last request: 0.000028 seconds.
  path: Assets/CardGameUIEffects/Assets/Animations/Characters/GoodEgg/GoodEgg_08.png
  artifactKey: Guid(fd9b8ba4c470e894e9ebb503ffe4daf0) Importer(815301076,1909f56bfc062723c751e8b465ee728b)
Start importing Assets/CardGameUIEffects/Assets/Animations/Characters/GoodEgg/GoodEgg_08.png using Guid(fd9b8ba4c470e894e9ebb503ffe4daf0) Importer(815301076,1909f56bfc062723c751e8b465ee728b)  -> (artifact id: '13ccc08a31538b1f99c434c019032c08') in 0.040534 seconds 
========================================================================
Received Import Request.
  Time since last request: 0.000023 seconds.
  path: Assets/CreatureCards/creature_bg/44.png
  artifactKey: Guid(34bcc80faec2ff2438baef00859973fa) Importer(815301076,1909f56bfc062723c751e8b465ee728b)
Start importing Assets/CreatureCards/creature_bg/44.png using Guid(34bcc80faec2ff2438baef00859973fa) Importer(815301076,1909f56bfc062723c751e8b465ee728b)  -> (artifact id: '9e4efff65fd5c31d9b7ce88b1762821d') in 0.297801 seconds 
========================================================================
Received Import Request.
  Time since last request: 0.000044 seconds.
  path: Assets/CardGameUIEffects/Assets/Animations/Characters/GoodEgg/GoodEgg_20.png
  artifactKey: Guid(702b4d3afd9b23e44a2c8269573e6b6a) Importer(815301076,1909f56bfc062723c751e8b465ee728b)
Start importing Assets/CardGameUIEffects/Assets/Animations/Characters/GoodEgg/GoodEgg_20.png using Guid(702b4d3afd9b23e44a2c8269573e6b6a) Importer(815301076,1909f56bfc062723c751e8b465ee728b)  -> (artifact id: '450d9b26f2d8dec9087abb99b2522f30') in 0.061828 seconds 
========================================================================
Received Import Request.
  Time since last request: 0.000081 seconds.
  path: Assets/CardGameUIEffects/Assets/Textures/Characters/GoodEgg.png
  artifactKey: Guid(834a968a51a01544fbc2b3ee77c39518) Importer(815301076,1909f56bfc062723c751e8b465ee728b)
Start importing Assets/CardGameUIEffects/Assets/Textures/Characters/GoodEgg.png using Guid(834a968a51a01544fbc2b3ee77c39518) Importer(815301076,1909f56bfc062723c751e8b465ee728b)  -> (artifact id: '583763a5bd61e1654211c7ed7a5a48ad') in 0.038030 seconds 
========================================================================
Received Import Request.
  Time since last request: 0.000033 seconds.
  path: Assets/CreatureCards/creature_bg/46.png
  artifactKey: Guid(4924b3406eebe4041951b94152f6a156) Importer(815301076,1909f56bfc062723c751e8b465ee728b)
Start importing Assets/CreatureCards/creature_bg/46.png using Guid(4924b3406eebe4041951b94152f6a156) Importer(815301076,1909f56bfc062723c751e8b465ee728b)  -> (artifact id: '352d6a063b0209fb5870827e448746a0') in 0.249617 seconds 
========================================================================
Received Import Request.
  Time since last request: 0.000041 seconds.
  path: Assets/Feel/MMTools/Tools/MMVFX/MMRamps/MMRamp6.png
  artifactKey: Guid(63dabf038bafcdd4c9fd22dcdf057dd9) Importer(815301076,1909f56bfc062723c751e8b465ee728b)
Start importing Assets/Feel/MMTools/Tools/MMVFX/MMRamps/MMRamp6.png using Guid(63dabf038bafcdd4c9fd22dcdf057dd9) Importer(815301076,1909f56bfc062723c751e8b465ee728b)  -> (artifact id: '770d8430c0a67ea653cbc8434f280696') in 0.018254 seconds 
========================================================================
Received Import Request.
  Time since last request: 0.000044 seconds.
  path: Assets/Feel/MMTools/Tools/MMPrototypeTextures/Textures/MMProtoTextures/MMProtoTextures_YellowCrosses.png
  artifactKey: Guid(e7bd931b85ae0b54a86af9439440b98b) Importer(815301076,1909f56bfc062723c751e8b465ee728b)
Start importing Assets/Feel/MMTools/Tools/MMPrototypeTextures/Textures/MMProtoTextures/MMProtoTextures_YellowCrosses.png using Guid(e7bd931b85ae0b54a86af9439440b98b) Importer(815301076,1909f56bfc062723c751e8b465ee728b)  -> (artifact id: '5a297b4abd3e68d22529689e82b0f80b') in 0.020761 seconds 
========================================================================
Received Import Request.
  Time since last request: 0.000037 seconds.
  path: Assets/Feel/MMTools/Tools/MMPrototypeTextures/Textures/MMProtoTextures/MMProtoTextures_GreenFrame.png
  artifactKey: Guid(563d63a1a6da33c43a2b5c5a9e398c0f) Importer(815301076,1909f56bfc062723c751e8b465ee728b)
Start importing Assets/Feel/MMTools/Tools/MMPrototypeTextures/Textures/MMProtoTextures/MMProtoTextures_GreenFrame.png using Guid(563d63a1a6da33c43a2b5c5a9e398c0f) Importer(815301076,1909f56bfc062723c751e8b465ee728b)  -> (artifact id: '8c70bd4f7cbe1cfdf518e9ca8956e640') in 0.041799 seconds 
========================================================================
Received Import Request.
  Time since last request: 0.000036 seconds.
  path: Assets/CreatureCards/creature_bg/42.png
  artifactKey: Guid(e532187ecae6a1945895324352ceed05) Importer(815301076,1909f56bfc062723c751e8b465ee728b)
Start importing Assets/CreatureCards/creature_bg/42.png using Guid(e532187ecae6a1945895324352ceed05) Importer(815301076,1909f56bfc062723c751e8b465ee728b)  -> (artifact id: '6005cec60af46d268e3156cd174b845c') in 0.292339 seconds 
========================================================================
Received Import Request.
  Time since last request: 0.000028 seconds.
  path: Assets/Feel/MMTools/Tools/MMVFX/MMRipple/MMRippleSpiral1NM.png
  artifactKey: Guid(72c72b2c72465e04ab1e30491d0bf708) Importer(815301076,1909f56bfc062723c751e8b465ee728b)
Start importing Assets/Feel/MMTools/Tools/MMVFX/MMRipple/MMRippleSpiral1NM.png using Guid(72c72b2c72465e04ab1e30491d0bf708) Importer(815301076,1909f56bfc062723c751e8b465ee728b)  -> (artifact id: 'c5c79e40e2255084fd524cff434705d8') in 0.020504 seconds 
========================================================================
Received Import Request.
  Time since last request: 0.000034 seconds.
  path: Assets/Feel/MMTools/Tools/MMVFX/MMRipple/MMRippleCircle1NM.png
  artifactKey: Guid(9b9515ca837f18848a8b11d0d9d1a0c7) Importer(815301076,1909f56bfc062723c751e8b465ee728b)
Start importing Assets/Feel/MMTools/Tools/MMVFX/MMRipple/MMRippleCircle1NM.png using Guid(9b9515ca837f18848a8b11d0d9d1a0c7) Importer(815301076,1909f56bfc062723c751e8b465ee728b)  -> (artifact id: 'fb6b097539005296483937929deae62e') in 0.015366 seconds 
========================================================================
Received Import Request.
  Time since last request: 0.000036 seconds.
  path: Assets/Feel/MMTools/Tools/MMPrototypeTextures/Textures/MMProtoTextures/MMProtoTextures_BlueFrame.png
  artifactKey: Guid(5da54437c52380745ab2d12656252b80) Importer(815301076,1909f56bfc062723c751e8b465ee728b)
Start importing Assets/Feel/MMTools/Tools/MMPrototypeTextures/Textures/MMProtoTextures/MMProtoTextures_BlueFrame.png using Guid(5da54437c52380745ab2d12656252b80) Importer(815301076,1909f56bfc062723c751e8b465ee728b)  -> (artifact id: '13019ad276797559ecfd96407521acbe') in 0.039474 seconds 
========================================================================
Received Import Request.
  Time since last request: 0.000065 seconds.
  path: Assets/Sprites/UI/Move_ability_icon.png
  artifactKey: Guid(84a4b53e914a753469fa3d08c92ce0e5) Importer(815301076,1909f56bfc062723c751e8b465ee728b)
Start importing Assets/Sprites/UI/Move_ability_icon.png using Guid(84a4b53e914a753469fa3d08c92ce0e5) Importer(815301076,1909f56bfc062723c751e8b465ee728b)  -> (artifact id: 'e3189fcce9cea98d1299b592e0209639') in 0.027028 seconds 
========================================================================
Received Import Request.
  Time since last request: 0.000036 seconds.
  path: Assets/Sprites/UI/Move_attack_icon.png
  artifactKey: Guid(569289dbbb7e8ff418143c73d3518e76) Importer(815301076,1909f56bfc062723c751e8b465ee728b)
Start importing Assets/Sprites/UI/Move_attack_icon.png using Guid(569289dbbb7e8ff418143c73d3518e76) Importer(815301076,1909f56bfc062723c751e8b465ee728b)  -> (artifact id: '1a68f79782aa6d408e48630357a3f4e8') in 0.025378 seconds 
========================================================================
Received Import Request.
  Time since last request: 0.000038 seconds.
  path: Assets/CreatureCards/creature_bg/69.png
  artifactKey: Guid(17862904fdbfecc4b99354d027ef9f5c) Importer(815301076,1909f56bfc062723c751e8b465ee728b)
Start importing Assets/CreatureCards/creature_bg/69.png using Guid(17862904fdbfecc4b99354d027ef9f5c) Importer(815301076,1909f56bfc062723c751e8b465ee728b)  -> (artifact id: '00b6cac80e4cd1ec57717cee4135d8c9') in 0.268773 seconds 
========================================================================
Received Import Request.
  Time since last request: 0.000040 seconds.
  path: Assets/CreatureCards/creature_transparent/37.png
  artifactKey: Guid(0a617013620c5e440af8710a394f1c46) Importer(815301076,1909f56bfc062723c751e8b465ee728b)
Start importing Assets/CreatureCards/creature_transparent/37.png using Guid(0a617013620c5e440af8710a394f1c46) Importer(815301076,1909f56bfc062723c751e8b465ee728b)  -> (artifact id: '8b402bc43b71eb7412c827e3d9e65f67') in 0.184657 seconds 
========================================================================
Received Import Request.
  Time since last request: 0.000059 seconds.
  path: Assets/CreatureCards/creature_transparent/46.png
  artifactKey: Guid(9601948e64bb44c4fa14c9acd7d633bb) Importer(815301076,1909f56bfc062723c751e8b465ee728b)
Start importing Assets/CreatureCards/creature_transparent/46.png using Guid(9601948e64bb44c4fa14c9acd7d633bb) Importer(815301076,1909f56bfc062723c751e8b465ee728b)  -> (artifact id: 'c591463a3c00a6a10b4685e9d36eb23c') in 0.228393 seconds 
========================================================================
Received Import Request.
  Time since last request: 0.000021 seconds.
  path: Assets/Gizmos/PlaymakerIcon.tiff
  artifactKey: Guid(dd021173169ae0c45840a63894bc27c0) Importer(815301076,1909f56bfc062723c751e8b465ee728b)
Start importing Assets/Gizmos/PlaymakerIcon.tiff using Guid(dd021173169ae0c45840a63894bc27c0) Importer(815301076,1909f56bfc062723c751e8b465ee728b)  -> (artifact id: '7d9e5b79dbf8e70f6dc387616a6a08d3') in 0.015532 seconds 
========================================================================
Received Import Request.
  Time since last request: 0.000027 seconds.
  path: Assets/Gizmos/PlayMakerGUI Icon.tiff
  artifactKey: Guid(7390251e5bc320f4abea3501d907f3e3) Importer(815301076,1909f56bfc062723c751e8b465ee728b)
Start importing Assets/Gizmos/PlayMakerGUI Icon.tiff using Guid(7390251e5bc320f4abea3501d907f3e3) Importer(815301076,1909f56bfc062723c751e8b465ee728b)  -> (artifact id: 'a8824e56927b98c4ed651d11c2ef89b0') in 0.011567 seconds 
========================================================================
Received Import Request.
  Time since last request: 0.000054 seconds.
  path: Assets/Gizmos/PlayMakerPrefs Icon.tiff
  artifactKey: Guid(4681a9805673831459ed595c2dc402d6) Importer(815301076,1909f56bfc062723c751e8b465ee728b)
Start importing Assets/Gizmos/PlayMakerPrefs Icon.tiff using Guid(4681a9805673831459ed595c2dc402d6) Importer(815301076,1909f56bfc062723c751e8b465ee728b)  -> (artifact id: 'd92d0df7ee6483e08a63e9f8459df82c') in 0.028002 seconds 
========================================================================
Received Import Request.
  Time since last request: 0.000037 seconds.
  path: Assets/Sprites/UI/GetDiscard_icon.png
  artifactKey: Guid(33712375ae7bf2d468808f5eb265918d) Importer(815301076,1909f56bfc062723c751e8b465ee728b)
Start importing Assets/Sprites/UI/GetDiscard_icon.png using Guid(33712375ae7bf2d468808f5eb265918d) Importer(815301076,1909f56bfc062723c751e8b465ee728b)  -> (artifact id: '89fb7921d60c4cbfcc1ed60beac4d8b7') in 0.019684 seconds 
========================================================================
Received Import Request.
  Time since last request: 0.000036 seconds.
  path: Assets/CreatureCards/creature_bg/77.png
  artifactKey: Guid(b3f2c5fd917952c49b6fa83306c613e9) Importer(815301076,1909f56bfc062723c751e8b465ee728b)
Start importing Assets/CreatureCards/creature_bg/77.png using Guid(b3f2c5fd917952c49b6fa83306c613e9) Importer(815301076,1909f56bfc062723c751e8b465ee728b)  -> (artifact id: 'd0add4f6f31da07b687ad460d9c3260e') in 0.257736 seconds 
========================================================================
Received Import Request.
  Time since last request: 0.000022 seconds.
  path: Assets/CreatureCards/creature_bg/98.png
  artifactKey: Guid(d299169f104b0764aa1863cf3c7d12a9) Importer(815301076,1909f56bfc062723c751e8b465ee728b)
Start importing Assets/CreatureCards/creature_bg/98.png using Guid(d299169f104b0764aa1863cf3c7d12a9) Importer(815301076,1909f56bfc062723c751e8b465ee728b)  -> (artifact id: '12506dcacffe60339f457a0e4218cbc9') in 0.228696 seconds 
========================================================================
Received Import Request.
  Time since last request: 0.000049 seconds.
  path: Assets/Gizmos/VariableTypeDefinitionAsset Icon.tiff
  artifactKey: Guid(c60786ad683288b48a78c637b7d04b41) Importer(815301076,1909f56bfc062723c751e8b465ee728b)
Start importing Assets/Gizmos/VariableTypeDefinitionAsset Icon.tiff using Guid(c60786ad683288b48a78c637b7d04b41) Importer(815301076,1909f56bfc062723c751e8b465ee728b)  -> (artifact id: '2bf23fb554ef943642b32d3966b11a17') in 0.013208 seconds 
========================================================================
Received Import Request.
  Time since last request: 0.000043 seconds.
  path: Assets/Feel/MMTools/Tools/MMVFX/MMParticles/MMParticlesExplosion.png
  artifactKey: Guid(2457d6fbb1971a54ab6b08c4d4769b1e) Importer(815301076,1909f56bfc062723c751e8b465ee728b)
Start importing Assets/Feel/MMTools/Tools/MMVFX/MMParticles/MMParticlesExplosion.png using Guid(2457d6fbb1971a54ab6b08c4d4769b1e) Importer(815301076,1909f56bfc062723c751e8b465ee728b)  -> (artifact id: '074db02045567a0c658f16b841801556') in 0.013260 seconds 
========================================================================
Received Import Request.
  Time since last request: 0.000027 seconds.
  path: Assets/CreatureCards/creature_bg/38.png
  artifactKey: Guid(11b7f0534442a434aadc3551a352cb6f) Importer(815301076,1909f56bfc062723c751e8b465ee728b)
Start importing Assets/CreatureCards/creature_bg/38.png using Guid(11b7f0534442a434aadc3551a352cb6f) Importer(815301076,1909f56bfc062723c751e8b465ee728b)  -> (artifact id: 'bf9707f1908a42095791d94feb6416b0') in 0.285460 seconds 
========================================================================
Received Import Request.
  Time since last request: 136.056543 seconds.
  path: Assets/Shaders/PixelatedShader Variant.mat
  artifactKey: Guid(17d703aa55d3b9348bbb9fd395434fd9) Importer(815301076,1909f56bfc062723c751e8b465ee728b)
Start importing Assets/Shaders/PixelatedShader Variant.mat using Guid(17d703aa55d3b9348bbb9fd395434fd9) Importer(815301076,1909f56bfc062723c751e8b465ee728b)  -> (artifact id: 'df59c5db81651e26a41188dbd8daf1d9') in 0.258621 seconds 
========================================================================
Received Import Request.
  Time since last request: 281.487220 seconds.
  path: Assets/Shaders/PixelatedShader Variant 1.mat
  artifactKey: Guid(aab2919b11b82714b8b5fbf7d7da0a3e) Importer(815301076,1909f56bfc062723c751e8b465ee728b)
Start importing Assets/Shaders/PixelatedShader Variant 1.mat using Guid(aab2919b11b82714b8b5fbf7d7da0a3e) Importer(815301076,1909f56bfc062723c751e8b465ee728b)  -> (artifact id: 'f1a228139306a1f97f516b3bb1f60ec4') in 0.103444 seconds 
========================================================================
Received Prepare
Registering precompiled user dll's ...
Registered in 0.005997 seconds.
Begin MonoManager ReloadAssembly
Native extension for WindowsStandalone target not found
Refreshing native plugins compatible for Editor in 0.99 ms, found 2 plugins.
Preloading 0 native plugins for Editor in 0.00 ms.
[Package Manager] Server::EnsureServerProcessIsRunning -- launch failed, reason: Unity was launched with the -noUpm command-line argument
[Package Manager] UpmClient::Send -- Unable to send message (not connected to UPM process).
[Package Manager] Cannot connect to Unity Package Manager local server
Mono: successfully reloaded assembly
- Completed reload, in  1.215 seconds
Domain Reload Profiling:
	ReloadAssembly (1215ms)
		BeginReloadAssembly (142ms)
			ExecutionOrderSort (0ms)
			DisableScriptedObjects (11ms)
			BackupInstance (0ms)
			ReleaseScriptingObjects (0ms)
			CreateAndSetChildDomain (46ms)
		EndReloadAssembly (986ms)
			LoadAssemblies (81ms)
			RebuildTransferFunctionScriptingTraits (0ms)
			SetupTypeCache (226ms)
				TypeCache.Initialize (209ms)
					TypeCache.ScanAssembly (205ms)
				ResolveRequiredComponents (17ms)
			ReleaseScriptCaches (1ms)
			RebuildScriptCaches (45ms)
			SetupLoadedEditorAssemblies (557ms)
				LogAssemblyErrors (0ms)
				InitializePlatformSupportModulesInManaged (11ms)
				SetLoadedEditorAssemblies (8ms)
				RefreshPlugins (1ms)
				BeforeProcessingInitializeOnLoad (85ms)
				ProcessInitializeOnLoadAttributes (270ms)
				ProcessInitializeOnLoadMethodAttributes (175ms)
				AfterProcessingInitializeOnLoad (7ms)
				EditorAssembliesLoaded (0ms)
			ExecutionOrderSort2 (0ms)
			AwakeInstancesAfterBackupRestoration (12ms)
Platform modules already initialized, skipping
Shader 'MoreMountains/MMRipple': fallback shader 'Particle/AlphaBlended' not found
Refreshing native plugins compatible for Editor in 4.05 ms, found 2 plugins.
Preloading 0 native plugins for Editor in 0.00 ms.
Unloading 4863 Unused Serialized files (Serialized files now loaded: 0)
Unloading 52 unused Assets / (314.9 KB). Loaded Objects now: 5729.
Memory consumption went from 0.89 GB to 0.89 GB.
Total: 6.496400 ms (FindLiveObjects: 0.375600 ms CreateObjectMapping: 0.323200 ms MarkObjects: 5.709200 ms  DeleteObjects: 0.087400 ms)

AssetImportParameters requested are different than current active one (requested -> active):
  custom:video-decoder-ogg-theora: a1e56fd34408186e4bbccfd4996cb3dc -> 
  custom:container-muxer-webm: aa71ff27fc2769a1b78a27578f13a17b -> 
  custom:container-demuxer-webm: 4f35f7cbe854078d1ac9338744f61a02 -> 
  custom:video-encoder-webm-vp8: eb34c28f22e8b96e1ab97ce403110664 -> 
  custom:audio-encoder-webm-vorbis: bf7c407c2cedff20999df2af8eb42d56 -> 
  custom:framework-win-MediaFoundation: 216162199b28c13a410421893ffa2e32 -> 
  custom:container-demuxer-ogg: 62fdf1f143b41e24485cea50d1cbac27 -> 
  custom:video-decoder-webm-vp8: 9c59270c3fd7afecdb556c50c9e8de78 -> 
  custom:audio-decoder-ogg-vorbis: bf7c407c2cedff20999df2af8eb42d56 -> 
========================================================================
Received Prepare
Registering precompiled user dll's ...
Registered in 0.005900 seconds.
Begin MonoManager ReloadAssembly
Native extension for WindowsStandalone target not found
Refreshing native plugins compatible for Editor in 1.04 ms, found 2 plugins.
Preloading 0 native plugins for Editor in 0.00 ms.
[Package Manager] Server::EnsureServerProcessIsRunning -- launch failed, reason: Unity was launched with the -noUpm command-line argument
[Package Manager] UpmClient::Send -- Unable to send message (not connected to UPM process).
[Package Manager] Cannot connect to Unity Package Manager local server
Mono: successfully reloaded assembly
- Completed reload, in  1.204 seconds
Domain Reload Profiling:
	ReloadAssembly (1205ms)
		BeginReloadAssembly (129ms)
			ExecutionOrderSort (0ms)
			DisableScriptedObjects (7ms)
			BackupInstance (0ms)
			ReleaseScriptingObjects (0ms)
			CreateAndSetChildDomain (40ms)
		EndReloadAssembly (987ms)
			LoadAssemblies (79ms)
			RebuildTransferFunctionScriptingTraits (0ms)
			SetupTypeCache (224ms)
				TypeCache.Initialize (208ms)
					TypeCache.ScanAssembly (203ms)
				ResolveRequiredComponents (16ms)
			ReleaseScriptCaches (1ms)
			RebuildScriptCaches (45ms)
			SetupLoadedEditorAssemblies (560ms)
				LogAssemblyErrors (0ms)
				InitializePlatformSupportModulesInManaged (11ms)
				SetLoadedEditorAssemblies (7ms)
				RefreshPlugins (1ms)
				BeforeProcessingInitializeOnLoad (88ms)
				ProcessInitializeOnLoadAttributes (269ms)
				ProcessInitializeOnLoadMethodAttributes (178ms)
				AfterProcessingInitializeOnLoad (7ms)
				EditorAssembliesLoaded (0ms)
			ExecutionOrderSort2 (0ms)
			AwakeInstancesAfterBackupRestoration (12ms)
Platform modules already initialized, skipping
Shader 'MoreMountains/MMRipple': fallback shader 'Particle/AlphaBlended' not found
Refreshing native plugins compatible for Editor in 4.67 ms, found 2 plugins.
Preloading 0 native plugins for Editor in 0.00 ms.
Unloading 4863 Unused Serialized files (Serialized files now loaded: 0)
Unloading 52 unused Assets / (314.9 KB). Loaded Objects now: 5733.
Memory consumption went from 0.89 GB to 0.89 GB.
Total: 6.954100 ms (FindLiveObjects: 0.591800 ms CreateObjectMapping: 0.543200 ms MarkObjects: 5.714100 ms  DeleteObjects: 0.104000 ms)

AssetImportParameters requested are different than current active one (requested -> active):
  custom:video-decoder-ogg-theora: a1e56fd34408186e4bbccfd4996cb3dc -> 
  custom:container-muxer-webm: aa71ff27fc2769a1b78a27578f13a17b -> 
  custom:container-demuxer-webm: 4f35f7cbe854078d1ac9338744f61a02 -> 
  custom:video-encoder-webm-vp8: eb34c28f22e8b96e1ab97ce403110664 -> 
  custom:audio-encoder-webm-vorbis: bf7c407c2cedff20999df2af8eb42d56 -> 
  custom:framework-win-MediaFoundation: 216162199b28c13a410421893ffa2e32 -> 
  custom:container-demuxer-ogg: 62fdf1f143b41e24485cea50d1cbac27 -> 
  custom:video-decoder-webm-vp8: 9c59270c3fd7afecdb556c50c9e8de78 -> 
  custom:audio-decoder-ogg-vorbis: bf7c407c2cedff20999df2af8eb42d56 -> 
========================================================================
Received Prepare
Registering precompiled user dll's ...
Registered in 0.007422 seconds.
Begin MonoManager ReloadAssembly
Native extension for WindowsStandalone target not found
Refreshing native plugins compatible for Editor in 1.05 ms, found 2 plugins.
Preloading 0 native plugins for Editor in 0.00 ms.
[Package Manager] Server::EnsureServerProcessIsRunning -- launch failed, reason: Unity was launched with the -noUpm command-line argument
[Package Manager] UpmClient::Send -- Unable to send message (not connected to UPM process).
[Package Manager] Cannot connect to Unity Package Manager local server
Mono: successfully reloaded assembly
- Completed reload, in  1.190 seconds
Domain Reload Profiling:
	ReloadAssembly (1191ms)
		BeginReloadAssembly (126ms)
			ExecutionOrderSort (0ms)
			DisableScriptedObjects (7ms)
			BackupInstance (0ms)
			ReleaseScriptingObjects (0ms)
			CreateAndSetChildDomain (39ms)
		EndReloadAssembly (976ms)
			LoadAssemblies (82ms)
			RebuildTransferFunctionScriptingTraits (0ms)
			SetupTypeCache (223ms)
				TypeCache.Initialize (207ms)
					TypeCache.ScanAssembly (203ms)
				ResolveRequiredComponents (16ms)
			ReleaseScriptCaches (1ms)
			RebuildScriptCaches (44ms)
			SetupLoadedEditorAssemblies (552ms)
				LogAssemblyErrors (0ms)
				InitializePlatformSupportModulesInManaged (10ms)
				SetLoadedEditorAssemblies (7ms)
				RefreshPlugins (1ms)
				BeforeProcessingInitializeOnLoad (90ms)
				ProcessInitializeOnLoadAttributes (264ms)
				ProcessInitializeOnLoadMethodAttributes (173ms)
				AfterProcessingInitializeOnLoad (7ms)
				EditorAssembliesLoaded (0ms)
			ExecutionOrderSort2 (0ms)
			AwakeInstancesAfterBackupRestoration (11ms)
Platform modules already initialized, skipping
Shader 'MoreMountains/MMRipple': fallback shader 'Particle/AlphaBlended' not found
Refreshing native plugins compatible for Editor in 4.16 ms, found 2 plugins.
Preloading 0 native plugins for Editor in 0.00 ms.
Unloading 4863 Unused Serialized files (Serialized files now loaded: 0)
Unloading 52 unused Assets / (314.9 KB). Loaded Objects now: 5737.
Memory consumption went from 0.89 GB to 0.89 GB.
Total: 7.390000 ms (FindLiveObjects: 0.440700 ms CreateObjectMapping: 0.455400 ms MarkObjects: 6.405500 ms  DeleteObjects: 0.086800 ms)

AssetImportParameters requested are different than current active one (requested -> active):
  custom:video-decoder-ogg-theora: a1e56fd34408186e4bbccfd4996cb3dc -> 
  custom:container-muxer-webm: aa71ff27fc2769a1b78a27578f13a17b -> 
  custom:container-demuxer-webm: 4f35f7cbe854078d1ac9338744f61a02 -> 
  custom:video-encoder-webm-vp8: eb34c28f22e8b96e1ab97ce403110664 -> 
  custom:audio-encoder-webm-vorbis: bf7c407c2cedff20999df2af8eb42d56 -> 
  custom:framework-win-MediaFoundation: 216162199b28c13a410421893ffa2e32 -> 
  custom:container-demuxer-ogg: 62fdf1f143b41e24485cea50d1cbac27 -> 
  custom:video-decoder-webm-vp8: 9c59270c3fd7afecdb556c50c9e8de78 -> 
  custom:audio-decoder-ogg-vorbis: bf7c407c2cedff20999df2af8eb42d56 -> 
========================================================================
Received Import Request.
  Time since last request: 347.383446 seconds.
  path: Assets/CreatureCards/creature_bg/40.png
  artifactKey: Guid(5ce7856fd7547ee40b00f384de763d62) Importer(815301076,1909f56bfc062723c751e8b465ee728b)
Start importing Assets/CreatureCards/creature_bg/40.png using Guid(5ce7856fd7547ee40b00f384de763d62) Importer(815301076,1909f56bfc062723c751e8b465ee728b)  -> (artifact id: 'e7b83a17290ddd0b6e438184a7100485') in 0.317858 seconds 
========================================================================
Received Import Request.
  Time since last request: 0.000047 seconds.
  path: Assets/CreatureCards/creature_bg/41.png
  artifactKey: Guid(ea7231d7ffb8122449771700704f51c4) Importer(815301076,1909f56bfc062723c751e8b465ee728b)
Start importing Assets/CreatureCards/creature_bg/41.png using Guid(ea7231d7ffb8122449771700704f51c4) Importer(815301076,1909f56bfc062723c751e8b465ee728b)  -> (artifact id: '5736c96fd7941d8066fcb4a84522f868') in 0.250192 seconds 
Editor requested this worker to shutdown with reason: Scaling down because of idle timeout
AssetImportWorker is now disconnected from the server
Process exiting
Exiting without the bug reporter. Application will terminate with return code 0