Using pre-set license
Built from '2022.1/staging' branch; Version is '2022.1.7f1 (240f4c1f462c) revision 2363212'; Using compiler version '192829333'; Build Type 'Release'
OS: 'Windows 10  (10.0.19044) 64bit Core' Language: 'en' Physical Memory: 16322 MB
BatchMode: 1, IsHumanControllingUs: 0, StartBugReporterOnCrash: 0, Is64bit: 1, IsPro: 1

COMMAND LINE ARGUMENTS:
C:\Program Files\Unity\Hub\Editor\2022.1.7f1\Editor\Unity.exe
-adb2
-batchMode
-noUpm
-name
AssetImportWorker9
-projectPath
C:/Users/minig/Documents/Projects/Turquoise Flavour
-logFile
Logs/AssetImportWorker9.log
-srvPort
64963
Successfully changed project path to: C:/Users/minig/Documents/Projects/Turquoise Flavour
C:/Users/minig/Documents/Projects/Turquoise Flavour
[UnityMemory] Configuration Parameters - Can be set up in boot.config
    "memorysetup-bucket-allocator-granularity=16"
    "memorysetup-bucket-allocator-bucket-count=8"
    "memorysetup-bucket-allocator-block-size=33554432"
    "memorysetup-bucket-allocator-block-count=8"
    "memorysetup-main-allocator-block-size=16777216"
    "memorysetup-thread-allocator-block-size=16777216"
    "memorysetup-gfx-main-allocator-block-size=16777216"
    "memorysetup-gfx-thread-allocator-block-size=16777216"
    "memorysetup-cache-allocator-block-size=4194304"
    "memorysetup-typetree-allocator-block-size=2097152"
    "memorysetup-profiler-bucket-allocator-granularity=16"
    "memorysetup-profiler-bucket-allocator-bucket-count=8"
    "memorysetup-profiler-bucket-allocator-block-size=33554432"
    "memorysetup-profiler-bucket-allocator-block-count=8"
    "memorysetup-profiler-allocator-block-size=16777216"
    "memorysetup-profiler-editor-allocator-block-size=1048576"
    "memorysetup-temp-allocator-size-main=16777216"
    "memorysetup-job-temp-allocator-block-size=2097152"
    "memorysetup-job-temp-allocator-block-size-background=1048576"
    "memorysetup-job-temp-allocator-reduction-small-platforms=262144"
    "memorysetup-temp-allocator-size-background-worker=32768"
    "memorysetup-temp-allocator-size-job-worker=262144"
    "memorysetup-temp-allocator-size-preload-manager=33554432"
    "memorysetup-temp-allocator-size-nav-mesh-worker=65536"
    "memorysetup-temp-allocator-size-audio-worker=65536"
    "memorysetup-temp-allocator-size-cloud-worker=32768"
    "memorysetup-temp-allocator-size-gi-baking-worker=262144"
    "memorysetup-temp-allocator-size-gfx=262144"
Refreshing native plugins compatible for Editor in 83.93 ms, found 2 plugins.
Preloading 0 native plugins for Editor in 0.00 ms.
Initialize engine version: 2022.1.7f1 (240f4c1f462c)
[Subsystems] Discovering subsystems at path C:/Program Files/Unity/Hub/Editor/2022.1.7f1/Editor/Data/Resources/UnitySubsystems
[Subsystems] Discovering subsystems at path C:/Users/minig/Documents/Projects/Turquoise Flavour/Assets
GfxDevice: creating device client; threaded=0; jobified=0
Direct3D:
    Version:  Direct3D 11.0 [level 11.1]
    Renderer: NVIDIA GeForce RTX 2070 (ID=0x1f02)
    Vendor:   NVIDIA
    VRAM:     8031 MB
    Driver:   30.0.15.1215
Initialize mono
Mono path[0] = 'C:/Program Files/Unity/Hub/Editor/2022.1.7f1/Editor/Data/Managed'
Mono path[1] = 'C:/Program Files/Unity/Hub/Editor/2022.1.7f1/Editor/Data/MonoBleedingEdge/lib/mono/unityjit-win32'
Mono config path = 'C:/Program Files/Unity/Hub/Editor/2022.1.7f1/Editor/Data/MonoBleedingEdge/etc'
Using monoOptions --debugger-agent=transport=dt_socket,embedding=1,server=y,suspend=n,address=127.0.0.1:56128
Begin MonoManager ReloadAssembly
Registering precompiled unity dll's ...
Register platform support module: C:/Program Files/Unity/Hub/Editor/2022.1.7f1/Editor/Data/PlaybackEngines/WindowsStandaloneSupport/UnityEditor.WindowsStandalone.Extensions.dll
Registered in 0.007036 seconds.
Native extension for WindowsStandalone target not found
Refreshing native plugins compatible for Editor in 72.99 ms, found 2 plugins.
Preloading 0 native plugins for Editor in 0.00 ms.
Mono: successfully reloaded assembly
- Completed reload, in  0.685 seconds
Domain Reload Profiling:
	ReloadAssembly (686ms)
		BeginReloadAssembly (70ms)
			ExecutionOrderSort (0ms)
			DisableScriptedObjects (0ms)
			BackupInstance (0ms)
			ReleaseScriptingObjects (0ms)
			CreateAndSetChildDomain (1ms)
		EndReloadAssembly (498ms)
			LoadAssemblies (67ms)
			RebuildTransferFunctionScriptingTraits (0ms)
			SetupTypeCache (133ms)
				TypeCache.Initialize (133ms)
					TypeCache.ScanAssembly (131ms)
				ResolveRequiredComponents (0ms)
			ReleaseScriptCaches (0ms)
			RebuildScriptCaches (29ms)
			SetupLoadedEditorAssemblies (282ms)
				LogAssemblyErrors (0ms)
				InitializePlatformSupportModulesInManaged (8ms)
				SetLoadedEditorAssemblies (9ms)
				RefreshPlugins (73ms)
				BeforeProcessingInitializeOnLoad (2ms)
				ProcessInitializeOnLoadAttributes (134ms)
				ProcessInitializeOnLoadMethodAttributes (56ms)
				AfterProcessingInitializeOnLoad (0ms)
				EditorAssembliesLoaded (0ms)
			ExecutionOrderSort2 (0ms)
			AwakeInstancesAfterBackupRestoration (0ms)
Platform modules already initialized, skipping
Registering precompiled user dll's ...
Registered in 0.006596 seconds.
Begin MonoManager ReloadAssembly
Native extension for WindowsStandalone target not found
Refreshing native plugins compatible for Editor in 60.24 ms, found 2 plugins.
Preloading 0 native plugins for Editor in 0.00 ms.
Package Manager log level set to [2]
[Package Manager] Server::EnsureServerProcessIsRunning -- launch failed, reason: Unity was launched with the -noUpm command-line argument
[Package Manager] UpmClient::Send -- Unable to send message (not connected to UPM process).
[Package Manager] Cannot connect to Unity Package Manager local server
Mono: successfully reloaded assembly
- Completed reload, in  1.464 seconds
Domain Reload Profiling:
	ReloadAssembly (1465ms)
		BeginReloadAssembly (135ms)
			ExecutionOrderSort (0ms)
			DisableScriptedObjects (8ms)
			BackupInstance (0ms)
			ReleaseScriptingObjects (0ms)
			CreateAndSetChildDomain (29ms)
		EndReloadAssembly (1213ms)
			LoadAssemblies (92ms)
			RebuildTransferFunctionScriptingTraits (0ms)
			SetupTypeCache (258ms)
				TypeCache.Initialize (252ms)
					TypeCache.ScanAssembly (246ms)
				ResolveRequiredComponents (6ms)
			ReleaseScriptCaches (1ms)
			RebuildScriptCaches (78ms)
			SetupLoadedEditorAssemblies (728ms)
				LogAssemblyErrors (0ms)
				InitializePlatformSupportModulesInManaged (6ms)
				SetLoadedEditorAssemblies (10ms)
				RefreshPlugins (60ms)
				BeforeProcessingInitializeOnLoad (101ms)
				ProcessInitializeOnLoadAttributes (328ms)
				ProcessInitializeOnLoadMethodAttributes (213ms)
				AfterProcessingInitializeOnLoad (9ms)
				EditorAssembliesLoaded (0ms)
			ExecutionOrderSort2 (0ms)
			AwakeInstancesAfterBackupRestoration (7ms)
Platform modules already initialized, skipping
========================================================================
Worker process is ready to serve import requests
Launched and connected shader compiler UnityShaderCompiler.exe after 0.03 seconds
Refreshing native plugins compatible for Editor in 1.21 ms, found 2 plugins.
Preloading 0 native plugins for Editor in 0.00 ms.
Unloading 3432 Unused Serialized files (Serialized files now loaded: 0)
Unloading 58 unused Assets / (323.4 KB). Loaded Objects now: 3988.
Memory consumption went from 0.52 GB to 0.52 GB.
Total: 9.708000 ms (FindLiveObjects: 0.823800 ms CreateObjectMapping: 0.822100 ms MarkObjects: 7.918600 ms  DeleteObjects: 0.141000 ms)

AssetImportParameters requested are different than current active one (requested -> active):
  custom:video-decoder-ogg-theora: a1e56fd34408186e4bbccfd4996cb3dc -> 
  custom:container-muxer-webm: aa71ff27fc2769a1b78a27578f13a17b -> 
  custom:container-demuxer-webm: 4f35f7cbe854078d1ac9338744f61a02 -> 
  custom:video-encoder-webm-vp8: eb34c28f22e8b96e1ab97ce403110664 -> 
  custom:audio-encoder-webm-vorbis: bf7c407c2cedff20999df2af8eb42d56 -> 
  custom:framework-win-MediaFoundation: 216162199b28c13a410421893ffa2e32 -> 
  custom:container-demuxer-ogg: 62fdf1f143b41e24485cea50d1cbac27 -> 
  custom:video-decoder-webm-vp8: 9c59270c3fd7afecdb556c50c9e8de78 -> 
  custom:audio-decoder-ogg-vorbis: bf7c407c2cedff20999df2af8eb42d56 -> 
========================================================================
Received Import Request.
  Time since last request: 4717.397294 seconds.
  path: Assets/CreatureCards/creature_transparent/26.png
  artifactKey: Guid(2bf4d55c136687b42beadc51e2250d57) Importer(815301076,1909f56bfc062723c751e8b465ee728b)
Start importing Assets/CreatureCards/creature_transparent/26.png using Guid(2bf4d55c136687b42beadc51e2250d57) Importer(815301076,1909f56bfc062723c751e8b465ee728b)  -> (artifact id: 'd213b20b81eb795a3776efb1f462a653') in 0.314937 seconds 
========================================================================
Received Import Request.
  Time since last request: 0.000028 seconds.
  path: Assets/CreatureCards/creature_transparent/61.png
  artifactKey: Guid(a08b2945b3432b54697c402c74f4067c) Importer(815301076,1909f56bfc062723c751e8b465ee728b)
Start importing Assets/CreatureCards/creature_transparent/61.png using Guid(a08b2945b3432b54697c402c74f4067c) Importer(815301076,1909f56bfc062723c751e8b465ee728b)  -> (artifact id: '81f7783b13c13813f6a0a6cb9e6fcefa') in 0.198109 seconds 
========================================================================
Received Import Request.
  Time since last request: 0.000036 seconds.
  path: Assets/CreatureCards/creature_transparent/28.png
  artifactKey: Guid(2903a29b9224d5c49bf2f263a848662e) Importer(815301076,1909f56bfc062723c751e8b465ee728b)
Start importing Assets/CreatureCards/creature_transparent/28.png using Guid(2903a29b9224d5c49bf2f263a848662e) Importer(815301076,1909f56bfc062723c751e8b465ee728b)  -> (artifact id: 'b61d9ddf1f641ded8b01269609038659') in 0.177042 seconds 
========================================================================
Received Import Request.
  Time since last request: 0.000036 seconds.
  path: Assets/CreatureCards/creature_transparent/10.png
  artifactKey: Guid(68b70a1c7fc5ef6408e83a5936b0871f) Importer(815301076,1909f56bfc062723c751e8b465ee728b)
Start importing Assets/CreatureCards/creature_transparent/10.png using Guid(68b70a1c7fc5ef6408e83a5936b0871f) Importer(815301076,1909f56bfc062723c751e8b465ee728b)  -> (artifact id: 'de0683f5c33662c2bab2686191c9a476') in 0.227194 seconds 
========================================================================
Received Import Request.
  Time since last request: 4.420123 seconds.
  path: Assets/CreatureCards/creature_transparent/69.png
  artifactKey: Guid(39a72a9cd0c9c2e4a9de829bb74934fc) Importer(815301076,1909f56bfc062723c751e8b465ee728b)
Start importing Assets/CreatureCards/creature_transparent/69.png using Guid(39a72a9cd0c9c2e4a9de829bb74934fc) Importer(815301076,1909f56bfc062723c751e8b465ee728b)  -> (artifact id: '1a935137e2656c5b4369daeba4c8a72c') in 0.218534 seconds 
========================================================================
Received Import Request.
  Time since last request: 0.000132 seconds.
  path: Assets/CreatureCards/creature_transparent/82.png
  artifactKey: Guid(b56e9bfb74c76d44087a2cf73d1fcefb) Importer(815301076,1909f56bfc062723c751e8b465ee728b)
Start importing Assets/CreatureCards/creature_transparent/82.png using Guid(b56e9bfb74c76d44087a2cf73d1fcefb) Importer(815301076,1909f56bfc062723c751e8b465ee728b)  -> (artifact id: 'c0f459497aca1ba5b1f5b58fe790c4e2') in 0.195607 seconds 
========================================================================
Received Import Request.
  Time since last request: 0.000100 seconds.
  path: Assets/CreatureCards/creature_transparent/92.png
  artifactKey: Guid(6131262b31d44c54ea9b5889a816a5c9) Importer(815301076,1909f56bfc062723c751e8b465ee728b)
Start importing Assets/CreatureCards/creature_transparent/92.png using Guid(6131262b31d44c54ea9b5889a816a5c9) Importer(815301076,1909f56bfc062723c751e8b465ee728b)  -> (artifact id: '4c9f99a105d91eb36c69221bca15efd7') in 0.173214 seconds 
========================================================================
Received Import Request.
  Time since last request: 0.000021 seconds.
  path: Assets/CreatureCards/creature_transparent/93.png
  artifactKey: Guid(a8796dd7b0244844e8b4bd05d3a96a1c) Importer(815301076,1909f56bfc062723c751e8b465ee728b)
Start importing Assets/CreatureCards/creature_transparent/93.png using Guid(a8796dd7b0244844e8b4bd05d3a96a1c) Importer(815301076,1909f56bfc062723c751e8b465ee728b)  -> (artifact id: 'da1f00863d369df2400d09011a96c400') in 0.188010 seconds 
========================================================================
Received Import Request.
  Time since last request: 0.000049 seconds.
  path: Assets/CreatureCards/creature_transparent/83.png
  artifactKey: Guid(290c7ef2838058e4cb1bf0e1632593c8) Importer(815301076,1909f56bfc062723c751e8b465ee728b)
Start importing Assets/CreatureCards/creature_transparent/83.png using Guid(290c7ef2838058e4cb1bf0e1632593c8) Importer(815301076,1909f56bfc062723c751e8b465ee728b)  -> (artifact id: 'f34473ec4ec981c86fa7bb06d2e06d81') in 0.158576 seconds 
========================================================================
Received Import Request.
  Time since last request: 0.000058 seconds.
  path: Assets/CreatureCards/creature_transparent/94.png
  artifactKey: Guid(951c918361737974c8ac9748aeb547ee) Importer(815301076,1909f56bfc062723c751e8b465ee728b)
Start importing Assets/CreatureCards/creature_transparent/94.png using Guid(951c918361737974c8ac9748aeb547ee) Importer(815301076,1909f56bfc062723c751e8b465ee728b)  -> (artifact id: '8b542a05a2869da2533734f4864efcad') in 0.162206 seconds 
========================================================================
Received Import Request.
  Time since last request: 0.000026 seconds.
  path: Assets/CreatureCards/creature_transparent/98.png
  artifactKey: Guid(d57dbcb51da6cb0468f5e39d67623b31) Importer(815301076,1909f56bfc062723c751e8b465ee728b)
Start importing Assets/CreatureCards/creature_transparent/98.png using Guid(d57dbcb51da6cb0468f5e39d67623b31) Importer(815301076,1909f56bfc062723c751e8b465ee728b)  -> (artifact id: '3513ff68e0ba31a1b59f13864165fe05') in 0.168234 seconds 
========================================================================
Received Import Request.
  Time since last request: 0.000030 seconds.
  path: Assets/CreatureCards/creature_transparent/80.png
  artifactKey: Guid(72e6d159e1aaaea4ab1834bbff3910bc) Importer(815301076,1909f56bfc062723c751e8b465ee728b)
Start importing Assets/CreatureCards/creature_transparent/80.png using Guid(72e6d159e1aaaea4ab1834bbff3910bc) Importer(815301076,1909f56bfc062723c751e8b465ee728b)  -> (artifact id: 'a9b7b12abc5630315abc950e3a36c0ef') in 0.165162 seconds 
========================================================================
Received Import Request.
  Time since last request: 0.000024 seconds.
  path: Assets/CreatureCards/creature_transparent/74.png
  artifactKey: Guid(75333452f69a13d4bbfacee036396c60) Importer(815301076,1909f56bfc062723c751e8b465ee728b)
Start importing Assets/CreatureCards/creature_transparent/74.png using Guid(75333452f69a13d4bbfacee036396c60) Importer(815301076,1909f56bfc062723c751e8b465ee728b)  -> (artifact id: '6e1e342f489527cb1844f8f519027ad2') in 0.175027 seconds 
========================================================================
Received Import Request.
  Time since last request: 32.920191 seconds.
  path: Assets/CreatureCards/creature_transparent/04.png
  artifactKey: Guid(d39f07491575daa4995696063af61ce9) Importer(815301076,1909f56bfc062723c751e8b465ee728b)
Start importing Assets/CreatureCards/creature_transparent/04.png using Guid(d39f07491575daa4995696063af61ce9) Importer(815301076,1909f56bfc062723c751e8b465ee728b)  -> (artifact id: '286a6d4be2226198bbf10ef2531de8ab') in 0.186929 seconds 
========================================================================
Received Import Request.
  Time since last request: 0.000028 seconds.
  path: Assets/CreatureCards/creature_transparent/42.png
  artifactKey: Guid(8885a8a7086d87b409d8b3bbe9d41128) Importer(815301076,1909f56bfc062723c751e8b465ee728b)
Start importing Assets/CreatureCards/creature_transparent/42.png using Guid(8885a8a7086d87b409d8b3bbe9d41128) Importer(815301076,1909f56bfc062723c751e8b465ee728b)  -> (artifact id: '8c217b295f81011766be23e6aa8cecdc') in 0.179793 seconds 
========================================================================
Received Import Request.
  Time since last request: 0.000048 seconds.
  path: Assets/CreatureCards/creature_transparent/60.png
  artifactKey: Guid(db082bb097eec664c95036e1a5fbd2a4) Importer(815301076,1909f56bfc062723c751e8b465ee728b)
Start importing Assets/CreatureCards/creature_transparent/60.png using Guid(db082bb097eec664c95036e1a5fbd2a4) Importer(815301076,1909f56bfc062723c751e8b465ee728b)  -> (artifact id: '85388426fe3d15b28d01ccfa93860c3b') in 0.204162 seconds 
========================================================================
Received Import Request.
  Time since last request: 0.000028 seconds.
  path: Assets/CreatureCards/creature_transparent/49.png
  artifactKey: Guid(7e9400fbfa724434d80fb67bc6306f18) Importer(815301076,1909f56bfc062723c751e8b465ee728b)
Start importing Assets/CreatureCards/creature_transparent/49.png using Guid(7e9400fbfa724434d80fb67bc6306f18) Importer(815301076,1909f56bfc062723c751e8b465ee728b)  -> (artifact id: '9d930c2571c84133d52ad701f432ca87') in 0.155409 seconds 
========================================================================
Received Import Request.
  Time since last request: 0.000031 seconds.
  path: Assets/CreatureCards/creature_transparent/38.png
  artifactKey: Guid(c1bccf343507985488b6726f07d93099) Importer(815301076,1909f56bfc062723c751e8b465ee728b)
Start importing Assets/CreatureCards/creature_transparent/38.png using Guid(c1bccf343507985488b6726f07d93099) Importer(815301076,1909f56bfc062723c751e8b465ee728b)  -> (artifact id: 'efa3c3f62445254ceadcb30961356634') in 0.176848 seconds 
========================================================================
Received Import Request.
  Time since last request: 0.000027 seconds.
  path: Assets/CreatureCards/creature_transparent/47.png
  artifactKey: Guid(615f553c9d6716c479584fa41d4405ce) Importer(815301076,1909f56bfc062723c751e8b465ee728b)
Start importing Assets/CreatureCards/creature_transparent/47.png using Guid(615f553c9d6716c479584fa41d4405ce) Importer(815301076,1909f56bfc062723c751e8b465ee728b)  -> (artifact id: 'e5567e0b572f9002cd4c93444721e407') in 0.173637 seconds 
========================================================================
Received Import Request.
  Time since last request: 0.000049 seconds.
  path: Assets/CreatureCards/creature_transparent/24.png
  artifactKey: Guid(a725428b7592dca44ae74d2dedaec6b0) Importer(815301076,1909f56bfc062723c751e8b465ee728b)
Start importing Assets/CreatureCards/creature_transparent/24.png using Guid(a725428b7592dca44ae74d2dedaec6b0) Importer(815301076,1909f56bfc062723c751e8b465ee728b)  -> (artifact id: '077d749b64484f426db078f61a4fa3ff') in 0.193265 seconds 
========================================================================
Received Import Request.
  Time since last request: 0.000034 seconds.
  path: Assets/CreatureCards/creature_transparent/12.png
  artifactKey: Guid(915a095709939d245a2e486fd27d58dd) Importer(815301076,1909f56bfc062723c751e8b465ee728b)
Start importing Assets/CreatureCards/creature_transparent/12.png using Guid(915a095709939d245a2e486fd27d58dd) Importer(815301076,1909f56bfc062723c751e8b465ee728b)  -> (artifact id: 'a2939807447288c93ddb8bf1b5530126') in 0.161781 seconds 
========================================================================
Received Import Request.
  Time since last request: 0.000021 seconds.
  path: Assets/CreatureCards/creature_transparent/06.png
  artifactKey: Guid(881091f867bac294e91752f029930e52) Importer(815301076,1909f56bfc062723c751e8b465ee728b)
Start importing Assets/CreatureCards/creature_transparent/06.png using Guid(881091f867bac294e91752f029930e52) Importer(815301076,1909f56bfc062723c751e8b465ee728b)  -> (artifact id: 'b3f7271a8bb059181f57374742ea65d2') in 0.170876 seconds 
========================================================================
Received Import Request.
  Time since last request: 0.000023 seconds.
  path: Assets/CreatureCards/creature_transparent/43.png
  artifactKey: Guid(abba22174a678fa4c9fe333c719d1d11) Importer(815301076,1909f56bfc062723c751e8b465ee728b)
Start importing Assets/CreatureCards/creature_transparent/43.png using Guid(abba22174a678fa4c9fe333c719d1d11) Importer(815301076,1909f56bfc062723c751e8b465ee728b)  -> (artifact id: 'e2478faa453ce8afcf738589e5c26b92') in 0.166353 seconds 
========================================================================
Received Import Request.
  Time since last request: 0.000040 seconds.
  path: Assets/CreatureCards/creature_transparent/37.png
  artifactKey: Guid(0a617013620c5e440af8710a394f1c46) Importer(815301076,1909f56bfc062723c751e8b465ee728b)
Start importing Assets/CreatureCards/creature_transparent/37.png using Guid(0a617013620c5e440af8710a394f1c46) Importer(815301076,1909f56bfc062723c751e8b465ee728b)  -> (artifact id: 'fe12d8ca10037d4ceb950ad311cd1b06') in 0.152853 seconds 
========================================================================
Received Import Request.
  Time since last request: 0.000031 seconds.
  path: Assets/CreatureCards/creature_transparent/59.png
  artifactKey: Guid(7c7c1d59f3c3a2b43b997a1f0854aec8) Importer(815301076,1909f56bfc062723c751e8b465ee728b)
Start importing Assets/CreatureCards/creature_transparent/59.png using Guid(7c7c1d59f3c3a2b43b997a1f0854aec8) Importer(815301076,1909f56bfc062723c751e8b465ee728b)  -> (artifact id: '5a6781ddf571777eecdae82ef65236df') in 0.150565 seconds 
========================================================================
Received Import Request.
  Time since last request: 0.000024 seconds.
  path: Assets/CreatureCards/creature_transparent/19.png
  artifactKey: Guid(d78af0ad39820d64998edffca064e9f6) Importer(815301076,1909f56bfc062723c751e8b465ee728b)
Start importing Assets/CreatureCards/creature_transparent/19.png using Guid(d78af0ad39820d64998edffca064e9f6) Importer(815301076,1909f56bfc062723c751e8b465ee728b)  -> (artifact id: '172fb7fce96ee6c24ddf53a3c4e270d6') in 0.167970 seconds 
========================================================================
Received Import Request.
  Time since last request: 0.000029 seconds.
  path: Assets/CreatureCards/creature_transparent/61.png
  artifactKey: Guid(a08b2945b3432b54697c402c74f4067c) Importer(815301076,1909f56bfc062723c751e8b465ee728b)
Start importing Assets/CreatureCards/creature_transparent/61.png using Guid(a08b2945b3432b54697c402c74f4067c) Importer(815301076,1909f56bfc062723c751e8b465ee728b)  -> (artifact id: 'e2253e3e27a0fd3af1efb661cd821878') in 0.189115 seconds 
========================================================================
Received Import Request.
  Time since last request: 0.000023 seconds.
  path: Assets/CreatureCards/creature_transparent/28.png
  artifactKey: Guid(2903a29b9224d5c49bf2f263a848662e) Importer(815301076,1909f56bfc062723c751e8b465ee728b)
Start importing Assets/CreatureCards/creature_transparent/28.png using Guid(2903a29b9224d5c49bf2f263a848662e) Importer(815301076,1909f56bfc062723c751e8b465ee728b)  -> (artifact id: 'b86e6ef93f80b62fcd25166b0d87b383') in 0.172851 seconds 
========================================================================
Received Import Request.
  Time since last request: 0.000027 seconds.
  path: Assets/CreatureCards/creature_transparent/10.png
  artifactKey: Guid(68b70a1c7fc5ef6408e83a5936b0871f) Importer(815301076,1909f56bfc062723c751e8b465ee728b)
Start importing Assets/CreatureCards/creature_transparent/10.png using Guid(68b70a1c7fc5ef6408e83a5936b0871f) Importer(815301076,1909f56bfc062723c751e8b465ee728b)  -> (artifact id: '09ddf90c795e047d9d16d4fc56fac583') in 0.188984 seconds 
========================================================================
Received Import Request.
  Time since last request: 1.070483 seconds.
  path: Assets/CreatureCards/creature_transparent/69.png
  artifactKey: Guid(39a72a9cd0c9c2e4a9de829bb74934fc) Importer(815301076,1909f56bfc062723c751e8b465ee728b)
Start importing Assets/CreatureCards/creature_transparent/69.png using Guid(39a72a9cd0c9c2e4a9de829bb74934fc) Importer(815301076,1909f56bfc062723c751e8b465ee728b)  -> (artifact id: '7ef8f7eb916e36a4fa088170edf05c7c') in 0.222839 seconds 
========================================================================
Received Import Request.
  Time since last request: 0.000063 seconds.
  path: Assets/CreatureCards/creature_transparent/82.png
  artifactKey: Guid(b56e9bfb74c76d44087a2cf73d1fcefb) Importer(815301076,1909f56bfc062723c751e8b465ee728b)
Start importing Assets/CreatureCards/creature_transparent/82.png using Guid(b56e9bfb74c76d44087a2cf73d1fcefb) Importer(815301076,1909f56bfc062723c751e8b465ee728b)  -> (artifact id: '0ffa03a2d585835dc48470c4c435528a') in 0.167362 seconds 
========================================================================
Received Import Request.
  Time since last request: 0.000065 seconds.
  path: Assets/CreatureCards/creature_transparent/91.png
  artifactKey: Guid(ec53d4db97ae7544ca25a58eae6df428) Importer(815301076,1909f56bfc062723c751e8b465ee728b)
Start importing Assets/CreatureCards/creature_transparent/91.png using Guid(ec53d4db97ae7544ca25a58eae6df428) Importer(815301076,1909f56bfc062723c751e8b465ee728b)  -> (artifact id: '56bb998ab364574be9ecd11c4dffe77d') in 0.231840 seconds 
========================================================================
Received Import Request.
  Time since last request: 0.000044 seconds.
  path: Assets/CreatureCards/creature_transparent/97.png
  artifactKey: Guid(dc88ad4f247b1ed4ba60a81076cb6d54) Importer(815301076,1909f56bfc062723c751e8b465ee728b)
Start importing Assets/CreatureCards/creature_transparent/97.png using Guid(dc88ad4f247b1ed4ba60a81076cb6d54) Importer(815301076,1909f56bfc062723c751e8b465ee728b)  -> (artifact id: 'ed7a3c3c5f6c4a5e09ee77084e864516') in 0.180966 seconds 
========================================================================
Received Import Request.
  Time since last request: 0.000040 seconds.
  path: Assets/CreatureCards/creature_transparent/71.png
  artifactKey: Guid(e5a03f3551b93ba4fab494ecf076c40a) Importer(815301076,1909f56bfc062723c751e8b465ee728b)
Start importing Assets/CreatureCards/creature_transparent/71.png using Guid(e5a03f3551b93ba4fab494ecf076c40a) Importer(815301076,1909f56bfc062723c751e8b465ee728b)  -> (artifact id: '46af085d3b9bc90e0e90169f02514150') in 0.180745 seconds 
========================================================================
Received Import Request.
  Time since last request: 0.000048 seconds.
  path: Assets/CreatureCards/creature_transparent/85.png
  artifactKey: Guid(cf200fb6265512048871680cefba2aac) Importer(815301076,1909f56bfc062723c751e8b465ee728b)
Start importing Assets/CreatureCards/creature_transparent/85.png using Guid(cf200fb6265512048871680cefba2aac) Importer(815301076,1909f56bfc062723c751e8b465ee728b)  -> (artifact id: '1c90989966502dde1962f15ebe24dee3') in 0.199310 seconds 
========================================================================
Received Import Request.
  Time since last request: 0.000030 seconds.
  path: Assets/CreatureCards/creature_transparent/89.png
  artifactKey: Guid(3241162db51dfb74ba2876dc83210da6) Importer(815301076,1909f56bfc062723c751e8b465ee728b)
Start importing Assets/CreatureCards/creature_transparent/89.png using Guid(3241162db51dfb74ba2876dc83210da6) Importer(815301076,1909f56bfc062723c751e8b465ee728b)  -> (artifact id: '0f4f3d285a9f31d31d85a3cf4479a812') in 0.211115 seconds 
========================================================================
Received Import Request.
  Time since last request: 0.000038 seconds.
  path: Assets/CreatureCards/creature_transparent/87.png
  artifactKey: Guid(9c0f71772ee28cc488691b8e052132ce) Importer(815301076,1909f56bfc062723c751e8b465ee728b)
Start importing Assets/CreatureCards/creature_transparent/87.png using Guid(9c0f71772ee28cc488691b8e052132ce) Importer(815301076,1909f56bfc062723c751e8b465ee728b)  -> (artifact id: 'ad055759752c29d774117a17a8f9e5af') in 0.168755 seconds 
========================================================================
Received Import Request.
  Time since last request: 29.634384 seconds.
  path: Assets/CreatureCards/creature_transparent/68.png
  artifactKey: Guid(f2f258ae315098d4083001cc843a8d09) Importer(815301076,1909f56bfc062723c751e8b465ee728b)
Start importing Assets/CreatureCards/creature_transparent/68.png using Guid(f2f258ae315098d4083001cc843a8d09) Importer(815301076,1909f56bfc062723c751e8b465ee728b)  -> (artifact id: '72231b92625e6a347b07df1461a64adc') in 5.545048 seconds 
========================================================================
Received Import Request.
  Time since last request: 0.000038 seconds.
  path: Assets/CreatureCards/creature_transparent/100.png
  artifactKey: Guid(faebcb8fc7aecdb42809b8dbec5b4692) Importer(815301076,1909f56bfc062723c751e8b465ee728b)
Start importing Assets/CreatureCards/creature_transparent/100.png using Guid(faebcb8fc7aecdb42809b8dbec5b4692) Importer(815301076,1909f56bfc062723c751e8b465ee728b)  -> (artifact id: '50d9efac82d78663dd6495ec93f6628c') in 0.173549 seconds 
========================================================================
Received Import Request.
  Time since last request: 0.000037 seconds.
  path: Assets/CreatureCards/creature_transparent/72.png
  artifactKey: Guid(ae6b58d0ae520104a871532aea53e600) Importer(815301076,1909f56bfc062723c751e8b465ee728b)
Start importing Assets/CreatureCards/creature_transparent/72.png using Guid(ae6b58d0ae520104a871532aea53e600) Importer(815301076,1909f56bfc062723c751e8b465ee728b)  -> (artifact id: 'a2bdf03cfc786dccb38a1690ba026439') in 0.190024 seconds 
========================================================================
Received Import Request.
  Time since last request: 0.000066 seconds.
  path: Assets/CreatureCards/creature_transparent/99.png
  artifactKey: Guid(7db28e6f6aa771b4e951d9748adde45d) Importer(815301076,1909f56bfc062723c751e8b465ee728b)
Start importing Assets/CreatureCards/creature_transparent/99.png using Guid(7db28e6f6aa771b4e951d9748adde45d) Importer(815301076,1909f56bfc062723c751e8b465ee728b)  -> (artifact id: '44d5123574b97cbc925542082fd0a1e4') in 0.147473 seconds 
========================================================================
Received Import Request.
  Time since last request: 0.000028 seconds.
  path: Assets/CreatureCards/creature_transparent/95.png
  artifactKey: Guid(0523c699572d0df4c9d296fc2a8e2b3b) Importer(815301076,1909f56bfc062723c751e8b465ee728b)
Start importing Assets/CreatureCards/creature_transparent/95.png using Guid(0523c699572d0df4c9d296fc2a8e2b3b) Importer(815301076,1909f56bfc062723c751e8b465ee728b)  -> (artifact id: '3991996037d870f4a6f2eb8c1181127f') in 0.149591 seconds 
========================================================================
Received Import Request.
  Time since last request: 0.000042 seconds.
  path: Assets/CreatureCards/creature_transparent/26.png
  artifactKey: Guid(2bf4d55c136687b42beadc51e2250d57) Importer(815301076,1909f56bfc062723c751e8b465ee728b)
Start importing Assets/CreatureCards/creature_transparent/26.png using Guid(2bf4d55c136687b42beadc51e2250d57) Importer(815301076,1909f56bfc062723c751e8b465ee728b)  -> (artifact id: 'cfed985e2409152794edfce9df9738e1') in 0.463462 seconds 
========================================================================
Received Import Request.
  Time since last request: 0.000025 seconds.
  path: Assets/CreatureCards/creature_transparent/94.png
  artifactKey: Guid(951c918361737974c8ac9748aeb547ee) Importer(815301076,1909f56bfc062723c751e8b465ee728b)
Start importing Assets/CreatureCards/creature_transparent/94.png using Guid(951c918361737974c8ac9748aeb547ee) Importer(815301076,1909f56bfc062723c751e8b465ee728b)  -> (artifact id: 'c27bacea1e14405c9379a3e683276166') in 0.184201 seconds 
========================================================================
Received Import Request.
  Time since last request: 0.000029 seconds.
  path: Assets/CreatureCards/creature_transparent/81.png
  artifactKey: Guid(e709ffbb005129843a73b132d1525171) Importer(815301076,1909f56bfc062723c751e8b465ee728b)
Start importing Assets/CreatureCards/creature_transparent/81.png using Guid(e709ffbb005129843a73b132d1525171) Importer(815301076,1909f56bfc062723c751e8b465ee728b)  -> (artifact id: 'e4684ac2915d3bc9b3237f9331c1a5a3') in 0.201034 seconds 
========================================================================
Received Import Request.
  Time since last request: 0.000069 seconds.
  path: Assets/CreatureCards/creature_transparent/87.png
  artifactKey: Guid(9c0f71772ee28cc488691b8e052132ce) Importer(815301076,1909f56bfc062723c751e8b465ee728b)
Start importing Assets/CreatureCards/creature_transparent/87.png using Guid(9c0f71772ee28cc488691b8e052132ce) Importer(815301076,1909f56bfc062723c751e8b465ee728b)  -> (artifact id: '0777931b4904fd263a18d58360f729c8') in 0.664529 seconds 
========================================================================
Received Import Request.
  Time since last request: 0.932790 seconds.
  path: Assets/CreatureCards/creature_transparent/52.png
  artifactKey: Guid(726b89563fccb9f4ca2fb28841d3127f) Importer(815301076,1909f56bfc062723c751e8b465ee728b)
Start importing Assets/CreatureCards/creature_transparent/52.png using Guid(726b89563fccb9f4ca2fb28841d3127f) Importer(815301076,1909f56bfc062723c751e8b465ee728b)  -> (artifact id: '0f4b61e24a83a3a6896746eb0fceb557') in 0.179859 seconds 
========================================================================
Received Import Request.
  Time since last request: 0.000043 seconds.
  path: Assets/CreatureCards/creature_transparent/55.png
  artifactKey: Guid(5289cc3aa2576a845842b54fc7db31f1) Importer(815301076,1909f56bfc062723c751e8b465ee728b)
Start importing Assets/CreatureCards/creature_transparent/55.png using Guid(5289cc3aa2576a845842b54fc7db31f1) Importer(815301076,1909f56bfc062723c751e8b465ee728b)  -> (artifact id: '7d2acbad4dcedda96e983a1bcaf32069') in 0.205950 seconds 
========================================================================
Received Import Request.
  Time since last request: 0.000029 seconds.
  path: Assets/CreatureCards/creature_transparent/39.png
  artifactKey: Guid(3931b2d761524aa4eb47eb650420a345) Importer(815301076,1909f56bfc062723c751e8b465ee728b)
Start importing Assets/CreatureCards/creature_transparent/39.png using Guid(3931b2d761524aa4eb47eb650420a345) Importer(815301076,1909f56bfc062723c751e8b465ee728b)  -> (artifact id: 'e438775cd81c63ca35e892a1a7fad7a7') in 0.141364 seconds 
========================================================================
Received Import Request.
  Time since last request: 0.000024 seconds.
  path: Assets/CreatureCards/creature_transparent/42.png
  artifactKey: Guid(8885a8a7086d87b409d8b3bbe9d41128) Importer(815301076,1909f56bfc062723c751e8b465ee728b)
Start importing Assets/CreatureCards/creature_transparent/42.png using Guid(8885a8a7086d87b409d8b3bbe9d41128) Importer(815301076,1909f56bfc062723c751e8b465ee728b)  -> (artifact id: '0dccaaecb1742727799723241d09f1dc') in 0.171561 seconds 
========================================================================
Received Import Request.
  Time since last request: 0.000038 seconds.
  path: Assets/CreatureCards/creature_transparent/38.png
  artifactKey: Guid(c1bccf343507985488b6726f07d93099) Importer(815301076,1909f56bfc062723c751e8b465ee728b)
Start importing Assets/CreatureCards/creature_transparent/38.png using Guid(c1bccf343507985488b6726f07d93099) Importer(815301076,1909f56bfc062723c751e8b465ee728b)  -> (artifact id: '9824b0ffda79f2b44e81ea4bd6c3355a') in 0.181196 seconds 
========================================================================
Received Import Request.
  Time since last request: 0.000036 seconds.
  path: Assets/CreatureCards/creature_transparent/01.png
  artifactKey: Guid(bd09284133d49c74aaedd572b3015b09) Importer(815301076,1909f56bfc062723c751e8b465ee728b)
Start importing Assets/CreatureCards/creature_transparent/01.png using Guid(bd09284133d49c74aaedd572b3015b09) Importer(815301076,1909f56bfc062723c751e8b465ee728b)  -> (artifact id: '71b5bb7e8a5a00e1fccb21a435e56bbe') in 0.175187 seconds 
========================================================================
Received Import Request.
  Time since last request: 0.000024 seconds.
  path: Assets/CreatureCards/creature_transparent/05.png
  artifactKey: Guid(059248a5b407143409ecf5e869af8247) Importer(815301076,1909f56bfc062723c751e8b465ee728b)
Start importing Assets/CreatureCards/creature_transparent/05.png using Guid(059248a5b407143409ecf5e869af8247) Importer(815301076,1909f56bfc062723c751e8b465ee728b)  -> (artifact id: '06af5208880ae064cf72f8ff7bdb9a7b') in 0.179198 seconds 
========================================================================
Received Import Request.
  Time since last request: 0.000051 seconds.
  path: Assets/CreatureCards/creature_transparent/35.png
  artifactKey: Guid(09cbe11a8eaf69a459c251beb4bf8b0d) Importer(815301076,1909f56bfc062723c751e8b465ee728b)
Start importing Assets/CreatureCards/creature_transparent/35.png using Guid(09cbe11a8eaf69a459c251beb4bf8b0d) Importer(815301076,1909f56bfc062723c751e8b465ee728b)  -> (artifact id: 'dd158fc8c6f746cba46ec06375b34582') in 0.189561 seconds 
========================================================================
Received Import Request.
  Time since last request: 0.000038 seconds.
  path: Assets/CreatureCards/creature_transparent/14.png
  artifactKey: Guid(30d4d889d73890c4baad88f797d0d562) Importer(815301076,1909f56bfc062723c751e8b465ee728b)
Start importing Assets/CreatureCards/creature_transparent/14.png using Guid(30d4d889d73890c4baad88f797d0d562) Importer(815301076,1909f56bfc062723c751e8b465ee728b)  -> (artifact id: '76da49d8f2affcbc4b38a55bb1c2fe36') in 0.155794 seconds 
========================================================================
Received Import Request.
  Time since last request: 0.000028 seconds.
  path: Assets/CreatureCards/creature_transparent/06.png
  artifactKey: Guid(881091f867bac294e91752f029930e52) Importer(815301076,1909f56bfc062723c751e8b465ee728b)
Start importing Assets/CreatureCards/creature_transparent/06.png using Guid(881091f867bac294e91752f029930e52) Importer(815301076,1909f56bfc062723c751e8b465ee728b)  -> (artifact id: 'c4617405d6ddb6e0e0a77876e0e7d426') in 0.138570 seconds 
========================================================================
Received Import Request.
  Time since last request: 0.000045 seconds.
  path: Assets/CreatureCards/creature_transparent/33.png
  artifactKey: Guid(a3539a6665eb06b478140c8d572dad4a) Importer(815301076,1909f56bfc062723c751e8b465ee728b)
Start importing Assets/CreatureCards/creature_transparent/33.png using Guid(a3539a6665eb06b478140c8d572dad4a) Importer(815301076,1909f56bfc062723c751e8b465ee728b)  -> (artifact id: 'c1857a8346f56755a053e9c85ef2882d') in 0.562544 seconds 
========================================================================
Received Import Request.
  Time since last request: 0.000039 seconds.
  path: Assets/CreatureCards/creature_transparent/59.png
  artifactKey: Guid(7c7c1d59f3c3a2b43b997a1f0854aec8) Importer(815301076,1909f56bfc062723c751e8b465ee728b)
Start importing Assets/CreatureCards/creature_transparent/59.png using Guid(7c7c1d59f3c3a2b43b997a1f0854aec8) Importer(815301076,1909f56bfc062723c751e8b465ee728b)  -> (artifact id: '33639710e681fea8bdf959b3a26c0006') in 0.170840 seconds 
========================================================================
Received Import Request.
  Time since last request: 0.000030 seconds.
  path: Assets/CreatureCards/creature_transparent/45.png
  artifactKey: Guid(03de9d8155abf9445a9231353a5242b2) Importer(815301076,1909f56bfc062723c751e8b465ee728b)
Start importing Assets/CreatureCards/creature_transparent/45.png using Guid(03de9d8155abf9445a9231353a5242b2) Importer(815301076,1909f56bfc062723c751e8b465ee728b)  -> (artifact id: '8456b50b8ec0b5562a3458248989636f') in 0.200333 seconds 
========================================================================
Received Import Request.
  Time since last request: 0.000082 seconds.
  path: Assets/CreatureCards/creature_transparent/31.png
  artifactKey: Guid(c1d13c6776cad844cbacf8570c0fa376) Importer(815301076,1909f56bfc062723c751e8b465ee728b)
Start importing Assets/CreatureCards/creature_transparent/31.png using Guid(c1d13c6776cad844cbacf8570c0fa376) Importer(815301076,1909f56bfc062723c751e8b465ee728b)  -> (artifact id: 'c742e78f1da695bf344a943c9a8b0359') in 0.184209 seconds 
========================================================================
Received Import Request.
  Time since last request: 0.000035 seconds.
  path: Assets/CreatureCards/creature_transparent/28.png
  artifactKey: Guid(2903a29b9224d5c49bf2f263a848662e) Importer(815301076,1909f56bfc062723c751e8b465ee728b)
Start importing Assets/CreatureCards/creature_transparent/28.png using Guid(2903a29b9224d5c49bf2f263a848662e) Importer(815301076,1909f56bfc062723c751e8b465ee728b)  -> (artifact id: '2900432430e78bf7c8568cc95e781f90') in 0.161695 seconds 
========================================================================
Received Import Request.
  Time since last request: 0.000048 seconds.
  path: Assets/CreatureCards/creature_transparent/48.png
  artifactKey: Guid(4fa7b8d6acd304e429a2b348ca47541e) Importer(815301076,1909f56bfc062723c751e8b465ee728b)
Start importing Assets/CreatureCards/creature_transparent/48.png using Guid(4fa7b8d6acd304e429a2b348ca47541e) Importer(815301076,1909f56bfc062723c751e8b465ee728b)  -> (artifact id: 'fae252106a2d85674067be368b946dea') in 0.209654 seconds 
========================================================================
Received Import Request.
  Time since last request: 0.000032 seconds.
  path: Assets/CreatureCards/creature_transparent/09.png
  artifactKey: Guid(b580f400b4fc2434aa95f1c93f72e127) Importer(815301076,1909f56bfc062723c751e8b465ee728b)
Start importing Assets/CreatureCards/creature_transparent/09.png using Guid(b580f400b4fc2434aa95f1c93f72e127) Importer(815301076,1909f56bfc062723c751e8b465ee728b)  -> (artifact id: '56c981794ff31be4f8719028566d455c') in 0.161662 seconds 
========================================================================
Received Import Request.
  Time since last request: 3.800493 seconds.
  path: Assets/Images/Health_Icon.png
  artifactKey: Guid(ba5c8a2ff88769c4ebd23f425cd4badf) Importer(815301076,1909f56bfc062723c751e8b465ee728b)
Start importing Assets/Images/Health_Icon.png using Guid(ba5c8a2ff88769c4ebd23f425cd4badf) Importer(815301076,1909f56bfc062723c751e8b465ee728b)  -> (artifact id: '8946cffce72daefd89c8e7522c6d96a3') in 0.042802 seconds 
========================================================================
Received Import Request.
  Time since last request: 0.000020 seconds.
  path: Assets/Images/Watercolor_test4.jpg
  artifactKey: Guid(14d9bdb4b895ccc4f9f024f15f535ce7) Importer(815301076,1909f56bfc062723c751e8b465ee728b)
Start importing Assets/Images/Watercolor_test4.jpg using Guid(14d9bdb4b895ccc4f9f024f15f535ce7) Importer(815301076,1909f56bfc062723c751e8b465ee728b)  -> (artifact id: '88a01a2e48c7d02548b953e8e6f38e57') in 0.256022 seconds 
========================================================================
Received Import Request.
  Time since last request: 14.693960 seconds.
  path: Assets/Sprites/Actives/fast-arrow (1).png
  artifactKey: Guid(41a185b6e2a953c488c9e94b5f225e4a) Importer(815301076,1909f56bfc062723c751e8b465ee728b)
Start importing Assets/Sprites/Actives/fast-arrow (1).png using Guid(41a185b6e2a953c488c9e94b5f225e4a) Importer(815301076,1909f56bfc062723c751e8b465ee728b)  -> (artifact id: '01af7119054cd7e3e749d4c8477bd2c8') in 0.038054 seconds 
========================================================================
Received Import Request.
  Time since last request: 5.173842 seconds.
  path: Assets/CreatureCards/creature_bg/04.png
  artifactKey: Guid(092e263f90ec552409873ee049db3904) Importer(815301076,1909f56bfc062723c751e8b465ee728b)
Start importing Assets/CreatureCards/creature_bg/04.png using Guid(092e263f90ec552409873ee049db3904) Importer(815301076,1909f56bfc062723c751e8b465ee728b)  -> (artifact id: '12441827bfb0dc6a38b32c7f6d80d625') in 0.384470 seconds 
========================================================================
Received Import Request.
  Time since last request: 0.000034 seconds.
  path: Assets/CreatureCards/creature_bg/10.png
  artifactKey: Guid(9b455ba95578375468f279bad14bb0d8) Importer(815301076,1909f56bfc062723c751e8b465ee728b)
Start importing Assets/CreatureCards/creature_bg/10.png using Guid(9b455ba95578375468f279bad14bb0d8) Importer(815301076,1909f56bfc062723c751e8b465ee728b)  -> (artifact id: '7c2b0fd49c9f8379d9957c06fb780b18') in 0.230551 seconds 
========================================================================
Received Import Request.
  Time since last request: 0.000044 seconds.
  path: Assets/CreatureCards/creature_bg/07.png
  artifactKey: Guid(3f069648171ec8c489bdb4236e68f83b) Importer(815301076,1909f56bfc062723c751e8b465ee728b)
Start importing Assets/CreatureCards/creature_bg/07.png using Guid(3f069648171ec8c489bdb4236e68f83b) Importer(815301076,1909f56bfc062723c751e8b465ee728b)  -> (artifact id: 'bc4811393fbc1abaf3a77f896592fd27') in 0.258636 seconds 
========================================================================
Received Import Request.
  Time since last request: 0.000020 seconds.
  path: Assets/CreatureCards/creature_bg/15.png
  artifactKey: Guid(2d7d9295f9607694d8d580a78737937f) Importer(815301076,1909f56bfc062723c751e8b465ee728b)
Start importing Assets/CreatureCards/creature_bg/15.png using Guid(2d7d9295f9607694d8d580a78737937f) Importer(815301076,1909f56bfc062723c751e8b465ee728b)  -> (artifact id: 'd8b1a0a8c565b40234e0c2534d83e147') in 0.240755 seconds 
========================================================================
Received Import Request.
  Time since last request: 0.000036 seconds.
  path: Assets/CreatureCards/creature_bg/06.png
  artifactKey: Guid(cbde9f9484452b946a02352320889951) Importer(815301076,1909f56bfc062723c751e8b465ee728b)
Start importing Assets/CreatureCards/creature_bg/06.png using Guid(cbde9f9484452b946a02352320889951) Importer(815301076,1909f56bfc062723c751e8b465ee728b)  -> (artifact id: '0d84193b94dbf9caae9c3c1d530e5b9a') in 0.335183 seconds 
========================================================================
Received Import Request.
  Time since last request: 0.000047 seconds.
  path: Assets/CreatureCards/creature_bg/22.png
  artifactKey: Guid(6bc156ed55606104d9fe783ef81b09db) Importer(815301076,1909f56bfc062723c751e8b465ee728b)
Start importing Assets/CreatureCards/creature_bg/22.png using Guid(6bc156ed55606104d9fe783ef81b09db) Importer(815301076,1909f56bfc062723c751e8b465ee728b)  -> (artifact id: '1c6f72b75592879847e317ca7aed9dfc') in 0.253458 seconds 
========================================================================
Received Import Request.
  Time since last request: 0.000051 seconds.
  path: Assets/CreatureCards/creature_bg/18.png
  artifactKey: Guid(00905fb470dae78488fbd51cc7b089a4) Importer(815301076,1909f56bfc062723c751e8b465ee728b)
Start importing Assets/CreatureCards/creature_bg/18.png using Guid(00905fb470dae78488fbd51cc7b089a4) Importer(815301076,1909f56bfc062723c751e8b465ee728b)  -> (artifact id: '7bbba8457fcb45e97524446a332c0d39') in 0.268404 seconds 
========================================================================
Received Import Request.
  Time since last request: 19.019088 seconds.
  path: Assets/CardGameUIEffects/Assets/Textures/Cards/HeadButtCard.png
  artifactKey: Guid(b3f338481e71b244fa2c3686195c2eb2) Importer(815301076,1909f56bfc062723c751e8b465ee728b)
Start importing Assets/CardGameUIEffects/Assets/Textures/Cards/HeadButtCard.png using Guid(b3f338481e71b244fa2c3686195c2eb2) Importer(815301076,1909f56bfc062723c751e8b465ee728b)  -> (artifact id: '00621b1a348dfb608bb0b88a764f21f6') in 0.037538 seconds 
========================================================================
Received Import Request.
  Time since last request: 0.000032 seconds.
  path: Assets/Images/Nodes/nodes_event-completed.png
  artifactKey: Guid(6d676d3f2543ea44bb068b092e1e97e8) Importer(815301076,1909f56bfc062723c751e8b465ee728b)
Start importing Assets/Images/Nodes/nodes_event-completed.png using Guid(6d676d3f2543ea44bb068b092e1e97e8) Importer(815301076,1909f56bfc062723c751e8b465ee728b)  -> (artifact id: 'ada7f964e6cbca407af2565d0b17334c') in 0.033190 seconds 
========================================================================
Received Import Request.
  Time since last request: 0.000044 seconds.
  path: Assets/Images/Nodes/nodes_boss-completed.png
  artifactKey: Guid(03f9f120b0cf48b44909c98bcace0243) Importer(815301076,1909f56bfc062723c751e8b465ee728b)
Start importing Assets/Images/Nodes/nodes_boss-completed.png using Guid(03f9f120b0cf48b44909c98bcace0243) Importer(815301076,1909f56bfc062723c751e8b465ee728b)  -> (artifact id: 'd15650fa5f431dde26dd61c1619a8316') in 0.034801 seconds 
========================================================================
Received Import Request.
  Time since last request: 0.000133 seconds.
  path: Assets/Images/Nodes/nodes_shop-completed.png
  artifactKey: Guid(17ce96431ce462f4f95a5bbd3934266e) Importer(815301076,1909f56bfc062723c751e8b465ee728b)
Start importing Assets/Images/Nodes/nodes_shop-completed.png using Guid(17ce96431ce462f4f95a5bbd3934266e) Importer(815301076,1909f56bfc062723c751e8b465ee728b)  -> (artifact id: '297280f2fdd34bf0a4eb26dd9aa332f0') in 0.039207 seconds 
========================================================================
Received Import Request.
  Time since last request: 0.000042 seconds.
  path: Assets/Sprites/UI/Move_surprise_icon.png
  artifactKey: Guid(d54c0490292c3214c9907c364e50176e) Importer(815301076,1909f56bfc062723c751e8b465ee728b)
Start importing Assets/Sprites/UI/Move_surprise_icon.png using Guid(d54c0490292c3214c9907c364e50176e) Importer(815301076,1909f56bfc062723c751e8b465ee728b)  -> (artifact id: '0e7fbe677f773a0e6191aca2dbfeafc9') in 0.019242 seconds 
========================================================================
Received Import Request.
  Time since last request: 0.000047 seconds.
  path: Assets/Sprites/Cards/Slash_card.png
  artifactKey: Guid(2ee220643eb8741488c2b10bc46f037d) Importer(815301076,1909f56bfc062723c751e8b465ee728b)
Start importing Assets/Sprites/Cards/Slash_card.png using Guid(2ee220643eb8741488c2b10bc46f037d) Importer(815301076,1909f56bfc062723c751e8b465ee728b)  -> (artifact id: '0582c0ed0a572b09a64c5cb44e9b1a8f') in 0.027551 seconds 
========================================================================
Received Import Request.
  Time since last request: 0.000026 seconds.
  path: Assets/Images/Nodes/nodes_beast-eye-completed.png
  artifactKey: Guid(90b8c314068ae3f4187ea19db24e35f4) Importer(815301076,1909f56bfc062723c751e8b465ee728b)
Start importing Assets/Images/Nodes/nodes_beast-eye-completed.png using Guid(90b8c314068ae3f4187ea19db24e35f4) Importer(815301076,1909f56bfc062723c751e8b465ee728b)  -> (artifact id: 'd59eae552db0e0a19f197e84e93c7bc2') in 0.030597 seconds 
========================================================================
Received Import Request.
  Time since last request: 0.000076 seconds.
  path: Assets/Images/Nodes/nodes_camping-tent.png
  artifactKey: Guid(424e62e5a6ab09f45b5d056bb5a467c6) Importer(815301076,1909f56bfc062723c751e8b465ee728b)
Start importing Assets/Images/Nodes/nodes_camping-tent.png using Guid(424e62e5a6ab09f45b5d056bb5a467c6) Importer(815301076,1909f56bfc062723c751e8b465ee728b)  -> (artifact id: '91d2f53fccb887c7202d49bcf90979f1') in 0.029614 seconds 
========================================================================
Received Import Request.
  Time since last request: 0.000020 seconds.
  path: Assets/Images/Nodes/nodes_boat.png
  artifactKey: Guid(3ece9535bd00a694a9fc8e680cbd96cc) Importer(815301076,1909f56bfc062723c751e8b465ee728b)
Start importing Assets/Images/Nodes/nodes_boat.png using Guid(3ece9535bd00a694a9fc8e680cbd96cc) Importer(815301076,1909f56bfc062723c751e8b465ee728b)  -> (artifact id: '4436edcef6d04173492b591d04ce111a') in 0.033833 seconds 
========================================================================
Received Import Request.
  Time since last request: 0.000036 seconds.
  path: Assets/Sprites/UI/Stat_Main_enemy.png
  artifactKey: Guid(5578efc833cd2d74b9ab3c8410f06954) Importer(815301076,1909f56bfc062723c751e8b465ee728b)
Start importing Assets/Sprites/UI/Stat_Main_enemy.png using Guid(5578efc833cd2d74b9ab3c8410f06954) Importer(815301076,1909f56bfc062723c751e8b465ee728b)  -> (artifact id: 'f0d78985f634a214f00a76cf6350bec5') in 0.037374 seconds 
========================================================================
Received Import Request.
  Time since last request: 0.000044 seconds.
  path: Assets/Images/Nodes/nodes_empty.png
  artifactKey: Guid(44efd54dff8af4b468f10ceaeac02934) Importer(815301076,1909f56bfc062723c751e8b465ee728b)
Start importing Assets/Images/Nodes/nodes_empty.png using Guid(44efd54dff8af4b468f10ceaeac02934) Importer(815301076,1909f56bfc062723c751e8b465ee728b)  -> (artifact id: 'e169b2b22b780f4d0ff40ae718a20198') in 0.029008 seconds 
========================================================================
Received Import Request.
  Time since last request: 2.419431 seconds.
  path: Assets/CardGameUIEffects/Assets/Animations/Cards/Headbutt_02.png
  artifactKey: Guid(f1c6a4489e1cabb4a9eba547b082e403) Importer(815301076,1909f56bfc062723c751e8b465ee728b)
Start importing Assets/CardGameUIEffects/Assets/Animations/Cards/Headbutt_02.png using Guid(f1c6a4489e1cabb4a9eba547b082e403) Importer(815301076,1909f56bfc062723c751e8b465ee728b)  -> (artifact id: 'f2f74d809f7692ecc793b0bd695de571') in 0.959991 seconds 
========================================================================
Received Import Request.
  Time since last request: 18.806678 seconds.
  path: Assets/Images/UI/tied-scroll 1.png
  artifactKey: Guid(2cd619ac97a3e944da142f1a9e0183b9) Importer(815301076,1909f56bfc062723c751e8b465ee728b)
Start importing Assets/Images/UI/tied-scroll 1.png using Guid(2cd619ac97a3e944da142f1a9e0183b9) Importer(815301076,1909f56bfc062723c751e8b465ee728b)  -> (artifact id: 'cf392af069be9a9799a3aa2dc735736f') in 0.032754 seconds 
========================================================================
Received Import Request.
  Time since last request: 0.000035 seconds.
  path: Assets/Images/UI/tooth.png
  artifactKey: Guid(db416d6a62188ba4b9d278caaca11fb6) Importer(815301076,1909f56bfc062723c751e8b465ee728b)
Start importing Assets/Images/UI/tooth.png using Guid(db416d6a62188ba4b9d278caaca11fb6) Importer(815301076,1909f56bfc062723c751e8b465ee728b)  -> (artifact id: '8ed568f2c51eba687b2fdd810e546f7a') in 0.035667 seconds 
========================================================================
Received Import Request.
  Time since last request: 5.657415 seconds.
  path: Assets/Resources/Creatures/FrostOwl.asset
  artifactKey: Guid(77d124370de9c4c469275f467041f5d2) Importer(815301076,1909f56bfc062723c751e8b465ee728b)
Start importing Assets/Resources/Creatures/FrostOwl.asset using Guid(77d124370de9c4c469275f467041f5d2) Importer(815301076,1909f56bfc062723c751e8b465ee728b)  -> (artifact id: '2503e38176c4a0ca22ae24b2dc798119') in 0.008202 seconds 
========================================================================
Received Import Request.
  Time since last request: 2.720780 seconds.
  path: Assets/Sprites/UI/GetLegendaryCard_icon.png
  artifactKey: Guid(09eeb6c938ff8f345b3fd688b077b955) Importer(815301076,1909f56bfc062723c751e8b465ee728b)
Start importing Assets/Sprites/UI/GetLegendaryCard_icon.png using Guid(09eeb6c938ff8f345b3fd688b077b955) Importer(815301076,1909f56bfc062723c751e8b465ee728b)  -> (artifact id: 'ad8de2cd6221f9e3d42fc804c8a251c6') in 0.025815 seconds 
========================================================================
Received Import Request.
  Time since last request: 0.000035 seconds.
  path: Assets/CardGameUIEffects/Assets/Animations/Characters/GoodEgg/GoodEgg_00.png
  artifactKey: Guid(3e5016ff82811604cb0a72fb93e4987a) Importer(815301076,1909f56bfc062723c751e8b465ee728b)
Start importing Assets/CardGameUIEffects/Assets/Animations/Characters/GoodEgg/GoodEgg_00.png using Guid(3e5016ff82811604cb0a72fb93e4987a) Importer(815301076,1909f56bfc062723c751e8b465ee728b)  -> (artifact id: '0ba8835cdd26965fa593a062b6c320f2') in 0.028134 seconds 
========================================================================
Received Import Request.
  Time since last request: 0.000036 seconds.
  path: Assets/CardGameUIEffects/Assets/Animations/Characters/GoodEgg/GoodEgg_08.png
  artifactKey: Guid(fd9b8ba4c470e894e9ebb503ffe4daf0) Importer(815301076,1909f56bfc062723c751e8b465ee728b)
Start importing Assets/CardGameUIEffects/Assets/Animations/Characters/GoodEgg/GoodEgg_08.png using Guid(fd9b8ba4c470e894e9ebb503ffe4daf0) Importer(815301076,1909f56bfc062723c751e8b465ee728b)  -> (artifact id: '451725497312cb23e1bef52da4919703') in 0.023979 seconds 
========================================================================
Received Import Request.
  Time since last request: 0.000026 seconds.
  path: Assets/CardGameUIEffects/Assets/Animations/Characters/GoodEgg/GoodEgg_12.png
  artifactKey: Guid(24ff76826e461be49b9bd0581862d3eb) Importer(815301076,1909f56bfc062723c751e8b465ee728b)
Start importing Assets/CardGameUIEffects/Assets/Animations/Characters/GoodEgg/GoodEgg_12.png using Guid(24ff76826e461be49b9bd0581862d3eb) Importer(815301076,1909f56bfc062723c751e8b465ee728b)  -> (artifact id: 'bb4835042bfe4b699ad8b6a906d6dd8e') in 0.024540 seconds 
========================================================================
Received Import Request.
  Time since last request: 0.000034 seconds.
  path: Assets/CardGameUIEffects/Assets/Animations/Characters/GoodEgg/GoodEgg_16.png
  artifactKey: Guid(5d25fa0b8d0e83e4d8c515cfa2998850) Importer(815301076,1909f56bfc062723c751e8b465ee728b)
Start importing Assets/CardGameUIEffects/Assets/Animations/Characters/GoodEgg/GoodEgg_16.png using Guid(5d25fa0b8d0e83e4d8c515cfa2998850) Importer(815301076,1909f56bfc062723c751e8b465ee728b)  -> (artifact id: '09d793e1ee30e4e168254f9127095104') in 0.025951 seconds 
========================================================================
Received Import Request.
  Time since last request: 0.000064 seconds.
  path: Assets/CardGameUIEffects/Assets/Animations/Characters/GoodEgg/GoodEgg_21.png
  artifactKey: Guid(45247956cb720e146be17acc614c68dd) Importer(815301076,1909f56bfc062723c751e8b465ee728b)
Start importing Assets/CardGameUIEffects/Assets/Animations/Characters/GoodEgg/GoodEgg_21.png using Guid(45247956cb720e146be17acc614c68dd) Importer(815301076,1909f56bfc062723c751e8b465ee728b)  -> (artifact id: 'e848099d332a289c1861d6bada0363f3') in 0.023335 seconds 
========================================================================
Received Import Request.
  Time since last request: 0.000027 seconds.
  path: Assets/CardGameUIEffects/Assets/Animations/Cards/Headbutt_01.png
  artifactKey: Guid(921d0f67c75a10c48b618bf6a287b598) Importer(815301076,1909f56bfc062723c751e8b465ee728b)
Start importing Assets/CardGameUIEffects/Assets/Animations/Cards/Headbutt_01.png using Guid(921d0f67c75a10c48b618bf6a287b598) Importer(815301076,1909f56bfc062723c751e8b465ee728b)  -> (artifact id: '89da14c35e37adf53926c0463641150d') in 0.038421 seconds 
========================================================================
Received Import Request.
  Time since last request: 0.000026 seconds.
  path: Assets/CardGameUIEffects/Assets/Animations/Cards/Headbutt_10.png
  artifactKey: Guid(2f7653e798331af4a84cd1ba89730ee0) Importer(815301076,1909f56bfc062723c751e8b465ee728b)
Start importing Assets/CardGameUIEffects/Assets/Animations/Cards/Headbutt_10.png using Guid(2f7653e798331af4a84cd1ba89730ee0) Importer(815301076,1909f56bfc062723c751e8b465ee728b)  -> (artifact id: 'ea8369ccecb11e41d901e63af2a23e57') in 0.589508 seconds 
========================================================================
Received Import Request.
  Time since last request: 0.000025 seconds.
  path: Assets/CardGameUIEffects/Assets/Animations/Cards/Headbutt_15.png
  artifactKey: Guid(45c0afb801d3d5f4f8f43ff913e60372) Importer(815301076,1909f56bfc062723c751e8b465ee728b)
Start importing Assets/CardGameUIEffects/Assets/Animations/Cards/Headbutt_15.png using Guid(45c0afb801d3d5f4f8f43ff913e60372) Importer(815301076,1909f56bfc062723c751e8b465ee728b)  -> (artifact id: 'd49887c2ad6301ee4e61110702ca99e3') in 0.035861 seconds 
========================================================================
Received Import Request.
  Time since last request: 0.000030 seconds.
  path: Assets/CardGameUIEffects/Assets/Animations/Cards/Headbutt_20.png
  artifactKey: Guid(7f55e58534d84d441927e9dfcae64400) Importer(815301076,1909f56bfc062723c751e8b465ee728b)
Start importing Assets/CardGameUIEffects/Assets/Animations/Cards/Headbutt_20.png using Guid(7f55e58534d84d441927e9dfcae64400) Importer(815301076,1909f56bfc062723c751e8b465ee728b)  -> (artifact id: '344fadcdd0e483ee3a20d803e29df8c1') in 0.035222 seconds 
========================================================================
Received Import Request.
  Time since last request: 0.000024 seconds.
  path: Assets/CardGameUIEffects/Assets/Animations/Cards/Headbutt_21.png
  artifactKey: Guid(05d0ae0a55a39504283940f273c86376) Importer(815301076,1909f56bfc062723c751e8b465ee728b)
Start importing Assets/CardGameUIEffects/Assets/Animations/Cards/Headbutt_21.png using Guid(05d0ae0a55a39504283940f273c86376) Importer(815301076,1909f56bfc062723c751e8b465ee728b)  -> (artifact id: '28bda5bf514fd5ab8298ce1fee718718') in 0.040806 seconds 
========================================================================
Received Prepare
Registering precompiled user dll's ...
Registered in 0.006613 seconds.
Begin MonoManager ReloadAssembly
Native extension for WindowsStandalone target not found
Refreshing native plugins compatible for Editor in 0.88 ms, found 2 plugins.
Preloading 0 native plugins for Editor in 0.00 ms.
[Package Manager] Server::EnsureServerProcessIsRunning -- launch failed, reason: Unity was launched with the -noUpm command-line argument
[Package Manager] UpmClient::Send -- Unable to send message (not connected to UPM process).
[Package Manager] Cannot connect to Unity Package Manager local server
Mono: successfully reloaded assembly
- Completed reload, in  1.365 seconds
Domain Reload Profiling:
	ReloadAssembly (1366ms)
		BeginReloadAssembly (132ms)
			ExecutionOrderSort (0ms)
			DisableScriptedObjects (6ms)
			BackupInstance (0ms)
			ReleaseScriptingObjects (0ms)
			CreateAndSetChildDomain (41ms)
		EndReloadAssembly (1133ms)
			LoadAssemblies (85ms)
			RebuildTransferFunctionScriptingTraits (0ms)
			SetupTypeCache (252ms)
				TypeCache.Initialize (246ms)
					TypeCache.ScanAssembly (242ms)
				ResolveRequiredComponents (5ms)
			ReleaseScriptCaches (1ms)
			RebuildScriptCaches (52ms)
			SetupLoadedEditorAssemblies (683ms)
				LogAssemblyErrors (0ms)
				InitializePlatformSupportModulesInManaged (12ms)
				SetLoadedEditorAssemblies (7ms)
				RefreshPlugins (1ms)
				BeforeProcessingInitializeOnLoad (89ms)
				ProcessInitializeOnLoadAttributes (313ms)
				ProcessInitializeOnLoadMethodAttributes (252ms)
				AfterProcessingInitializeOnLoad (8ms)
				EditorAssembliesLoaded (0ms)
			ExecutionOrderSort2 (0ms)
			AwakeInstancesAfterBackupRestoration (6ms)
Platform modules already initialized, skipping
Refreshing native plugins compatible for Editor in 4.04 ms, found 2 plugins.
Preloading 0 native plugins for Editor in 0.00 ms.
Unloading 3406 Unused Serialized files (Serialized files now loaded: 0)
Unloading 48 unused Assets / (315.6 KB). Loaded Objects now: 4019.
Memory consumption went from 0.55 GB to 0.55 GB.
Total: 7.583800 ms (FindLiveObjects: 0.314300 ms CreateObjectMapping: 0.247600 ms MarkObjects: 6.905300 ms  DeleteObjects: 0.115600 ms)

AssetImportParameters requested are different than current active one (requested -> active):
  custom:video-decoder-ogg-theora: a1e56fd34408186e4bbccfd4996cb3dc -> 
  custom:container-muxer-webm: aa71ff27fc2769a1b78a27578f13a17b -> 
  custom:container-demuxer-webm: 4f35f7cbe854078d1ac9338744f61a02 -> 
  custom:video-encoder-webm-vp8: eb34c28f22e8b96e1ab97ce403110664 -> 
  custom:audio-encoder-webm-vorbis: bf7c407c2cedff20999df2af8eb42d56 -> 
  custom:framework-win-MediaFoundation: 216162199b28c13a410421893ffa2e32 -> 
  custom:container-demuxer-ogg: 62fdf1f143b41e24485cea50d1cbac27 -> 
  custom:video-decoder-webm-vp8: 9c59270c3fd7afecdb556c50c9e8de78 -> 
  custom:audio-decoder-ogg-vorbis: bf7c407c2cedff20999df2af8eb42d56 -> 
========================================================================
Received Prepare
Registering precompiled user dll's ...
Registered in 0.005783 seconds.
Begin MonoManager ReloadAssembly
Native extension for WindowsStandalone target not found
Refreshing native plugins compatible for Editor in 0.99 ms, found 2 plugins.
Preloading 0 native plugins for Editor in 0.00 ms.
[Package Manager] Server::EnsureServerProcessIsRunning -- launch failed, reason: Unity was launched with the -noUpm command-line argument
[Package Manager] UpmClient::Send -- Unable to send message (not connected to UPM process).
[Package Manager] Cannot connect to Unity Package Manager local server
Mono: successfully reloaded assembly
- Completed reload, in  1.160 seconds
Domain Reload Profiling:
	ReloadAssembly (1160ms)
		BeginReloadAssembly (130ms)
			ExecutionOrderSort (0ms)
			DisableScriptedObjects (6ms)
			BackupInstance (0ms)
			ReleaseScriptingObjects (0ms)
			CreateAndSetChildDomain (39ms)
		EndReloadAssembly (938ms)
			LoadAssemblies (76ms)
			RebuildTransferFunctionScriptingTraits (0ms)
			SetupTypeCache (212ms)
				TypeCache.Initialize (208ms)
					TypeCache.ScanAssembly (203ms)
				ResolveRequiredComponents (5ms)
			ReleaseScriptCaches (1ms)
			RebuildScriptCaches (46ms)
			SetupLoadedEditorAssemblies (546ms)
				LogAssemblyErrors (0ms)
				InitializePlatformSupportModulesInManaged (12ms)
				SetLoadedEditorAssemblies (8ms)
				RefreshPlugins (1ms)
				BeforeProcessingInitializeOnLoad (78ms)
				ProcessInitializeOnLoadAttributes (265ms)
				ProcessInitializeOnLoadMethodAttributes (175ms)
				AfterProcessingInitializeOnLoad (7ms)
				EditorAssembliesLoaded (0ms)
			ExecutionOrderSort2 (0ms)
			AwakeInstancesAfterBackupRestoration (6ms)
Platform modules already initialized, skipping
Refreshing native plugins compatible for Editor in 4.38 ms, found 2 plugins.
Preloading 0 native plugins for Editor in 0.00 ms.
Unloading 3407 Unused Serialized files (Serialized files now loaded: 0)
Unloading 48 unused Assets / (322.7 KB). Loaded Objects now: 4022.
Memory consumption went from 0.55 GB to 0.55 GB.
Total: 5.891700 ms (FindLiveObjects: 0.311000 ms CreateObjectMapping: 0.294000 ms MarkObjects: 5.051900 ms  DeleteObjects: 0.233200 ms)

AssetImportParameters requested are different than current active one (requested -> active):
  custom:video-decoder-ogg-theora: a1e56fd34408186e4bbccfd4996cb3dc -> 
  custom:container-muxer-webm: aa71ff27fc2769a1b78a27578f13a17b -> 
  custom:container-demuxer-webm: 4f35f7cbe854078d1ac9338744f61a02 -> 
  custom:video-encoder-webm-vp8: eb34c28f22e8b96e1ab97ce403110664 -> 
  custom:audio-encoder-webm-vorbis: bf7c407c2cedff20999df2af8eb42d56 -> 
  custom:framework-win-MediaFoundation: 216162199b28c13a410421893ffa2e32 -> 
  custom:container-demuxer-ogg: 62fdf1f143b41e24485cea50d1cbac27 -> 
  custom:video-decoder-webm-vp8: 9c59270c3fd7afecdb556c50c9e8de78 -> 
  custom:audio-decoder-ogg-vorbis: bf7c407c2cedff20999df2af8eb42d56 -> 
