Using pre-set license
Built from '2022.1/staging' branch; Version is '2022.1.7f1 (240f4c1f462c) revision 2363212'; Using compiler version '192829333'; Build Type 'Release'
OS: 'Windows 10  (10.0.19044) 64bit Core' Language: 'en' Physical Memory: 16322 MB
BatchMode: 1, IsHumanControllingUs: 0, StartBugReporterOnCrash: 0, Is64bit: 1, IsPro: 1

COMMAND LINE ARGUMENTS:
C:\Program Files\Unity\Hub\Editor\2022.1.7f1\Editor\Unity.exe
-adb2
-batchMode
-noUpm
-name
AssetImportWorker2
-projectPath
C:/Users/minig/Documents/Projects/Turquoise Flavour
-logFile
Logs/AssetImportWorker2.log
-srvPort
64963
Successfully changed project path to: C:/Users/minig/Documents/Projects/Turquoise Flavour
C:/Users/minig/Documents/Projects/Turquoise Flavour
[UnityMemory] Configuration Parameters - Can be set up in boot.config
    "memorysetup-bucket-allocator-granularity=16"
    "memorysetup-bucket-allocator-bucket-count=8"
    "memorysetup-bucket-allocator-block-size=33554432"
    "memorysetup-bucket-allocator-block-count=8"
    "memorysetup-main-allocator-block-size=16777216"
    "memorysetup-thread-allocator-block-size=16777216"
    "memorysetup-gfx-main-allocator-block-size=16777216"
    "memorysetup-gfx-thread-allocator-block-size=16777216"
    "memorysetup-cache-allocator-block-size=4194304"
    "memorysetup-typetree-allocator-block-size=2097152"
    "memorysetup-profiler-bucket-allocator-granularity=16"
    "memorysetup-profiler-bucket-allocator-bucket-count=8"
    "memorysetup-profiler-bucket-allocator-block-size=33554432"
    "memorysetup-profiler-bucket-allocator-block-count=8"
    "memorysetup-profiler-allocator-block-size=16777216"
    "memorysetup-profiler-editor-allocator-block-size=1048576"
    "memorysetup-temp-allocator-size-main=16777216"
    "memorysetup-job-temp-allocator-block-size=2097152"
    "memorysetup-job-temp-allocator-block-size-background=1048576"
    "memorysetup-job-temp-allocator-reduction-small-platforms=262144"
    "memorysetup-temp-allocator-size-background-worker=32768"
    "memorysetup-temp-allocator-size-job-worker=262144"
    "memorysetup-temp-allocator-size-preload-manager=33554432"
    "memorysetup-temp-allocator-size-nav-mesh-worker=65536"
    "memorysetup-temp-allocator-size-audio-worker=65536"
    "memorysetup-temp-allocator-size-cloud-worker=32768"
    "memorysetup-temp-allocator-size-gi-baking-worker=262144"
    "memorysetup-temp-allocator-size-gfx=262144"
Refreshing native plugins compatible for Editor in 70.03 ms, found 2 plugins.
Preloading 0 native plugins for Editor in 0.00 ms.
Initialize engine version: 2022.1.7f1 (240f4c1f462c)
[Subsystems] Discovering subsystems at path C:/Program Files/Unity/Hub/Editor/2022.1.7f1/Editor/Data/Resources/UnitySubsystems
[Subsystems] Discovering subsystems at path C:/Users/minig/Documents/Projects/Turquoise Flavour/Assets
GfxDevice: creating device client; threaded=0; jobified=0
Direct3D:
    Version:  Direct3D 11.0 [level 11.1]
    Renderer: NVIDIA GeForce RTX 2070 (ID=0x1f02)
    Vendor:   NVIDIA
    VRAM:     8031 MB
    Driver:   30.0.15.1215
Initialize mono
Mono path[0] = 'C:/Program Files/Unity/Hub/Editor/2022.1.7f1/Editor/Data/Managed'
Mono path[1] = 'C:/Program Files/Unity/Hub/Editor/2022.1.7f1/Editor/Data/MonoBleedingEdge/lib/mono/unityjit-win32'
Mono config path = 'C:/Program Files/Unity/Hub/Editor/2022.1.7f1/Editor/Data/MonoBleedingEdge/etc'
Using monoOptions --debugger-agent=transport=dt_socket,embedding=1,server=y,suspend=n,address=127.0.0.1:56784
Begin MonoManager ReloadAssembly
Registering precompiled unity dll's ...
Register platform support module: C:/Program Files/Unity/Hub/Editor/2022.1.7f1/Editor/Data/PlaybackEngines/WindowsStandaloneSupport/UnityEditor.WindowsStandalone.Extensions.dll
Registered in 0.005901 seconds.
Native extension for WindowsStandalone target not found
Refreshing native plugins compatible for Editor in 57.77 ms, found 2 plugins.
Preloading 0 native plugins for Editor in 0.00 ms.
Mono: successfully reloaded assembly
- Completed reload, in  0.593 seconds
Domain Reload Profiling:
	ReloadAssembly (593ms)
		BeginReloadAssembly (67ms)
			ExecutionOrderSort (0ms)
			DisableScriptedObjects (0ms)
			BackupInstance (0ms)
			ReleaseScriptingObjects (0ms)
			CreateAndSetChildDomain (1ms)
		EndReloadAssembly (427ms)
			LoadAssemblies (65ms)
			RebuildTransferFunctionScriptingTraits (0ms)
			SetupTypeCache (115ms)
				TypeCache.Initialize (115ms)
					TypeCache.ScanAssembly (112ms)
				ResolveRequiredComponents (1ms)
			ReleaseScriptCaches (0ms)
			RebuildScriptCaches (29ms)
			SetupLoadedEditorAssemblies (233ms)
				LogAssemblyErrors (0ms)
				InitializePlatformSupportModulesInManaged (7ms)
				SetLoadedEditorAssemblies (7ms)
				RefreshPlugins (58ms)
				BeforeProcessingInitializeOnLoad (1ms)
				ProcessInitializeOnLoadAttributes (119ms)
				ProcessInitializeOnLoadMethodAttributes (40ms)
				AfterProcessingInitializeOnLoad (0ms)
				EditorAssembliesLoaded (0ms)
			ExecutionOrderSort2 (0ms)
			AwakeInstancesAfterBackupRestoration (0ms)
Platform modules already initialized, skipping
Registering precompiled user dll's ...
Registered in 0.005863 seconds.
Begin MonoManager ReloadAssembly
Native extension for WindowsStandalone target not found
Refreshing native plugins compatible for Editor in 54.24 ms, found 2 plugins.
Preloading 0 native plugins for Editor in 0.00 ms.
Package Manager log level set to [2]
[Package Manager] Server::EnsureServerProcessIsRunning -- launch failed, reason: Unity was launched with the -noUpm command-line argument
[Package Manager] UpmClient::Send -- Unable to send message (not connected to UPM process).
[Package Manager] Cannot connect to Unity Package Manager local server
Mono: successfully reloaded assembly
- Completed reload, in  1.215 seconds
Domain Reload Profiling:
	ReloadAssembly (1215ms)
		BeginReloadAssembly (109ms)
			ExecutionOrderSort (0ms)
			DisableScriptedObjects (5ms)
			BackupInstance (0ms)
			ReleaseScriptingObjects (0ms)
			CreateAndSetChildDomain (18ms)
		EndReloadAssembly (991ms)
			LoadAssemblies (75ms)
			RebuildTransferFunctionScriptingTraits (0ms)
			SetupTypeCache (208ms)
				TypeCache.Initialize (203ms)
					TypeCache.ScanAssembly (199ms)
				ResolveRequiredComponents (5ms)
			ReleaseScriptCaches (1ms)
			RebuildScriptCaches (59ms)
			SetupLoadedEditorAssemblies (594ms)
				LogAssemblyErrors (0ms)
				InitializePlatformSupportModulesInManaged (5ms)
				SetLoadedEditorAssemblies (7ms)
				RefreshPlugins (54ms)
				BeforeProcessingInitializeOnLoad (95ms)
				ProcessInitializeOnLoadAttributes (258ms)
				ProcessInitializeOnLoadMethodAttributes (168ms)
				AfterProcessingInitializeOnLoad (7ms)
				EditorAssembliesLoaded (0ms)
			ExecutionOrderSort2 (0ms)
			AwakeInstancesAfterBackupRestoration (5ms)
Platform modules already initialized, skipping
========================================================================
Worker process is ready to serve import requests
Launched and connected shader compiler UnityShaderCompiler.exe after 0.03 seconds
Refreshing native plugins compatible for Editor in 0.93 ms, found 2 plugins.
Preloading 0 native plugins for Editor in 0.00 ms.
Unloading 3432 Unused Serialized files (Serialized files now loaded: 0)
Unloading 58 unused Assets / (323.4 KB). Loaded Objects now: 3988.
Memory consumption went from 0.52 GB to 0.52 GB.
Total: 5.833600 ms (FindLiveObjects: 0.365800 ms CreateObjectMapping: 0.343600 ms MarkObjects: 5.030000 ms  DeleteObjects: 0.093100 ms)

AssetImportParameters requested are different than current active one (requested -> active):
  custom:video-decoder-ogg-theora: a1e56fd34408186e4bbccfd4996cb3dc -> 
  custom:container-muxer-webm: aa71ff27fc2769a1b78a27578f13a17b -> 
  custom:container-demuxer-webm: 4f35f7cbe854078d1ac9338744f61a02 -> 
  custom:video-encoder-webm-vp8: eb34c28f22e8b96e1ab97ce403110664 -> 
  custom:audio-encoder-webm-vorbis: bf7c407c2cedff20999df2af8eb42d56 -> 
  custom:framework-win-MediaFoundation: 216162199b28c13a410421893ffa2e32 -> 
  custom:container-demuxer-ogg: 62fdf1f143b41e24485cea50d1cbac27 -> 
  custom:video-decoder-webm-vp8: 9c59270c3fd7afecdb556c50c9e8de78 -> 
  custom:audio-decoder-ogg-vorbis: bf7c407c2cedff20999df2af8eb42d56 -> 
========================================================================
Received Prepare
Registering precompiled user dll's ...
Registered in 0.005528 seconds.
Begin MonoManager ReloadAssembly
Native extension for WindowsStandalone target not found
Refreshing native plugins compatible for Editor in 0.88 ms, found 2 plugins.
Preloading 0 native plugins for Editor in 0.00 ms.
[Package Manager] Server::EnsureServerProcessIsRunning -- launch failed, reason: Unity was launched with the -noUpm command-line argument
[Package Manager] UpmClient::Send -- Unable to send message (not connected to UPM process).
[Package Manager] Cannot connect to Unity Package Manager local server
Mono: successfully reloaded assembly
- Completed reload, in  1.170 seconds
Domain Reload Profiling:
	ReloadAssembly (1170ms)
		BeginReloadAssembly (132ms)
			ExecutionOrderSort (0ms)
			DisableScriptedObjects (6ms)
			BackupInstance (0ms)
			ReleaseScriptingObjects (0ms)
			CreateAndSetChildDomain (41ms)
		EndReloadAssembly (947ms)
			LoadAssemblies (79ms)
			RebuildTransferFunctionScriptingTraits (0ms)
			SetupTypeCache (208ms)
				TypeCache.Initialize (199ms)
					TypeCache.ScanAssembly (195ms)
				ResolveRequiredComponents (8ms)
			ReleaseScriptCaches (1ms)
			RebuildScriptCaches (52ms)
			SetupLoadedEditorAssemblies (551ms)
				LogAssemblyErrors (0ms)
				InitializePlatformSupportModulesInManaged (12ms)
				SetLoadedEditorAssemblies (8ms)
				RefreshPlugins (1ms)
				BeforeProcessingInitializeOnLoad (81ms)
				ProcessInitializeOnLoadAttributes (263ms)
				ProcessInitializeOnLoadMethodAttributes (179ms)
				AfterProcessingInitializeOnLoad (7ms)
				EditorAssembliesLoaded (0ms)
			ExecutionOrderSort2 (0ms)
			AwakeInstancesAfterBackupRestoration (5ms)
Platform modules already initialized, skipping
Refreshing native plugins compatible for Editor in 3.77 ms, found 2 plugins.
Preloading 0 native plugins for Editor in 0.00 ms.
Unloading 3407 Unused Serialized files (Serialized files now loaded: 0)
Unloading 48 unused Assets / (322.8 KB). Loaded Objects now: 3991.
Memory consumption went from 0.55 GB to 0.55 GB.
Total: 6.158000 ms (FindLiveObjects: 0.290000 ms CreateObjectMapping: 0.236000 ms MarkObjects: 5.553900 ms  DeleteObjects: 0.077100 ms)

AssetImportParameters requested are different than current active one (requested -> active):
  custom:video-decoder-ogg-theora: a1e56fd34408186e4bbccfd4996cb3dc -> 
  custom:container-muxer-webm: aa71ff27fc2769a1b78a27578f13a17b -> 
  custom:container-demuxer-webm: 4f35f7cbe854078d1ac9338744f61a02 -> 
  custom:video-encoder-webm-vp8: eb34c28f22e8b96e1ab97ce403110664 -> 
  custom:audio-encoder-webm-vorbis: bf7c407c2cedff20999df2af8eb42d56 -> 
  custom:framework-win-MediaFoundation: 216162199b28c13a410421893ffa2e32 -> 
  custom:container-demuxer-ogg: 62fdf1f143b41e24485cea50d1cbac27 -> 
  custom:video-decoder-webm-vp8: 9c59270c3fd7afecdb556c50c9e8de78 -> 
  custom:audio-decoder-ogg-vorbis: bf7c407c2cedff20999df2af8eb42d56 -> 
========================================================================
Received Prepare
Registering precompiled user dll's ...
Registered in 0.005875 seconds.
Begin MonoManager ReloadAssembly
Native extension for WindowsStandalone target not found
Refreshing native plugins compatible for Editor in 0.83 ms, found 2 plugins.
Preloading 0 native plugins for Editor in 0.00 ms.
[Package Manager] Server::EnsureServerProcessIsRunning -- launch failed, reason: Unity was launched with the -noUpm command-line argument
[Package Manager] UpmClient::Send -- Unable to send message (not connected to UPM process).
[Package Manager] Cannot connect to Unity Package Manager local server
Mono: successfully reloaded assembly
- Completed reload, in  1.180 seconds
Domain Reload Profiling:
	ReloadAssembly (1181ms)
		BeginReloadAssembly (126ms)
			ExecutionOrderSort (0ms)
			DisableScriptedObjects (7ms)
			BackupInstance (0ms)
			ReleaseScriptingObjects (0ms)
			CreateAndSetChildDomain (38ms)
		EndReloadAssembly (957ms)
			LoadAssemblies (75ms)
			RebuildTransferFunctionScriptingTraits (0ms)
			SetupTypeCache (222ms)
				TypeCache.Initialize (218ms)
					TypeCache.ScanAssembly (214ms)
				ResolveRequiredComponents (5ms)
			ReleaseScriptCaches (1ms)
			RebuildScriptCaches (45ms)
			SetupLoadedEditorAssemblies (560ms)
				LogAssemblyErrors (0ms)
				InitializePlatformSupportModulesInManaged (12ms)
				SetLoadedEditorAssemblies (8ms)
				RefreshPlugins (1ms)
				BeforeProcessingInitializeOnLoad (79ms)
				ProcessInitializeOnLoadAttributes (276ms)
				ProcessInitializeOnLoadMethodAttributes (177ms)
				AfterProcessingInitializeOnLoad (7ms)
				EditorAssembliesLoaded (0ms)
			ExecutionOrderSort2 (0ms)
			AwakeInstancesAfterBackupRestoration (6ms)
Platform modules already initialized, skipping
Refreshing native plugins compatible for Editor in 3.76 ms, found 2 plugins.
Preloading 0 native plugins for Editor in 0.00 ms.
Unloading 3407 Unused Serialized files (Serialized files now loaded: 0)
Unloading 48 unused Assets / (322.6 KB). Loaded Objects now: 3994.
Memory consumption went from 0.55 GB to 0.55 GB.
Total: 6.576900 ms (FindLiveObjects: 0.321000 ms CreateObjectMapping: 0.242600 ms MarkObjects: 5.935700 ms  DeleteObjects: 0.076300 ms)

AssetImportParameters requested are different than current active one (requested -> active):
  custom:video-decoder-ogg-theora: a1e56fd34408186e4bbccfd4996cb3dc -> 
  custom:container-muxer-webm: aa71ff27fc2769a1b78a27578f13a17b -> 
  custom:container-demuxer-webm: 4f35f7cbe854078d1ac9338744f61a02 -> 
  custom:video-encoder-webm-vp8: eb34c28f22e8b96e1ab97ce403110664 -> 
  custom:audio-encoder-webm-vorbis: bf7c407c2cedff20999df2af8eb42d56 -> 
  custom:framework-win-MediaFoundation: 216162199b28c13a410421893ffa2e32 -> 
  custom:container-demuxer-ogg: 62fdf1f143b41e24485cea50d1cbac27 -> 
  custom:video-decoder-webm-vp8: 9c59270c3fd7afecdb556c50c9e8de78 -> 
  custom:audio-decoder-ogg-vorbis: bf7c407c2cedff20999df2af8eb42d56 -> 
========================================================================
Received Prepare
Registering precompiled user dll's ...
Registered in 0.005810 seconds.
Begin MonoManager ReloadAssembly
Native extension for WindowsStandalone target not found
Refreshing native plugins compatible for Editor in 0.84 ms, found 2 plugins.
Preloading 0 native plugins for Editor in 0.00 ms.
[Package Manager] Server::EnsureServerProcessIsRunning -- launch failed, reason: Unity was launched with the -noUpm command-line argument
[Package Manager] UpmClient::Send -- Unable to send message (not connected to UPM process).
[Package Manager] Cannot connect to Unity Package Manager local server
Mono: successfully reloaded assembly
- Completed reload, in  1.177 seconds
Domain Reload Profiling:
	ReloadAssembly (1178ms)
		BeginReloadAssembly (125ms)
			ExecutionOrderSort (0ms)
			DisableScriptedObjects (6ms)
			BackupInstance (0ms)
			ReleaseScriptingObjects (0ms)
			CreateAndSetChildDomain (37ms)
		EndReloadAssembly (961ms)
			LoadAssemblies (78ms)
			RebuildTransferFunctionScriptingTraits (0ms)
			SetupTypeCache (217ms)
				TypeCache.Initialize (211ms)
					TypeCache.ScanAssembly (206ms)
				ResolveRequiredComponents (7ms)
			ReleaseScriptCaches (1ms)
			RebuildScriptCaches (46ms)
			SetupLoadedEditorAssemblies (561ms)
				LogAssemblyErrors (0ms)
				InitializePlatformSupportModulesInManaged (12ms)
				SetLoadedEditorAssemblies (8ms)
				RefreshPlugins (1ms)
				BeforeProcessingInitializeOnLoad (82ms)
				ProcessInitializeOnLoadAttributes (263ms)
				ProcessInitializeOnLoadMethodAttributes (188ms)
				AfterProcessingInitializeOnLoad (7ms)
				EditorAssembliesLoaded (0ms)
			ExecutionOrderSort2 (0ms)
			AwakeInstancesAfterBackupRestoration (5ms)
Platform modules already initialized, skipping
Refreshing native plugins compatible for Editor in 4.13 ms, found 2 plugins.
Preloading 0 native plugins for Editor in 0.00 ms.
Unloading 3407 Unused Serialized files (Serialized files now loaded: 0)
Unloading 48 unused Assets / (322.7 KB). Loaded Objects now: 3997.
Memory consumption went from 0.55 GB to 0.55 GB.
Total: 5.976100 ms (FindLiveObjects: 0.298500 ms CreateObjectMapping: 0.219400 ms MarkObjects: 5.369500 ms  DeleteObjects: 0.087000 ms)

AssetImportParameters requested are different than current active one (requested -> active):
  custom:video-decoder-ogg-theora: a1e56fd34408186e4bbccfd4996cb3dc -> 
  custom:container-muxer-webm: aa71ff27fc2769a1b78a27578f13a17b -> 
  custom:container-demuxer-webm: 4f35f7cbe854078d1ac9338744f61a02 -> 
  custom:video-encoder-webm-vp8: eb34c28f22e8b96e1ab97ce403110664 -> 
  custom:audio-encoder-webm-vorbis: bf7c407c2cedff20999df2af8eb42d56 -> 
  custom:framework-win-MediaFoundation: 216162199b28c13a410421893ffa2e32 -> 
  custom:container-demuxer-ogg: 62fdf1f143b41e24485cea50d1cbac27 -> 
  custom:video-decoder-webm-vp8: 9c59270c3fd7afecdb556c50c9e8de78 -> 
  custom:audio-decoder-ogg-vorbis: bf7c407c2cedff20999df2af8eb42d56 -> 
========================================================================
Received Import Request.
  Time since last request: 2053.370354 seconds.
  path: Assets/Resources/Dialogues
  artifactKey: Guid(cce5b6b81b649ee4d9453be993b48382) Importer(815301076,1909f56bfc062723c751e8b465ee728b)
Start importing Assets/Resources/Dialogues using Guid(cce5b6b81b649ee4d9453be993b48382) Importer(815301076,1909f56bfc062723c751e8b465ee728b)  -> (artifact id: 'ff535b4480f58e1407aaae5371f431f3') in 0.007151 seconds 
========================================================================
Received Import Request.
  Time since last request: 1.421092 seconds.
  path: Assets/Resources/Dialogues/MerchantDialogues.asset
  artifactKey: Guid(7e5c6227f3cdc324b8b3ae429c77ef54) Importer(815301076,1909f56bfc062723c751e8b465ee728b)
Start importing Assets/Resources/Dialogues/MerchantDialogues.asset using Guid(7e5c6227f3cdc324b8b3ae429c77ef54) Importer(815301076,1909f56bfc062723c751e8b465ee728b)  -> (artifact id: 'df23750d93d889a06bedc2b36f99262a') in 0.032025 seconds 
========================================================================
Received Import Request.
  Time since last request: 1.767575 seconds.
  path: Assets/Resources/Creatures
  artifactKey: Guid(824032ffddc7fc34dba3a3f5334fcd6c) Importer(815301076,1909f56bfc062723c751e8b465ee728b)
Start importing Assets/Resources/Creatures using Guid(824032ffddc7fc34dba3a3f5334fcd6c) Importer(815301076,1909f56bfc062723c751e8b465ee728b)  -> (artifact id: 'd290f83a2027dc67dabaa267c318a002') in 0.005305 seconds 
========================================================================
Received Import Request.
  Time since last request: 0.057806 seconds.
  path: Assets/Resources/Creatures/Doggo.asset
  artifactKey: Guid(015c35aeb31828d419930b432c5f80b5) Importer(815301076,1909f56bfc062723c751e8b465ee728b)
Start importing Assets/Resources/Creatures/Doggo.asset using Guid(015c35aeb31828d419930b432c5f80b5) Importer(815301076,1909f56bfc062723c751e8b465ee728b)  -> (artifact id: 'aecfbaaeb54e108fe7664fe194b34f62') in 0.043293 seconds 
========================================================================
Received Import Request.
  Time since last request: 0.000025 seconds.
  path: Assets/Resources/Creatures/FireCrab.asset
  artifactKey: Guid(ae1db9a7a35eb4e40bb7a9bc6ba6d488) Importer(815301076,1909f56bfc062723c751e8b465ee728b)
Start importing Assets/Resources/Creatures/FireCrab.asset using Guid(ae1db9a7a35eb4e40bb7a9bc6ba6d488) Importer(815301076,1909f56bfc062723c751e8b465ee728b)  -> (artifact id: '208c1b0a4f88ac87ec513277b232cd0d') in 0.036409 seconds 
========================================================================
Received Import Request.
  Time since last request: 0.000025 seconds.
  path: Assets/Resources/Creatures/GhostMonkey.asset
  artifactKey: Guid(2df0e329e9228564cbccfd96494fed0f) Importer(815301076,1909f56bfc062723c751e8b465ee728b)
Start importing Assets/Resources/Creatures/GhostMonkey.asset using Guid(2df0e329e9228564cbccfd96494fed0f) Importer(815301076,1909f56bfc062723c751e8b465ee728b)  -> (artifact id: 'a31ecaa53ef6aa222a7e83455011a43d') in 0.014945 seconds 
========================================================================
Received Import Request.
  Time since last request: 43.632845 seconds.
  path: Assets/CardGameUIEffects/Assets/Textures/Arrows/ArrowBodyGray.png
  artifactKey: Guid(30036806186198f4ab47d7ffaadf3855) Importer(815301076,1909f56bfc062723c751e8b465ee728b)
Start importing Assets/CardGameUIEffects/Assets/Textures/Arrows/ArrowBodyGray.png using Guid(30036806186198f4ab47d7ffaadf3855) Importer(815301076,1909f56bfc062723c751e8b465ee728b)  -> (artifact id: 'b4b1fab2af72f9c28f56e9688169aebf') in 0.097559 seconds 
========================================================================
Received Import Request.
  Time since last request: 0.000060 seconds.
  path: Assets/CardGameUIEffects/Assets/Animations/Characters/BadEgg/BadEgg_18.png
  artifactKey: Guid(e450051b924415f42a4778ce8a710f4b) Importer(815301076,1909f56bfc062723c751e8b465ee728b)
Start importing Assets/CardGameUIEffects/Assets/Animations/Characters/BadEgg/BadEgg_18.png using Guid(e450051b924415f42a4778ce8a710f4b) Importer(815301076,1909f56bfc062723c751e8b465ee728b)  -> (artifact id: '9ab4c915ccb1f05937b2198fa3af044c') in 0.027868 seconds 
========================================================================
Received Import Request.
  Time since last request: 0.000039 seconds.
  path: Assets/CardGameUIEffects/Assets/Animations/Characters/BadEgg/BadEgg_20.png
  artifactKey: Guid(55062c74fd092144f861f06d396a4eae) Importer(815301076,1909f56bfc062723c751e8b465ee728b)
Start importing Assets/CardGameUIEffects/Assets/Animations/Characters/BadEgg/BadEgg_20.png using Guid(55062c74fd092144f861f06d396a4eae) Importer(815301076,1909f56bfc062723c751e8b465ee728b)  -> (artifact id: '1b1dc72f7a7b6a8d931a37b4d659ce0c') in 0.024292 seconds 
========================================================================
Received Import Request.
  Time since last request: 0.000036 seconds.
  path: Assets/CardGameUIEffects/Assets/Animations/Characters/BadEgg/BadEgg_05.png
  artifactKey: Guid(6351d489ae6a42344af74bc1b09774eb) Importer(815301076,1909f56bfc062723c751e8b465ee728b)
Start importing Assets/CardGameUIEffects/Assets/Animations/Characters/BadEgg/BadEgg_05.png using Guid(6351d489ae6a42344af74bc1b09774eb) Importer(815301076,1909f56bfc062723c751e8b465ee728b)  -> (artifact id: 'fcd38739844c429dd8ca33585ea9869f') in 0.029356 seconds 
========================================================================
Received Import Request.
  Time since last request: 0.000024 seconds.
  path: Assets/CardGameUIEffects/Assets/Animations/Characters/BadEgg/BadEgg_03.png
  artifactKey: Guid(75d6ea54a1d29d047ae1504ab0468465) Importer(815301076,1909f56bfc062723c751e8b465ee728b)
Start importing Assets/CardGameUIEffects/Assets/Animations/Characters/BadEgg/BadEgg_03.png using Guid(75d6ea54a1d29d047ae1504ab0468465) Importer(815301076,1909f56bfc062723c751e8b465ee728b)  -> (artifact id: '27a2faf61bda91997b3fec57162e7e8a') in 0.027234 seconds 
========================================================================
Received Import Request.
  Time since last request: 0.000021 seconds.
  path: Assets/CardGameUIEffects/Assets/Animations/Characters/BadEgg/BadEgg_07.png
  artifactKey: Guid(e6cc1fb11ee1e094881ee07a41e96582) Importer(815301076,1909f56bfc062723c751e8b465ee728b)
Start importing Assets/CardGameUIEffects/Assets/Animations/Characters/BadEgg/BadEgg_07.png using Guid(e6cc1fb11ee1e094881ee07a41e96582) Importer(815301076,1909f56bfc062723c751e8b465ee728b)  -> (artifact id: 'ef85a71429081295bebf7d1010e9618c') in 0.026279 seconds 
========================================================================
Received Import Request.
  Time since last request: 0.000044 seconds.
  path: Assets/CardGameUIEffects/Assets/Animations/Characters/BadEgg/BadEgg_08.png
  artifactKey: Guid(76a80de3731bcba4e84534779b86a631) Importer(815301076,1909f56bfc062723c751e8b465ee728b)
Start importing Assets/CardGameUIEffects/Assets/Animations/Characters/BadEgg/BadEgg_08.png using Guid(76a80de3731bcba4e84534779b86a631) Importer(815301076,1909f56bfc062723c751e8b465ee728b)  -> (artifact id: '4dd3d994f88287c4422de3c91297ca80') in 0.027224 seconds 
========================================================================
Received Import Request.
  Time since last request: 0.000019 seconds.
  path: Assets/CardGameUIEffects/Assets/Animations/Characters/BadEgg/BadEgg_11.png
  artifactKey: Guid(4916e537cd9ea034c8c3c878b093fa4c) Importer(815301076,1909f56bfc062723c751e8b465ee728b)
Start importing Assets/CardGameUIEffects/Assets/Animations/Characters/BadEgg/BadEgg_11.png using Guid(4916e537cd9ea034c8c3c878b093fa4c) Importer(815301076,1909f56bfc062723c751e8b465ee728b)  -> (artifact id: '9566ee2f407a0e15d61cb45172af6167') in 0.047553 seconds 
========================================================================
Received Import Request.
  Time since last request: 0.000044 seconds.
  path: Assets/Images/bite.png
  artifactKey: Guid(56b73afe1c02e1a49bb8f4ac4da1b943) Importer(815301076,1909f56bfc062723c751e8b465ee728b)
Start importing Assets/Images/bite.png using Guid(56b73afe1c02e1a49bb8f4ac4da1b943) Importer(815301076,1909f56bfc062723c751e8b465ee728b)  -> (artifact id: 'db2163ff00ba4c7d947c75f4b3c0bba0') in 0.037336 seconds 
========================================================================
Received Import Request.
  Time since last request: 0.000037 seconds.
  path: Assets/Images/UI/circle.png
  artifactKey: Guid(47d79a0acca40d143bedf4c1dbb138f5) Importer(815301076,1909f56bfc062723c751e8b465ee728b)
Start importing Assets/Images/UI/circle.png using Guid(47d79a0acca40d143bedf4c1dbb138f5) Importer(815301076,1909f56bfc062723c751e8b465ee728b)  -> (artifact id: 'd7201a3791d364da0c2d76dd1baa5121') in 0.024856 seconds 
========================================================================
Received Import Request.
  Time since last request: 0.000025 seconds.
  path: Assets/CardGameUIEffects/Assets/Animations/Characters/BadEgg/BadEgg_10.png
  artifactKey: Guid(58f3ff2db38c9c14d841ea9cb6cca82d) Importer(815301076,1909f56bfc062723c751e8b465ee728b)
Start importing Assets/CardGameUIEffects/Assets/Animations/Characters/BadEgg/BadEgg_10.png using Guid(58f3ff2db38c9c14d841ea9cb6cca82d) Importer(815301076,1909f56bfc062723c751e8b465ee728b)  -> (artifact id: 'a87e6835771665920d4952d31b1d8e54') in 0.022188 seconds 
========================================================================
Received Import Request.
  Time since last request: 0.000089 seconds.
  path: Assets/CardGameUIEffects/Assets/Textures/Arrows/ArrowHeadGray.png
  artifactKey: Guid(ec12f142743f4ec40b97e036c34e1f05) Importer(815301076,1909f56bfc062723c751e8b465ee728b)
Start importing Assets/CardGameUIEffects/Assets/Textures/Arrows/ArrowHeadGray.png using Guid(ec12f142743f4ec40b97e036c34e1f05) Importer(815301076,1909f56bfc062723c751e8b465ee728b)  -> (artifact id: '94b3d520c92a93a9724f379580fb816e') in 0.018995 seconds 
========================================================================
Received Import Request.
  Time since last request: 0.000088 seconds.
  path: Assets/CardGameUIEffects/Assets/Animations/Characters/BadEgg/BadEgg_19.png
  artifactKey: Guid(1ae6bc58c01b7c4499bbae3547a306e3) Importer(815301076,1909f56bfc062723c751e8b465ee728b)
Start importing Assets/CardGameUIEffects/Assets/Animations/Characters/BadEgg/BadEgg_19.png using Guid(1ae6bc58c01b7c4499bbae3547a306e3) Importer(815301076,1909f56bfc062723c751e8b465ee728b)  -> (artifact id: 'f6c06b8eff86a3705aa2e94038523fd8') in 0.025292 seconds 
========================================================================
Received Import Request.
  Time since last request: 0.000041 seconds.
  path: Assets/CardGameUIEffects/Assets/Animations/Characters/BadEgg/BadEgg_23.png
  artifactKey: Guid(d77ca1aa7ff1df04ab86d6c3b97e2c3d) Importer(815301076,1909f56bfc062723c751e8b465ee728b)
Start importing Assets/CardGameUIEffects/Assets/Animations/Characters/BadEgg/BadEgg_23.png using Guid(d77ca1aa7ff1df04ab86d6c3b97e2c3d) Importer(815301076,1909f56bfc062723c751e8b465ee728b)  -> (artifact id: '22cc5f6649a1727976b1c645541eb126') in 0.024697 seconds 
========================================================================
Received Import Request.
  Time since last request: 0.000034 seconds.
  path: Assets/Sprites/UI/card_bg.png
  artifactKey: Guid(f83d64e4485a09842893376e3bc1bb63) Importer(815301076,1909f56bfc062723c751e8b465ee728b)
Start importing Assets/Sprites/UI/card_bg.png using Guid(f83d64e4485a09842893376e3bc1bb63) Importer(815301076,1909f56bfc062723c751e8b465ee728b)  -> (artifact id: '76f5e3433fce023197f89a5ad1a88525') in 0.031235 seconds 
========================================================================
Received Import Request.
  Time since last request: 0.000023 seconds.
  path: Assets/CardGameUIEffects/Assets/Animations/Characters/BadEgg/BadEgg_17.png
  artifactKey: Guid(8ef6f85c84228094994ca2737dcdc646) Importer(815301076,1909f56bfc062723c751e8b465ee728b)
Start importing Assets/CardGameUIEffects/Assets/Animations/Characters/BadEgg/BadEgg_17.png using Guid(8ef6f85c84228094994ca2737dcdc646) Importer(815301076,1909f56bfc062723c751e8b465ee728b)  -> (artifact id: '3e0ab64dd35c628577bf36ea6f13587c') in 0.021555 seconds 
========================================================================
Received Import Request.
  Time since last request: 0.000031 seconds.
  path: Assets/Sprites/UI/boon_chilled.png
  artifactKey: Guid(7e8a286adb90344408c914ec367cb56e) Importer(815301076,1909f56bfc062723c751e8b465ee728b)
Start importing Assets/Sprites/UI/boon_chilled.png using Guid(7e8a286adb90344408c914ec367cb56e) Importer(815301076,1909f56bfc062723c751e8b465ee728b)  -> (artifact id: '4a13b5232069da7969718d6b94770bb0') in 0.022340 seconds 
========================================================================
Received Import Request.
  Time since last request: 0.000043 seconds.
  path: Assets/CardGameUIEffects/Assets/Animations/Characters/BadEgg/BadEgg_14.png
  artifactKey: Guid(d09cd7df8343dab4da2cb06f7c58e0b2) Importer(815301076,1909f56bfc062723c751e8b465ee728b)
Start importing Assets/CardGameUIEffects/Assets/Animations/Characters/BadEgg/BadEgg_14.png using Guid(d09cd7df8343dab4da2cb06f7c58e0b2) Importer(815301076,1909f56bfc062723c751e8b465ee728b)  -> (artifact id: '6e6e1decff10f1313b495616cbde866d') in 0.021506 seconds 
========================================================================
Received Import Request.
  Time since last request: 0.000031 seconds.
  path: Assets/CardGameUIEffects/Assets/Animations/Characters/BadEgg/BadEgg_16.png
  artifactKey: Guid(64dcb0def265e2c4b806820dd064ba61) Importer(815301076,1909f56bfc062723c751e8b465ee728b)
Start importing Assets/CardGameUIEffects/Assets/Animations/Characters/BadEgg/BadEgg_16.png using Guid(64dcb0def265e2c4b806820dd064ba61) Importer(815301076,1909f56bfc062723c751e8b465ee728b)  -> (artifact id: 'da50a08366e825eb2012ad1925838e12') in 0.019275 seconds 
========================================================================
Received Import Request.
  Time since last request: 2.681520 seconds.
  path: Assets/Sprites/Cards/ClawAttack_card.png
  artifactKey: Guid(1527f51d87cba54418aba6cdf3420023) Importer(815301076,1909f56bfc062723c751e8b465ee728b)
Start importing Assets/Sprites/Cards/ClawAttack_card.png using Guid(1527f51d87cba54418aba6cdf3420023) Importer(815301076,1909f56bfc062723c751e8b465ee728b)  -> (artifact id: 'b8be7e20a8a4f2adcf901c30dbdd2719') in 0.020838 seconds 
========================================================================
Received Import Request.
  Time since last request: 1.420345 seconds.
  path: Assets/Images/cursed-star.png
  artifactKey: Guid(740d5a75e63eae545aa8b54f094781bd) Importer(815301076,1909f56bfc062723c751e8b465ee728b)
Start importing Assets/Images/cursed-star.png using Guid(740d5a75e63eae545aa8b54f094781bd) Importer(815301076,1909f56bfc062723c751e8b465ee728b)  -> (artifact id: '4e955f04ca7e1c3ac3ad67fc315a1284') in 0.031425 seconds 
========================================================================
Received Import Request.
  Time since last request: 0.000033 seconds.
  path: Assets/Sprites/Cards/debuff_img.png
  artifactKey: Guid(5f085de587f1e254e91c210471a50d35) Importer(815301076,1909f56bfc062723c751e8b465ee728b)
Start importing Assets/Sprites/Cards/debuff_img.png using Guid(5f085de587f1e254e91c210471a50d35) Importer(815301076,1909f56bfc062723c751e8b465ee728b)  -> (artifact id: '7702d489ad7cab3b12282171c5a1a489') in 0.023061 seconds 
========================================================================
Received Import Request.
  Time since last request: 0.012360 seconds.
  path: Assets/Images/dna1.png
  artifactKey: Guid(0c9b49d3108250c4b923c59145eb725d) Importer(815301076,1909f56bfc062723c751e8b465ee728b)
Start importing Assets/Images/dna1.png using Guid(0c9b49d3108250c4b923c59145eb725d) Importer(815301076,1909f56bfc062723c751e8b465ee728b)  -> (artifact id: 'ed8b22b5fdfd3f6cc12669f414b3ba2e') in 0.033185 seconds 
========================================================================
Received Import Request.
  Time since last request: 7.274840 seconds.
  path: Assets/Sprites/UI/draw_deck.png
  artifactKey: Guid(9a9f51e8d3a9c4c47af7cf874023c052) Importer(815301076,1909f56bfc062723c751e8b465ee728b)
Start importing Assets/Sprites/UI/draw_deck.png using Guid(9a9f51e8d3a9c4c47af7cf874023c052) Importer(815301076,1909f56bfc062723c751e8b465ee728b)  -> (artifact id: '91ce720317e0af1dab0eecd777d99fad') in 0.024223 seconds 
========================================================================
Received Import Request.
  Time since last request: 0.000025 seconds.
  path: Assets/CardGameUIEffects/Assets/Animations/DrawPile/DrawPile_00.png
  artifactKey: Guid(ade1df535cb0aed4593af405440eaaf8) Importer(815301076,1909f56bfc062723c751e8b465ee728b)
Start importing Assets/CardGameUIEffects/Assets/Animations/DrawPile/DrawPile_00.png using Guid(ade1df535cb0aed4593af405440eaaf8) Importer(815301076,1909f56bfc062723c751e8b465ee728b)  -> (artifact id: 'af1eaf3f8ca0c08040b253052e64586a') in 0.025912 seconds 
========================================================================
Received Import Request.
  Time since last request: 0.001704 seconds.
  path: Assets/CardGameUIEffects/Assets/Animations/DrawPile/DrawPile_04.png
  artifactKey: Guid(a8db8050c7ac2a842ac864561b142245) Importer(815301076,1909f56bfc062723c751e8b465ee728b)
Start importing Assets/CardGameUIEffects/Assets/Animations/DrawPile/DrawPile_04.png using Guid(a8db8050c7ac2a842ac864561b142245) Importer(815301076,1909f56bfc062723c751e8b465ee728b)  -> (artifact id: '67dd4f31c12d762335a2768281e22a5b') in 0.029587 seconds 
========================================================================
Received Import Request.
  Time since last request: 0.166033 seconds.
  path: Assets/CardGameUIEffects/Assets/Animations/DrawPile/DrawPile_07.png
  artifactKey: Guid(b90788203ece2a34e951f5b1dbdc2c4d) Importer(815301076,1909f56bfc062723c751e8b465ee728b)
Start importing Assets/CardGameUIEffects/Assets/Animations/DrawPile/DrawPile_07.png using Guid(b90788203ece2a34e951f5b1dbdc2c4d) Importer(815301076,1909f56bfc062723c751e8b465ee728b)  -> (artifact id: '6186223638f8e9a705e906fbee07a09c') in 0.025806 seconds 
========================================================================
Received Import Request.
  Time since last request: 0.015026 seconds.
  path: Assets/CardGameUIEffects/Assets/Animations/DrawPile/DrawPile_11.png
  artifactKey: Guid(c293ee3d780b04a4195e335944eb0780) Importer(815301076,1909f56bfc062723c751e8b465ee728b)
Start importing Assets/CardGameUIEffects/Assets/Animations/DrawPile/DrawPile_11.png using Guid(c293ee3d780b04a4195e335944eb0780) Importer(815301076,1909f56bfc062723c751e8b465ee728b)  -> (artifact id: 'efc3fd12b0b7b6bd4722c8fbb2617f09') in 0.021273 seconds 
========================================================================
Received Import Request.
  Time since last request: 0.000032 seconds.
  path: Assets/CardGameUIEffects/Assets/Animations/DrawPile/DrawPile_15.png
  artifactKey: Guid(a9c51df52f1b1154590836fa72dc4996) Importer(815301076,1909f56bfc062723c751e8b465ee728b)
Start importing Assets/CardGameUIEffects/Assets/Animations/DrawPile/DrawPile_15.png using Guid(a9c51df52f1b1154590836fa72dc4996) Importer(815301076,1909f56bfc062723c751e8b465ee728b)  -> (artifact id: '1db619b91a5e4b611835e7d88520740e') in 0.027207 seconds 
========================================================================
Received Import Request.
  Time since last request: 0.000034 seconds.
  path: Assets/CardGameUIEffects/Assets/Animations/DrawPile/DrawPile_19.png
  artifactKey: Guid(a50553f4f9bf9bc419daa5ba476e363f) Importer(815301076,1909f56bfc062723c751e8b465ee728b)
Start importing Assets/CardGameUIEffects/Assets/Animations/DrawPile/DrawPile_19.png using Guid(a50553f4f9bf9bc419daa5ba476e363f) Importer(815301076,1909f56bfc062723c751e8b465ee728b)  -> (artifact id: 'da7e03e5f677e2b38a7148b41069315b') in 0.025910 seconds 
========================================================================
Received Import Request.
  Time since last request: 0.008177 seconds.
  path: Assets/CardGameUIEffects/Assets/Animations/DrawPile/DrawPile_23.png
  artifactKey: Guid(6f161e64a4b280a4398bd840e3f0add1) Importer(815301076,1909f56bfc062723c751e8b465ee728b)
Start importing Assets/CardGameUIEffects/Assets/Animations/DrawPile/DrawPile_23.png using Guid(6f161e64a4b280a4398bd840e3f0add1) Importer(815301076,1909f56bfc062723c751e8b465ee728b)  -> (artifact id: '34eeb7d39980a9bbc9c91ec34a5c4d6c') in 0.024503 seconds 
========================================================================
Received Import Request.
  Time since last request: 0.000024 seconds.
  path: Assets/Sprites/UI/Exhaust_deck.png
  artifactKey: Guid(caf366e49230c30418e1d4bd6ce85544) Importer(815301076,1909f56bfc062723c751e8b465ee728b)
Start importing Assets/Sprites/UI/Exhaust_deck.png using Guid(caf366e49230c30418e1d4bd6ce85544) Importer(815301076,1909f56bfc062723c751e8b465ee728b)  -> (artifact id: '6fdd7dd2f65def1ceef1ae295daba374') in 0.021863 seconds 
========================================================================
Received Import Request.
  Time since last request: 0.000031 seconds.
  path: Assets/Images/Explorators/exp-Jeweler.png
  artifactKey: Guid(d8592f820eafff74bb6577ddd2b9e6f0) Importer(815301076,1909f56bfc062723c751e8b465ee728b)
Start importing Assets/Images/Explorators/exp-Jeweler.png using Guid(d8592f820eafff74bb6577ddd2b9e6f0) Importer(815301076,1909f56bfc062723c751e8b465ee728b)  -> (artifact id: '06104ab4770105b64745c05ae514f2c3') in 0.034336 seconds 
========================================================================
Received Import Request.
  Time since last request: 0.000019 seconds.
  path: Assets/Sprites/UI/EndTurn_button.png
  artifactKey: Guid(231032a8472ac7d47a3039fbeb186824) Importer(815301076,1909f56bfc062723c751e8b465ee728b)
Start importing Assets/Sprites/UI/EndTurn_button.png using Guid(231032a8472ac7d47a3039fbeb186824) Importer(815301076,1909f56bfc062723c751e8b465ee728b)  -> (artifact id: 'af3baae5257ec398cf118d9473bf9011') in 0.029828 seconds 
========================================================================
Received Import Request.
  Time since last request: 26.301146 seconds.
  path: Assets/Resources/Actives/AttackTwice.asset
  artifactKey: Guid(3d6d59fc37cbab340a9124f9312d6351) Importer(815301076,1909f56bfc062723c751e8b465ee728b)
Start importing Assets/Resources/Actives/AttackTwice.asset using Guid(3d6d59fc37cbab340a9124f9312d6351) Importer(815301076,1909f56bfc062723c751e8b465ee728b)  -> (artifact id: '55985161bf91d6ccebdafd3031dfa944') in 0.006386 seconds 
========================================================================
Received Import Request.
  Time since last request: 0.000019 seconds.
  path: Assets/Resources/Actives/ToothForTooth.asset
  artifactKey: Guid(60740c37ab6a92546a46dd90d66e1cf3) Importer(815301076,1909f56bfc062723c751e8b465ee728b)
Start importing Assets/Resources/Actives/ToothForTooth.asset using Guid(60740c37ab6a92546a46dd90d66e1cf3) Importer(815301076,1909f56bfc062723c751e8b465ee728b)  -> (artifact id: 'f2da99463adff5d5185f98a461a9fcbe') in 0.005753 seconds 
========================================================================
Received Import Request.
  Time since last request: 9.199555 seconds.
  path: Assets/Resources/AbilityTrees/FireCrabAbilityTree.asset
  artifactKey: Guid(f6476787307250f4588df08e9a31b83b) Importer(815301076,1909f56bfc062723c751e8b465ee728b)
Start importing Assets/Resources/AbilityTrees/FireCrabAbilityTree.asset using Guid(f6476787307250f4588df08e9a31b83b) Importer(815301076,1909f56bfc062723c751e8b465ee728b)  -> (artifact id: '8918a4202c3e91b06390b844421872ad') in 0.006847 seconds 
Editor requested this worker to shutdown with reason: Scaling down because of idle timeout
AssetImportWorker is now disconnected from the server
Process exiting
Exiting without the bug reporter. Application will terminate with return code 0