Using pre-set license
Built from '2022.1/staging' branch; Version is '2022.1.7f1 (240f4c1f462c) revision 2363212'; Using compiler version '192829333'; Build Type 'Release'
OS: 'Windows 10  (10.0.19044) 64bit Core' Language: 'en' Physical Memory: 16322 MB
BatchMode: 1, IsHumanControllingUs: 0, StartBugReporterOnCrash: 0, Is64bit: 1, IsPro: 1

COMMAND LINE ARGUMENTS:
C:\Program Files\Unity\Hub\Editor\2022.1.7f1\Editor\Unity.exe
-adb2
-batchMode
-noUpm
-name
AssetImportWorker16
-projectPath
C:/Users/minig/Documents/Projects/Turquoise Flavour
-logFile
Logs/AssetImportWorker16.log
-srvPort
58203
Successfully changed project path to: C:/Users/minig/Documents/Projects/Turquoise Flavour
C:/Users/minig/Documents/Projects/Turquoise Flavour
[UnityMemory] Configuration Parameters - Can be set up in boot.config
    "memorysetup-bucket-allocator-granularity=16"
    "memorysetup-bucket-allocator-bucket-count=8"
    "memorysetup-bucket-allocator-block-size=33554432"
    "memorysetup-bucket-allocator-block-count=8"
    "memorysetup-main-allocator-block-size=16777216"
    "memorysetup-thread-allocator-block-size=16777216"
    "memorysetup-gfx-main-allocator-block-size=16777216"
    "memorysetup-gfx-thread-allocator-block-size=16777216"
    "memorysetup-cache-allocator-block-size=4194304"
    "memorysetup-typetree-allocator-block-size=2097152"
    "memorysetup-profiler-bucket-allocator-granularity=16"
    "memorysetup-profiler-bucket-allocator-bucket-count=8"
    "memorysetup-profiler-bucket-allocator-block-size=33554432"
    "memorysetup-profiler-bucket-allocator-block-count=8"
    "memorysetup-profiler-allocator-block-size=16777216"
    "memorysetup-profiler-editor-allocator-block-size=1048576"
    "memorysetup-temp-allocator-size-main=16777216"
    "memorysetup-job-temp-allocator-block-size=2097152"
    "memorysetup-job-temp-allocator-block-size-background=1048576"
    "memorysetup-job-temp-allocator-reduction-small-platforms=262144"
    "memorysetup-temp-allocator-size-background-worker=32768"
    "memorysetup-temp-allocator-size-job-worker=262144"
    "memorysetup-temp-allocator-size-preload-manager=33554432"
    "memorysetup-temp-allocator-size-nav-mesh-worker=65536"
    "memorysetup-temp-allocator-size-audio-worker=65536"
    "memorysetup-temp-allocator-size-cloud-worker=32768"
    "memorysetup-temp-allocator-size-gi-baking-worker=262144"
    "memorysetup-temp-allocator-size-gfx=262144"
Refreshing native plugins compatible for Editor in 127.83 ms, found 2 plugins.
Preloading 0 native plugins for Editor in 0.00 ms.
Initialize engine version: 2022.1.7f1 (240f4c1f462c)
[Subsystems] Discovering subsystems at path C:/Program Files/Unity/Hub/Editor/2022.1.7f1/Editor/Data/Resources/UnitySubsystems
[Subsystems] Discovering subsystems at path C:/Users/minig/Documents/Projects/Turquoise Flavour/Assets
GfxDevice: creating device client; threaded=0; jobified=0
Direct3D:
    Version:  Direct3D 11.0 [level 11.1]
    Renderer: NVIDIA GeForce RTX 2070 (ID=0x1f02)
    Vendor:   NVIDIA
    VRAM:     8031 MB
    Driver:   30.0.15.1215
Shader 'MoreMountains/MMRipple': fallback shader 'Particle/AlphaBlended' not found
Initialize mono
Mono path[0] = 'C:/Program Files/Unity/Hub/Editor/2022.1.7f1/Editor/Data/Managed'
Mono path[1] = 'C:/Program Files/Unity/Hub/Editor/2022.1.7f1/Editor/Data/MonoBleedingEdge/lib/mono/unityjit-win32'
Mono config path = 'C:/Program Files/Unity/Hub/Editor/2022.1.7f1/Editor/Data/MonoBleedingEdge/etc'
Using monoOptions --debugger-agent=transport=dt_socket,embedding=1,server=y,suspend=n,address=127.0.0.1:56776
Begin MonoManager ReloadAssembly
Registering precompiled unity dll's ...
Register platform support module: C:/Program Files/Unity/Hub/Editor/2022.1.7f1/Editor/Data/PlaybackEngines/WindowsStandaloneSupport/UnityEditor.WindowsStandalone.Extensions.dll
Registered in 0.007647 seconds.
Native extension for WindowsStandalone target not found
Refreshing native plugins compatible for Editor in 79.91 ms, found 2 plugins.
Preloading 0 native plugins for Editor in 0.00 ms.
Mono: successfully reloaded assembly
- Completed reload, in  0.707 seconds
Domain Reload Profiling:
	ReloadAssembly (707ms)
		BeginReloadAssembly (82ms)
			ExecutionOrderSort (0ms)
			DisableScriptedObjects (0ms)
			BackupInstance (0ms)
			ReleaseScriptingObjects (0ms)
			CreateAndSetChildDomain (1ms)
		EndReloadAssembly (487ms)
			LoadAssemblies (79ms)
			RebuildTransferFunctionScriptingTraits (0ms)
			SetupTypeCache (139ms)
				TypeCache.Initialize (138ms)
					TypeCache.ScanAssembly (134ms)
				ResolveRequiredComponents (1ms)
			ReleaseScriptCaches (0ms)
			RebuildScriptCaches (35ms)
			SetupLoadedEditorAssemblies (253ms)
				LogAssemblyErrors (0ms)
				InitializePlatformSupportModulesInManaged (8ms)
				SetLoadedEditorAssemblies (9ms)
				RefreshPlugins (80ms)
				BeforeProcessingInitializeOnLoad (1ms)
				ProcessInitializeOnLoadAttributes (116ms)
				ProcessInitializeOnLoadMethodAttributes (39ms)
				AfterProcessingInitializeOnLoad (0ms)
				EditorAssembliesLoaded (0ms)
			ExecutionOrderSort2 (0ms)
			AwakeInstancesAfterBackupRestoration (0ms)
Platform modules already initialized, skipping
Registering precompiled user dll's ...
Registered in 0.006316 seconds.
Begin MonoManager ReloadAssembly
Native extension for WindowsStandalone target not found
Refreshing native plugins compatible for Editor in 75.17 ms, found 2 plugins.
Preloading 0 native plugins for Editor in 0.00 ms.
Package Manager log level set to [2]
[Package Manager] Server::EnsureServerProcessIsRunning -- launch failed, reason: Unity was launched with the -noUpm command-line argument
[Package Manager] UpmClient::Send -- Unable to send message (not connected to UPM process).
[Package Manager] Cannot connect to Unity Package Manager local server
Mono: successfully reloaded assembly
- Completed reload, in  1.316 seconds
Domain Reload Profiling:
	ReloadAssembly (1317ms)
		BeginReloadAssembly (108ms)
			ExecutionOrderSort (0ms)
			DisableScriptedObjects (5ms)
			BackupInstance (0ms)
			ReleaseScriptingObjects (0ms)
			CreateAndSetChildDomain (21ms)
		EndReloadAssembly (1106ms)
			LoadAssemblies (86ms)
			RebuildTransferFunctionScriptingTraits (0ms)
			SetupTypeCache (230ms)
				TypeCache.Initialize (213ms)
					TypeCache.ScanAssembly (210ms)
				ResolveRequiredComponents (16ms)
			ReleaseScriptCaches (1ms)
			RebuildScriptCaches (74ms)
			SetupLoadedEditorAssemblies (666ms)
				LogAssemblyErrors (0ms)
				InitializePlatformSupportModulesInManaged (4ms)
				SetLoadedEditorAssemblies (8ms)
				RefreshPlugins (75ms)
				BeforeProcessingInitializeOnLoad (111ms)
				ProcessInitializeOnLoadAttributes (298ms)
				ProcessInitializeOnLoadMethodAttributes (165ms)
				AfterProcessingInitializeOnLoad (7ms)
				EditorAssembliesLoaded (0ms)
			ExecutionOrderSort2 (0ms)
			AwakeInstancesAfterBackupRestoration (5ms)
Platform modules already initialized, skipping
========================================================================
Worker process is ready to serve import requests
Shader 'MoreMountains/MMRipple': fallback shader 'Particle/AlphaBlended' not found
Launched and connected shader compiler UnityShaderCompiler.exe after 0.04 seconds
Refreshing native plugins compatible for Editor in 1.45 ms, found 2 plugins.
Preloading 0 native plugins for Editor in 0.00 ms.
Unloading 5041 Unused Serialized files (Serialized files now loaded: 0)
Unloading 62 unused Assets / (323.7 KB). Loaded Objects now: 5615.
Memory consumption went from 0.89 GB to 0.89 GB.
Total: 6.495500 ms (FindLiveObjects: 0.698500 ms CreateObjectMapping: 0.722300 ms MarkObjects: 4.998000 ms  DeleteObjects: 0.076000 ms)

AssetImportParameters requested are different than current active one (requested -> active):
  custom:video-decoder-ogg-theora: a1e56fd34408186e4bbccfd4996cb3dc -> 
  custom:container-muxer-webm: aa71ff27fc2769a1b78a27578f13a17b -> 
  custom:container-demuxer-webm: 4f35f7cbe854078d1ac9338744f61a02 -> 
  custom:video-encoder-webm-vp8: eb34c28f22e8b96e1ab97ce403110664 -> 
  custom:audio-encoder-webm-vorbis: bf7c407c2cedff20999df2af8eb42d56 -> 
  custom:framework-win-MediaFoundation: 216162199b28c13a410421893ffa2e32 -> 
  custom:container-demuxer-ogg: 62fdf1f143b41e24485cea50d1cbac27 -> 
  custom:video-decoder-webm-vp8: 9c59270c3fd7afecdb556c50c9e8de78 -> 
  custom:audio-decoder-ogg-vorbis: bf7c407c2cedff20999df2af8eb42d56 -> 
========================================================================
Received Prepare
Registering precompiled user dll's ...
Registered in 0.006887 seconds.
Begin MonoManager ReloadAssembly
Native extension for WindowsStandalone target not found
Refreshing native plugins compatible for Editor in 1.78 ms, found 2 plugins.
Preloading 0 native plugins for Editor in 0.00 ms.
[Package Manager] Server::EnsureServerProcessIsRunning -- launch failed, reason: Unity was launched with the -noUpm command-line argument
[Package Manager] UpmClient::Send -- Unable to send message (not connected to UPM process).
[Package Manager] Cannot connect to Unity Package Manager local server
Mono: successfully reloaded assembly
- Completed reload, in  1.171 seconds
Domain Reload Profiling:
	ReloadAssembly (1172ms)
		BeginReloadAssembly (133ms)
			ExecutionOrderSort (0ms)
			DisableScriptedObjects (6ms)
			BackupInstance (0ms)
			ReleaseScriptingObjects (0ms)
			CreateAndSetChildDomain (41ms)
		EndReloadAssembly (952ms)
			LoadAssemblies (85ms)
			RebuildTransferFunctionScriptingTraits (0ms)
			SetupTypeCache (216ms)
				TypeCache.Initialize (200ms)
					TypeCache.ScanAssembly (196ms)
				ResolveRequiredComponents (16ms)
			ReleaseScriptCaches (1ms)
			RebuildScriptCaches (42ms)
			SetupLoadedEditorAssemblies (553ms)
				LogAssemblyErrors (0ms)
				InitializePlatformSupportModulesInManaged (11ms)
				SetLoadedEditorAssemblies (8ms)
				RefreshPlugins (2ms)
				BeforeProcessingInitializeOnLoad (85ms)
				ProcessInitializeOnLoadAttributes (267ms)
				ProcessInitializeOnLoadMethodAttributes (173ms)
				AfterProcessingInitializeOnLoad (7ms)
				EditorAssembliesLoaded (0ms)
			ExecutionOrderSort2 (0ms)
			AwakeInstancesAfterBackupRestoration (8ms)
Platform modules already initialized, skipping
Shader 'MoreMountains/MMRipple': fallback shader 'Particle/AlphaBlended' not found
Refreshing native plugins compatible for Editor in 6.42 ms, found 2 plugins.
Preloading 0 native plugins for Editor in 0.00 ms.
Unloading 4863 Unused Serialized files (Serialized files now loaded: 0)
Unloading 52 unused Assets / (314.8 KB). Loaded Objects now: 5619.
Memory consumption went from 0.89 GB to 0.89 GB.
Total: 8.985800 ms (FindLiveObjects: 0.622900 ms CreateObjectMapping: 0.671600 ms MarkObjects: 7.539000 ms  DeleteObjects: 0.150800 ms)

AssetImportParameters requested are different than current active one (requested -> active):
  custom:video-decoder-ogg-theora: a1e56fd34408186e4bbccfd4996cb3dc -> 
  custom:container-muxer-webm: aa71ff27fc2769a1b78a27578f13a17b -> 
  custom:container-demuxer-webm: 4f35f7cbe854078d1ac9338744f61a02 -> 
  custom:video-encoder-webm-vp8: eb34c28f22e8b96e1ab97ce403110664 -> 
  custom:audio-encoder-webm-vorbis: bf7c407c2cedff20999df2af8eb42d56 -> 
  custom:framework-win-MediaFoundation: 216162199b28c13a410421893ffa2e32 -> 
  custom:container-demuxer-ogg: 62fdf1f143b41e24485cea50d1cbac27 -> 
  custom:video-decoder-webm-vp8: 9c59270c3fd7afecdb556c50c9e8de78 -> 
  custom:audio-decoder-ogg-vorbis: bf7c407c2cedff20999df2af8eb42d56 -> 
========================================================================
Received Import Request.
  Time since last request: 871470.495484 seconds.
  path: Assets/CreatureCards/creature_bg/01.png
  artifactKey: Guid(6059f1eb1ed52ce429dd2acd08d1d956) Importer(815301076,1909f56bfc062723c751e8b465ee728b)
Start importing Assets/CreatureCards/creature_bg/01.png using Guid(6059f1eb1ed52ce429dd2acd08d1d956) Importer(815301076,1909f56bfc062723c751e8b465ee728b)  -> (artifact id: '4e233052e0775fe7d851dc45fd818296') in 0.350391 seconds 
========================================================================
Received Import Request.
  Time since last request: 0.000023 seconds.
  path: Assets/CreatureCards/creature_transparent/23.png
  artifactKey: Guid(e75779cea0ec93b46852e8889116e21a) Importer(815301076,1909f56bfc062723c751e8b465ee728b)
Start importing Assets/CreatureCards/creature_transparent/23.png using Guid(e75779cea0ec93b46852e8889116e21a) Importer(815301076,1909f56bfc062723c751e8b465ee728b)  -> (artifact id: '408fcc9ae71d536196e56490d96ea341') in 0.298958 seconds 
========================================================================
Received Import Request.
  Time since last request: 0.000029 seconds.
  path: Assets/CreatureCards/creature_bg/33.png
  artifactKey: Guid(054b4d4758b7acd44a2a5f600b422e57) Importer(815301076,1909f56bfc062723c751e8b465ee728b)
Start importing Assets/CreatureCards/creature_bg/33.png using Guid(054b4d4758b7acd44a2a5f600b422e57) Importer(815301076,1909f56bfc062723c751e8b465ee728b)  -> (artifact id: '0e9fbb838039bebee14ef865d463b35a') in 0.289006 seconds 
========================================================================
Received Import Request.
  Time since last request: 0.000021 seconds.
  path: Assets/CreatureCards/creature_transparent/29.png
  artifactKey: Guid(8776aa2cc02ee87488917936e6a814b5) Importer(815301076,1909f56bfc062723c751e8b465ee728b)
Start importing Assets/CreatureCards/creature_transparent/29.png using Guid(8776aa2cc02ee87488917936e6a814b5) Importer(815301076,1909f56bfc062723c751e8b465ee728b)  -> (artifact id: 'e196dcd60d777f3283be5db736bf2115') in 0.296715 seconds 
========================================================================
Received Import Request.
  Time since last request: 0.000033 seconds.
  path: Assets/CreatureCards/creature_transparent/16.png
  artifactKey: Guid(e5a5edd454fc85b40b7a2f329c61ccb2) Importer(815301076,1909f56bfc062723c751e8b465ee728b)
Start importing Assets/CreatureCards/creature_transparent/16.png using Guid(e5a5edd454fc85b40b7a2f329c61ccb2) Importer(815301076,1909f56bfc062723c751e8b465ee728b)  -> (artifact id: 'be6349b86e5d414ddb8fc5fa65e80bc6') in 0.271988 seconds 
========================================================================
Received Import Request.
  Time since last request: 0.000029 seconds.
  path: Assets/CreatureCards/creature_bg/07.png
  artifactKey: Guid(3f069648171ec8c489bdb4236e68f83b) Importer(815301076,1909f56bfc062723c751e8b465ee728b)
Start importing Assets/CreatureCards/creature_bg/07.png using Guid(3f069648171ec8c489bdb4236e68f83b) Importer(815301076,1909f56bfc062723c751e8b465ee728b)  -> (artifact id: '9af7d1d01f11114b0aae044a4b420ed2') in 0.310503 seconds 
========================================================================
Received Import Request.
  Time since last request: 0.000031 seconds.
  path: Assets/CreatureCards/creature_transparent/18.png
  artifactKey: Guid(a10e8f9a5357be34686acc1e3a0feb70) Importer(815301076,1909f56bfc062723c751e8b465ee728b)
Start importing Assets/CreatureCards/creature_transparent/18.png using Guid(a10e8f9a5357be34686acc1e3a0feb70) Importer(815301076,1909f56bfc062723c751e8b465ee728b)  -> (artifact id: '7cabde02a6f296fa6192c3251a3fa0e6') in 0.234788 seconds 
========================================================================
Received Import Request.
  Time since last request: 0.000020 seconds.
  path: Assets/CreatureCards/creature_bg/04.png
  artifactKey: Guid(092e263f90ec552409873ee049db3904) Importer(815301076,1909f56bfc062723c751e8b465ee728b)
Start importing Assets/CreatureCards/creature_bg/04.png using Guid(092e263f90ec552409873ee049db3904) Importer(815301076,1909f56bfc062723c751e8b465ee728b)  -> (artifact id: '38a31ec208d2bf96e9b40a59cdcab6c0') in 0.295583 seconds 
========================================================================
Received Import Request.
  Time since last request: 0.000027 seconds.
  path: Assets/CreatureCards/creature_transparent/03.png
  artifactKey: Guid(da7938f70b4cf664cb2a601692bcfc66) Importer(815301076,1909f56bfc062723c751e8b465ee728b)
Start importing Assets/CreatureCards/creature_transparent/03.png using Guid(da7938f70b4cf664cb2a601692bcfc66) Importer(815301076,1909f56bfc062723c751e8b465ee728b)  -> (artifact id: 'ec7e82f6f82ac9bad4d7e13139b4d751') in 0.218793 seconds 
========================================================================
Received Import Request.
  Time since last request: 0.000022 seconds.
  path: Assets/CreatureCards/creature_bg/14.png
  artifactKey: Guid(f499c906fbc616042ac12e7a1e1d599f) Importer(815301076,1909f56bfc062723c751e8b465ee728b)
Start importing Assets/CreatureCards/creature_bg/14.png using Guid(f499c906fbc616042ac12e7a1e1d599f) Importer(815301076,1909f56bfc062723c751e8b465ee728b)  -> (artifact id: '0c281440fec0e0b2ae1cd5fc20a933da') in 0.264004 seconds 
========================================================================
Received Import Request.
  Time since last request: 0.000029 seconds.
  path: Assets/CreatureCards/creature_transparent/24.png
  artifactKey: Guid(a725428b7592dca44ae74d2dedaec6b0) Importer(815301076,1909f56bfc062723c751e8b465ee728b)
Start importing Assets/CreatureCards/creature_transparent/24.png using Guid(a725428b7592dca44ae74d2dedaec6b0) Importer(815301076,1909f56bfc062723c751e8b465ee728b)  -> (artifact id: '463220626077e3afb26456c2691ee6ee') in 0.208069 seconds 
========================================================================
Received Import Request.
  Time since last request: 0.000049 seconds.
  path: Assets/CreatureCards/creature_transparent/15.png
  artifactKey: Guid(9c97a07b18d91484a81858ca31157efd) Importer(815301076,1909f56bfc062723c751e8b465ee728b)
Start importing Assets/CreatureCards/creature_transparent/15.png using Guid(9c97a07b18d91484a81858ca31157efd) Importer(815301076,1909f56bfc062723c751e8b465ee728b)  -> (artifact id: '046bceec92a1600b4d38669ae55d1c39') in 0.245030 seconds 
========================================================================
Received Import Request.
  Time since last request: 0.000028 seconds.
  path: Assets/CreatureCards/creature_transparent/22.png
  artifactKey: Guid(13e58a0f618cb7249837486a0b17f4ae) Importer(815301076,1909f56bfc062723c751e8b465ee728b)
Start importing Assets/CreatureCards/creature_transparent/22.png using Guid(13e58a0f618cb7249837486a0b17f4ae) Importer(815301076,1909f56bfc062723c751e8b465ee728b)  -> (artifact id: '0789d0181c7ffbab5a4d49d5b423ce0a') in 0.260269 seconds 
========================================================================
Received Import Request.
  Time since last request: 0.000043 seconds.
  path: Assets/CreatureCards/creature_bg/22.png
  artifactKey: Guid(6bc156ed55606104d9fe783ef81b09db) Importer(815301076,1909f56bfc062723c751e8b465ee728b)
Start importing Assets/CreatureCards/creature_bg/22.png using Guid(6bc156ed55606104d9fe783ef81b09db) Importer(815301076,1909f56bfc062723c751e8b465ee728b)  -> (artifact id: '31870ffcdb94f266191aef326874ce90') in 0.257788 seconds 
========================================================================
Received Import Request.
  Time since last request: 0.000027 seconds.
  path: Assets/CreatureCards/creature_bg/13.png
  artifactKey: Guid(b4ae9f7a1fcc95548a84439872e6ab7a) Importer(815301076,1909f56bfc062723c751e8b465ee728b)
Start importing Assets/CreatureCards/creature_bg/13.png using Guid(b4ae9f7a1fcc95548a84439872e6ab7a) Importer(815301076,1909f56bfc062723c751e8b465ee728b)  -> (artifact id: '9097d63e35ead572ae3e410d6d17dc2a') in 0.226829 seconds 
========================================================================
Received Import Request.
  Time since last request: 0.000023 seconds.
  path: Assets/Sprites/Cards/generic_window.png
  artifactKey: Guid(8f31d9d0c41faa44e9c2a05c9a2beefc) Importer(815301076,1909f56bfc062723c751e8b465ee728b)
Start importing Assets/Sprites/Cards/generic_window.png using Guid(8f31d9d0c41faa44e9c2a05c9a2beefc) Importer(815301076,1909f56bfc062723c751e8b465ee728b)  -> (artifact id: '25310b0cc8157a3f65d31a02bfb3dc03') in 0.040348 seconds 
========================================================================
Received Import Request.
  Time since last request: 0.000029 seconds.
  path: Assets/Feel/MMTools/Tools/MMPrototypeTextures/Textures/MMProtoTextures/MMProtoTextures_RedDots.png
  artifactKey: Guid(caa99440fded2af41b1d0c99fea51b69) Importer(815301076,1909f56bfc062723c751e8b465ee728b)
Start importing Assets/Feel/MMTools/Tools/MMPrototypeTextures/Textures/MMProtoTextures/MMProtoTextures_RedDots.png using Guid(caa99440fded2af41b1d0c99fea51b69) Importer(815301076,1909f56bfc062723c751e8b465ee728b)  -> (artifact id: '9f9977caae247bf6e07f8884b2afa043') in 0.016853 seconds 
========================================================================
Received Import Request.
  Time since last request: 0.000020 seconds.
  path: Assets/CreatureCards/creature_transparent/14.png
  artifactKey: Guid(30d4d889d73890c4baad88f797d0d562) Importer(815301076,1909f56bfc062723c751e8b465ee728b)
Start importing Assets/CreatureCards/creature_transparent/14.png using Guid(30d4d889d73890c4baad88f797d0d562) Importer(815301076,1909f56bfc062723c751e8b465ee728b)  -> (artifact id: '0a2e70eedadb6eed2d5259432b14d0d9') in 0.189055 seconds 
========================================================================
Received Import Request.
  Time since last request: 0.000022 seconds.
  path: Assets/CreatureCards/creature_transparent/06.png
  artifactKey: Guid(881091f867bac294e91752f029930e52) Importer(815301076,1909f56bfc062723c751e8b465ee728b)
Start importing Assets/CreatureCards/creature_transparent/06.png using Guid(881091f867bac294e91752f029930e52) Importer(815301076,1909f56bfc062723c751e8b465ee728b)  -> (artifact id: '1fcb6207b3827e70381c6516a0693a7d') in 0.170752 seconds 
========================================================================
Received Import Request.
  Time since last request: 0.000026 seconds.
  path: Assets/CreatureCards/creature_bg/23.png
  artifactKey: Guid(7655297f14f573a42a951401ae046154) Importer(815301076,1909f56bfc062723c751e8b465ee728b)
Start importing Assets/CreatureCards/creature_bg/23.png using Guid(7655297f14f573a42a951401ae046154) Importer(815301076,1909f56bfc062723c751e8b465ee728b)  -> (artifact id: 'b9de8f1354d487c145ab0977537e8c9e') in 0.248804 seconds 
========================================================================
Received Import Request.
  Time since last request: 0.000023 seconds.
  path: Assets/Feel/MMTools/Tools/MMPrototypeTextures/Textures/MMProtoTextures/MMProtoTextures_DarkGreyDots.png
  artifactKey: Guid(8274e1a60f17f4e4890fc0814db5e357) Importer(815301076,1909f56bfc062723c751e8b465ee728b)
Start importing Assets/Feel/MMTools/Tools/MMPrototypeTextures/Textures/MMProtoTextures/MMProtoTextures_DarkGreyDots.png using Guid(8274e1a60f17f4e4890fc0814db5e357) Importer(815301076,1909f56bfc062723c751e8b465ee728b)  -> (artifact id: 'e0ff76c059fab508c6b1a909f5dd7039') in 0.015304 seconds 
========================================================================
Received Import Request.
  Time since last request: 0.000034 seconds.
  path: Assets/Feel/MMTools/Tools/MMPrototypeTextures/Textures/MMProtoTextures/MMProtoTextures_LightGreyDots.png
  artifactKey: Guid(04edc4cbd72331c43b3ac89c21f37980) Importer(815301076,1909f56bfc062723c751e8b465ee728b)
Start importing Assets/Feel/MMTools/Tools/MMPrototypeTextures/Textures/MMProtoTextures/MMProtoTextures_LightGreyDots.png using Guid(04edc4cbd72331c43b3ac89c21f37980) Importer(815301076,1909f56bfc062723c751e8b465ee728b)  -> (artifact id: 'f73f41131533c84abfac51c3a105e581') in 0.035668 seconds 
========================================================================
Received Import Request.
  Time since last request: 0.000032 seconds.
  path: Assets/CreatureCards/creature_transparent/33.png
  artifactKey: Guid(a3539a6665eb06b478140c8d572dad4a) Importer(815301076,1909f56bfc062723c751e8b465ee728b)
Start importing Assets/CreatureCards/creature_transparent/33.png using Guid(a3539a6665eb06b478140c8d572dad4a) Importer(815301076,1909f56bfc062723c751e8b465ee728b)  -> (artifact id: '96f813d11d228783ed860e1605e038d2') in 0.172025 seconds 
========================================================================
Received Import Request.
  Time since last request: 0.000032 seconds.
  path: Assets/CreatureCards/creature_transparent/32.png
  artifactKey: Guid(9824d4c55e8dd2a468ea9c3ef21bf2d2) Importer(815301076,1909f56bfc062723c751e8b465ee728b)
Start importing Assets/CreatureCards/creature_transparent/32.png using Guid(9824d4c55e8dd2a468ea9c3ef21bf2d2) Importer(815301076,1909f56bfc062723c751e8b465ee728b)  -> (artifact id: '252ae6b497e275daa63587a9c05c8df5') in 0.180797 seconds 
========================================================================
Received Import Request.
  Time since last request: 0.000033 seconds.
  path: Assets/CreatureCards/creature_transparent/26.png
  artifactKey: Guid(2bf4d55c136687b42beadc51e2250d57) Importer(815301076,1909f56bfc062723c751e8b465ee728b)
Start importing Assets/CreatureCards/creature_transparent/26.png using Guid(2bf4d55c136687b42beadc51e2250d57) Importer(815301076,1909f56bfc062723c751e8b465ee728b)  -> (artifact id: '5dc72ee00cedcdc4c18440ad5efc8d2f') in 0.184855 seconds 
========================================================================
Received Import Request.
  Time since last request: 0.000024 seconds.
  path: Assets/CreatureCards/creature_bg/29.png
  artifactKey: Guid(47ad5d7c153474340af20c5584309a52) Importer(815301076,1909f56bfc062723c751e8b465ee728b)
Start importing Assets/CreatureCards/creature_bg/29.png using Guid(47ad5d7c153474340af20c5584309a52) Importer(815301076,1909f56bfc062723c751e8b465ee728b)  -> (artifact id: 'e3cf5fe3cf8b7079fa7506e185f9adb1') in 0.250788 seconds 
========================================================================
Received Import Request.
  Time since last request: 0.000031 seconds.
  path: Assets/CreatureCards/creature_transparent/20.png
  artifactKey: Guid(524ca5ecdbec6514da2c059e05ad8873) Importer(815301076,1909f56bfc062723c751e8b465ee728b)
Start importing Assets/CreatureCards/creature_transparent/20.png using Guid(524ca5ecdbec6514da2c059e05ad8873) Importer(815301076,1909f56bfc062723c751e8b465ee728b)  -> (artifact id: '62827f7954bba0e41ec370deab125bcd') in 0.192201 seconds 
========================================================================
Received Import Request.
  Time since last request: 0.000045 seconds.
  path: Assets/CreatureCards/creature_bg/17.png
  artifactKey: Guid(e3ca3fa58832d374ba24074fabcb9f76) Importer(815301076,1909f56bfc062723c751e8b465ee728b)
Start importing Assets/CreatureCards/creature_bg/17.png using Guid(e3ca3fa58832d374ba24074fabcb9f76) Importer(815301076,1909f56bfc062723c751e8b465ee728b)  -> (artifact id: 'cf6e3453fd3c1d4dc517724fe3b1cf64') in 0.223330 seconds 
========================================================================
Received Import Request.
  Time since last request: 0.000018 seconds.
  path: Assets/CreatureCards/creature_bg/15.png
  artifactKey: Guid(2d7d9295f9607694d8d580a78737937f) Importer(815301076,1909f56bfc062723c751e8b465ee728b)
Start importing Assets/CreatureCards/creature_bg/15.png using Guid(2d7d9295f9607694d8d580a78737937f) Importer(815301076,1909f56bfc062723c751e8b465ee728b)  -> (artifact id: 'f3d03f6809b11bfa6df48fde0f127eb5') in 0.231837 seconds 
========================================================================
Received Import Request.
  Time since last request: 0.000029 seconds.
  path: Assets/CreatureCards/creature_bg/30.png
  artifactKey: Guid(485d40b3a3015084993472ccfaeb1a06) Importer(815301076,1909f56bfc062723c751e8b465ee728b)
Start importing Assets/CreatureCards/creature_bg/30.png using Guid(485d40b3a3015084993472ccfaeb1a06) Importer(815301076,1909f56bfc062723c751e8b465ee728b)  -> (artifact id: 'f885f26f7e79f736339c97f774526057') in 0.240252 seconds 
========================================================================
Received Import Request.
  Time since last request: 0.000020 seconds.
  path: Assets/CreatureCards/creature_bg/18.png
  artifactKey: Guid(00905fb470dae78488fbd51cc7b089a4) Importer(815301076,1909f56bfc062723c751e8b465ee728b)
Start importing Assets/CreatureCards/creature_bg/18.png using Guid(00905fb470dae78488fbd51cc7b089a4) Importer(815301076,1909f56bfc062723c751e8b465ee728b)  -> (artifact id: '3cdfd3dc957a3cc1f414cd112f578db6') in 0.230658 seconds 
========================================================================
Received Import Request.
  Time since last request: 0.000033 seconds.
  path: Assets/CreatureCards/creature_transparent/09.png
  artifactKey: Guid(b580f400b4fc2434aa95f1c93f72e127) Importer(815301076,1909f56bfc062723c751e8b465ee728b)
Start importing Assets/CreatureCards/creature_transparent/09.png using Guid(b580f400b4fc2434aa95f1c93f72e127) Importer(815301076,1909f56bfc062723c751e8b465ee728b)  -> (artifact id: 'f0c5a5dd61a70934da0de74e25e2df02') in 0.187642 seconds 
========================================================================
Received Import Request.
  Time since last request: 378.897803 seconds.
  path: Assets/Shaders/PixelatedShader Variant.mat
  artifactKey: Guid(17d703aa55d3b9348bbb9fd395434fd9) Importer(815301076,1909f56bfc062723c751e8b465ee728b)
Start importing Assets/Shaders/PixelatedShader Variant.mat using Guid(17d703aa55d3b9348bbb9fd395434fd9) Importer(815301076,1909f56bfc062723c751e8b465ee728b)  -> (artifact id: '26a76395968d4f7d75115cc0ac3e7c1b') in 0.592738 seconds 
========================================================================
Received Import Request.
  Time since last request: 1136.904160 seconds.
  path: Assets/Fonts/CODE Bold SDF.asset
  artifactKey: Guid(5073e533a388ccd4786471175891a4d6) Importer(815301076,1909f56bfc062723c751e8b465ee728b)
Start importing Assets/Fonts/CODE Bold SDF.asset using Guid(5073e533a388ccd4786471175891a4d6) Importer(815301076,1909f56bfc062723c751e8b465ee728b) Upgrading font asset [CODE Bold SDF] to version 1.1.0.
UnityEngine.StackTraceUtility:ExtractStackTrace ()
UnityEngine.DebugLogHandler:LogFormat (UnityEngine.LogType,UnityEngine.Object,string,object[])
UnityEngine.Logger:Log (UnityEngine.LogType,object,UnityEngine.Object)
UnityEngine.Debug:Log (object,UnityEngine.Object)
TMPro.TMP_FontAsset:UpgradeFontAsset () (at Library/PackageCache/com.unity.textmeshpro@3.0.6/Scripts/Runtime/TMP_FontAsset.cs:2865)
TMPro.TMP_FontAsset:ReadFontAssetDefinition () (at Library/PackageCache/com.unity.textmeshpro@3.0.6/Scripts/Runtime/TMP_FontAsset.cs:569)
TMPro.TMP_FontAsset:OnValidate () (at Library/PackageCache/com.unity.textmeshpro@3.0.6/Scripts/Runtime/TMP_FontAsset.cs:555)

(Filename: Library/PackageCache/com.unity.textmeshpro@3.0.6/Scripts/Runtime/TMP_FontAsset.cs Line: 2865)

 -> (artifact id: '90d4ca34622cb5e1ad3a60688edc634c') in 0.184563 seconds 
========================================================================
Received Import Request.
  Time since last request: 0.000025 seconds.
  path: Assets/CreatureCards/card/card_02_01.png
  artifactKey: Guid(41eb60329c7bf1f49a71d5f6069deda9) Importer(815301076,1909f56bfc062723c751e8b465ee728b)
Start importing Assets/CreatureCards/card/card_02_01.png using Guid(41eb60329c7bf1f49a71d5f6069deda9) Importer(815301076,1909f56bfc062723c751e8b465ee728b)  -> (artifact id: '4b243058b55676888f617017ed261709') in 0.142579 seconds 
========================================================================
Received Import Request.
  Time since last request: 0.000041 seconds.
  path: Assets/Sprites/Cards/Buff_img.png
  artifactKey: Guid(92ab1040b0c293a4c938db60758aaab8) Importer(815301076,1909f56bfc062723c751e8b465ee728b)
Start importing Assets/Sprites/Cards/Buff_img.png using Guid(92ab1040b0c293a4c938db60758aaab8) Importer(815301076,1909f56bfc062723c751e8b465ee728b)  -> (artifact id: 'ec6e0d31ac8be3102a16d050ab6f0943') in 0.016828 seconds 
========================================================================
Received Import Request.
  Time since last request: 0.000030 seconds.
  path: Assets/Sprites/UI/boon_poison.png
  artifactKey: Guid(cbd3cf8c62a21114ba9d6ef589a124d4) Importer(815301076,1909f56bfc062723c751e8b465ee728b)
Start importing Assets/Sprites/UI/boon_poison.png using Guid(cbd3cf8c62a21114ba9d6ef589a124d4) Importer(815301076,1909f56bfc062723c751e8b465ee728b)  -> (artifact id: '3672e7165ca0fbe7911c1dafe506b746') in 0.017001 seconds 
========================================================================
Received Import Request.
  Time since last request: 0.000025 seconds.
  path: Assets/Sprites/Actives/circle (2).png
  artifactKey: Guid(7e503f6c1af3c1444b6340fbc59d51a0) Importer(815301076,1909f56bfc062723c751e8b465ee728b)
Start importing Assets/Sprites/Actives/circle (2).png using Guid(7e503f6c1af3c1444b6340fbc59d51a0) Importer(815301076,1909f56bfc062723c751e8b465ee728b)  -> (artifact id: '8363cc95a7e3d565cbc7944477810411') in 0.036604 seconds 
========================================================================
Received Import Request.
  Time since last request: 0.000021 seconds.
  path: Assets/CardGameUIEffects/Assets/Animations/Characters/BadEgg/BadEgg_20.png
  artifactKey: Guid(55062c74fd092144f861f06d396a4eae) Importer(815301076,1909f56bfc062723c751e8b465ee728b)
Start importing Assets/CardGameUIEffects/Assets/Animations/Characters/BadEgg/BadEgg_20.png using Guid(55062c74fd092144f861f06d396a4eae) Importer(815301076,1909f56bfc062723c751e8b465ee728b)  -> (artifact id: 'fa1db0bdc9e27b8e110020153d7b478c') in 0.023183 seconds 
========================================================================
Received Import Request.
  Time since last request: 0.000025 seconds.
  path: Assets/Images/UI/black-book.png
  artifactKey: Guid(93be34301b1c95d4885e8e6af94b13c3) Importer(815301076,1909f56bfc062723c751e8b465ee728b)
Start importing Assets/Images/UI/black-book.png using Guid(93be34301b1c95d4885e8e6af94b13c3) Importer(815301076,1909f56bfc062723c751e8b465ee728b)  -> (artifact id: '308c1bb64195703cddf123eda79a77d4') in 0.026170 seconds 
========================================================================
Received Import Request.
  Time since last request: 0.000070 seconds.
  path: Assets/Sprites/UI/boon_strength.png
  artifactKey: Guid(b78a2ed4daf83dd4798f6c795d0e77a5) Importer(815301076,1909f56bfc062723c751e8b465ee728b)
Start importing Assets/Sprites/UI/boon_strength.png using Guid(b78a2ed4daf83dd4798f6c795d0e77a5) Importer(815301076,1909f56bfc062723c751e8b465ee728b)  -> (artifact id: '628e8238aecd9511889853554d30ed4b') in 0.014917 seconds 
========================================================================
Received Import Request.
  Time since last request: 0.000026 seconds.
  path: Assets/CardGameUIEffects/Assets/Animations/Characters/BadEgg/BadEgg_00.png
  artifactKey: Guid(fbbccf1cac51fb244b918c2976f6f37b) Importer(815301076,1909f56bfc062723c751e8b465ee728b)
Start importing Assets/CardGameUIEffects/Assets/Animations/Characters/BadEgg/BadEgg_00.png using Guid(fbbccf1cac51fb244b918c2976f6f37b) Importer(815301076,1909f56bfc062723c751e8b465ee728b)  -> (artifact id: '92a7f956303b9920d320618627108304') in 0.020772 seconds 
========================================================================
Received Import Request.
  Time since last request: 0.000052 seconds.
  path: Assets/CardGameUIEffects/Assets/Animations/Characters/BadEgg/BadEgg_04.png
  artifactKey: Guid(c5446032f2aacb3419abe2aae4d8a67e) Importer(815301076,1909f56bfc062723c751e8b465ee728b)
Start importing Assets/CardGameUIEffects/Assets/Animations/Characters/BadEgg/BadEgg_04.png using Guid(c5446032f2aacb3419abe2aae4d8a67e) Importer(815301076,1909f56bfc062723c751e8b465ee728b)  -> (artifact id: '7ec27d53854fea6fcec826d148d151cd') in 0.020883 seconds 
========================================================================
Received Import Request.
  Time since last request: 0.000037 seconds.
  path: Assets/CardGameUIEffects/Assets/Animations/Characters/BadEgg/BadEgg_05.png
  artifactKey: Guid(6351d489ae6a42344af74bc1b09774eb) Importer(815301076,1909f56bfc062723c751e8b465ee728b)
Start importing Assets/CardGameUIEffects/Assets/Animations/Characters/BadEgg/BadEgg_05.png using Guid(6351d489ae6a42344af74bc1b09774eb) Importer(815301076,1909f56bfc062723c751e8b465ee728b)  -> (artifact id: '3703ef539b4dea27a29fee85ea3a6c2d') in 0.022302 seconds 
========================================================================
Received Import Request.
  Time since last request: 0.000035 seconds.
  path: Assets/CardGameUIEffects/Assets/Animations/Characters/BadEgg/BadEgg_12.png
  artifactKey: Guid(0a13f5652ca03ed4f819d6e5bf6dfe48) Importer(815301076,1909f56bfc062723c751e8b465ee728b)
Start importing Assets/CardGameUIEffects/Assets/Animations/Characters/BadEgg/BadEgg_12.png using Guid(0a13f5652ca03ed4f819d6e5bf6dfe48) Importer(815301076,1909f56bfc062723c751e8b465ee728b)  -> (artifact id: 'fec14867789450b9e3e5b971324ce500') in 0.021820 seconds 
========================================================================
Received Import Request.
  Time since last request: 0.000035 seconds.
  path: Assets/CardGameUIEffects/Assets/Animations/Characters/BadEgg/BadEgg_11.png
  artifactKey: Guid(4916e537cd9ea034c8c3c878b093fa4c) Importer(815301076,1909f56bfc062723c751e8b465ee728b)
Start importing Assets/CardGameUIEffects/Assets/Animations/Characters/BadEgg/BadEgg_11.png using Guid(4916e537cd9ea034c8c3c878b093fa4c) Importer(815301076,1909f56bfc062723c751e8b465ee728b)  -> (artifact id: '30675e9acaf9bfd2119c60fe9d258458') in 0.028183 seconds 
========================================================================
Received Import Request.
  Time since last request: 0.000020 seconds.
  path: Assets/CardGameUIEffects/Assets/Animations/Characters/BadEgg/BadEgg_13.png
  artifactKey: Guid(1a6a6400da631f24cb1e055c7d6dd7be) Importer(815301076,1909f56bfc062723c751e8b465ee728b)
Start importing Assets/CardGameUIEffects/Assets/Animations/Characters/BadEgg/BadEgg_13.png using Guid(1a6a6400da631f24cb1e055c7d6dd7be) Importer(815301076,1909f56bfc062723c751e8b465ee728b)  -> (artifact id: '5f8171ee7942196fcd55d3b104d6d4b7') in 0.040321 seconds 
========================================================================
Received Import Request.
  Time since last request: 0.000070 seconds.
  path: Assets/CardGameUIEffects/Assets/Animations/Characters/BadEgg/BadEgg_10.png
  artifactKey: Guid(58f3ff2db38c9c14d841ea9cb6cca82d) Importer(815301076,1909f56bfc062723c751e8b465ee728b)
Start importing Assets/CardGameUIEffects/Assets/Animations/Characters/BadEgg/BadEgg_10.png using Guid(58f3ff2db38c9c14d841ea9cb6cca82d) Importer(815301076,1909f56bfc062723c751e8b465ee728b)  -> (artifact id: '5d6a0b4d9bc0eee8a99842697fbe5d31') in 0.024095 seconds 
========================================================================
Received Import Request.
  Time since last request: 0.000031 seconds.
  path: Assets/CardGameUIEffects/Assets/Animations/Characters/BadEgg/BadEgg_02.png
  artifactKey: Guid(b5d46781ea6eb594aa41c4b8f6b90bea) Importer(815301076,1909f56bfc062723c751e8b465ee728b)
Start importing Assets/CardGameUIEffects/Assets/Animations/Characters/BadEgg/BadEgg_02.png using Guid(b5d46781ea6eb594aa41c4b8f6b90bea) Importer(815301076,1909f56bfc062723c751e8b465ee728b)  -> (artifact id: '4590a03411b5c63615e192a1cdd4938a') in 0.020695 seconds 
========================================================================
Received Import Request.
  Time since last request: 0.000038 seconds.
  path: Assets/Sprites/UI/boon_bleed.png
  artifactKey: Guid(252984ab03a1d3f449f1f39663255989) Importer(815301076,1909f56bfc062723c751e8b465ee728b)
Start importing Assets/Sprites/UI/boon_bleed.png using Guid(252984ab03a1d3f449f1f39663255989) Importer(815301076,1909f56bfc062723c751e8b465ee728b)  -> (artifact id: 'd586c124a8e68e39a31374a8653a367c') in 0.015403 seconds 
========================================================================
Received Import Request.
  Time since last request: 0.000036 seconds.
  path: Assets/CardGameUIEffects/Assets/Animations/Characters/BadEgg/BadEgg_23.png
  artifactKey: Guid(d77ca1aa7ff1df04ab86d6c3b97e2c3d) Importer(815301076,1909f56bfc062723c751e8b465ee728b)
Start importing Assets/CardGameUIEffects/Assets/Animations/Characters/BadEgg/BadEgg_23.png using Guid(d77ca1aa7ff1df04ab86d6c3b97e2c3d) Importer(815301076,1909f56bfc062723c751e8b465ee728b)  -> (artifact id: '8f00368aebe2897ac4b09505b3ddf96e') in 0.021334 seconds 
========================================================================
Received Import Request.
  Time since last request: 0.000034 seconds.
  path: Assets/Sprites/UI/card_img_bg.png
  artifactKey: Guid(7f9eac8e0fc58564d938e1a7de69c81c) Importer(815301076,1909f56bfc062723c751e8b465ee728b)
Start importing Assets/Sprites/UI/card_img_bg.png using Guid(7f9eac8e0fc58564d938e1a7de69c81c) Importer(815301076,1909f56bfc062723c751e8b465ee728b)  -> (artifact id: '0c82c3c70643966af6757925768c0fe3') in 0.027385 seconds 
========================================================================
Received Import Request.
  Time since last request: 0.000033 seconds.
  path: Assets/CardGameUIEffects/Assets/Animations/Characters/BadEgg/BadEgg_01.png
  artifactKey: Guid(c2e78e8b5a9f4854286fc65a41ddf8c5) Importer(815301076,1909f56bfc062723c751e8b465ee728b)
Start importing Assets/CardGameUIEffects/Assets/Animations/Characters/BadEgg/BadEgg_01.png using Guid(c2e78e8b5a9f4854286fc65a41ddf8c5) Importer(815301076,1909f56bfc062723c751e8b465ee728b)  -> (artifact id: 'fde15bcdc330502e75086f134c451047') in 0.020830 seconds 
========================================================================
Received Import Request.
  Time since last request: 0.000028 seconds.
  path: Assets/Sprites/Cards/ClawAttack_card.png
  artifactKey: Guid(1527f51d87cba54418aba6cdf3420023) Importer(815301076,1909f56bfc062723c751e8b465ee728b)
Start importing Assets/Sprites/Cards/ClawAttack_card.png using Guid(1527f51d87cba54418aba6cdf3420023) Importer(815301076,1909f56bfc062723c751e8b465ee728b)  -> (artifact id: 'ad90dc679a6550bfc704cd49f0bc31a8') in 0.022729 seconds 
========================================================================
Received Import Request.
  Time since last request: 0.000025 seconds.
  path: Assets/Sprites/UI/card_title.png
  artifactKey: Guid(c304aae6cdaea3844baa7caedd0d028d) Importer(815301076,1909f56bfc062723c751e8b465ee728b)
Start importing Assets/Sprites/UI/card_title.png using Guid(c304aae6cdaea3844baa7caedd0d028d) Importer(815301076,1909f56bfc062723c751e8b465ee728b)  -> (artifact id: '1270657ef8e7fea8917a1bb42d66bba8') in 0.021734 seconds 
========================================================================
Received Import Request.
  Time since last request: 0.000040 seconds.
  path: Assets/CardGameUIEffects/Assets/Animations/Characters/BadEgg/BadEgg_14.png
  artifactKey: Guid(d09cd7df8343dab4da2cb06f7c58e0b2) Importer(815301076,1909f56bfc062723c751e8b465ee728b)
Start importing Assets/CardGameUIEffects/Assets/Animations/Characters/BadEgg/BadEgg_14.png using Guid(d09cd7df8343dab4da2cb06f7c58e0b2) Importer(815301076,1909f56bfc062723c751e8b465ee728b)  -> (artifact id: '8333c031ae791fcc548fa19b94f67fbc') in 0.020801 seconds 
========================================================================
Received Import Request.
  Time since last request: 0.000022 seconds.
  path: Assets/CreatureCards/card/card_01.png
  artifactKey: Guid(131dbc8cd3128f34e9af6bebedb6cd9b) Importer(815301076,1909f56bfc062723c751e8b465ee728b)
Start importing Assets/CreatureCards/card/card_01.png using Guid(131dbc8cd3128f34e9af6bebedb6cd9b) Importer(815301076,1909f56bfc062723c751e8b465ee728b)  -> (artifact id: '28ec345753767d230da1597377fbe6c7') in 0.248352 seconds 
========================================================================
Received Import Request.
  Time since last request: 0.000058 seconds.
  path: Assets/CardGameUIEffects/Assets/Animations/Characters/BadEgg/BadEgg_16.png
  artifactKey: Guid(64dcb0def265e2c4b806820dd064ba61) Importer(815301076,1909f56bfc062723c751e8b465ee728b)
Start importing Assets/CardGameUIEffects/Assets/Animations/Characters/BadEgg/BadEgg_16.png using Guid(64dcb0def265e2c4b806820dd064ba61) Importer(815301076,1909f56bfc062723c751e8b465ee728b)  -> (artifact id: 'f8d13b1ec89592da7504a8b2a3996566') in 0.029284 seconds 
========================================================================
Received Import Request.
  Time since last request: 1.218499 seconds.
  path: Assets/CardGameUIEffects/Assets/Textures/Arrows/ArrowBodyGray.png
  artifactKey: Guid(30036806186198f4ab47d7ffaadf3855) Importer(815301076,1909f56bfc062723c751e8b465ee728b)
Start importing Assets/CardGameUIEffects/Assets/Textures/Arrows/ArrowBodyGray.png using Guid(30036806186198f4ab47d7ffaadf3855) Importer(815301076,1909f56bfc062723c751e8b465ee728b)  -> (artifact id: 'a8e5265d70ec074f27012c16e0dd8e79') in 0.023730 seconds 
========================================================================
Received Import Request.
  Time since last request: 0.000028 seconds.
  path: Assets/CardGameUIEffects/Assets/Textures/Arrows/ArrowHeadGreen.png
  artifactKey: Guid(367ce26e7e2969547b72b8ecf01eabd9) Importer(815301076,1909f56bfc062723c751e8b465ee728b)
Start importing Assets/CardGameUIEffects/Assets/Textures/Arrows/ArrowHeadGreen.png using Guid(367ce26e7e2969547b72b8ecf01eabd9) Importer(815301076,1909f56bfc062723c751e8b465ee728b)  -> (artifact id: '2ce05b6ff397a6e0fc0a8ab807bd6776') in 0.017689 seconds 
========================================================================
Received Import Request.
  Time since last request: 0.000026 seconds.
  path: Assets/CardGameUIEffects/Assets/Textures/Arrows/ArrowBodyGreen.png
  artifactKey: Guid(2470251dfa8f5d94ab46a0f30c2ffe7e) Importer(815301076,1909f56bfc062723c751e8b465ee728b)
Start importing Assets/CardGameUIEffects/Assets/Textures/Arrows/ArrowBodyGreen.png using Guid(2470251dfa8f5d94ab46a0f30c2ffe7e) Importer(815301076,1909f56bfc062723c751e8b465ee728b)  -> (artifact id: '7abaa43a5d7080fe60c751fcc8094d5e') in 0.016150 seconds 
========================================================================
Received Import Request.
  Time since last request: 0.000021 seconds.
  path: Assets/CreatureCards/creature_transparent/67.png
  artifactKey: Guid(9b97239178eebee48b992d27f29263f0) Importer(815301076,1909f56bfc062723c751e8b465ee728b)
Start importing Assets/CreatureCards/creature_transparent/67.png using Guid(9b97239178eebee48b992d27f29263f0) Importer(815301076,1909f56bfc062723c751e8b465ee728b)  -> (artifact id: '86e4c3fc52d24ca822bc243e858834f8') in 0.189983 seconds 
========================================================================
Received Import Request.
  Time since last request: 0.000038 seconds.
  path: Assets/CreatureCards/creature_bg/73.png
  artifactKey: Guid(883a350b235bb2c4f96a5bae934423d5) Importer(815301076,1909f56bfc062723c751e8b465ee728b)
Start importing Assets/CreatureCards/creature_bg/73.png using Guid(883a350b235bb2c4f96a5bae934423d5) Importer(815301076,1909f56bfc062723c751e8b465ee728b)  -> (artifact id: 'ad821c7c811b3572f5ddc14f24e0e4b6') in 0.270126 seconds 
========================================================================
Received Import Request.
  Time since last request: 0.000057 seconds.
  path: Assets/CreatureCards/creature_bg/89.png
  artifactKey: Guid(8511ab234361a1d4eb7159c31be4617d) Importer(815301076,1909f56bfc062723c751e8b465ee728b)
Start importing Assets/CreatureCards/creature_bg/89.png using Guid(8511ab234361a1d4eb7159c31be4617d) Importer(815301076,1909f56bfc062723c751e8b465ee728b)  -> (artifact id: 'd026f11a1b71813de1f8c4e7931506b5') in 0.252523 seconds 
========================================================================
Received Import Request.
  Time since last request: 0.000026 seconds.
  path: Assets/CreatureCards/creature_transparent/90.png
  artifactKey: Guid(b8154cece3fd46948b0e55c642e65389) Importer(815301076,1909f56bfc062723c751e8b465ee728b)
Start importing Assets/CreatureCards/creature_transparent/90.png using Guid(b8154cece3fd46948b0e55c642e65389) Importer(815301076,1909f56bfc062723c751e8b465ee728b)  -> (artifact id: '3e438d2833d3c240cf03e5904a1e4d0f') in 0.167401 seconds 
========================================================================
Received Import Request.
  Time since last request: 0.000032 seconds.
  path: Assets/CreatureCards/creature_transparent/72.png
  artifactKey: Guid(ae6b58d0ae520104a871532aea53e600) Importer(815301076,1909f56bfc062723c751e8b465ee728b)
Start importing Assets/CreatureCards/creature_transparent/72.png using Guid(ae6b58d0ae520104a871532aea53e600) Importer(815301076,1909f56bfc062723c751e8b465ee728b)  -> (artifact id: 'ae310ed26dbdefc903f8524d694e7205') in 0.168691 seconds 
========================================================================
Received Import Request.
  Time since last request: 0.000021 seconds.
  path: Assets/CreatureCards/creature_bg/74.png
  artifactKey: Guid(c75b4139729c28f4183ce318b5ef376d) Importer(815301076,1909f56bfc062723c751e8b465ee728b)
Start importing Assets/CreatureCards/creature_bg/74.png using Guid(c75b4139729c28f4183ce318b5ef376d) Importer(815301076,1909f56bfc062723c751e8b465ee728b)  -> (artifact id: '0a13ab1609ec3a6f4729cfe20644c8ed') in 0.222787 seconds 
========================================================================
Received Import Request.
  Time since last request: 0.000032 seconds.
  path: Assets/CreatureCards/creature_transparent/99.png
  artifactKey: Guid(7db28e6f6aa771b4e951d9748adde45d) Importer(815301076,1909f56bfc062723c751e8b465ee728b)
Start importing Assets/CreatureCards/creature_transparent/99.png using Guid(7db28e6f6aa771b4e951d9748adde45d) Importer(815301076,1909f56bfc062723c751e8b465ee728b)  -> (artifact id: 'c24a0dc654f6151d5a9061d1986d8296') in 0.172044 seconds 
========================================================================
Received Import Request.
  Time since last request: 0.000035 seconds.
  path: Assets/CreatureCards/creature_transparent/97.png
  artifactKey: Guid(dc88ad4f247b1ed4ba60a81076cb6d54) Importer(815301076,1909f56bfc062723c751e8b465ee728b)
Start importing Assets/CreatureCards/creature_transparent/97.png using Guid(dc88ad4f247b1ed4ba60a81076cb6d54) Importer(815301076,1909f56bfc062723c751e8b465ee728b)  -> (artifact id: '9d064e423bae41cbd93982d8a2d72d82') in 0.165037 seconds 
========================================================================
Received Import Request.
  Time since last request: 0.000023 seconds.
  path: Assets/CreatureCards/creature_transparent/73.png
  artifactKey: Guid(7c6f476189eabca478b40be0bb1faa9a) Importer(815301076,1909f56bfc062723c751e8b465ee728b)
Start importing Assets/CreatureCards/creature_transparent/73.png using Guid(7c6f476189eabca478b40be0bb1faa9a) Importer(815301076,1909f56bfc062723c751e8b465ee728b)  -> (artifact id: '2b70248d61a4acbc3c9a230c23782d36') in 0.178661 seconds 
========================================================================
Received Import Request.
  Time since last request: 0.000025 seconds.
  path: Assets/CreatureCards/creature_transparent/71.png
  artifactKey: Guid(e5a03f3551b93ba4fab494ecf076c40a) Importer(815301076,1909f56bfc062723c751e8b465ee728b)
Start importing Assets/CreatureCards/creature_transparent/71.png using Guid(e5a03f3551b93ba4fab494ecf076c40a) Importer(815301076,1909f56bfc062723c751e8b465ee728b)  -> (artifact id: '131e44bc755ec75594f8a943067ecb05') in 0.207457 seconds 
========================================================================
Received Import Request.
  Time since last request: 0.000076 seconds.
  path: Assets/CreatureCards/creature_transparent/70.png
  artifactKey: Guid(cdb726621a84aa04b8a0c552d3b0a066) Importer(815301076,1909f56bfc062723c751e8b465ee728b)
Start importing Assets/CreatureCards/creature_transparent/70.png using Guid(cdb726621a84aa04b8a0c552d3b0a066) Importer(815301076,1909f56bfc062723c751e8b465ee728b)  -> (artifact id: '89a2f20af9718e8645c36b8535bd4576') in 0.248529 seconds 
========================================================================
Received Import Request.
  Time since last request: 0.000027 seconds.
  path: Assets/CreatureCards/creature_bg/67.png
  artifactKey: Guid(ec3b48894c1ff4c498da3449484713ee) Importer(815301076,1909f56bfc062723c751e8b465ee728b)
Start importing Assets/CreatureCards/creature_bg/67.png using Guid(ec3b48894c1ff4c498da3449484713ee) Importer(815301076,1909f56bfc062723c751e8b465ee728b)  -> (artifact id: 'bac9b039f13f1be620bbeb05a3e0b43d') in 0.232567 seconds 
========================================================================
Received Import Request.
  Time since last request: 0.000042 seconds.
  path: Assets/CreatureCards/creature_bg/70.png
  artifactKey: Guid(1860e5151a977b445b05e45f9c5339ff) Importer(815301076,1909f56bfc062723c751e8b465ee728b)
Start importing Assets/CreatureCards/creature_bg/70.png using Guid(1860e5151a977b445b05e45f9c5339ff) Importer(815301076,1909f56bfc062723c751e8b465ee728b)  -> (artifact id: '8767ee71e302e9353bc45e9e69a86fb6') in 0.280834 seconds 
========================================================================
Received Import Request.
  Time since last request: 0.000035 seconds.
  path: Assets/CreatureCards/creature_bg/72.png
  artifactKey: Guid(9ccbcd30ad92c16469e898d6c924a950) Importer(815301076,1909f56bfc062723c751e8b465ee728b)
Start importing Assets/CreatureCards/creature_bg/72.png using Guid(9ccbcd30ad92c16469e898d6c924a950) Importer(815301076,1909f56bfc062723c751e8b465ee728b)  -> (artifact id: '61532e5ce1088faf7ed5d0a252d63cb9') in 0.266297 seconds 
========================================================================
Received Import Request.
  Time since last request: 0.000063 seconds.
  path: Assets/CreatureCards/creature_bg/93.png
  artifactKey: Guid(51d2fa8045a89d54b8b287c4bd83bc8d) Importer(815301076,1909f56bfc062723c751e8b465ee728b)
Start importing Assets/CreatureCards/creature_bg/93.png using Guid(51d2fa8045a89d54b8b287c4bd83bc8d) Importer(815301076,1909f56bfc062723c751e8b465ee728b)  -> (artifact id: '5e51ddcf4abe85c9fb7884f735935a54') in 0.222233 seconds 
========================================================================
Received Import Request.
  Time since last request: 0.000027 seconds.
  path: Assets/CreatureCards/creature_transparent/81.png
  artifactKey: Guid(e709ffbb005129843a73b132d1525171) Importer(815301076,1909f56bfc062723c751e8b465ee728b)
Start importing Assets/CreatureCards/creature_transparent/81.png using Guid(e709ffbb005129843a73b132d1525171) Importer(815301076,1909f56bfc062723c751e8b465ee728b)  -> (artifact id: '71026cf1b4298de889fcc9524d351343') in 0.192559 seconds 
Editor requested this worker to shutdown with reason: Scaling down because of idle timeout
AssetImportWorker is now disconnected from the server
Process exiting
Exiting without the bug reporter. Application will terminate with return code 0